[2025-09-10T13:21:09.625+0000] {local_task_job_runner.py:120} INFO - ::group::Pre task execution logs
[2025-09-10T13:21:09.697+0000] {taskinstance.py:2076} INFO - Dependencies all met for dep_context=non-requeueable deps ti=<TaskInstance: spark_movie_processing_pipeline.run_spark_job manual__2025-09-10T13:21:06.147744+00:00 [queued]>
[2025-09-10T13:21:09.713+0000] {taskinstance.py:2076} INFO - Dependencies all met for dep_context=requeueable deps ti=<TaskInstance: spark_movie_processing_pipeline.run_spark_job manual__2025-09-10T13:21:06.147744+00:00 [queued]>
[2025-09-10T13:21:09.714+0000] {taskinstance.py:2306} INFO - Starting attempt 1 of 1
[2025-09-10T13:21:09.741+0000] {taskinstance.py:2330} INFO - Executing <Task(SparkSubmitOperator): run_spark_job> on 2025-09-10 13:21:06.147744+00:00
[2025-09-10T13:21:09.752+0000] {warnings.py:112} WARNING - /home/***/.local/lib/python3.12/site-packages/***/task/task_runner/standard_task_runner.py:62: DeprecationWarning: This process (pid=40) is multi-threaded, use of fork() may lead to deadlocks in the child.
  pid = os.fork()

[2025-09-10T13:21:09.756+0000] {standard_task_runner.py:64} INFO - Started process 41 to run task
[2025-09-10T13:21:09.755+0000] {standard_task_runner.py:90} INFO - Running: ['***', 'tasks', 'run', 'spark_movie_processing_pipeline', 'run_spark_job', 'manual__2025-09-10T13:21:06.147744+00:00', '--job-id', '2', '--raw', '--subdir', 'DAGS_FOLDER/spark_movies_dag.py', '--cfg-path', '/tmp/tmp7mi4rqb8']
[2025-09-10T13:21:09.757+0000] {standard_task_runner.py:91} INFO - Job 2: Subtask run_spark_job
[2025-09-10T13:21:09.881+0000] {task_command.py:426} INFO - Running <TaskInstance: spark_movie_processing_pipeline.run_spark_job manual__2025-09-10T13:21:06.147744+00:00 [running]> on host ee346efe231b
[2025-09-10T13:21:10.136+0000] {taskinstance.py:2648} INFO - Exporting env vars: AIRFLOW_CTX_DAG_OWNER='***' AIRFLOW_CTX_DAG_ID='spark_movie_processing_pipeline' AIRFLOW_CTX_TASK_ID='run_spark_job' AIRFLOW_CTX_EXECUTION_DATE='2025-09-10T13:21:06.147744+00:00' AIRFLOW_CTX_TRY_NUMBER='1' AIRFLOW_CTX_DAG_RUN_ID='manual__2025-09-10T13:21:06.147744+00:00'
[2025-09-10T13:21:10.140+0000] {taskinstance.py:430} INFO - ::endgroup::
[2025-09-10T13:21:10.166+0000] {base.py:84} INFO - Using connection ID 'spark_connection' for task execution.
[2025-09-10T13:21:10.169+0000] {spark_submit.py:474} INFO - Spark-Submit cmd: spark-submit --master spark://spark-master:7077 --conf spark.master=spark://spark-master:7077 --name arrow-spark --verbose --deploy-mode client /opt/***/dags/spark_job.py
[2025-09-10T13:21:11.744+0000] {spark_submit.py:644} INFO - WARNING: Using incubator modules: jdk.incubator.vector
[2025-09-10T13:21:14.288+0000] {spark_submit.py:644} INFO - Parsed arguments:
[2025-09-10T13:21:14.290+0000] {spark_submit.py:644} INFO - master                  spark://spark-master:7077
[2025-09-10T13:21:14.291+0000] {spark_submit.py:644} INFO - remote                  null
[2025-09-10T13:21:14.291+0000] {spark_submit.py:644} INFO - deployMode              client
[2025-09-10T13:21:14.292+0000] {spark_submit.py:644} INFO - executorMemory          null
[2025-09-10T13:21:14.293+0000] {spark_submit.py:644} INFO - executorCores           null
[2025-09-10T13:21:14.293+0000] {spark_submit.py:644} INFO - totalExecutorCores      null
[2025-09-10T13:21:14.294+0000] {spark_submit.py:644} INFO - propertiesFile          null
[2025-09-10T13:21:14.295+0000] {spark_submit.py:644} INFO - driverMemory            null
[2025-09-10T13:21:14.295+0000] {spark_submit.py:644} INFO - driverCores             null
[2025-09-10T13:21:14.296+0000] {spark_submit.py:644} INFO - driverExtraClassPath    null
[2025-09-10T13:21:14.297+0000] {spark_submit.py:644} INFO - driverExtraLibraryPath  null
[2025-09-10T13:21:14.298+0000] {spark_submit.py:644} INFO - driverExtraJavaOptions  null
[2025-09-10T13:21:14.299+0000] {spark_submit.py:644} INFO - supervise               false
[2025-09-10T13:21:14.300+0000] {spark_submit.py:644} INFO - queue                   null
[2025-09-10T13:21:14.301+0000] {spark_submit.py:644} INFO - numExecutors            null
[2025-09-10T13:21:14.302+0000] {spark_submit.py:644} INFO - files                   null
[2025-09-10T13:21:14.303+0000] {spark_submit.py:644} INFO - pyFiles                 null
[2025-09-10T13:21:14.304+0000] {spark_submit.py:644} INFO - archives                null
[2025-09-10T13:21:14.305+0000] {spark_submit.py:644} INFO - mainClass               null
[2025-09-10T13:21:14.306+0000] {spark_submit.py:644} INFO - primaryResource         file:/opt/***/dags/spark_job.py
[2025-09-10T13:21:14.306+0000] {spark_submit.py:644} INFO - name                    arrow-spark
[2025-09-10T13:21:14.307+0000] {spark_submit.py:644} INFO - childArgs               []
[2025-09-10T13:21:14.308+0000] {spark_submit.py:644} INFO - jars                    null
[2025-09-10T13:21:14.309+0000] {spark_submit.py:644} INFO - packages                null
[2025-09-10T13:21:14.310+0000] {spark_submit.py:644} INFO - packagesExclusions      null
[2025-09-10T13:21:14.311+0000] {spark_submit.py:644} INFO - repositories            null
[2025-09-10T13:21:14.313+0000] {spark_submit.py:644} INFO - verbose                 true
[2025-09-10T13:21:14.314+0000] {spark_submit.py:644} INFO - 
[2025-09-10T13:21:14.315+0000] {spark_submit.py:644} INFO - Spark properties used, including those specified through
[2025-09-10T13:21:14.316+0000] {spark_submit.py:644} INFO - --conf and those from the properties file null:
[2025-09-10T13:21:14.317+0000] {spark_submit.py:644} INFO - (spark.master,spark://spark-master:7077)
[2025-09-10T13:21:14.317+0000] {spark_submit.py:644} INFO - 
[2025-09-10T13:21:14.318+0000] {spark_submit.py:644} INFO - 
[2025-09-10T13:21:14.765+0000] {spark_submit.py:644} INFO - Main class:
[2025-09-10T13:21:14.766+0000] {spark_submit.py:644} INFO - org.apache.spark.deploy.PythonRunner
[2025-09-10T13:21:14.767+0000] {spark_submit.py:644} INFO - Arguments:
[2025-09-10T13:21:14.768+0000] {spark_submit.py:644} INFO - file:/opt/***/dags/spark_job.py
[2025-09-10T13:21:14.768+0000] {spark_submit.py:644} INFO - null
[2025-09-10T13:21:14.769+0000] {spark_submit.py:644} INFO - Spark config:
[2025-09-10T13:21:14.770+0000] {spark_submit.py:644} INFO - (spark.app.name,arrow-spark)
[2025-09-10T13:21:14.770+0000] {spark_submit.py:644} INFO - (spark.app.submitTime,1757510474709)
[2025-09-10T13:21:14.771+0000] {spark_submit.py:644} INFO - (spark.master,spark://spark-master:7077)
[2025-09-10T13:21:14.771+0000] {spark_submit.py:644} INFO - (spark.submit.deployMode,client)
[2025-09-10T13:21:14.772+0000] {spark_submit.py:644} INFO - (spark.submit.pyFiles,)
[2025-09-10T13:21:14.773+0000] {spark_submit.py:644} INFO - Classpath elements:
[2025-09-10T13:21:14.773+0000] {spark_submit.py:644} INFO - 
[2025-09-10T13:21:14.774+0000] {spark_submit.py:644} INFO - 
[2025-09-10T13:21:14.774+0000] {spark_submit.py:644} INFO - 
[2025-09-10T13:21:20.409+0000] {spark_submit.py:644} INFO - Using Spark's default log4j profile: org/apache/spark/log4j2-defaults.properties
[2025-09-10T13:21:20.423+0000] {spark_submit.py:644} INFO - 25/09/10 13:21:20 INFO SparkContext: Running Spark version 4.0.1
[2025-09-10T13:21:20.430+0000] {spark_submit.py:644} INFO - 25/09/10 13:21:20 INFO SparkContext: OS info Linux, 6.6.87.2-microsoft-standard-WSL2, amd64
[2025-09-10T13:21:20.432+0000] {spark_submit.py:644} INFO - 25/09/10 13:21:20 INFO SparkContext: Java version 17.0.16
[2025-09-10T13:21:20.621+0000] {spark_submit.py:644} INFO - 25/09/10 13:21:20 WARN NativeCodeLoader: Unable to load native-hadoop library for your platform... using builtin-java classes where applicable
[2025-09-10T13:21:20.722+0000] {spark_submit.py:644} INFO - 25/09/10 13:21:20 INFO ResourceUtils: ==============================================================
[2025-09-10T13:21:20.723+0000] {spark_submit.py:644} INFO - 25/09/10 13:21:20 INFO ResourceUtils: No custom resources configured for spark.driver.
[2025-09-10T13:21:20.724+0000] {spark_submit.py:644} INFO - 25/09/10 13:21:20 INFO ResourceUtils: ==============================================================
[2025-09-10T13:21:20.728+0000] {spark_submit.py:644} INFO - 25/09/10 13:21:20 INFO SparkContext: Submitted application: MovieProcessingJob
[2025-09-10T13:21:20.768+0000] {spark_submit.py:644} INFO - 25/09/10 13:21:20 INFO ResourceProfile: Default ResourceProfile created, executor resources: Map(memory -> name: memory, amount: 1024, script: , vendor: , offHeap -> name: offHeap, amount: 0, script: , vendor: ), task resources: Map(cpus -> name: cpus, amount: 1.0)
[2025-09-10T13:21:20.773+0000] {spark_submit.py:644} INFO - 25/09/10 13:21:20 INFO ResourceProfile: Limiting resource is cpu
[2025-09-10T13:21:20.776+0000] {spark_submit.py:644} INFO - 25/09/10 13:21:20 INFO ResourceProfileManager: Added ResourceProfile id: 0
[2025-09-10T13:21:20.859+0000] {spark_submit.py:644} INFO - 25/09/10 13:21:20 INFO SecurityManager: Changing view acls to: ***
[2025-09-10T13:21:20.861+0000] {spark_submit.py:644} INFO - 25/09/10 13:21:20 INFO SecurityManager: Changing modify acls to: ***
[2025-09-10T13:21:20.862+0000] {spark_submit.py:644} INFO - 25/09/10 13:21:20 INFO SecurityManager: Changing view acls groups to: ***
[2025-09-10T13:21:20.863+0000] {spark_submit.py:644} INFO - 25/09/10 13:21:20 INFO SecurityManager: Changing modify acls groups to: ***
[2025-09-10T13:21:20.868+0000] {spark_submit.py:644} INFO - 25/09/10 13:21:20 INFO SecurityManager: SecurityManager: authentication disabled; ui acls disabled; users with view permissions: *** groups with view permissions: EMPTY; users with modify permissions: ***; groups with modify permissions: EMPTY; RPC SSL disabled
[2025-09-10T13:21:21.296+0000] {spark_submit.py:644} INFO - 25/09/10 13:21:21 INFO Utils: Successfully started service 'sparkDriver' on port 39971.
[2025-09-10T13:21:21.353+0000] {spark_submit.py:644} INFO - 25/09/10 13:21:21 INFO SparkEnv: Registering MapOutputTracker
[2025-09-10T13:21:21.373+0000] {spark_submit.py:644} INFO - 25/09/10 13:21:21 INFO SparkEnv: Registering BlockManagerMaster
[2025-09-10T13:21:21.402+0000] {spark_submit.py:644} INFO - 25/09/10 13:21:21 INFO BlockManagerMasterEndpoint: Using org.apache.spark.storage.DefaultTopologyMapper for getting topology information
[2025-09-10T13:21:21.402+0000] {spark_submit.py:644} INFO - 25/09/10 13:21:21 INFO BlockManagerMasterEndpoint: BlockManagerMasterEndpoint up
[2025-09-10T13:21:21.409+0000] {spark_submit.py:644} INFO - 25/09/10 13:21:21 INFO SparkEnv: Registering BlockManagerMasterHeartbeat
[2025-09-10T13:21:21.453+0000] {spark_submit.py:644} INFO - 25/09/10 13:21:21 INFO DiskBlockManager: Created local directory at /tmp/blockmgr-643a9f1d-5ce0-4c5a-bc06-d851f38d8a17
[2025-09-10T13:21:21.495+0000] {spark_submit.py:644} INFO - 25/09/10 13:21:21 INFO SparkEnv: Registering OutputCommitCoordinator
[2025-09-10T13:21:21.754+0000] {spark_submit.py:644} INFO - 25/09/10 13:21:21 INFO JettyUtils: Start Jetty 0.0.0.0:4040 for SparkUI
[2025-09-10T13:21:21.880+0000] {spark_submit.py:644} INFO - 25/09/10 13:21:21 INFO Utils: Successfully started service 'SparkUI' on port 4040.
[2025-09-10T13:21:21.977+0000] {spark_submit.py:644} INFO - 25/09/10 13:21:21 INFO SecurityManager: Changing view acls to: ***
[2025-09-10T13:21:21.978+0000] {spark_submit.py:644} INFO - 25/09/10 13:21:21 INFO SecurityManager: Changing modify acls to: ***
[2025-09-10T13:21:21.979+0000] {spark_submit.py:644} INFO - 25/09/10 13:21:21 INFO SecurityManager: Changing view acls groups to: ***
[2025-09-10T13:21:21.980+0000] {spark_submit.py:644} INFO - 25/09/10 13:21:21 INFO SecurityManager: Changing modify acls groups to: ***
[2025-09-10T13:21:21.981+0000] {spark_submit.py:644} INFO - 25/09/10 13:21:21 INFO SecurityManager: SecurityManager: authentication disabled; ui acls disabled; users with view permissions: *** groups with view permissions: EMPTY; users with modify permissions: ***; groups with modify permissions: EMPTY; RPC SSL disabled
[2025-09-10T13:21:22.209+0000] {spark_submit.py:644} INFO - 25/09/10 13:21:22 INFO StandaloneAppClient$ClientEndpoint: Connecting to master spark://spark-master:7077...
[2025-09-10T13:21:22.278+0000] {spark_submit.py:644} INFO - 25/09/10 13:21:22 INFO TransportClientFactory: Successfully created connection to spark-master/172.18.0.5:7077 after 33 ms (0 ms spent in bootstraps)
[2025-09-10T13:21:22.697+0000] {spark_submit.py:644} INFO - 25/09/10 13:21:22 INFO StandaloneSchedulerBackend: Connected to Spark cluster with app ID app-20250910132122-0000
[2025-09-10T13:21:22.711+0000] {spark_submit.py:644} INFO - 25/09/10 13:21:22 INFO Utils: Successfully started service 'org.apache.spark.network.netty.NettyBlockTransferService' on port 34605.
[2025-09-10T13:21:22.714+0000] {spark_submit.py:644} INFO - 25/09/10 13:21:22 INFO NettyBlockTransferService: Server created on ee346efe231b:34605
[2025-09-10T13:21:22.715+0000] {spark_submit.py:644} INFO - 25/09/10 13:21:22 INFO BlockManager: Using org.apache.spark.storage.RandomBlockReplicationPolicy for block replication policy
[2025-09-10T13:21:22.738+0000] {spark_submit.py:644} INFO - 25/09/10 13:21:22 INFO BlockManagerMaster: Registering BlockManager BlockManagerId(driver, ee346efe231b, 34605, None)
[2025-09-10T13:21:22.749+0000] {spark_submit.py:644} INFO - 25/09/10 13:21:22 INFO BlockManagerMasterEndpoint: Registering block manager ee346efe231b:34605 with 434.4 MiB RAM, BlockManagerId(driver, ee346efe231b, 34605, None)
[2025-09-10T13:21:22.754+0000] {spark_submit.py:644} INFO - 25/09/10 13:21:22 INFO BlockManagerMaster: Registered BlockManager BlockManagerId(driver, ee346efe231b, 34605, None)
[2025-09-10T13:21:22.756+0000] {spark_submit.py:644} INFO - 25/09/10 13:21:22 INFO BlockManager: Initialized BlockManager: BlockManagerId(driver, ee346efe231b, 34605, None)
[2025-09-10T13:21:22.989+0000] {spark_submit.py:644} INFO - 25/09/10 13:21:22 INFO StandaloneSchedulerBackend: SchedulerBackend is ready for scheduling beginning after reached minRegisteredResourcesRatio: 0.0
[2025-09-10T13:21:23.137+0000] {spark_submit.py:644} INFO - 25/09/10 13:21:23 INFO StandaloneAppClient$ClientEndpoint: Executor added: app-20250910132122-0000/0 on worker-20250910110743-172.18.0.7-46417 (172.18.0.7:46417) with 8 core(s)
[2025-09-10T13:21:23.143+0000] {spark_submit.py:644} INFO - 25/09/10 13:21:23 INFO StandaloneSchedulerBackend: Granted executor ID app-20250910132122-0000/0 on hostPort 172.18.0.7:46417 with 8 core(s), 1024.0 MiB RAM
[2025-09-10T13:21:24.110+0000] {spark_submit.py:644} INFO - 25/09/10 13:21:24 INFO StandaloneAppClient$ClientEndpoint: Executor updated: app-20250910132122-0000/0 is now RUNNING
[2025-09-10T13:21:28.237+0000] {spark_submit.py:644} INFO - 25/09/10 13:21:28 INFO SharedState: Setting hive.metastore.warehouse.dir ('null') to the value of spark.sql.warehouse.dir.
[2025-09-10T13:21:28.258+0000] {spark_submit.py:644} INFO - 25/09/10 13:21:28 INFO SharedState: Warehouse path is 'file:/opt/***/spark-warehouse'.
[2025-09-10T13:21:29.679+0000] {spark_submit.py:644} INFO - 25/09/10 13:21:29 INFO StandaloneSchedulerBackend$StandaloneDriverEndpoint: Registered executor NettyRpcEndpointRef(spark-client://Executor) (172.18.0.7:58056) with ID 0, ResourceProfileId 0
[2025-09-10T13:21:30.218+0000] {spark_submit.py:644} INFO - 25/09/10 13:21:30 INFO BlockManagerMasterEndpoint: Registering block manager 172.18.0.7:40317 with 434.4 MiB RAM, BlockManagerId(0, 172.18.0.7, 40317, None)
[2025-09-10T13:21:30.336+0000] {spark_submit.py:644} INFO - 25/09/10 13:21:30 WARN FileStreamSink: Assume no metadata directory. Error while looking for metadata directory in the path: s3a://data-lake/IMDB Movies 2000 - 2020.csv.
[2025-09-10T13:21:30.337+0000] {spark_submit.py:644} INFO - java.lang.RuntimeException: java.lang.ClassNotFoundException: Class org.apache.hadoop.fs.s3a.S3AFileSystem not found
[2025-09-10T13:21:30.337+0000] {spark_submit.py:644} INFO - at org.apache.hadoop.conf.Configuration.getClass(Configuration.java:2737)
[2025-09-10T13:21:30.338+0000] {spark_submit.py:644} INFO - at org.apache.hadoop.fs.FileSystem.getFileSystemClass(FileSystem.java:3569)
[2025-09-10T13:21:30.338+0000] {spark_submit.py:644} INFO - at org.apache.hadoop.fs.FileSystem.createFileSystem(FileSystem.java:3612)
[2025-09-10T13:21:30.339+0000] {spark_submit.py:644} INFO - at org.apache.hadoop.fs.FileSystem.access$300(FileSystem.java:172)
[2025-09-10T13:21:30.340+0000] {spark_submit.py:644} INFO - at org.apache.hadoop.fs.FileSystem$Cache.getInternal(FileSystem.java:3716)
[2025-09-10T13:21:30.340+0000] {spark_submit.py:644} INFO - at org.apache.hadoop.fs.FileSystem$Cache.get(FileSystem.java:3667)
[2025-09-10T13:21:30.341+0000] {spark_submit.py:644} INFO - at org.apache.hadoop.fs.FileSystem.get(FileSystem.java:557)
[2025-09-10T13:21:30.342+0000] {spark_submit.py:644} INFO - at org.apache.hadoop.fs.Path.getFileSystem(Path.java:366)
[2025-09-10T13:21:30.343+0000] {spark_submit.py:644} INFO - at org.apache.spark.sql.execution.streaming.FileStreamSink$.hasMetadata(FileStreamSink.scala:55)
[2025-09-10T13:21:30.344+0000] {spark_submit.py:644} INFO - at org.apache.spark.sql.execution.datasources.DataSource.resolveRelation(DataSource.scala:381)
[2025-09-10T13:21:30.345+0000] {spark_submit.py:644} INFO - at org.apache.spark.sql.catalyst.analysis.ResolveDataSource.org$apache$spark$sql$catalyst$analysis$ResolveDataSource$$loadV1BatchSource(ResolveDataSource.scala:143)
[2025-09-10T13:21:30.346+0000] {spark_submit.py:644} INFO - at org.apache.spark.sql.catalyst.analysis.ResolveDataSource$$anonfun$apply$1.$anonfun$applyOrElse$2(ResolveDataSource.scala:61)
[2025-09-10T13:21:30.350+0000] {spark_submit.py:644} INFO - at scala.Option.getOrElse(Option.scala:201)
[2025-09-10T13:21:30.351+0000] {spark_submit.py:644} INFO - at org.apache.spark.sql.catalyst.analysis.ResolveDataSource$$anonfun$apply$1.applyOrElse(ResolveDataSource.scala:61)
[2025-09-10T13:21:30.352+0000] {spark_submit.py:644} INFO - at org.apache.spark.sql.catalyst.analysis.ResolveDataSource$$anonfun$apply$1.applyOrElse(ResolveDataSource.scala:45)
[2025-09-10T13:21:30.353+0000] {spark_submit.py:644} INFO - at org.apache.spark.sql.catalyst.plans.logical.AnalysisHelper.$anonfun$resolveOperatorsUpWithPruning$3(AnalysisHelper.scala:139)
[2025-09-10T13:21:30.354+0000] {spark_submit.py:644} INFO - at org.apache.spark.sql.catalyst.trees.CurrentOrigin$.withOrigin(origin.scala:86)
[2025-09-10T13:21:30.355+0000] {spark_submit.py:644} INFO - at org.apache.spark.sql.catalyst.plans.logical.AnalysisHelper.$anonfun$resolveOperatorsUpWithPruning$1(AnalysisHelper.scala:139)
[2025-09-10T13:21:30.356+0000] {spark_submit.py:644} INFO - at org.apache.spark.sql.catalyst.plans.logical.AnalysisHelper$.allowInvokingTransformsInAnalyzer(AnalysisHelper.scala:416)
[2025-09-10T13:21:30.357+0000] {spark_submit.py:644} INFO - at org.apache.spark.sql.catalyst.plans.logical.AnalysisHelper.resolveOperatorsUpWithPruning(AnalysisHelper.scala:135)
[2025-09-10T13:21:30.357+0000] {spark_submit.py:644} INFO - at org.apache.spark.sql.catalyst.plans.logical.AnalysisHelper.resolveOperatorsUpWithPruning$(AnalysisHelper.scala:131)
[2025-09-10T13:21:30.358+0000] {spark_submit.py:644} INFO - at org.apache.spark.sql.catalyst.plans.logical.LogicalPlan.resolveOperatorsUpWithPruning(LogicalPlan.scala:37)
[2025-09-10T13:21:30.359+0000] {spark_submit.py:644} INFO - at org.apache.spark.sql.catalyst.plans.logical.AnalysisHelper.resolveOperatorsUp(AnalysisHelper.scala:112)
[2025-09-10T13:21:30.359+0000] {spark_submit.py:644} INFO - at org.apache.spark.sql.catalyst.plans.logical.AnalysisHelper.resolveOperatorsUp$(AnalysisHelper.scala:111)
[2025-09-10T13:21:30.361+0000] {spark_submit.py:644} INFO - at org.apache.spark.sql.catalyst.plans.logical.LogicalPlan.resolveOperatorsUp(LogicalPlan.scala:37)
[2025-09-10T13:21:30.361+0000] {spark_submit.py:644} INFO - at org.apache.spark.sql.catalyst.analysis.ResolveDataSource.apply(ResolveDataSource.scala:45)
[2025-09-10T13:21:30.362+0000] {spark_submit.py:644} INFO - at org.apache.spark.sql.catalyst.analysis.ResolveDataSource.apply(ResolveDataSource.scala:43)
[2025-09-10T13:21:30.362+0000] {spark_submit.py:644} INFO - at org.apache.spark.sql.catalyst.rules.RuleExecutor.$anonfun$execute$2(RuleExecutor.scala:242)
[2025-09-10T13:21:30.363+0000] {spark_submit.py:644} INFO - at scala.collection.LinearSeqOps.foldLeft(LinearSeq.scala:183)
[2025-09-10T13:21:30.363+0000] {spark_submit.py:644} INFO - at scala.collection.LinearSeqOps.foldLeft$(LinearSeq.scala:179)
[2025-09-10T13:21:30.364+0000] {spark_submit.py:644} INFO - at scala.collection.immutable.List.foldLeft(List.scala:79)
[2025-09-10T13:21:30.364+0000] {spark_submit.py:644} INFO - at org.apache.spark.sql.catalyst.rules.RuleExecutor.$anonfun$execute$1(RuleExecutor.scala:239)
[2025-09-10T13:21:30.365+0000] {spark_submit.py:644} INFO - at org.apache.spark.sql.catalyst.rules.RuleExecutor.$anonfun$execute$1$adapted(RuleExecutor.scala:231)
[2025-09-10T13:21:30.365+0000] {spark_submit.py:644} INFO - at scala.collection.immutable.List.foreach(List.scala:334)
[2025-09-10T13:21:30.366+0000] {spark_submit.py:644} INFO - at org.apache.spark.sql.catalyst.rules.RuleExecutor.execute(RuleExecutor.scala:231)
[2025-09-10T13:21:30.366+0000] {spark_submit.py:644} INFO - at org.apache.spark.sql.catalyst.analysis.Analyzer.org$apache$spark$sql$catalyst$analysis$Analyzer$$executeSameContext(Analyzer.scala:340)
[2025-09-10T13:21:30.367+0000] {spark_submit.py:644} INFO - at org.apache.spark.sql.catalyst.analysis.Analyzer.$anonfun$execute$1(Analyzer.scala:336)
[2025-09-10T13:21:30.368+0000] {spark_submit.py:644} INFO - at org.apache.spark.sql.catalyst.analysis.AnalysisContext$.withNewAnalysisContext(Analyzer.scala:234)
[2025-09-10T13:21:30.368+0000] {spark_submit.py:644} INFO - at org.apache.spark.sql.catalyst.analysis.Analyzer.execute(Analyzer.scala:336)
[2025-09-10T13:21:30.369+0000] {spark_submit.py:644} INFO - at org.apache.spark.sql.catalyst.analysis.Analyzer.execute(Analyzer.scala:299)
[2025-09-10T13:21:30.369+0000] {spark_submit.py:644} INFO - at org.apache.spark.sql.catalyst.rules.RuleExecutor.$anonfun$executeAndTrack$1(RuleExecutor.scala:201)
[2025-09-10T13:21:30.370+0000] {spark_submit.py:644} INFO - at org.apache.spark.sql.catalyst.QueryPlanningTracker$.withTracker(QueryPlanningTracker.scala:89)
[2025-09-10T13:21:30.371+0000] {spark_submit.py:644} INFO - at org.apache.spark.sql.catalyst.rules.RuleExecutor.executeAndTrack(RuleExecutor.scala:201)
[2025-09-10T13:21:30.371+0000] {spark_submit.py:644} INFO - at org.apache.spark.sql.catalyst.analysis.resolver.HybridAnalyzer.resolveInFixedPoint(HybridAnalyzer.scala:190)
[2025-09-10T13:21:30.372+0000] {spark_submit.py:644} INFO - at org.apache.spark.sql.catalyst.analysis.resolver.HybridAnalyzer.$anonfun$apply$1(HybridAnalyzer.scala:76)
[2025-09-10T13:21:30.373+0000] {spark_submit.py:644} INFO - at org.apache.spark.sql.catalyst.analysis.resolver.HybridAnalyzer.withTrackedAnalyzerBridgeState(HybridAnalyzer.scala:111)
[2025-09-10T13:21:30.373+0000] {spark_submit.py:644} INFO - at org.apache.spark.sql.catalyst.analysis.resolver.HybridAnalyzer.apply(HybridAnalyzer.scala:71)
[2025-09-10T13:21:30.374+0000] {spark_submit.py:644} INFO - at org.apache.spark.sql.catalyst.analysis.Analyzer.$anonfun$executeAndCheck$1(Analyzer.scala:330)
[2025-09-10T13:21:30.374+0000] {spark_submit.py:644} INFO - at org.apache.spark.sql.catalyst.plans.logical.AnalysisHelper$.markInAnalyzer(AnalysisHelper.scala:423)
[2025-09-10T13:21:30.375+0000] {spark_submit.py:644} INFO - at org.apache.spark.sql.catalyst.analysis.Analyzer.executeAndCheck(Analyzer.scala:330)
[2025-09-10T13:21:30.376+0000] {spark_submit.py:644} INFO - at org.apache.spark.sql.execution.QueryExecution.$anonfun$lazyAnalyzed$2(QueryExecution.scala:110)
[2025-09-10T13:21:30.378+0000] {spark_submit.py:644} INFO - at org.apache.spark.sql.catalyst.QueryPlanningTracker.measurePhase(QueryPlanningTracker.scala:148)
[2025-09-10T13:21:30.378+0000] {spark_submit.py:644} INFO - at org.apache.spark.sql.execution.QueryExecution.$anonfun$executePhase$2(QueryExecution.scala:278)
[2025-09-10T13:21:30.379+0000] {spark_submit.py:644} INFO - at org.apache.spark.sql.execution.QueryExecution$.withInternalError(QueryExecution.scala:654)
[2025-09-10T13:21:30.380+0000] {spark_submit.py:644} INFO - at org.apache.spark.sql.execution.QueryExecution.$anonfun$executePhase$1(QueryExecution.scala:278)
[2025-09-10T13:21:30.380+0000] {spark_submit.py:644} INFO - at org.apache.spark.sql.SparkSession.withActive(SparkSession.scala:804)
[2025-09-10T13:21:30.381+0000] {spark_submit.py:644} INFO - at org.apache.spark.sql.execution.QueryExecution.executePhase(QueryExecution.scala:277)
[2025-09-10T13:21:30.381+0000] {spark_submit.py:644} INFO - at org.apache.spark.sql.execution.QueryExecution.$anonfun$lazyAnalyzed$1(QueryExecution.scala:110)
[2025-09-10T13:21:30.382+0000] {spark_submit.py:644} INFO - at scala.util.Try$.apply(Try.scala:217)
[2025-09-10T13:21:30.383+0000] {spark_submit.py:644} INFO - at org.apache.spark.util.Utils$.doTryWithCallerStacktrace(Utils.scala:1378)
[2025-09-10T13:21:30.384+0000] {spark_submit.py:644} INFO - at org.apache.spark.util.LazyTry.tryT$lzycompute(LazyTry.scala:46)
[2025-09-10T13:21:30.384+0000] {spark_submit.py:644} INFO - at org.apache.spark.util.LazyTry.tryT(LazyTry.scala:46)
[2025-09-10T13:21:30.385+0000] {spark_submit.py:644} INFO - at org.apache.spark.util.LazyTry.get(LazyTry.scala:58)
[2025-09-10T13:21:30.386+0000] {spark_submit.py:644} INFO - at org.apache.spark.sql.execution.QueryExecution.analyzed(QueryExecution.scala:121)
[2025-09-10T13:21:30.386+0000] {spark_submit.py:644} INFO - at org.apache.spark.sql.execution.QueryExecution.assertAnalyzed(QueryExecution.scala:80)
[2025-09-10T13:21:30.387+0000] {spark_submit.py:644} INFO - at org.apache.spark.sql.classic.Dataset$.$anonfun$ofRows$1(Dataset.scala:115)
[2025-09-10T13:21:30.387+0000] {spark_submit.py:644} INFO - at org.apache.spark.sql.SparkSession.withActive(SparkSession.scala:804)
[2025-09-10T13:21:30.388+0000] {spark_submit.py:644} INFO - at org.apache.spark.sql.classic.Dataset$.ofRows(Dataset.scala:113)
[2025-09-10T13:21:30.389+0000] {spark_submit.py:644} INFO - at org.apache.spark.sql.classic.DataFrameReader.load(DataFrameReader.scala:109)
[2025-09-10T13:21:30.389+0000] {spark_submit.py:644} INFO - at org.apache.spark.sql.classic.DataFrameReader.load(DataFrameReader.scala:58)
[2025-09-10T13:21:30.390+0000] {spark_submit.py:644} INFO - at org.apache.spark.sql.DataFrameReader.csv(DataFrameReader.scala:392)
[2025-09-10T13:21:30.391+0000] {spark_submit.py:644} INFO - at org.apache.spark.sql.classic.DataFrameReader.csv(DataFrameReader.scala:259)
[2025-09-10T13:21:30.392+0000] {spark_submit.py:644} INFO - at org.apache.spark.sql.classic.DataFrameReader.csv(DataFrameReader.scala:58)
[2025-09-10T13:21:30.392+0000] {spark_submit.py:644} INFO - at java.base/jdk.internal.reflect.NativeMethodAccessorImpl.invoke0(Native Method)
[2025-09-10T13:21:30.393+0000] {spark_submit.py:644} INFO - at java.base/jdk.internal.reflect.NativeMethodAccessorImpl.invoke(NativeMethodAccessorImpl.java:77)
[2025-09-10T13:21:30.394+0000] {spark_submit.py:644} INFO - at java.base/jdk.internal.reflect.DelegatingMethodAccessorImpl.invoke(DelegatingMethodAccessorImpl.java:43)
[2025-09-10T13:21:30.394+0000] {spark_submit.py:644} INFO - at java.base/java.lang.reflect.Method.invoke(Method.java:569)
[2025-09-10T13:21:30.395+0000] {spark_submit.py:644} INFO - at py4j.reflection.MethodInvoker.invoke(MethodInvoker.java:244)
[2025-09-10T13:21:30.395+0000] {spark_submit.py:644} INFO - at py4j.reflection.ReflectionEngine.invoke(ReflectionEngine.java:374)
[2025-09-10T13:21:30.396+0000] {spark_submit.py:644} INFO - at py4j.Gateway.invoke(Gateway.java:282)
[2025-09-10T13:21:30.397+0000] {spark_submit.py:644} INFO - at py4j.commands.AbstractCommand.invokeMethod(AbstractCommand.java:132)
[2025-09-10T13:21:30.397+0000] {spark_submit.py:644} INFO - at py4j.commands.CallCommand.execute(CallCommand.java:79)
[2025-09-10T13:21:30.398+0000] {spark_submit.py:644} INFO - at py4j.ClientServerConnection.waitForCommands(ClientServerConnection.java:184)
[2025-09-10T13:21:30.398+0000] {spark_submit.py:644} INFO - at py4j.ClientServerConnection.run(ClientServerConnection.java:108)
[2025-09-10T13:21:30.399+0000] {spark_submit.py:644} INFO - at java.base/java.lang.Thread.run(Thread.java:840)
[2025-09-10T13:21:30.400+0000] {spark_submit.py:644} INFO - Caused by: java.lang.ClassNotFoundException: Class org.apache.hadoop.fs.s3a.S3AFileSystem not found
[2025-09-10T13:21:30.400+0000] {spark_submit.py:644} INFO - at org.apache.hadoop.conf.Configuration.getClassByName(Configuration.java:2641)
[2025-09-10T13:21:30.401+0000] {spark_submit.py:644} INFO - at org.apache.hadoop.conf.Configuration.getClass(Configuration.java:2735)
[2025-09-10T13:21:30.401+0000] {spark_submit.py:644} INFO - ... 84 more
[2025-09-10T13:21:30.496+0000] {spark_submit.py:644} INFO - Traceback (most recent call last):
[2025-09-10T13:21:30.497+0000] {spark_submit.py:644} INFO - File "/opt/***/dags/spark_job.py", line 17, in <module>
[2025-09-10T13:21:30.500+0000] {spark_submit.py:644} INFO - df = spark.read.csv("s3a://data-lake/IMDB Movies 2000 - 2020.csv", header=True, inferSchema=True)
[2025-09-10T13:21:30.501+0000] {spark_submit.py:644} INFO - ^^^^^^^^^^^^^^^^^^^^^^^^^^^^^^^^^^^^^^^^^^^^^^^^^^^^^^^^^^^^^^^^^^^^^^^^^^^^^^^^^^^^^^^^^^^^
[2025-09-10T13:21:30.502+0000] {spark_submit.py:644} INFO - File "/home/***/.local/lib/python3.12/site-packages/pyspark/python/lib/pyspark.zip/pyspark/sql/readwriter.py", line 838, in csv
[2025-09-10T13:21:30.502+0000] {spark_submit.py:644} INFO - File "/home/***/.local/lib/python3.12/site-packages/pyspark/python/lib/py4j-0.10.9.9-src.zip/py4j/java_gateway.py", line 1362, in __call__
[2025-09-10T13:21:30.503+0000] {spark_submit.py:644} INFO - File "/home/***/.local/lib/python3.12/site-packages/pyspark/python/lib/pyspark.zip/pyspark/errors/exceptions/captured.py", line 282, in deco
[2025-09-10T13:21:30.504+0000] {spark_submit.py:644} INFO - File "/home/***/.local/lib/python3.12/site-packages/pyspark/python/lib/py4j-0.10.9.9-src.zip/py4j/protocol.py", line 327, in get_return_value
[2025-09-10T13:21:30.547+0000] {spark_submit.py:644} INFO - py4j.protocol.Py4JJavaError: An error occurred while calling o39.csv.
[2025-09-10T13:21:30.548+0000] {spark_submit.py:644} INFO - : java.lang.RuntimeException: java.lang.ClassNotFoundException: Class org.apache.hadoop.fs.s3a.S3AFileSystem not found
[2025-09-10T13:21:30.550+0000] {spark_submit.py:644} INFO - at org.apache.hadoop.conf.Configuration.getClass(Configuration.java:2737)
[2025-09-10T13:21:30.550+0000] {spark_submit.py:644} INFO - at org.apache.hadoop.fs.FileSystem.getFileSystemClass(FileSystem.java:3569)
[2025-09-10T13:21:30.551+0000] {spark_submit.py:644} INFO - at org.apache.hadoop.fs.FileSystem.createFileSystem(FileSystem.java:3612)
[2025-09-10T13:21:30.552+0000] {spark_submit.py:644} INFO - at org.apache.hadoop.fs.FileSystem.access$300(FileSystem.java:172)
[2025-09-10T13:21:30.553+0000] {spark_submit.py:644} INFO - at org.apache.hadoop.fs.FileSystem$Cache.getInternal(FileSystem.java:3716)
[2025-09-10T13:21:30.554+0000] {spark_submit.py:644} INFO - at org.apache.hadoop.fs.FileSystem$Cache.get(FileSystem.java:3667)
[2025-09-10T13:21:30.556+0000] {spark_submit.py:644} INFO - at org.apache.hadoop.fs.FileSystem.get(FileSystem.java:557)
[2025-09-10T13:21:30.557+0000] {spark_submit.py:644} INFO - at org.apache.hadoop.fs.Path.getFileSystem(Path.java:366)
[2025-09-10T13:21:30.558+0000] {spark_submit.py:644} INFO - at org.apache.spark.sql.execution.datasources.DataSource$.$anonfun$checkAndGlobPathIfNecessary$1(DataSource.scala:777)
[2025-09-10T13:21:30.559+0000] {spark_submit.py:644} INFO - at scala.collection.immutable.List.map(List.scala:247)
[2025-09-10T13:21:30.559+0000] {spark_submit.py:644} INFO - at scala.collection.immutable.List.map(List.scala:79)
[2025-09-10T13:21:30.560+0000] {spark_submit.py:644} INFO - at org.apache.spark.sql.execution.datasources.DataSource$.checkAndGlobPathIfNecessary(DataSource.scala:775)
[2025-09-10T13:21:30.560+0000] {spark_submit.py:644} INFO - at org.apache.spark.sql.execution.datasources.DataSource.checkAndGlobPathIfNecessary(DataSource.scala:575)
[2025-09-10T13:21:30.561+0000] {spark_submit.py:644} INFO - at org.apache.spark.sql.execution.datasources.DataSource.resolveRelation(DataSource.scala:419)
[2025-09-10T13:21:30.561+0000] {spark_submit.py:644} INFO - at org.apache.spark.sql.catalyst.analysis.ResolveDataSource.org$apache$spark$sql$catalyst$analysis$ResolveDataSource$$loadV1BatchSource(ResolveDataSource.scala:143)
[2025-09-10T13:21:30.562+0000] {spark_submit.py:644} INFO - at org.apache.spark.sql.catalyst.analysis.ResolveDataSource$$anonfun$apply$1.$anonfun$applyOrElse$2(ResolveDataSource.scala:61)
[2025-09-10T13:21:30.563+0000] {spark_submit.py:644} INFO - at scala.Option.getOrElse(Option.scala:201)
[2025-09-10T13:21:30.564+0000] {spark_submit.py:644} INFO - at org.apache.spark.sql.catalyst.analysis.ResolveDataSource$$anonfun$apply$1.applyOrElse(ResolveDataSource.scala:61)
[2025-09-10T13:21:30.564+0000] {spark_submit.py:644} INFO - at org.apache.spark.sql.catalyst.analysis.ResolveDataSource$$anonfun$apply$1.applyOrElse(ResolveDataSource.scala:45)
[2025-09-10T13:21:30.565+0000] {spark_submit.py:644} INFO - at org.apache.spark.sql.catalyst.plans.logical.AnalysisHelper.$anonfun$resolveOperatorsUpWithPruning$3(AnalysisHelper.scala:139)
[2025-09-10T13:21:30.565+0000] {spark_submit.py:644} INFO - at org.apache.spark.sql.catalyst.trees.CurrentOrigin$.withOrigin(origin.scala:86)
[2025-09-10T13:21:30.566+0000] {spark_submit.py:644} INFO - at org.apache.spark.sql.catalyst.plans.logical.AnalysisHelper.$anonfun$resolveOperatorsUpWithPruning$1(AnalysisHelper.scala:139)
[2025-09-10T13:21:30.566+0000] {spark_submit.py:644} INFO - at org.apache.spark.sql.catalyst.plans.logical.AnalysisHelper$.allowInvokingTransformsInAnalyzer(AnalysisHelper.scala:416)
[2025-09-10T13:21:30.567+0000] {spark_submit.py:644} INFO - at org.apache.spark.sql.catalyst.plans.logical.AnalysisHelper.resolveOperatorsUpWithPruning(AnalysisHelper.scala:135)
[2025-09-10T13:21:30.567+0000] {spark_submit.py:644} INFO - at org.apache.spark.sql.catalyst.plans.logical.AnalysisHelper.resolveOperatorsUpWithPruning$(AnalysisHelper.scala:131)
[2025-09-10T13:21:30.568+0000] {spark_submit.py:644} INFO - at org.apache.spark.sql.catalyst.plans.logical.LogicalPlan.resolveOperatorsUpWithPruning(LogicalPlan.scala:37)
[2025-09-10T13:21:30.569+0000] {spark_submit.py:644} INFO - at org.apache.spark.sql.catalyst.plans.logical.AnalysisHelper.resolveOperatorsUp(AnalysisHelper.scala:112)
[2025-09-10T13:21:30.570+0000] {spark_submit.py:644} INFO - at org.apache.spark.sql.catalyst.plans.logical.AnalysisHelper.resolveOperatorsUp$(AnalysisHelper.scala:111)
[2025-09-10T13:21:30.570+0000] {spark_submit.py:644} INFO - at org.apache.spark.sql.catalyst.plans.logical.LogicalPlan.resolveOperatorsUp(LogicalPlan.scala:37)
[2025-09-10T13:21:30.571+0000] {spark_submit.py:644} INFO - at org.apache.spark.sql.catalyst.analysis.ResolveDataSource.apply(ResolveDataSource.scala:45)
[2025-09-10T13:21:30.571+0000] {spark_submit.py:644} INFO - at org.apache.spark.sql.catalyst.analysis.ResolveDataSource.apply(ResolveDataSource.scala:43)
[2025-09-10T13:21:30.572+0000] {spark_submit.py:644} INFO - at org.apache.spark.sql.catalyst.rules.RuleExecutor.$anonfun$execute$2(RuleExecutor.scala:242)
[2025-09-10T13:21:30.572+0000] {spark_submit.py:644} INFO - at scala.collection.LinearSeqOps.foldLeft(LinearSeq.scala:183)
[2025-09-10T13:21:30.573+0000] {spark_submit.py:644} INFO - at scala.collection.LinearSeqOps.foldLeft$(LinearSeq.scala:179)
[2025-09-10T13:21:30.573+0000] {spark_submit.py:644} INFO - at scala.collection.immutable.List.foldLeft(List.scala:79)
[2025-09-10T13:21:30.574+0000] {spark_submit.py:644} INFO - at org.apache.spark.sql.catalyst.rules.RuleExecutor.$anonfun$execute$1(RuleExecutor.scala:239)
[2025-09-10T13:21:30.574+0000] {spark_submit.py:644} INFO - at org.apache.spark.sql.catalyst.rules.RuleExecutor.$anonfun$execute$1$adapted(RuleExecutor.scala:231)
[2025-09-10T13:21:30.575+0000] {spark_submit.py:644} INFO - at scala.collection.immutable.List.foreach(List.scala:334)
[2025-09-10T13:21:30.575+0000] {spark_submit.py:644} INFO - at org.apache.spark.sql.catalyst.rules.RuleExecutor.execute(RuleExecutor.scala:231)
[2025-09-10T13:21:30.576+0000] {spark_submit.py:644} INFO - at org.apache.spark.sql.catalyst.analysis.Analyzer.org$apache$spark$sql$catalyst$analysis$Analyzer$$executeSameContext(Analyzer.scala:340)
[2025-09-10T13:21:30.576+0000] {spark_submit.py:644} INFO - at org.apache.spark.sql.catalyst.analysis.Analyzer.$anonfun$execute$1(Analyzer.scala:336)
[2025-09-10T13:21:30.577+0000] {spark_submit.py:644} INFO - at org.apache.spark.sql.catalyst.analysis.AnalysisContext$.withNewAnalysisContext(Analyzer.scala:234)
[2025-09-10T13:21:30.577+0000] {spark_submit.py:644} INFO - at org.apache.spark.sql.catalyst.analysis.Analyzer.execute(Analyzer.scala:336)
[2025-09-10T13:21:30.578+0000] {spark_submit.py:644} INFO - at org.apache.spark.sql.catalyst.analysis.Analyzer.execute(Analyzer.scala:299)
[2025-09-10T13:21:30.578+0000] {spark_submit.py:644} INFO - at org.apache.spark.sql.catalyst.rules.RuleExecutor.$anonfun$executeAndTrack$1(RuleExecutor.scala:201)
[2025-09-10T13:21:30.579+0000] {spark_submit.py:644} INFO - at org.apache.spark.sql.catalyst.QueryPlanningTracker$.withTracker(QueryPlanningTracker.scala:89)
[2025-09-10T13:21:30.579+0000] {spark_submit.py:644} INFO - at org.apache.spark.sql.catalyst.rules.RuleExecutor.executeAndTrack(RuleExecutor.scala:201)
[2025-09-10T13:21:30.580+0000] {spark_submit.py:644} INFO - at org.apache.spark.sql.catalyst.analysis.resolver.HybridAnalyzer.resolveInFixedPoint(HybridAnalyzer.scala:190)
[2025-09-10T13:21:30.580+0000] {spark_submit.py:644} INFO - at org.apache.spark.sql.catalyst.analysis.resolver.HybridAnalyzer.$anonfun$apply$1(HybridAnalyzer.scala:76)
[2025-09-10T13:21:30.581+0000] {spark_submit.py:644} INFO - at org.apache.spark.sql.catalyst.analysis.resolver.HybridAnalyzer.withTrackedAnalyzerBridgeState(HybridAnalyzer.scala:111)
[2025-09-10T13:21:30.581+0000] {spark_submit.py:644} INFO - at org.apache.spark.sql.catalyst.analysis.resolver.HybridAnalyzer.apply(HybridAnalyzer.scala:71)
[2025-09-10T13:21:30.581+0000] {spark_submit.py:644} INFO - at org.apache.spark.sql.catalyst.analysis.Analyzer.$anonfun$executeAndCheck$1(Analyzer.scala:330)
[2025-09-10T13:21:30.582+0000] {spark_submit.py:644} INFO - at org.apache.spark.sql.catalyst.plans.logical.AnalysisHelper$.markInAnalyzer(AnalysisHelper.scala:423)
[2025-09-10T13:21:30.583+0000] {spark_submit.py:644} INFO - at org.apache.spark.sql.catalyst.analysis.Analyzer.executeAndCheck(Analyzer.scala:330)
[2025-09-10T13:21:30.583+0000] {spark_submit.py:644} INFO - at org.apache.spark.sql.execution.QueryExecution.$anonfun$lazyAnalyzed$2(QueryExecution.scala:110)
[2025-09-10T13:21:30.584+0000] {spark_submit.py:644} INFO - at org.apache.spark.sql.catalyst.QueryPlanningTracker.measurePhase(QueryPlanningTracker.scala:148)
[2025-09-10T13:21:30.584+0000] {spark_submit.py:644} INFO - at org.apache.spark.sql.execution.QueryExecution.$anonfun$executePhase$2(QueryExecution.scala:278)
[2025-09-10T13:21:30.585+0000] {spark_submit.py:644} INFO - at org.apache.spark.sql.execution.QueryExecution$.withInternalError(QueryExecution.scala:654)
[2025-09-10T13:21:30.585+0000] {spark_submit.py:644} INFO - at org.apache.spark.sql.execution.QueryExecution.$anonfun$executePhase$1(QueryExecution.scala:278)
[2025-09-10T13:21:30.585+0000] {spark_submit.py:644} INFO - at org.apache.spark.sql.SparkSession.withActive(SparkSession.scala:804)
[2025-09-10T13:21:30.586+0000] {spark_submit.py:644} INFO - at org.apache.spark.sql.execution.QueryExecution.executePhase(QueryExecution.scala:277)
[2025-09-10T13:21:30.586+0000] {spark_submit.py:644} INFO - at org.apache.spark.sql.execution.QueryExecution.$anonfun$lazyAnalyzed$1(QueryExecution.scala:110)
[2025-09-10T13:21:30.587+0000] {spark_submit.py:644} INFO - at scala.util.Try$.apply(Try.scala:217)
[2025-09-10T13:21:30.588+0000] {spark_submit.py:644} INFO - at org.apache.spark.util.Utils$.doTryWithCallerStacktrace(Utils.scala:1378)
[2025-09-10T13:21:30.588+0000] {spark_submit.py:644} INFO - at org.apache.spark.util.Utils$.getTryWithCallerStacktrace(Utils.scala:1439)
[2025-09-10T13:21:30.589+0000] {spark_submit.py:644} INFO - at org.apache.spark.util.LazyTry.get(LazyTry.scala:58)
[2025-09-10T13:21:30.589+0000] {spark_submit.py:644} INFO - at org.apache.spark.sql.execution.QueryExecution.analyzed(QueryExecution.scala:121)
[2025-09-10T13:21:30.590+0000] {spark_submit.py:644} INFO - at org.apache.spark.sql.execution.QueryExecution.assertAnalyzed(QueryExecution.scala:80)
[2025-09-10T13:21:30.590+0000] {spark_submit.py:644} INFO - at org.apache.spark.sql.classic.Dataset$.$anonfun$ofRows$1(Dataset.scala:115)
[2025-09-10T13:21:30.591+0000] {spark_submit.py:644} INFO - at org.apache.spark.sql.SparkSession.withActive(SparkSession.scala:804)
[2025-09-10T13:21:30.591+0000] {spark_submit.py:644} INFO - at org.apache.spark.sql.classic.Dataset$.ofRows(Dataset.scala:113)
[2025-09-10T13:21:30.592+0000] {spark_submit.py:644} INFO - at org.apache.spark.sql.classic.DataFrameReader.load(DataFrameReader.scala:109)
[2025-09-10T13:21:30.592+0000] {spark_submit.py:644} INFO - at org.apache.spark.sql.classic.DataFrameReader.load(DataFrameReader.scala:58)
[2025-09-10T13:21:30.593+0000] {spark_submit.py:644} INFO - at org.apache.spark.sql.DataFrameReader.csv(DataFrameReader.scala:392)
[2025-09-10T13:21:30.593+0000] {spark_submit.py:644} INFO - at org.apache.spark.sql.classic.DataFrameReader.csv(DataFrameReader.scala:259)
[2025-09-10T13:21:30.594+0000] {spark_submit.py:644} INFO - at org.apache.spark.sql.classic.DataFrameReader.csv(DataFrameReader.scala:58)
[2025-09-10T13:21:30.594+0000] {spark_submit.py:644} INFO - at java.base/jdk.internal.reflect.NativeMethodAccessorImpl.invoke0(Native Method)
[2025-09-10T13:21:30.595+0000] {spark_submit.py:644} INFO - at java.base/jdk.internal.reflect.NativeMethodAccessorImpl.invoke(NativeMethodAccessorImpl.java:77)
[2025-09-10T13:21:30.596+0000] {spark_submit.py:644} INFO - at java.base/jdk.internal.reflect.DelegatingMethodAccessorImpl.invoke(DelegatingMethodAccessorImpl.java:43)
[2025-09-10T13:21:30.596+0000] {spark_submit.py:644} INFO - at java.base/java.lang.reflect.Method.invoke(Method.java:569)
[2025-09-10T13:21:30.596+0000] {spark_submit.py:644} INFO - at py4j.reflection.MethodInvoker.invoke(MethodInvoker.java:244)
[2025-09-10T13:21:30.597+0000] {spark_submit.py:644} INFO - at py4j.reflection.ReflectionEngine.invoke(ReflectionEngine.java:374)
[2025-09-10T13:21:30.597+0000] {spark_submit.py:644} INFO - at py4j.Gateway.invoke(Gateway.java:282)
[2025-09-10T13:21:30.598+0000] {spark_submit.py:644} INFO - at py4j.commands.AbstractCommand.invokeMethod(AbstractCommand.java:132)
[2025-09-10T13:21:30.598+0000] {spark_submit.py:644} INFO - at py4j.commands.CallCommand.execute(CallCommand.java:79)
[2025-09-10T13:21:30.599+0000] {spark_submit.py:644} INFO - at py4j.ClientServerConnection.waitForCommands(ClientServerConnection.java:184)
[2025-09-10T13:21:30.599+0000] {spark_submit.py:644} INFO - at py4j.ClientServerConnection.run(ClientServerConnection.java:108)
[2025-09-10T13:21:30.600+0000] {spark_submit.py:644} INFO - at java.base/java.lang.Thread.run(Thread.java:840)
[2025-09-10T13:21:30.600+0000] {spark_submit.py:644} INFO - Suppressed: org.apache.spark.util.Utils$OriginalTryStackTraceException: Full stacktrace of original doTryWithCallerStacktrace caller
[2025-09-10T13:21:30.601+0000] {spark_submit.py:644} INFO - at org.apache.hadoop.conf.Configuration.getClass(Configuration.java:2737)
[2025-09-10T13:21:30.601+0000] {spark_submit.py:644} INFO - at org.apache.hadoop.fs.FileSystem.getFileSystemClass(FileSystem.java:3569)
[2025-09-10T13:21:30.602+0000] {spark_submit.py:644} INFO - at org.apache.hadoop.fs.FileSystem.createFileSystem(FileSystem.java:3612)
[2025-09-10T13:21:30.603+0000] {spark_submit.py:644} INFO - at org.apache.hadoop.fs.FileSystem.access$300(FileSystem.java:172)
[2025-09-10T13:21:30.603+0000] {spark_submit.py:644} INFO - at org.apache.hadoop.fs.FileSystem$Cache.getInternal(FileSystem.java:3716)
[2025-09-10T13:21:30.604+0000] {spark_submit.py:644} INFO - at org.apache.hadoop.fs.FileSystem$Cache.get(FileSystem.java:3667)
[2025-09-10T13:21:30.604+0000] {spark_submit.py:644} INFO - at org.apache.hadoop.fs.FileSystem.get(FileSystem.java:557)
[2025-09-10T13:21:30.605+0000] {spark_submit.py:644} INFO - at org.apache.hadoop.fs.Path.getFileSystem(Path.java:366)
[2025-09-10T13:21:30.605+0000] {spark_submit.py:644} INFO - at org.apache.spark.sql.execution.datasources.DataSource$.$anonfun$checkAndGlobPathIfNecessary$1(DataSource.scala:777)
[2025-09-10T13:21:30.606+0000] {spark_submit.py:644} INFO - at scala.collection.immutable.List.map(List.scala:247)
[2025-09-10T13:21:30.606+0000] {spark_submit.py:644} INFO - at scala.collection.immutable.List.map(List.scala:79)
[2025-09-10T13:21:30.607+0000] {spark_submit.py:644} INFO - at org.apache.spark.sql.execution.datasources.DataSource$.checkAndGlobPathIfNecessary(DataSource.scala:775)
[2025-09-10T13:21:30.607+0000] {spark_submit.py:644} INFO - at org.apache.spark.sql.execution.datasources.DataSource.checkAndGlobPathIfNecessary(DataSource.scala:575)
[2025-09-10T13:21:30.608+0000] {spark_submit.py:644} INFO - at org.apache.spark.sql.execution.datasources.DataSource.resolveRelation(DataSource.scala:419)
[2025-09-10T13:21:30.608+0000] {spark_submit.py:644} INFO - at org.apache.spark.sql.catalyst.analysis.ResolveDataSource.org$apache$spark$sql$catalyst$analysis$ResolveDataSource$$loadV1BatchSource(ResolveDataSource.scala:143)
[2025-09-10T13:21:30.609+0000] {spark_submit.py:644} INFO - at org.apache.spark.sql.catalyst.analysis.ResolveDataSource$$anonfun$apply$1.$anonfun$applyOrElse$2(ResolveDataSource.scala:61)
[2025-09-10T13:21:30.609+0000] {spark_submit.py:644} INFO - at scala.Option.getOrElse(Option.scala:201)
[2025-09-10T13:21:30.610+0000] {spark_submit.py:644} INFO - at org.apache.spark.sql.catalyst.analysis.ResolveDataSource$$anonfun$apply$1.applyOrElse(ResolveDataSource.scala:61)
[2025-09-10T13:21:30.610+0000] {spark_submit.py:644} INFO - at org.apache.spark.sql.catalyst.analysis.ResolveDataSource$$anonfun$apply$1.applyOrElse(ResolveDataSource.scala:45)
[2025-09-10T13:21:30.611+0000] {spark_submit.py:644} INFO - at org.apache.spark.sql.catalyst.plans.logical.AnalysisHelper.$anonfun$resolveOperatorsUpWithPruning$3(AnalysisHelper.scala:139)
[2025-09-10T13:21:30.612+0000] {spark_submit.py:644} INFO - at org.apache.spark.sql.catalyst.trees.CurrentOrigin$.withOrigin(origin.scala:86)
[2025-09-10T13:21:30.613+0000] {spark_submit.py:644} INFO - at org.apache.spark.sql.catalyst.plans.logical.AnalysisHelper.$anonfun$resolveOperatorsUpWithPruning$1(AnalysisHelper.scala:139)
[2025-09-10T13:21:30.614+0000] {spark_submit.py:644} INFO - at org.apache.spark.sql.catalyst.plans.logical.AnalysisHelper$.allowInvokingTransformsInAnalyzer(AnalysisHelper.scala:416)
[2025-09-10T13:21:30.615+0000] {spark_submit.py:644} INFO - at org.apache.spark.sql.catalyst.plans.logical.AnalysisHelper.resolveOperatorsUpWithPruning(AnalysisHelper.scala:135)
[2025-09-10T13:21:30.616+0000] {spark_submit.py:644} INFO - at org.apache.spark.sql.catalyst.plans.logical.AnalysisHelper.resolveOperatorsUpWithPruning$(AnalysisHelper.scala:131)
[2025-09-10T13:21:30.617+0000] {spark_submit.py:644} INFO - at org.apache.spark.sql.catalyst.plans.logical.LogicalPlan.resolveOperatorsUpWithPruning(LogicalPlan.scala:37)
[2025-09-10T13:21:30.617+0000] {spark_submit.py:644} INFO - at org.apache.spark.sql.catalyst.plans.logical.AnalysisHelper.resolveOperatorsUp(AnalysisHelper.scala:112)
[2025-09-10T13:21:30.618+0000] {spark_submit.py:644} INFO - at org.apache.spark.sql.catalyst.plans.logical.AnalysisHelper.resolveOperatorsUp$(AnalysisHelper.scala:111)
[2025-09-10T13:21:30.619+0000] {spark_submit.py:644} INFO - at org.apache.spark.sql.catalyst.plans.logical.LogicalPlan.resolveOperatorsUp(LogicalPlan.scala:37)
[2025-09-10T13:21:30.619+0000] {spark_submit.py:644} INFO - at org.apache.spark.sql.catalyst.analysis.ResolveDataSource.apply(ResolveDataSource.scala:45)
[2025-09-10T13:21:30.620+0000] {spark_submit.py:644} INFO - at org.apache.spark.sql.catalyst.analysis.ResolveDataSource.apply(ResolveDataSource.scala:43)
[2025-09-10T13:21:30.620+0000] {spark_submit.py:644} INFO - at org.apache.spark.sql.catalyst.rules.RuleExecutor.$anonfun$execute$2(RuleExecutor.scala:242)
[2025-09-10T13:21:30.621+0000] {spark_submit.py:644} INFO - at scala.collection.LinearSeqOps.foldLeft(LinearSeq.scala:183)
[2025-09-10T13:21:30.621+0000] {spark_submit.py:644} INFO - at scala.collection.LinearSeqOps.foldLeft$(LinearSeq.scala:179)
[2025-09-10T13:21:30.622+0000] {spark_submit.py:644} INFO - at scala.collection.immutable.List.foldLeft(List.scala:79)
[2025-09-10T13:21:30.623+0000] {spark_submit.py:644} INFO - at org.apache.spark.sql.catalyst.rules.RuleExecutor.$anonfun$execute$1(RuleExecutor.scala:239)
[2025-09-10T13:21:30.623+0000] {spark_submit.py:644} INFO - at org.apache.spark.sql.catalyst.rules.RuleExecutor.$anonfun$execute$1$adapted(RuleExecutor.scala:231)
[2025-09-10T13:21:30.624+0000] {spark_submit.py:644} INFO - at scala.collection.immutable.List.foreach(List.scala:334)
[2025-09-10T13:21:30.624+0000] {spark_submit.py:644} INFO - at org.apache.spark.sql.catalyst.rules.RuleExecutor.execute(RuleExecutor.scala:231)
[2025-09-10T13:21:30.625+0000] {spark_submit.py:644} INFO - at org.apache.spark.sql.catalyst.analysis.Analyzer.org$apache$spark$sql$catalyst$analysis$Analyzer$$executeSameContext(Analyzer.scala:340)
[2025-09-10T13:21:30.625+0000] {spark_submit.py:644} INFO - at org.apache.spark.sql.catalyst.analysis.Analyzer.$anonfun$execute$1(Analyzer.scala:336)
[2025-09-10T13:21:30.626+0000] {spark_submit.py:644} INFO - at org.apache.spark.sql.catalyst.analysis.AnalysisContext$.withNewAnalysisContext(Analyzer.scala:234)
[2025-09-10T13:21:30.626+0000] {spark_submit.py:644} INFO - at org.apache.spark.sql.catalyst.analysis.Analyzer.execute(Analyzer.scala:336)
[2025-09-10T13:21:30.627+0000] {spark_submit.py:644} INFO - at org.apache.spark.sql.catalyst.analysis.Analyzer.execute(Analyzer.scala:299)
[2025-09-10T13:21:30.627+0000] {spark_submit.py:644} INFO - at org.apache.spark.sql.catalyst.rules.RuleExecutor.$anonfun$executeAndTrack$1(RuleExecutor.scala:201)
[2025-09-10T13:21:30.628+0000] {spark_submit.py:644} INFO - at org.apache.spark.sql.catalyst.QueryPlanningTracker$.withTracker(QueryPlanningTracker.scala:89)
[2025-09-10T13:21:30.628+0000] {spark_submit.py:644} INFO - at org.apache.spark.sql.catalyst.rules.RuleExecutor.executeAndTrack(RuleExecutor.scala:201)
[2025-09-10T13:21:30.629+0000] {spark_submit.py:644} INFO - at org.apache.spark.sql.catalyst.analysis.resolver.HybridAnalyzer.resolveInFixedPoint(HybridAnalyzer.scala:190)
[2025-09-10T13:21:30.629+0000] {spark_submit.py:644} INFO - at org.apache.spark.sql.catalyst.analysis.resolver.HybridAnalyzer.$anonfun$apply$1(HybridAnalyzer.scala:76)
[2025-09-10T13:21:30.630+0000] {spark_submit.py:644} INFO - at org.apache.spark.sql.catalyst.analysis.resolver.HybridAnalyzer.withTrackedAnalyzerBridgeState(HybridAnalyzer.scala:111)
[2025-09-10T13:21:30.630+0000] {spark_submit.py:644} INFO - at org.apache.spark.sql.catalyst.analysis.resolver.HybridAnalyzer.apply(HybridAnalyzer.scala:71)
[2025-09-10T13:21:30.631+0000] {spark_submit.py:644} INFO - at org.apache.spark.sql.catalyst.analysis.Analyzer.$anonfun$executeAndCheck$1(Analyzer.scala:330)
[2025-09-10T13:21:30.631+0000] {spark_submit.py:644} INFO - at org.apache.spark.sql.catalyst.plans.logical.AnalysisHelper$.markInAnalyzer(AnalysisHelper.scala:423)
[2025-09-10T13:21:30.632+0000] {spark_submit.py:644} INFO - at org.apache.spark.sql.catalyst.analysis.Analyzer.executeAndCheck(Analyzer.scala:330)
[2025-09-10T13:21:30.632+0000] {spark_submit.py:644} INFO - at org.apache.spark.sql.execution.QueryExecution.$anonfun$lazyAnalyzed$2(QueryExecution.scala:110)
[2025-09-10T13:21:30.633+0000] {spark_submit.py:644} INFO - at org.apache.spark.sql.catalyst.QueryPlanningTracker.measurePhase(QueryPlanningTracker.scala:148)
[2025-09-10T13:21:30.633+0000] {spark_submit.py:644} INFO - at org.apache.spark.sql.execution.QueryExecution.$anonfun$executePhase$2(QueryExecution.scala:278)
[2025-09-10T13:21:30.634+0000] {spark_submit.py:644} INFO - at org.apache.spark.sql.execution.QueryExecution$.withInternalError(QueryExecution.scala:654)
[2025-09-10T13:21:30.634+0000] {spark_submit.py:644} INFO - at org.apache.spark.sql.execution.QueryExecution.$anonfun$executePhase$1(QueryExecution.scala:278)
[2025-09-10T13:21:30.635+0000] {spark_submit.py:644} INFO - at org.apache.spark.sql.SparkSession.withActive(SparkSession.scala:804)
[2025-09-10T13:21:30.635+0000] {spark_submit.py:644} INFO - at org.apache.spark.sql.execution.QueryExecution.executePhase(QueryExecution.scala:277)
[2025-09-10T13:21:30.636+0000] {spark_submit.py:644} INFO - at org.apache.spark.sql.execution.QueryExecution.$anonfun$lazyAnalyzed$1(QueryExecution.scala:110)
[2025-09-10T13:21:30.636+0000] {spark_submit.py:644} INFO - at scala.util.Try$.apply(Try.scala:217)
[2025-09-10T13:21:30.637+0000] {spark_submit.py:644} INFO - at org.apache.spark.util.Utils$.doTryWithCallerStacktrace(Utils.scala:1378)
[2025-09-10T13:21:30.637+0000] {spark_submit.py:644} INFO - at org.apache.spark.util.LazyTry.tryT$lzycompute(LazyTry.scala:46)
[2025-09-10T13:21:30.638+0000] {spark_submit.py:644} INFO - at org.apache.spark.util.LazyTry.tryT(LazyTry.scala:46)
[2025-09-10T13:21:30.638+0000] {spark_submit.py:644} INFO - ... 23 more
[2025-09-10T13:21:30.639+0000] {spark_submit.py:644} INFO - Caused by: java.lang.ClassNotFoundException: Class org.apache.hadoop.fs.s3a.S3AFileSystem not found
[2025-09-10T13:21:30.639+0000] {spark_submit.py:644} INFO - at org.apache.hadoop.conf.Configuration.getClassByName(Configuration.java:2641)
[2025-09-10T13:21:30.640+0000] {spark_submit.py:644} INFO - at org.apache.hadoop.conf.Configuration.getClass(Configuration.java:2735)
[2025-09-10T13:21:30.640+0000] {spark_submit.py:644} INFO - at org.apache.hadoop.fs.FileSystem.getFileSystemClass(FileSystem.java:3569)
[2025-09-10T13:21:30.641+0000] {spark_submit.py:644} INFO - at org.apache.hadoop.fs.FileSystem.createFileSystem(FileSystem.java:3612)
[2025-09-10T13:21:30.641+0000] {spark_submit.py:644} INFO - at org.apache.hadoop.fs.FileSystem.access$300(FileSystem.java:172)
[2025-09-10T13:21:30.642+0000] {spark_submit.py:644} INFO - at org.apache.hadoop.fs.FileSystem$Cache.getInternal(FileSystem.java:3716)
[2025-09-10T13:21:30.642+0000] {spark_submit.py:644} INFO - at org.apache.hadoop.fs.FileSystem$Cache.get(FileSystem.java:3667)
[2025-09-10T13:21:30.643+0000] {spark_submit.py:644} INFO - at org.apache.hadoop.fs.FileSystem.get(FileSystem.java:557)
[2025-09-10T13:21:30.643+0000] {spark_submit.py:644} INFO - at org.apache.hadoop.fs.Path.getFileSystem(Path.java:366)
[2025-09-10T13:21:30.644+0000] {spark_submit.py:644} INFO - at org.apache.spark.sql.execution.datasources.DataSource$.$anonfun$checkAndGlobPathIfNecessary$1(DataSource.scala:777)
[2025-09-10T13:21:30.644+0000] {spark_submit.py:644} INFO - at scala.collection.immutable.List.map(List.scala:247)
[2025-09-10T13:21:30.645+0000] {spark_submit.py:644} INFO - at scala.collection.immutable.List.map(List.scala:79)
[2025-09-10T13:21:30.645+0000] {spark_submit.py:644} INFO - at org.apache.spark.sql.execution.datasources.DataSource$.checkAndGlobPathIfNecessary(DataSource.scala:775)
[2025-09-10T13:21:30.646+0000] {spark_submit.py:644} INFO - at org.apache.spark.sql.execution.datasources.DataSource.checkAndGlobPathIfNecessary(DataSource.scala:575)
[2025-09-10T13:21:30.646+0000] {spark_submit.py:644} INFO - at org.apache.spark.sql.execution.datasources.DataSource.resolveRelation(DataSource.scala:419)
[2025-09-10T13:21:30.647+0000] {spark_submit.py:644} INFO - at org.apache.spark.sql.catalyst.analysis.ResolveDataSource.org$apache$spark$sql$catalyst$analysis$ResolveDataSource$$loadV1BatchSource(ResolveDataSource.scala:143)
[2025-09-10T13:21:30.647+0000] {spark_submit.py:644} INFO - at org.apache.spark.sql.catalyst.analysis.ResolveDataSource$$anonfun$apply$1.$anonfun$applyOrElse$2(ResolveDataSource.scala:61)
[2025-09-10T13:21:30.648+0000] {spark_submit.py:644} INFO - at scala.Option.getOrElse(Option.scala:201)
[2025-09-10T13:21:30.648+0000] {spark_submit.py:644} INFO - at org.apache.spark.sql.catalyst.analysis.ResolveDataSource$$anonfun$apply$1.applyOrElse(ResolveDataSource.scala:61)
[2025-09-10T13:21:30.649+0000] {spark_submit.py:644} INFO - at org.apache.spark.sql.catalyst.analysis.ResolveDataSource$$anonfun$apply$1.applyOrElse(ResolveDataSource.scala:45)
[2025-09-10T13:21:30.649+0000] {spark_submit.py:644} INFO - at org.apache.spark.sql.catalyst.plans.logical.AnalysisHelper.$anonfun$resolveOperatorsUpWithPruning$3(AnalysisHelper.scala:139)
[2025-09-10T13:21:30.650+0000] {spark_submit.py:644} INFO - at org.apache.spark.sql.catalyst.trees.CurrentOrigin$.withOrigin(origin.scala:86)
[2025-09-10T13:21:30.650+0000] {spark_submit.py:644} INFO - at org.apache.spark.sql.catalyst.plans.logical.AnalysisHelper.$anonfun$resolveOperatorsUpWithPruning$1(AnalysisHelper.scala:139)
[2025-09-10T13:21:30.651+0000] {spark_submit.py:644} INFO - at org.apache.spark.sql.catalyst.plans.logical.AnalysisHelper$.allowInvokingTransformsInAnalyzer(AnalysisHelper.scala:416)
[2025-09-10T13:21:30.651+0000] {spark_submit.py:644} INFO - at org.apache.spark.sql.catalyst.plans.logical.AnalysisHelper.resolveOperatorsUpWithPruning(AnalysisHelper.scala:135)
[2025-09-10T13:21:30.651+0000] {spark_submit.py:644} INFO - at org.apache.spark.sql.catalyst.plans.logical.AnalysisHelper.resolveOperatorsUpWithPruning$(AnalysisHelper.scala:131)
[2025-09-10T13:21:30.652+0000] {spark_submit.py:644} INFO - at org.apache.spark.sql.catalyst.plans.logical.LogicalPlan.resolveOperatorsUpWithPruning(LogicalPlan.scala:37)
[2025-09-10T13:21:30.652+0000] {spark_submit.py:644} INFO - at org.apache.spark.sql.catalyst.plans.logical.AnalysisHelper.resolveOperatorsUp(AnalysisHelper.scala:112)
[2025-09-10T13:21:30.653+0000] {spark_submit.py:644} INFO - at org.apache.spark.sql.catalyst.plans.logical.AnalysisHelper.resolveOperatorsUp$(AnalysisHelper.scala:111)
[2025-09-10T13:21:30.653+0000] {spark_submit.py:644} INFO - at org.apache.spark.sql.catalyst.plans.logical.LogicalPlan.resolveOperatorsUp(LogicalPlan.scala:37)
[2025-09-10T13:21:30.654+0000] {spark_submit.py:644} INFO - at org.apache.spark.sql.catalyst.analysis.ResolveDataSource.apply(ResolveDataSource.scala:45)
[2025-09-10T13:21:30.654+0000] {spark_submit.py:644} INFO - at org.apache.spark.sql.catalyst.analysis.ResolveDataSource.apply(ResolveDataSource.scala:43)
[2025-09-10T13:21:30.655+0000] {spark_submit.py:644} INFO - at org.apache.spark.sql.catalyst.rules.RuleExecutor.$anonfun$execute$2(RuleExecutor.scala:242)
[2025-09-10T13:21:30.656+0000] {spark_submit.py:644} INFO - at scala.collection.LinearSeqOps.foldLeft(LinearSeq.scala:183)
[2025-09-10T13:21:30.656+0000] {spark_submit.py:644} INFO - at scala.collection.LinearSeqOps.foldLeft$(LinearSeq.scala:179)
[2025-09-10T13:21:30.657+0000] {spark_submit.py:644} INFO - at scala.collection.immutable.List.foldLeft(List.scala:79)
[2025-09-10T13:21:30.657+0000] {spark_submit.py:644} INFO - at org.apache.spark.sql.catalyst.rules.RuleExecutor.$anonfun$execute$1(RuleExecutor.scala:239)
[2025-09-10T13:21:30.658+0000] {spark_submit.py:644} INFO - at org.apache.spark.sql.catalyst.rules.RuleExecutor.$anonfun$execute$1$adapted(RuleExecutor.scala:231)
[2025-09-10T13:21:30.658+0000] {spark_submit.py:644} INFO - at scala.collection.immutable.List.foreach(List.scala:334)
[2025-09-10T13:21:30.659+0000] {spark_submit.py:644} INFO - at org.apache.spark.sql.catalyst.rules.RuleExecutor.execute(RuleExecutor.scala:231)
[2025-09-10T13:21:30.659+0000] {spark_submit.py:644} INFO - at org.apache.spark.sql.catalyst.analysis.Analyzer.org$apache$spark$sql$catalyst$analysis$Analyzer$$executeSameContext(Analyzer.scala:340)
[2025-09-10T13:21:30.660+0000] {spark_submit.py:644} INFO - at org.apache.spark.sql.catalyst.analysis.Analyzer.$anonfun$execute$1(Analyzer.scala:336)
[2025-09-10T13:21:30.660+0000] {spark_submit.py:644} INFO - at org.apache.spark.sql.catalyst.analysis.AnalysisContext$.withNewAnalysisContext(Analyzer.scala:234)
[2025-09-10T13:21:30.661+0000] {spark_submit.py:644} INFO - at org.apache.spark.sql.catalyst.analysis.Analyzer.execute(Analyzer.scala:336)
[2025-09-10T13:21:30.661+0000] {spark_submit.py:644} INFO - at org.apache.spark.sql.catalyst.analysis.Analyzer.execute(Analyzer.scala:299)
[2025-09-10T13:21:30.662+0000] {spark_submit.py:644} INFO - at org.apache.spark.sql.catalyst.rules.RuleExecutor.$anonfun$executeAndTrack$1(RuleExecutor.scala:201)
[2025-09-10T13:21:30.662+0000] {spark_submit.py:644} INFO - at org.apache.spark.sql.catalyst.QueryPlanningTracker$.withTracker(QueryPlanningTracker.scala:89)
[2025-09-10T13:21:30.663+0000] {spark_submit.py:644} INFO - at org.apache.spark.sql.catalyst.rules.RuleExecutor.executeAndTrack(RuleExecutor.scala:201)
[2025-09-10T13:21:30.663+0000] {spark_submit.py:644} INFO - at org.apache.spark.sql.catalyst.analysis.resolver.HybridAnalyzer.resolveInFixedPoint(HybridAnalyzer.scala:190)
[2025-09-10T13:21:30.664+0000] {spark_submit.py:644} INFO - at org.apache.spark.sql.catalyst.analysis.resolver.HybridAnalyzer.$anonfun$apply$1(HybridAnalyzer.scala:76)
[2025-09-10T13:21:30.664+0000] {spark_submit.py:644} INFO - at org.apache.spark.sql.catalyst.analysis.resolver.HybridAnalyzer.withTrackedAnalyzerBridgeState(HybridAnalyzer.scala:111)
[2025-09-10T13:21:30.665+0000] {spark_submit.py:644} INFO - at org.apache.spark.sql.catalyst.analysis.resolver.HybridAnalyzer.apply(HybridAnalyzer.scala:71)
[2025-09-10T13:21:30.665+0000] {spark_submit.py:644} INFO - at org.apache.spark.sql.catalyst.analysis.Analyzer.$anonfun$executeAndCheck$1(Analyzer.scala:330)
[2025-09-10T13:21:30.666+0000] {spark_submit.py:644} INFO - at org.apache.spark.sql.catalyst.plans.logical.AnalysisHelper$.markInAnalyzer(AnalysisHelper.scala:423)
[2025-09-10T13:21:30.666+0000] {spark_submit.py:644} INFO - at org.apache.spark.sql.catalyst.analysis.Analyzer.executeAndCheck(Analyzer.scala:330)
[2025-09-10T13:21:30.667+0000] {spark_submit.py:644} INFO - at org.apache.spark.sql.execution.QueryExecution.$anonfun$lazyAnalyzed$2(QueryExecution.scala:110)
[2025-09-10T13:21:30.667+0000] {spark_submit.py:644} INFO - at org.apache.spark.sql.catalyst.QueryPlanningTracker.measurePhase(QueryPlanningTracker.scala:148)
[2025-09-10T13:21:30.667+0000] {spark_submit.py:644} INFO - at org.apache.spark.sql.execution.QueryExecution.$anonfun$executePhase$2(QueryExecution.scala:278)
[2025-09-10T13:21:30.668+0000] {spark_submit.py:644} INFO - at org.apache.spark.sql.execution.QueryExecution$.withInternalError(QueryExecution.scala:654)
[2025-09-10T13:21:30.668+0000] {spark_submit.py:644} INFO - at org.apache.spark.sql.execution.QueryExecution.$anonfun$executePhase$1(QueryExecution.scala:278)
[2025-09-10T13:21:30.669+0000] {spark_submit.py:644} INFO - at org.apache.spark.sql.SparkSession.withActive(SparkSession.scala:804)
[2025-09-10T13:21:30.669+0000] {spark_submit.py:644} INFO - at org.apache.spark.sql.execution.QueryExecution.executePhase(QueryExecution.scala:277)
[2025-09-10T13:21:30.670+0000] {spark_submit.py:644} INFO - at org.apache.spark.sql.execution.QueryExecution.$anonfun$lazyAnalyzed$1(QueryExecution.scala:110)
[2025-09-10T13:21:30.670+0000] {spark_submit.py:644} INFO - at scala.util.Try$.apply(Try.scala:217)
[2025-09-10T13:21:30.671+0000] {spark_submit.py:644} INFO - at org.apache.spark.util.Utils$.doTryWithCallerStacktrace(Utils.scala:1378)
[2025-09-10T13:21:30.671+0000] {spark_submit.py:644} INFO - at org.apache.spark.util.LazyTry.tryT$lzycompute(LazyTry.scala:46)
[2025-09-10T13:21:30.672+0000] {spark_submit.py:644} INFO - at org.apache.spark.util.LazyTry.tryT(LazyTry.scala:46)
[2025-09-10T13:21:30.672+0000] {spark_submit.py:644} INFO - ... 23 more
[2025-09-10T13:21:30.673+0000] {spark_submit.py:644} INFO - 
[2025-09-10T13:21:30.727+0000] {spark_submit.py:644} INFO - 25/09/10 13:21:30 INFO SparkContext: Invoking stop() from shutdown hook
[2025-09-10T13:21:30.731+0000] {spark_submit.py:644} INFO - 25/09/10 13:21:30 INFO SparkContext: SparkContext is stopping with exitCode 0 from run at Executors.java:539.
[2025-09-10T13:21:30.745+0000] {spark_submit.py:644} INFO - 25/09/10 13:21:30 INFO SparkUI: Stopped Spark web UI at http://ee346efe231b:4040
[2025-09-10T13:21:30.750+0000] {spark_submit.py:644} INFO - 25/09/10 13:21:30 INFO StandaloneSchedulerBackend: Shutting down all executors
[2025-09-10T13:21:30.751+0000] {spark_submit.py:644} INFO - 25/09/10 13:21:30 INFO StandaloneSchedulerBackend$StandaloneDriverEndpoint: Asking each executor to shut down
[2025-09-10T13:21:30.780+0000] {spark_submit.py:644} INFO - 25/09/10 13:21:30 INFO MapOutputTrackerMasterEndpoint: MapOutputTrackerMasterEndpoint stopped!
[2025-09-10T13:21:30.821+0000] {spark_submit.py:644} INFO - 25/09/10 13:21:30 INFO MemoryStore: MemoryStore started with capacity 434.4 MiB
[2025-09-10T13:21:30.822+0000] {spark_submit.py:644} INFO - 25/09/10 13:21:30 INFO MemoryStore: MemoryStore cleared
[2025-09-10T13:21:30.823+0000] {spark_submit.py:644} INFO - 25/09/10 13:21:30 INFO BlockManager: BlockManager stopped
[2025-09-10T13:21:30.829+0000] {spark_submit.py:644} INFO - 25/09/10 13:21:30 INFO BlockManagerMaster: BlockManagerMaster stopped
[2025-09-10T13:21:30.832+0000] {spark_submit.py:644} INFO - 25/09/10 13:21:30 INFO OutputCommitCoordinator$OutputCommitCoordinatorEndpoint: OutputCommitCoordinator stopped!
[2025-09-10T13:21:30.850+0000] {spark_submit.py:644} INFO - 25/09/10 13:21:30 INFO SparkContext: Successfully stopped SparkContext
[2025-09-10T13:21:30.851+0000] {spark_submit.py:644} INFO - 25/09/10 13:21:30 INFO ShutdownHookManager: Shutdown hook called
[2025-09-10T13:21:30.852+0000] {spark_submit.py:644} INFO - 25/09/10 13:21:30 INFO ShutdownHookManager: Deleting directory /tmp/spark-8a84b476-6613-4a65-829a-ec3a16ef2e59/pyspark-4d023b06-9a72-4a4a-9734-0694d698fd4d
[2025-09-10T13:21:30.860+0000] {spark_submit.py:644} INFO - 25/09/10 13:21:30 INFO ShutdownHookManager: Deleting directory /tmp/spark-8a84b476-6613-4a65-829a-ec3a16ef2e59
[2025-09-10T13:21:30.869+0000] {spark_submit.py:644} INFO - 25/09/10 13:21:30 INFO ShutdownHookManager: Deleting directory /tmp/spark-1c554f6c-1789-4615-9869-469c3eb2991b
[2025-09-10T13:21:30.959+0000] {taskinstance.py:441} INFO - ::group::Post task execution logs
[2025-09-10T13:21:30.980+0000] {taskinstance.py:2905} ERROR - Task failed with exception
Traceback (most recent call last):
  File "/home/airflow/.local/lib/python3.12/site-packages/airflow/models/taskinstance.py", line 465, in _execute_task
    result = _execute_callable(context=context, **execute_callable_kwargs)
             ^^^^^^^^^^^^^^^^^^^^^^^^^^^^^^^^^^^^^^^^^^^^^^^^^^^^^^^^^^^^^
  File "/home/airflow/.local/lib/python3.12/site-packages/airflow/models/taskinstance.py", line 432, in _execute_callable
    return execute_callable(context=context, **execute_callable_kwargs)
           ^^^^^^^^^^^^^^^^^^^^^^^^^^^^^^^^^^^^^^^^^^^^^^^^^^^^^^^^^^^^
  File "/home/airflow/.local/lib/python3.12/site-packages/airflow/models/baseoperator.py", line 401, in wrapper
    return func(self, *args, **kwargs)
           ^^^^^^^^^^^^^^^^^^^^^^^^^^^
  File "/home/airflow/.local/lib/python3.12/site-packages/airflow/providers/apache/spark/operators/spark_submit.py", line 197, in execute
    self._hook.submit(self.application)
  File "/home/airflow/.local/lib/python3.12/site-packages/airflow/providers/apache/spark/hooks/spark_submit.py", line 566, in submit
    raise AirflowException(
airflow.exceptions.AirflowException: Cannot execute: spark-submit --master spark://spark-master:7077 --conf spark.master=spark://spark-master:7077 --name arrow-spark --verbose --deploy-mode client /opt/***/dags/spark_job.py. Error code is: 1.
[2025-09-10T13:21:30.993+0000] {taskinstance.py:1206} INFO - Marking task as FAILED. dag_id=spark_movie_processing_pipeline, task_id=run_spark_job, run_id=manual__2025-09-10T13:21:06.147744+00:00, execution_date=20250910T132106, start_date=20250910T132109, end_date=20250910T132130
[2025-09-10T13:21:31.019+0000] {standard_task_runner.py:110} ERROR - Failed to execute job 2 for task run_spark_job (Cannot execute: spark-submit --master spark://spark-master:7077 --conf spark.master=spark://spark-master:7077 --name arrow-spark --verbose --deploy-mode client /opt/***/dags/spark_job.py. Error code is: 1.; 41)
[2025-09-10T13:21:31.071+0000] {local_task_job_runner.py:243} INFO - Task exited with return code 1
[2025-09-10T13:21:31.101+0000] {taskinstance.py:3503} INFO - 0 downstream tasks scheduled from follow-on schedule check
[2025-09-10T13:21:31.106+0000] {local_task_job_runner.py:222} INFO - ::endgroup::
