[2025-09-10T13:29:52.775+0000] {local_task_job_runner.py:120} INFO - ::group::Pre task execution logs
[2025-09-10T13:29:52.828+0000] {taskinstance.py:2076} INFO - Dependencies all met for dep_context=non-requeueable deps ti=<TaskInstance: spark_movie_processing_pipeline.run_spark_job manual__2025-09-10T13:29:50.816770+00:00 [queued]>
[2025-09-10T13:29:52.844+0000] {taskinstance.py:2076} INFO - Dependencies all met for dep_context=requeueable deps ti=<TaskInstance: spark_movie_processing_pipeline.run_spark_job manual__2025-09-10T13:29:50.816770+00:00 [queued]>
[2025-09-10T13:29:52.845+0000] {taskinstance.py:2306} INFO - Starting attempt 1 of 1
[2025-09-10T13:29:52.874+0000] {taskinstance.py:2330} INFO - Executing <Task(SparkSubmitOperator): run_spark_job> on 2025-09-10 13:29:50.816770+00:00
[2025-09-10T13:29:52.885+0000] {warnings.py:112} WARNING - /home/***/.local/lib/python3.12/site-packages/***/task/task_runner/standard_task_runner.py:62: DeprecationWarning: This process (pid=212) is multi-threaded, use of fork() may lead to deadlocks in the child.
  pid = os.fork()

[2025-09-10T13:29:52.887+0000] {standard_task_runner.py:90} INFO - Running: ['***', 'tasks', 'run', 'spark_movie_processing_pipeline', 'run_spark_job', 'manual__2025-09-10T13:29:50.816770+00:00', '--job-id', '3', '--raw', '--subdir', 'DAGS_FOLDER/spark_movies_dag.py', '--cfg-path', '/tmp/tmprev266no']
[2025-09-10T13:29:52.889+0000] {standard_task_runner.py:64} INFO - Started process 213 to run task
[2025-09-10T13:29:52.889+0000] {standard_task_runner.py:91} INFO - Job 3: Subtask run_spark_job
[2025-09-10T13:29:53.008+0000] {task_command.py:426} INFO - Running <TaskInstance: spark_movie_processing_pipeline.run_spark_job manual__2025-09-10T13:29:50.816770+00:00 [running]> on host ee346efe231b
[2025-09-10T13:29:53.202+0000] {taskinstance.py:2648} INFO - Exporting env vars: AIRFLOW_CTX_DAG_OWNER='***' AIRFLOW_CTX_DAG_ID='spark_movie_processing_pipeline' AIRFLOW_CTX_TASK_ID='run_spark_job' AIRFLOW_CTX_EXECUTION_DATE='2025-09-10T13:29:50.816770+00:00' AIRFLOW_CTX_TRY_NUMBER='1' AIRFLOW_CTX_DAG_RUN_ID='manual__2025-09-10T13:29:50.816770+00:00'
[2025-09-10T13:29:53.205+0000] {taskinstance.py:430} INFO - ::endgroup::
[2025-09-10T13:29:53.231+0000] {base.py:84} INFO - Using connection ID 'spark_connection' for task execution.
[2025-09-10T13:29:53.234+0000] {spark_submit.py:474} INFO - Spark-Submit cmd: spark-submit --master spark://spark-master:7077 --conf spark.master=spark://spark-master:7077 --conf spark.hadoop.fs.s3a.access.key=minio --conf spark.hadoop.fs.s3a.secret.key=****** --conf spark.hadoop.fs.s3a.endpoint=http://minio:9000 --conf spark.hadoop.fs.s3a.path.style.access=true --packages org.apache.hadoop:hadoop-aws:3.3.4,com.amazonaws:aws-java-sdk-bundle:1.12.2 --name arrow-spark --verbose --deploy-mode client /opt/***/dags/spark_job.py
[2025-09-10T13:29:53.993+0000] {spark_submit.py:644} INFO - WARNING: Using incubator modules: jdk.incubator.vector
[2025-09-10T13:29:55.963+0000] {spark_submit.py:644} INFO - Parsed arguments:
[2025-09-10T13:29:55.965+0000] {spark_submit.py:644} INFO - master                  spark://spark-master:7077
[2025-09-10T13:29:55.966+0000] {spark_submit.py:644} INFO - remote                  null
[2025-09-10T13:29:55.968+0000] {spark_submit.py:644} INFO - deployMode              client
[2025-09-10T13:29:55.969+0000] {spark_submit.py:644} INFO - executorMemory          null
[2025-09-10T13:29:55.970+0000] {spark_submit.py:644} INFO - executorCores           null
[2025-09-10T13:29:55.972+0000] {spark_submit.py:644} INFO - totalExecutorCores      null
[2025-09-10T13:29:55.974+0000] {spark_submit.py:644} INFO - propertiesFile          null
[2025-09-10T13:29:55.976+0000] {spark_submit.py:644} INFO - driverMemory            null
[2025-09-10T13:29:55.976+0000] {spark_submit.py:644} INFO - driverCores             null
[2025-09-10T13:29:55.977+0000] {spark_submit.py:644} INFO - driverExtraClassPath    null
[2025-09-10T13:29:55.979+0000] {spark_submit.py:644} INFO - driverExtraLibraryPath  null
[2025-09-10T13:29:55.980+0000] {spark_submit.py:644} INFO - driverExtraJavaOptions  null
[2025-09-10T13:29:55.982+0000] {spark_submit.py:644} INFO - supervise               false
[2025-09-10T13:29:55.983+0000] {spark_submit.py:644} INFO - queue                   null
[2025-09-10T13:29:55.984+0000] {spark_submit.py:644} INFO - numExecutors            null
[2025-09-10T13:29:55.985+0000] {spark_submit.py:644} INFO - files                   null
[2025-09-10T13:29:55.987+0000] {spark_submit.py:644} INFO - pyFiles                 null
[2025-09-10T13:29:55.995+0000] {spark_submit.py:644} INFO - archives                null
[2025-09-10T13:29:55.997+0000] {spark_submit.py:644} INFO - mainClass               null
[2025-09-10T13:29:55.998+0000] {spark_submit.py:644} INFO - primaryResource         file:/opt/***/dags/spark_job.py
[2025-09-10T13:29:56.001+0000] {spark_submit.py:644} INFO - name                    arrow-spark
[2025-09-10T13:29:56.006+0000] {spark_submit.py:644} INFO - childArgs               []
[2025-09-10T13:29:56.008+0000] {spark_submit.py:644} INFO - jars                    null
[2025-09-10T13:29:56.012+0000] {spark_submit.py:644} INFO - packages                org.apache.hadoop:hadoop-aws:3.3.4,com.amazonaws:aws-java-sdk-bundle:1.12.2
[2025-09-10T13:29:56.015+0000] {spark_submit.py:644} INFO - packagesExclusions      null
[2025-09-10T13:29:56.017+0000] {spark_submit.py:644} INFO - repositories            null
[2025-09-10T13:29:56.019+0000] {spark_submit.py:644} INFO - verbose                 true
[2025-09-10T13:29:56.022+0000] {spark_submit.py:644} INFO - 
[2025-09-10T13:29:56.025+0000] {spark_submit.py:644} INFO - Spark properties used, including those specified through
[2025-09-10T13:29:56.027+0000] {spark_submit.py:644} INFO - --conf and those from the properties file null:
[2025-09-10T13:29:56.028+0000] {spark_submit.py:644} INFO - (spark.hadoop.fs.s3a.access.key,*********(redacted))
[2025-09-10T13:29:56.030+0000] {spark_submit.py:644} INFO - (spark.hadoop.fs.s3a.endpoint,http://minio:9000)
[2025-09-10T13:29:56.034+0000] {spark_submit.py:644} INFO - (spark.hadoop.fs.s3a.path.style.access,true)
[2025-09-10T13:29:56.036+0000] {spark_submit.py:644} INFO - (spark.hadoop.fs.s3a.secret.key,*********(redacted))
[2025-09-10T13:29:56.038+0000] {spark_submit.py:644} INFO - (spark.master,spark://spark-master:7077)
[2025-09-10T13:29:56.040+0000] {spark_submit.py:644} INFO - 
[2025-09-10T13:29:56.042+0000] {spark_submit.py:644} INFO - 
[2025-09-10T13:29:56.162+0000] {spark_submit.py:644} INFO - :: loading settings :: url = jar:file:/home/***/.local/lib/python3.12/site-packages/pyspark/jars/ivy-2.5.3.jar!/org/apache/ivy/core/settings/ivysettings.xml
[2025-09-10T13:29:56.396+0000] {spark_submit.py:644} INFO - Ivy Default Cache set to: /home/***/.ivy2.5.2/cache
[2025-09-10T13:29:56.403+0000] {spark_submit.py:644} INFO - The jars for the packages stored in: /home/***/.ivy2.5.2/jars
[2025-09-10T13:29:56.405+0000] {spark_submit.py:644} INFO - org.apache.hadoop#hadoop-aws added as a dependency
[2025-09-10T13:29:56.406+0000] {spark_submit.py:644} INFO - com.amazonaws#aws-java-sdk-bundle added as a dependency
[2025-09-10T13:29:56.407+0000] {spark_submit.py:644} INFO - :: resolving dependencies :: org.apache.spark#spark-submit-parent-80b15d86-05b0-4aeb-9efb-0b2f020005e4;1.0
[2025-09-10T13:29:56.408+0000] {spark_submit.py:644} INFO - confs: [default]
[2025-09-10T13:29:58.601+0000] {spark_submit.py:644} INFO - found org.apache.hadoop#hadoop-aws;3.3.4 in central
[2025-09-10T13:29:59.163+0000] {spark_submit.py:644} INFO - found com.amazonaws#aws-java-sdk-bundle;1.12.262 in central
[2025-09-10T13:30:00.688+0000] {spark_submit.py:644} INFO - found org.wildfly.openssl#wildfly-openssl;1.0.7.Final in central
[2025-09-10T13:30:00.727+0000] {spark_submit.py:644} INFO - downloading https://repo1.maven.org/maven2/org/apache/hadoop/hadoop-aws/3.3.4/hadoop-aws-3.3.4.jar ...
[2025-09-10T13:30:01.047+0000] {spark_submit.py:644} INFO - [SUCCESSFUL ] org.apache.hadoop#hadoop-aws;3.3.4!hadoop-aws.jar (341ms)
[2025-09-10T13:30:01.083+0000] {spark_submit.py:644} INFO - downloading https://repo1.maven.org/maven2/com/amazonaws/aws-java-sdk-bundle/1.12.262/aws-java-sdk-bundle-1.12.262.jar ...
[2025-09-10T13:30:49.803+0000] {spark_submit.py:644} INFO - [SUCCESSFUL ] com.amazonaws#aws-java-sdk-bundle;1.12.262!aws-java-sdk-bundle.jar (48754ms)
[2025-09-10T13:30:49.827+0000] {spark_submit.py:644} INFO - downloading https://repo1.maven.org/maven2/org/wildfly/openssl/wildfly-openssl/1.0.7.Final/wildfly-openssl-1.0.7.Final.jar ...
[2025-09-10T13:30:49.922+0000] {spark_submit.py:644} INFO - [SUCCESSFUL ] org.wildfly.openssl#wildfly-openssl;1.0.7.Final!wildfly-openssl.jar (117ms)
[2025-09-10T13:30:49.923+0000] {spark_submit.py:644} INFO - :: resolution report :: resolve 4297ms :: artifacts dl 49219ms
[2025-09-10T13:30:49.924+0000] {spark_submit.py:644} INFO - :: modules in use:
[2025-09-10T13:30:49.925+0000] {spark_submit.py:644} INFO - com.amazonaws#aws-java-sdk-bundle;1.12.262 from central in [default]
[2025-09-10T13:30:49.926+0000] {spark_submit.py:644} INFO - org.apache.hadoop#hadoop-aws;3.3.4 from central in [default]
[2025-09-10T13:30:49.928+0000] {spark_submit.py:644} INFO - org.wildfly.openssl#wildfly-openssl;1.0.7.Final from central in [default]
[2025-09-10T13:30:49.928+0000] {spark_submit.py:644} INFO - :: evicted modules:
[2025-09-10T13:30:49.929+0000] {spark_submit.py:644} INFO - com.amazonaws#aws-java-sdk-bundle;1.12.2 by [com.amazonaws#aws-java-sdk-bundle;1.12.262] in [default]
[2025-09-10T13:30:49.930+0000] {spark_submit.py:644} INFO - ---------------------------------------------------------------------
[2025-09-10T13:30:49.930+0000] {spark_submit.py:644} INFO - |                  |            modules            ||   artifacts   |
[2025-09-10T13:30:49.931+0000] {spark_submit.py:644} INFO - |       conf       | number| search|dwnlded|evicted|| number|dwnlded|
[2025-09-10T13:30:49.931+0000] {spark_submit.py:644} INFO - ---------------------------------------------------------------------
[2025-09-10T13:30:49.932+0000] {spark_submit.py:644} INFO - |      default     |   4   |   3   |   3   |   1   ||   3   |   3   |
[2025-09-10T13:30:49.932+0000] {spark_submit.py:644} INFO - ---------------------------------------------------------------------
[2025-09-10T13:30:49.933+0000] {spark_submit.py:644} INFO - :: retrieving :: org.apache.spark#spark-submit-parent-80b15d86-05b0-4aeb-9efb-0b2f020005e4
[2025-09-10T13:30:49.933+0000] {spark_submit.py:644} INFO - confs: [default]
[2025-09-10T13:30:50.624+0000] {spark_submit.py:644} INFO - 3 artifacts copied, 0 already retrieved (275421kB/694ms)
[2025-09-10T13:30:50.964+0000] {spark_submit.py:644} INFO - 25/09/10 13:30:50 WARN NativeCodeLoader: Unable to load native-hadoop library for your platform... using builtin-java classes where applicable
[2025-09-10T13:30:51.323+0000] {spark_submit.py:644} INFO - Main class:
[2025-09-10T13:30:51.324+0000] {spark_submit.py:644} INFO - org.apache.spark.deploy.PythonRunner
[2025-09-10T13:30:51.325+0000] {spark_submit.py:644} INFO - Arguments:
[2025-09-10T13:30:51.326+0000] {spark_submit.py:644} INFO - file:/opt/***/dags/spark_job.py
[2025-09-10T13:30:51.328+0000] {spark_submit.py:644} INFO - file:///home/***/.ivy2.5.2/jars/org.apache.hadoop_hadoop-aws-3.3.4.jar,file:///home/***/.ivy2.5.2/jars/com.amazonaws_aws-java-sdk-bundle-1.12.262.jar,file:///home/***/.ivy2.5.2/jars/org.wildfly.openssl_wildfly-openssl-1.0.7.Final.jar
[2025-09-10T13:30:51.330+0000] {spark_submit.py:644} INFO - Spark config:
[2025-09-10T13:30:51.330+0000] {spark_submit.py:644} INFO - (spark.app.name,arrow-spark)
[2025-09-10T13:30:51.331+0000] {spark_submit.py:644} INFO - (spark.app.submitTime,1757511051293)
[2025-09-10T13:30:51.331+0000] {spark_submit.py:644} INFO - (spark.files,file:///home/***/.ivy2.5.2/jars/org.apache.hadoop_hadoop-aws-3.3.4.jar,file:///home/***/.ivy2.5.2/jars/com.amazonaws_aws-java-sdk-bundle-1.12.262.jar,file:///home/***/.ivy2.5.2/jars/org.wildfly.openssl_wildfly-openssl-1.0.7.Final.jar)
[2025-09-10T13:30:51.332+0000] {spark_submit.py:644} INFO - (spark.hadoop.fs.s3a.access.key,*********(redacted))
[2025-09-10T13:30:51.333+0000] {spark_submit.py:644} INFO - (spark.hadoop.fs.s3a.endpoint,http://minio:9000)
[2025-09-10T13:30:51.333+0000] {spark_submit.py:644} INFO - (spark.hadoop.fs.s3a.path.style.access,true)
[2025-09-10T13:30:51.334+0000] {spark_submit.py:644} INFO - (spark.hadoop.fs.s3a.secret.key,*********(redacted))
[2025-09-10T13:30:51.335+0000] {spark_submit.py:644} INFO - (spark.jars,file:///home/***/.ivy2.5.2/jars/org.apache.hadoop_hadoop-aws-3.3.4.jar,file:///home/***/.ivy2.5.2/jars/com.amazonaws_aws-java-sdk-bundle-1.12.262.jar,file:///home/***/.ivy2.5.2/jars/org.wildfly.openssl_wildfly-openssl-1.0.7.Final.jar)
[2025-09-10T13:30:51.336+0000] {spark_submit.py:644} INFO - (spark.master,spark://spark-master:7077)
[2025-09-10T13:30:51.337+0000] {spark_submit.py:644} INFO - (spark.repl.local.jars,file:///home/***/.ivy2.5.2/jars/org.apache.hadoop_hadoop-aws-3.3.4.jar,file:///home/***/.ivy2.5.2/jars/com.amazonaws_aws-java-sdk-bundle-1.12.262.jar,file:///home/***/.ivy2.5.2/jars/org.wildfly.openssl_wildfly-openssl-1.0.7.Final.jar)
[2025-09-10T13:30:51.338+0000] {spark_submit.py:644} INFO - (spark.submit.deployMode,client)
[2025-09-10T13:30:51.338+0000] {spark_submit.py:644} INFO - (spark.submit.pyFiles,/home/***/.ivy2.5.2/jars/org.apache.hadoop_hadoop-aws-3.3.4.jar,/home/***/.ivy2.5.2/jars/com.amazonaws_aws-java-sdk-bundle-1.12.262.jar,/home/***/.ivy2.5.2/jars/org.wildfly.openssl_wildfly-openssl-1.0.7.Final.jar)
[2025-09-10T13:30:51.340+0000] {spark_submit.py:644} INFO - Classpath elements:
[2025-09-10T13:30:51.342+0000] {spark_submit.py:644} INFO - file:///home/***/.ivy2.5.2/jars/org.apache.hadoop_hadoop-aws-3.3.4.jar
[2025-09-10T13:30:51.343+0000] {spark_submit.py:644} INFO - file:///home/***/.ivy2.5.2/jars/com.amazonaws_aws-java-sdk-bundle-1.12.262.jar
[2025-09-10T13:30:51.343+0000] {spark_submit.py:644} INFO - file:///home/***/.ivy2.5.2/jars/org.wildfly.openssl_wildfly-openssl-1.0.7.Final.jar
[2025-09-10T13:30:51.344+0000] {spark_submit.py:644} INFO - 
[2025-09-10T13:30:51.345+0000] {spark_submit.py:644} INFO - 
[2025-09-10T13:30:54.450+0000] {spark_submit.py:644} INFO - Using Spark's default log4j profile: org/apache/spark/log4j2-defaults.properties
[2025-09-10T13:30:54.455+0000] {spark_submit.py:644} INFO - 25/09/10 13:30:54 INFO SparkContext: Running Spark version 4.0.1
[2025-09-10T13:30:54.458+0000] {spark_submit.py:644} INFO - 25/09/10 13:30:54 INFO SparkContext: OS info Linux, 6.6.87.2-microsoft-standard-WSL2, amd64
[2025-09-10T13:30:54.458+0000] {spark_submit.py:644} INFO - 25/09/10 13:30:54 INFO SparkContext: Java version 17.0.16
[2025-09-10T13:30:54.496+0000] {spark_submit.py:644} INFO - 25/09/10 13:30:54 INFO ResourceUtils: ==============================================================
[2025-09-10T13:30:54.497+0000] {spark_submit.py:644} INFO - 25/09/10 13:30:54 INFO ResourceUtils: No custom resources configured for spark.driver.
[2025-09-10T13:30:54.497+0000] {spark_submit.py:644} INFO - 25/09/10 13:30:54 INFO ResourceUtils: ==============================================================
[2025-09-10T13:30:54.498+0000] {spark_submit.py:644} INFO - 25/09/10 13:30:54 INFO SparkContext: Submitted application: MovieProcessingJob
[2025-09-10T13:30:54.538+0000] {spark_submit.py:644} INFO - 25/09/10 13:30:54 INFO ResourceProfile: Default ResourceProfile created, executor resources: Map(memory -> name: memory, amount: 1024, script: , vendor: , offHeap -> name: offHeap, amount: 0, script: , vendor: ), task resources: Map(cpus -> name: cpus, amount: 1.0)
[2025-09-10T13:30:54.543+0000] {spark_submit.py:644} INFO - 25/09/10 13:30:54 INFO ResourceProfile: Limiting resource is cpu
[2025-09-10T13:30:54.544+0000] {spark_submit.py:644} INFO - 25/09/10 13:30:54 INFO ResourceProfileManager: Added ResourceProfile id: 0
[2025-09-10T13:30:54.615+0000] {spark_submit.py:644} INFO - 25/09/10 13:30:54 INFO SecurityManager: Changing view acls to: ***
[2025-09-10T13:30:54.616+0000] {spark_submit.py:644} INFO - 25/09/10 13:30:54 INFO SecurityManager: Changing modify acls to: ***
[2025-09-10T13:30:54.617+0000] {spark_submit.py:644} INFO - 25/09/10 13:30:54 INFO SecurityManager: Changing view acls groups to: ***
[2025-09-10T13:30:54.618+0000] {spark_submit.py:644} INFO - 25/09/10 13:30:54 INFO SecurityManager: Changing modify acls groups to: ***
[2025-09-10T13:30:54.621+0000] {spark_submit.py:644} INFO - 25/09/10 13:30:54 INFO SecurityManager: SecurityManager: authentication disabled; ui acls disabled; users with view permissions: *** groups with view permissions: EMPTY; users with modify permissions: ***; groups with modify permissions: EMPTY; RPC SSL disabled
[2025-09-10T13:30:54.947+0000] {spark_submit.py:644} INFO - 25/09/10 13:30:54 INFO Utils: Successfully started service 'sparkDriver' on port 41545.
[2025-09-10T13:30:54.986+0000] {spark_submit.py:644} INFO - 25/09/10 13:30:54 INFO SparkEnv: Registering MapOutputTracker
[2025-09-10T13:30:55.004+0000] {spark_submit.py:644} INFO - 25/09/10 13:30:55 INFO SparkEnv: Registering BlockManagerMaster
[2025-09-10T13:30:55.028+0000] {spark_submit.py:644} INFO - 25/09/10 13:30:55 INFO BlockManagerMasterEndpoint: Using org.apache.spark.storage.DefaultTopologyMapper for getting topology information
[2025-09-10T13:30:55.029+0000] {spark_submit.py:644} INFO - 25/09/10 13:30:55 INFO BlockManagerMasterEndpoint: BlockManagerMasterEndpoint up
[2025-09-10T13:30:55.034+0000] {spark_submit.py:644} INFO - 25/09/10 13:30:55 INFO SparkEnv: Registering BlockManagerMasterHeartbeat
[2025-09-10T13:30:55.077+0000] {spark_submit.py:644} INFO - 25/09/10 13:30:55 INFO DiskBlockManager: Created local directory at /tmp/blockmgr-7f1aa898-3e63-488d-82ad-5ce588b6d19d
[2025-09-10T13:30:55.120+0000] {spark_submit.py:644} INFO - 25/09/10 13:30:55 INFO SparkEnv: Registering OutputCommitCoordinator
[2025-09-10T13:30:55.352+0000] {spark_submit.py:644} INFO - 25/09/10 13:30:55 INFO JettyUtils: Start Jetty 0.0.0.0:4040 for SparkUI
[2025-09-10T13:30:55.474+0000] {spark_submit.py:644} INFO - 25/09/10 13:30:55 INFO Utils: Successfully started service 'SparkUI' on port 4040.
[2025-09-10T13:30:55.546+0000] {spark_submit.py:644} INFO - 25/09/10 13:30:55 INFO SparkContext: Added JAR file:///home/***/.ivy2.5.2/jars/org.apache.hadoop_hadoop-aws-3.3.4.jar at spark://ee346efe231b:41545/jars/org.apache.hadoop_hadoop-aws-3.3.4.jar with timestamp 1757511054438
[2025-09-10T13:30:55.547+0000] {spark_submit.py:644} INFO - 25/09/10 13:30:55 INFO SparkContext: Added JAR file:///home/***/.ivy2.5.2/jars/com.amazonaws_aws-java-sdk-bundle-1.12.262.jar at spark://ee346efe231b:41545/jars/com.amazonaws_aws-java-sdk-bundle-1.12.262.jar with timestamp 1757511054438
[2025-09-10T13:30:55.548+0000] {spark_submit.py:644} INFO - 25/09/10 13:30:55 INFO SparkContext: Added JAR file:///home/***/.ivy2.5.2/jars/org.wildfly.openssl_wildfly-openssl-1.0.7.Final.jar at spark://ee346efe231b:41545/jars/org.wildfly.openssl_wildfly-openssl-1.0.7.Final.jar with timestamp 1757511054438
[2025-09-10T13:30:55.553+0000] {spark_submit.py:644} INFO - 25/09/10 13:30:55 INFO SparkContext: Added file file:///home/***/.ivy2.5.2/jars/org.apache.hadoop_hadoop-aws-3.3.4.jar at spark://ee346efe231b:41545/files/org.apache.hadoop_hadoop-aws-3.3.4.jar with timestamp 1757511054438
[2025-09-10T13:30:55.557+0000] {spark_submit.py:644} INFO - 25/09/10 13:30:55 INFO Utils: Copying /home/***/.ivy2.5.2/jars/org.apache.hadoop_hadoop-aws-3.3.4.jar to /tmp/spark-e3017bf0-858b-495b-b917-8c5effed6e32/userFiles-5310e17f-6300-4476-8b18-fe64b9fe4976/org.apache.hadoop_hadoop-aws-3.3.4.jar
[2025-09-10T13:30:55.582+0000] {spark_submit.py:644} INFO - 25/09/10 13:30:55 INFO SparkContext: Added file file:///home/***/.ivy2.5.2/jars/com.amazonaws_aws-java-sdk-bundle-1.12.262.jar at spark://ee346efe231b:41545/files/com.amazonaws_aws-java-sdk-bundle-1.12.262.jar with timestamp 1757511054438
[2025-09-10T13:30:55.584+0000] {spark_submit.py:644} INFO - 25/09/10 13:30:55 INFO Utils: Copying /home/***/.ivy2.5.2/jars/com.amazonaws_aws-java-sdk-bundle-1.12.262.jar to /tmp/spark-e3017bf0-858b-495b-b917-8c5effed6e32/userFiles-5310e17f-6300-4476-8b18-fe64b9fe4976/com.amazonaws_aws-java-sdk-bundle-1.12.262.jar
[2025-09-10T13:31:01.154+0000] {spark_submit.py:644} INFO - 25/09/10 13:31:01 INFO SparkContext: Added file file:///home/***/.ivy2.5.2/jars/org.wildfly.openssl_wildfly-openssl-1.0.7.Final.jar at spark://ee346efe231b:41545/files/org.wildfly.openssl_wildfly-openssl-1.0.7.Final.jar with timestamp 1757511054438
[2025-09-10T13:31:01.158+0000] {spark_submit.py:644} INFO - 25/09/10 13:31:01 INFO Utils: Copying /home/***/.ivy2.5.2/jars/org.wildfly.openssl_wildfly-openssl-1.0.7.Final.jar to /tmp/spark-e3017bf0-858b-495b-b917-8c5effed6e32/userFiles-5310e17f-6300-4476-8b18-fe64b9fe4976/org.wildfly.openssl_wildfly-openssl-1.0.7.Final.jar
[2025-09-10T13:31:01.212+0000] {spark_submit.py:644} INFO - 25/09/10 13:31:01 INFO SecurityManager: Changing view acls to: ***
[2025-09-10T13:31:01.215+0000] {spark_submit.py:644} INFO - 25/09/10 13:31:01 INFO SecurityManager: Changing modify acls to: ***
[2025-09-10T13:31:01.216+0000] {spark_submit.py:644} INFO - 25/09/10 13:31:01 INFO SecurityManager: Changing view acls groups to: ***
[2025-09-10T13:31:01.216+0000] {spark_submit.py:644} INFO - 25/09/10 13:31:01 INFO SecurityManager: Changing modify acls groups to: ***
[2025-09-10T13:31:01.217+0000] {spark_submit.py:644} INFO - 25/09/10 13:31:01 INFO SecurityManager: SecurityManager: authentication disabled; ui acls disabled; users with view permissions: *** groups with view permissions: EMPTY; users with modify permissions: ***; groups with modify permissions: EMPTY; RPC SSL disabled
[2025-09-10T13:31:01.498+0000] {spark_submit.py:644} INFO - 25/09/10 13:31:01 INFO StandaloneAppClient$ClientEndpoint: Connecting to master spark://spark-master:7077...
[2025-09-10T13:31:01.603+0000] {spark_submit.py:644} INFO - 25/09/10 13:31:01 INFO TransportClientFactory: Successfully created connection to spark-master/172.18.0.5:7077 after 57 ms (0 ms spent in bootstraps)
[2025-09-10T13:31:01.794+0000] {spark_submit.py:644} INFO - 25/09/10 13:31:01 INFO StandaloneSchedulerBackend: Connected to Spark cluster with app ID app-20250910133101-0001
[2025-09-10T13:31:01.811+0000] {spark_submit.py:644} INFO - 25/09/10 13:31:01 INFO StandaloneAppClient$ClientEndpoint: Executor added: app-20250910133101-0001/0 on worker-20250910110743-172.18.0.7-46417 (172.18.0.7:46417) with 8 core(s)
[2025-09-10T13:31:01.814+0000] {spark_submit.py:644} INFO - 25/09/10 13:31:01 INFO Utils: Successfully started service 'org.apache.spark.network.netty.NettyBlockTransferService' on port 37109.
[2025-09-10T13:31:01.817+0000] {spark_submit.py:644} INFO - 25/09/10 13:31:01 INFO NettyBlockTransferService: Server created on ee346efe231b:37109
[2025-09-10T13:31:01.819+0000] {spark_submit.py:644} INFO - 25/09/10 13:31:01 INFO StandaloneSchedulerBackend: Granted executor ID app-20250910133101-0001/0 on hostPort 172.18.0.7:46417 with 8 core(s), 1024.0 MiB RAM
[2025-09-10T13:31:01.820+0000] {spark_submit.py:644} INFO - 25/09/10 13:31:01 INFO BlockManager: Using org.apache.spark.storage.RandomBlockReplicationPolicy for block replication policy
[2025-09-10T13:31:01.847+0000] {spark_submit.py:644} INFO - 25/09/10 13:31:01 INFO BlockManagerMaster: Registering BlockManager BlockManagerId(driver, ee346efe231b, 37109, None)
[2025-09-10T13:31:01.859+0000] {spark_submit.py:644} INFO - 25/09/10 13:31:01 INFO BlockManagerMasterEndpoint: Registering block manager ee346efe231b:37109 with 434.4 MiB RAM, BlockManagerId(driver, ee346efe231b, 37109, None)
[2025-09-10T13:31:01.867+0000] {spark_submit.py:644} INFO - 25/09/10 13:31:01 INFO BlockManagerMaster: Registered BlockManager BlockManagerId(driver, ee346efe231b, 37109, None)
[2025-09-10T13:31:01.869+0000] {spark_submit.py:644} INFO - 25/09/10 13:31:01 INFO BlockManager: Initialized BlockManager: BlockManagerId(driver, ee346efe231b, 37109, None)
[2025-09-10T13:31:01.927+0000] {spark_submit.py:644} INFO - 25/09/10 13:31:01 INFO StandaloneAppClient$ClientEndpoint: Executor updated: app-20250910133101-0001/0 is now RUNNING
[2025-09-10T13:31:02.140+0000] {spark_submit.py:644} INFO - 25/09/10 13:31:02 INFO StandaloneSchedulerBackend: SchedulerBackend is ready for scheduling beginning after reached minRegisteredResourcesRatio: 0.0
[2025-09-10T13:31:09.562+0000] {spark_submit.py:644} INFO - 25/09/10 13:31:09 INFO SharedState: Setting hive.metastore.warehouse.dir ('null') to the value of spark.sql.warehouse.dir.
[2025-09-10T13:31:09.567+0000] {spark_submit.py:644} INFO - 25/09/10 13:31:09 INFO SharedState: Warehouse path is 'file:/opt/***/spark-warehouse'.
[2025-09-10T13:31:10.393+0000] {spark_submit.py:644} INFO - 25/09/10 13:31:10 INFO StandaloneSchedulerBackend$StandaloneDriverEndpoint: Registered executor NettyRpcEndpointRef(spark-client://Executor) (172.18.0.7:44596) with ID 0, ResourceProfileId 0
[2025-09-10T13:31:10.650+0000] {spark_submit.py:644} INFO - 25/09/10 13:31:10 INFO BlockManagerMasterEndpoint: Registering block manager 172.18.0.7:41493 with 434.4 MiB RAM, BlockManagerId(0, 172.18.0.7, 41493, None)
[2025-09-10T13:31:11.761+0000] {spark_submit.py:644} INFO - 25/09/10 13:31:11 WARN MetricsConfig: Cannot locate configuration: tried hadoop-metrics2-s3a-file-system.properties,hadoop-metrics2.properties
[2025-09-10T13:31:11.792+0000] {spark_submit.py:644} INFO - 25/09/10 13:31:11 INFO MetricsSystemImpl: Scheduled Metric snapshot period at 10 second(s).
[2025-09-10T13:31:11.793+0000] {spark_submit.py:644} INFO - 25/09/10 13:31:11 INFO MetricsSystemImpl: s3a-file-system metrics system started
[2025-09-10T13:31:11.817+0000] {spark_submit.py:644} INFO - 25/09/10 13:31:11 INFO MetricsSystemImpl: Stopping s3a-file-system metrics system...
[2025-09-10T13:31:11.818+0000] {spark_submit.py:644} INFO - 25/09/10 13:31:11 INFO MetricsSystemImpl: s3a-file-system metrics system stopped.
[2025-09-10T13:31:11.820+0000] {spark_submit.py:644} INFO - 25/09/10 13:31:11 INFO MetricsSystemImpl: s3a-file-system metrics system shutdown complete.
[2025-09-10T13:31:11.821+0000] {spark_submit.py:644} INFO - 25/09/10 13:31:11 WARN FileSystem: Failed to initialize filesystem s3a://data-lake/IMDB%20Movies%202000%20-%202020.csv: java.lang.NumberFormatException: For input string: "60s"
[2025-09-10T13:31:11.823+0000] {spark_submit.py:644} INFO - 25/09/10 13:31:11 WARN FileStreamSink: Assume no metadata directory. Error while looking for metadata directory in the path: s3a://data-lake/IMDB Movies 2000 - 2020.csv.
[2025-09-10T13:31:11.825+0000] {spark_submit.py:644} INFO - java.lang.NumberFormatException: For input string: "60s"
[2025-09-10T13:31:11.826+0000] {spark_submit.py:644} INFO - at java.base/java.lang.NumberFormatException.forInputString(NumberFormatException.java:67)
[2025-09-10T13:31:11.828+0000] {spark_submit.py:644} INFO - at java.base/java.lang.Long.parseLong(Long.java:711)
[2025-09-10T13:31:11.833+0000] {spark_submit.py:644} INFO - at java.base/java.lang.Long.parseLong(Long.java:836)
[2025-09-10T13:31:11.834+0000] {spark_submit.py:644} INFO - at org.apache.hadoop.conf.Configuration.getLong(Configuration.java:1607)
[2025-09-10T13:31:11.835+0000] {spark_submit.py:644} INFO - at org.apache.hadoop.fs.s3a.S3AUtils.longOption(S3AUtils.java:1024)
[2025-09-10T13:31:11.836+0000] {spark_submit.py:644} INFO - at org.apache.hadoop.fs.s3a.S3AFileSystem.initThreadPools(S3AFileSystem.java:719)
[2025-09-10T13:31:11.837+0000] {spark_submit.py:644} INFO - at org.apache.hadoop.fs.s3a.S3AFileSystem.initialize(S3AFileSystem.java:498)
[2025-09-10T13:31:11.838+0000] {spark_submit.py:644} INFO - at org.apache.hadoop.fs.FileSystem.createFileSystem(FileSystem.java:3615)
[2025-09-10T13:31:11.838+0000] {spark_submit.py:644} INFO - at org.apache.hadoop.fs.FileSystem.access$300(FileSystem.java:172)
[2025-09-10T13:31:11.839+0000] {spark_submit.py:644} INFO - at org.apache.hadoop.fs.FileSystem$Cache.getInternal(FileSystem.java:3716)
[2025-09-10T13:31:11.840+0000] {spark_submit.py:644} INFO - at org.apache.hadoop.fs.FileSystem$Cache.get(FileSystem.java:3667)
[2025-09-10T13:31:11.843+0000] {spark_submit.py:644} INFO - at org.apache.hadoop.fs.FileSystem.get(FileSystem.java:557)
[2025-09-10T13:31:11.845+0000] {spark_submit.py:644} INFO - at org.apache.hadoop.fs.Path.getFileSystem(Path.java:366)
[2025-09-10T13:31:11.846+0000] {spark_submit.py:644} INFO - at org.apache.spark.sql.execution.streaming.FileStreamSink$.hasMetadata(FileStreamSink.scala:55)
[2025-09-10T13:31:11.847+0000] {spark_submit.py:644} INFO - at org.apache.spark.sql.execution.datasources.DataSource.resolveRelation(DataSource.scala:381)
[2025-09-10T13:31:11.852+0000] {spark_submit.py:644} INFO - at org.apache.spark.sql.catalyst.analysis.ResolveDataSource.org$apache$spark$sql$catalyst$analysis$ResolveDataSource$$loadV1BatchSource(ResolveDataSource.scala:143)
[2025-09-10T13:31:11.853+0000] {spark_submit.py:644} INFO - at org.apache.spark.sql.catalyst.analysis.ResolveDataSource$$anonfun$apply$1.$anonfun$applyOrElse$2(ResolveDataSource.scala:61)
[2025-09-10T13:31:11.853+0000] {spark_submit.py:644} INFO - at scala.Option.getOrElse(Option.scala:201)
[2025-09-10T13:31:11.855+0000] {spark_submit.py:644} INFO - at org.apache.spark.sql.catalyst.analysis.ResolveDataSource$$anonfun$apply$1.applyOrElse(ResolveDataSource.scala:61)
[2025-09-10T13:31:11.858+0000] {spark_submit.py:644} INFO - at org.apache.spark.sql.catalyst.analysis.ResolveDataSource$$anonfun$apply$1.applyOrElse(ResolveDataSource.scala:45)
[2025-09-10T13:31:11.859+0000] {spark_submit.py:644} INFO - at org.apache.spark.sql.catalyst.plans.logical.AnalysisHelper.$anonfun$resolveOperatorsUpWithPruning$3(AnalysisHelper.scala:139)
[2025-09-10T13:31:11.860+0000] {spark_submit.py:644} INFO - at org.apache.spark.sql.catalyst.trees.CurrentOrigin$.withOrigin(origin.scala:86)
[2025-09-10T13:31:11.861+0000] {spark_submit.py:644} INFO - at org.apache.spark.sql.catalyst.plans.logical.AnalysisHelper.$anonfun$resolveOperatorsUpWithPruning$1(AnalysisHelper.scala:139)
[2025-09-10T13:31:11.862+0000] {spark_submit.py:644} INFO - at org.apache.spark.sql.catalyst.plans.logical.AnalysisHelper$.allowInvokingTransformsInAnalyzer(AnalysisHelper.scala:416)
[2025-09-10T13:31:11.863+0000] {spark_submit.py:644} INFO - at org.apache.spark.sql.catalyst.plans.logical.AnalysisHelper.resolveOperatorsUpWithPruning(AnalysisHelper.scala:135)
[2025-09-10T13:31:11.864+0000] {spark_submit.py:644} INFO - at org.apache.spark.sql.catalyst.plans.logical.AnalysisHelper.resolveOperatorsUpWithPruning$(AnalysisHelper.scala:131)
[2025-09-10T13:31:11.865+0000] {spark_submit.py:644} INFO - at org.apache.spark.sql.catalyst.plans.logical.LogicalPlan.resolveOperatorsUpWithPruning(LogicalPlan.scala:37)
[2025-09-10T13:31:11.866+0000] {spark_submit.py:644} INFO - at org.apache.spark.sql.catalyst.plans.logical.AnalysisHelper.resolveOperatorsUp(AnalysisHelper.scala:112)
[2025-09-10T13:31:11.868+0000] {spark_submit.py:644} INFO - at org.apache.spark.sql.catalyst.plans.logical.AnalysisHelper.resolveOperatorsUp$(AnalysisHelper.scala:111)
[2025-09-10T13:31:11.872+0000] {spark_submit.py:644} INFO - at org.apache.spark.sql.catalyst.plans.logical.LogicalPlan.resolveOperatorsUp(LogicalPlan.scala:37)
[2025-09-10T13:31:11.873+0000] {spark_submit.py:644} INFO - at org.apache.spark.sql.catalyst.analysis.ResolveDataSource.apply(ResolveDataSource.scala:45)
[2025-09-10T13:31:11.874+0000] {spark_submit.py:644} INFO - at org.apache.spark.sql.catalyst.analysis.ResolveDataSource.apply(ResolveDataSource.scala:43)
[2025-09-10T13:31:11.875+0000] {spark_submit.py:644} INFO - at org.apache.spark.sql.catalyst.rules.RuleExecutor.$anonfun$execute$2(RuleExecutor.scala:242)
[2025-09-10T13:31:11.876+0000] {spark_submit.py:644} INFO - at scala.collection.LinearSeqOps.foldLeft(LinearSeq.scala:183)
[2025-09-10T13:31:11.877+0000] {spark_submit.py:644} INFO - at scala.collection.LinearSeqOps.foldLeft$(LinearSeq.scala:179)
[2025-09-10T13:31:11.883+0000] {spark_submit.py:644} INFO - at scala.collection.immutable.List.foldLeft(List.scala:79)
[2025-09-10T13:31:11.885+0000] {spark_submit.py:644} INFO - at org.apache.spark.sql.catalyst.rules.RuleExecutor.$anonfun$execute$1(RuleExecutor.scala:239)
[2025-09-10T13:31:11.886+0000] {spark_submit.py:644} INFO - at org.apache.spark.sql.catalyst.rules.RuleExecutor.$anonfun$execute$1$adapted(RuleExecutor.scala:231)
[2025-09-10T13:31:11.887+0000] {spark_submit.py:644} INFO - at scala.collection.immutable.List.foreach(List.scala:334)
[2025-09-10T13:31:11.888+0000] {spark_submit.py:644} INFO - at org.apache.spark.sql.catalyst.rules.RuleExecutor.execute(RuleExecutor.scala:231)
[2025-09-10T13:31:11.889+0000] {spark_submit.py:644} INFO - at org.apache.spark.sql.catalyst.analysis.Analyzer.org$apache$spark$sql$catalyst$analysis$Analyzer$$executeSameContext(Analyzer.scala:340)
[2025-09-10T13:31:11.890+0000] {spark_submit.py:644} INFO - at org.apache.spark.sql.catalyst.analysis.Analyzer.$anonfun$execute$1(Analyzer.scala:336)
[2025-09-10T13:31:11.891+0000] {spark_submit.py:644} INFO - at org.apache.spark.sql.catalyst.analysis.AnalysisContext$.withNewAnalysisContext(Analyzer.scala:234)
[2025-09-10T13:31:11.892+0000] {spark_submit.py:644} INFO - at org.apache.spark.sql.catalyst.analysis.Analyzer.execute(Analyzer.scala:336)
[2025-09-10T13:31:11.892+0000] {spark_submit.py:644} INFO - at org.apache.spark.sql.catalyst.analysis.Analyzer.execute(Analyzer.scala:299)
[2025-09-10T13:31:11.893+0000] {spark_submit.py:644} INFO - at org.apache.spark.sql.catalyst.rules.RuleExecutor.$anonfun$executeAndTrack$1(RuleExecutor.scala:201)
[2025-09-10T13:31:11.894+0000] {spark_submit.py:644} INFO - at org.apache.spark.sql.catalyst.QueryPlanningTracker$.withTracker(QueryPlanningTracker.scala:89)
[2025-09-10T13:31:11.896+0000] {spark_submit.py:644} INFO - at org.apache.spark.sql.catalyst.rules.RuleExecutor.executeAndTrack(RuleExecutor.scala:201)
[2025-09-10T13:31:11.898+0000] {spark_submit.py:644} INFO - at org.apache.spark.sql.catalyst.analysis.resolver.HybridAnalyzer.resolveInFixedPoint(HybridAnalyzer.scala:190)
[2025-09-10T13:31:11.899+0000] {spark_submit.py:644} INFO - at org.apache.spark.sql.catalyst.analysis.resolver.HybridAnalyzer.$anonfun$apply$1(HybridAnalyzer.scala:76)
[2025-09-10T13:31:11.900+0000] {spark_submit.py:644} INFO - at org.apache.spark.sql.catalyst.analysis.resolver.HybridAnalyzer.withTrackedAnalyzerBridgeState(HybridAnalyzer.scala:111)
[2025-09-10T13:31:11.902+0000] {spark_submit.py:644} INFO - at org.apache.spark.sql.catalyst.analysis.resolver.HybridAnalyzer.apply(HybridAnalyzer.scala:71)
[2025-09-10T13:31:11.903+0000] {spark_submit.py:644} INFO - at org.apache.spark.sql.catalyst.analysis.Analyzer.$anonfun$executeAndCheck$1(Analyzer.scala:330)
[2025-09-10T13:31:11.904+0000] {spark_submit.py:644} INFO - at org.apache.spark.sql.catalyst.plans.logical.AnalysisHelper$.markInAnalyzer(AnalysisHelper.scala:423)
[2025-09-10T13:31:11.905+0000] {spark_submit.py:644} INFO - at org.apache.spark.sql.catalyst.analysis.Analyzer.executeAndCheck(Analyzer.scala:330)
[2025-09-10T13:31:11.906+0000] {spark_submit.py:644} INFO - at org.apache.spark.sql.execution.QueryExecution.$anonfun$lazyAnalyzed$2(QueryExecution.scala:110)
[2025-09-10T13:31:11.906+0000] {spark_submit.py:644} INFO - at org.apache.spark.sql.catalyst.QueryPlanningTracker.measurePhase(QueryPlanningTracker.scala:148)
[2025-09-10T13:31:11.908+0000] {spark_submit.py:644} INFO - at org.apache.spark.sql.execution.QueryExecution.$anonfun$executePhase$2(QueryExecution.scala:278)
[2025-09-10T13:31:11.908+0000] {spark_submit.py:644} INFO - at org.apache.spark.sql.execution.QueryExecution$.withInternalError(QueryExecution.scala:654)
[2025-09-10T13:31:11.910+0000] {spark_submit.py:644} INFO - at org.apache.spark.sql.execution.QueryExecution.$anonfun$executePhase$1(QueryExecution.scala:278)
[2025-09-10T13:31:11.912+0000] {spark_submit.py:644} INFO - at org.apache.spark.sql.SparkSession.withActive(SparkSession.scala:804)
[2025-09-10T13:31:11.913+0000] {spark_submit.py:644} INFO - at org.apache.spark.sql.execution.QueryExecution.executePhase(QueryExecution.scala:277)
[2025-09-10T13:31:11.914+0000] {spark_submit.py:644} INFO - at org.apache.spark.sql.execution.QueryExecution.$anonfun$lazyAnalyzed$1(QueryExecution.scala:110)
[2025-09-10T13:31:11.915+0000] {spark_submit.py:644} INFO - at scala.util.Try$.apply(Try.scala:217)
[2025-09-10T13:31:11.916+0000] {spark_submit.py:644} INFO - at org.apache.spark.util.Utils$.doTryWithCallerStacktrace(Utils.scala:1378)
[2025-09-10T13:31:11.917+0000] {spark_submit.py:644} INFO - at org.apache.spark.util.LazyTry.tryT$lzycompute(LazyTry.scala:46)
[2025-09-10T13:31:11.917+0000] {spark_submit.py:644} INFO - at org.apache.spark.util.LazyTry.tryT(LazyTry.scala:46)
[2025-09-10T13:31:11.918+0000] {spark_submit.py:644} INFO - at org.apache.spark.util.LazyTry.get(LazyTry.scala:58)
[2025-09-10T13:31:11.919+0000] {spark_submit.py:644} INFO - at org.apache.spark.sql.execution.QueryExecution.analyzed(QueryExecution.scala:121)
[2025-09-10T13:31:11.920+0000] {spark_submit.py:644} INFO - at org.apache.spark.sql.execution.QueryExecution.assertAnalyzed(QueryExecution.scala:80)
[2025-09-10T13:31:11.921+0000] {spark_submit.py:644} INFO - at org.apache.spark.sql.classic.Dataset$.$anonfun$ofRows$1(Dataset.scala:115)
[2025-09-10T13:31:11.922+0000] {spark_submit.py:644} INFO - at org.apache.spark.sql.SparkSession.withActive(SparkSession.scala:804)
[2025-09-10T13:31:11.924+0000] {spark_submit.py:644} INFO - at org.apache.spark.sql.classic.Dataset$.ofRows(Dataset.scala:113)
[2025-09-10T13:31:11.925+0000] {spark_submit.py:644} INFO - at org.apache.spark.sql.classic.DataFrameReader.load(DataFrameReader.scala:109)
[2025-09-10T13:31:11.925+0000] {spark_submit.py:644} INFO - at org.apache.spark.sql.classic.DataFrameReader.load(DataFrameReader.scala:58)
[2025-09-10T13:31:11.926+0000] {spark_submit.py:644} INFO - at org.apache.spark.sql.DataFrameReader.csv(DataFrameReader.scala:392)
[2025-09-10T13:31:11.926+0000] {spark_submit.py:644} INFO - at org.apache.spark.sql.classic.DataFrameReader.csv(DataFrameReader.scala:259)
[2025-09-10T13:31:11.927+0000] {spark_submit.py:644} INFO - at org.apache.spark.sql.classic.DataFrameReader.csv(DataFrameReader.scala:58)
[2025-09-10T13:31:11.928+0000] {spark_submit.py:644} INFO - at java.base/jdk.internal.reflect.NativeMethodAccessorImpl.invoke0(Native Method)
[2025-09-10T13:31:11.928+0000] {spark_submit.py:644} INFO - at java.base/jdk.internal.reflect.NativeMethodAccessorImpl.invoke(NativeMethodAccessorImpl.java:77)
[2025-09-10T13:31:11.929+0000] {spark_submit.py:644} INFO - at java.base/jdk.internal.reflect.DelegatingMethodAccessorImpl.invoke(DelegatingMethodAccessorImpl.java:43)
[2025-09-10T13:31:11.930+0000] {spark_submit.py:644} INFO - at java.base/java.lang.reflect.Method.invoke(Method.java:569)
[2025-09-10T13:31:11.931+0000] {spark_submit.py:644} INFO - at py4j.reflection.MethodInvoker.invoke(MethodInvoker.java:244)
[2025-09-10T13:31:11.932+0000] {spark_submit.py:644} INFO - at py4j.reflection.ReflectionEngine.invoke(ReflectionEngine.java:374)
[2025-09-10T13:31:11.933+0000] {spark_submit.py:644} INFO - at py4j.Gateway.invoke(Gateway.java:282)
[2025-09-10T13:31:11.933+0000] {spark_submit.py:644} INFO - at py4j.commands.AbstractCommand.invokeMethod(AbstractCommand.java:132)
[2025-09-10T13:31:11.935+0000] {spark_submit.py:644} INFO - at py4j.commands.CallCommand.execute(CallCommand.java:79)
[2025-09-10T13:31:11.938+0000] {spark_submit.py:644} INFO - at py4j.ClientServerConnection.waitForCommands(ClientServerConnection.java:184)
[2025-09-10T13:31:11.939+0000] {spark_submit.py:644} INFO - at py4j.ClientServerConnection.run(ClientServerConnection.java:108)
[2025-09-10T13:31:11.940+0000] {spark_submit.py:644} INFO - at java.base/java.lang.Thread.run(Thread.java:840)
[2025-09-10T13:31:11.941+0000] {spark_submit.py:644} INFO - 25/09/10 13:31:11 WARN MetricsConfig: Cannot locate configuration: tried hadoop-metrics2-s3a-file-system.properties,hadoop-metrics2.properties
[2025-09-10T13:31:11.942+0000] {spark_submit.py:644} INFO - 25/09/10 13:31:11 INFO MetricsSystemImpl: Scheduled Metric snapshot period at 10 second(s).
[2025-09-10T13:31:11.943+0000] {spark_submit.py:644} INFO - 25/09/10 13:31:11 INFO MetricsSystemImpl: s3a-file-system metrics system started
[2025-09-10T13:31:11.944+0000] {spark_submit.py:644} INFO - 25/09/10 13:31:11 INFO MetricsSystemImpl: Stopping s3a-file-system metrics system...
[2025-09-10T13:31:11.945+0000] {spark_submit.py:644} INFO - 25/09/10 13:31:11 INFO MetricsSystemImpl: s3a-file-system metrics system stopped.
[2025-09-10T13:31:11.946+0000] {spark_submit.py:644} INFO - 25/09/10 13:31:11 INFO MetricsSystemImpl: s3a-file-system metrics system shutdown complete.
[2025-09-10T13:31:11.949+0000] {spark_submit.py:644} INFO - 25/09/10 13:31:11 WARN FileSystem: Failed to initialize filesystem s3a://data-lake/IMDB%20Movies%202000%20-%202020.csv: java.lang.NumberFormatException: For input string: "60s"
[2025-09-10T13:31:11.954+0000] {spark_submit.py:644} INFO - Traceback (most recent call last):
[2025-09-10T13:31:11.959+0000] {spark_submit.py:644} INFO - File "/opt/***/dags/spark_job.py", line 17, in <module>
[2025-09-10T13:31:11.964+0000] {spark_submit.py:644} INFO - df = spark.read.csv("s3a://data-lake/IMDB Movies 2000 - 2020.csv", header=True, inferSchema=True)
[2025-09-10T13:31:11.965+0000] {spark_submit.py:644} INFO - ^^^^^^^^^^^^^^^^^^^^^^^^^^^^^^^^^^^^^^^^^^^^^^^^^^^^^^^^^^^^^^^^^^^^^^^^^^^^^^^^^^^^^^^^^^^^
[2025-09-10T13:31:11.966+0000] {spark_submit.py:644} INFO - File "/home/***/.local/lib/python3.12/site-packages/pyspark/python/lib/pyspark.zip/pyspark/sql/readwriter.py", line 838, in csv
[2025-09-10T13:31:11.967+0000] {spark_submit.py:644} INFO - File "/home/***/.local/lib/python3.12/site-packages/pyspark/python/lib/py4j-0.10.9.9-src.zip/py4j/java_gateway.py", line 1362, in __call__
[2025-09-10T13:31:11.968+0000] {spark_submit.py:644} INFO - File "/home/***/.local/lib/python3.12/site-packages/pyspark/python/lib/pyspark.zip/pyspark/errors/exceptions/captured.py", line 288, in deco
[2025-09-10T13:31:11.979+0000] {spark_submit.py:644} INFO - pyspark.errors.exceptions.captured.NumberFormatException: For input string: "60s"
[2025-09-10T13:31:12.714+0000] {spark_submit.py:644} INFO - 25/09/10 13:31:12 INFO SparkContext: Invoking stop() from shutdown hook
[2025-09-10T13:31:13.102+0000] {spark_submit.py:644} INFO - 25/09/10 13:31:13 INFO SparkContext: SparkContext is stopping with exitCode 0 from run at Executors.java:539.
[2025-09-10T13:31:13.126+0000] {spark_submit.py:644} INFO - 25/09/10 13:31:13 INFO SparkUI: Stopped Spark web UI at http://ee346efe231b:4040
[2025-09-10T13:31:13.135+0000] {spark_submit.py:644} INFO - 25/09/10 13:31:13 INFO StandaloneSchedulerBackend: Shutting down all executors
[2025-09-10T13:31:13.138+0000] {spark_submit.py:644} INFO - 25/09/10 13:31:13 INFO StandaloneSchedulerBackend$StandaloneDriverEndpoint: Asking each executor to shut down
[2025-09-10T13:31:13.203+0000] {spark_submit.py:644} INFO - 25/09/10 13:31:13 INFO MapOutputTrackerMasterEndpoint: MapOutputTrackerMasterEndpoint stopped!
[2025-09-10T13:31:13.261+0000] {spark_submit.py:644} INFO - 25/09/10 13:31:13 INFO MemoryStore: MemoryStore started with capacity 434.4 MiB
[2025-09-10T13:31:13.262+0000] {spark_submit.py:644} INFO - 25/09/10 13:31:13 INFO MemoryStore: MemoryStore cleared
[2025-09-10T13:31:13.263+0000] {spark_submit.py:644} INFO - 25/09/10 13:31:13 INFO BlockManager: BlockManager stopped
[2025-09-10T13:31:13.289+0000] {spark_submit.py:644} INFO - 25/09/10 13:31:13 INFO BlockManagerMaster: BlockManagerMaster stopped
[2025-09-10T13:31:13.293+0000] {spark_submit.py:644} INFO - 25/09/10 13:31:13 INFO OutputCommitCoordinator$OutputCommitCoordinatorEndpoint: OutputCommitCoordinator stopped!
[2025-09-10T13:31:13.324+0000] {spark_submit.py:644} INFO - 25/09/10 13:31:13 ERROR TransportRequestHandler: Error sending result StreamResponse[streamId=/files/com.amazonaws_aws-java-sdk-bundle-1.12.262.jar,byteCount=280645251,body=FileSegmentManagedBuffer[file=/home/***/.ivy2.5.2/jars/com.amazonaws_aws-java-sdk-bundle-1.12.262.jar,offset=0,length=280645251]] to /172.18.0.7:44606; closing connection
[2025-09-10T13:31:13.326+0000] {spark_submit.py:644} INFO - io.netty.channel.StacklessClosedChannelException
[2025-09-10T13:31:13.327+0000] {spark_submit.py:644} INFO - at io.netty.channel.AbstractChannel.close(ChannelPromise)(Unknown Source)
[2025-09-10T13:31:13.436+0000] {spark_submit.py:644} INFO - 25/09/10 13:31:13 INFO SparkContext: Successfully stopped SparkContext
[2025-09-10T13:31:13.437+0000] {spark_submit.py:644} INFO - 25/09/10 13:31:13 INFO ShutdownHookManager: Shutdown hook called
[2025-09-10T13:31:13.438+0000] {spark_submit.py:644} INFO - 25/09/10 13:31:13 INFO ShutdownHookManager: Deleting directory /tmp/spark-e3017bf0-858b-495b-b917-8c5effed6e32
[2025-09-10T13:31:13.448+0000] {spark_submit.py:644} INFO - 25/09/10 13:31:13 INFO ShutdownHookManager: Deleting directory /tmp/spark-e3017bf0-858b-495b-b917-8c5effed6e32/pyspark-d3d5f3b3-02f0-4a6b-9c4a-d6c5b11478ee
[2025-09-10T13:31:13.458+0000] {spark_submit.py:644} INFO - 25/09/10 13:31:13 INFO ShutdownHookManager: Deleting directory /tmp/spark-7cb1648a-6062-439c-84af-43b71319fdb2
[2025-09-10T13:31:13.564+0000] {taskinstance.py:441} INFO - ::group::Post task execution logs
[2025-09-10T13:31:13.590+0000] {taskinstance.py:2905} ERROR - Task failed with exception
Traceback (most recent call last):
  File "/home/airflow/.local/lib/python3.12/site-packages/airflow/models/taskinstance.py", line 465, in _execute_task
    result = _execute_callable(context=context, **execute_callable_kwargs)
             ^^^^^^^^^^^^^^^^^^^^^^^^^^^^^^^^^^^^^^^^^^^^^^^^^^^^^^^^^^^^^
  File "/home/airflow/.local/lib/python3.12/site-packages/airflow/models/taskinstance.py", line 432, in _execute_callable
    return execute_callable(context=context, **execute_callable_kwargs)
           ^^^^^^^^^^^^^^^^^^^^^^^^^^^^^^^^^^^^^^^^^^^^^^^^^^^^^^^^^^^^
  File "/home/airflow/.local/lib/python3.12/site-packages/airflow/models/baseoperator.py", line 401, in wrapper
    return func(self, *args, **kwargs)
           ^^^^^^^^^^^^^^^^^^^^^^^^^^^
  File "/home/airflow/.local/lib/python3.12/site-packages/airflow/providers/apache/spark/operators/spark_submit.py", line 197, in execute
    self._hook.submit(self.application)
  File "/home/airflow/.local/lib/python3.12/site-packages/airflow/providers/apache/spark/hooks/spark_submit.py", line 566, in submit
    raise AirflowException(
airflow.exceptions.AirflowException: Cannot execute: spark-submit --master spark://spark-master:7077 --conf spark.master=spark://spark-master:7077 --conf spark.hadoop.fs.s3a.access.key=minio --conf spark.hadoop.fs.s3a.secret.key=****** --conf spark.hadoop.fs.s3a.endpoint=http://minio:9000 --conf spark.hadoop.fs.s3a.path.style.access=true --packages org.apache.hadoop:hadoop-aws:3.3.4,com.amazonaws:aws-java-sdk-bundle:1.12.2 --name arrow-spark --verbose --deploy-mode client /opt/***/dags/spark_job.py. Error code is: 1.
[2025-09-10T13:31:13.600+0000] {taskinstance.py:1206} INFO - Marking task as FAILED. dag_id=spark_movie_processing_pipeline, task_id=run_spark_job, run_id=manual__2025-09-10T13:29:50.816770+00:00, execution_date=20250910T132950, start_date=20250910T132952, end_date=20250910T133113
[2025-09-10T13:31:13.625+0000] {standard_task_runner.py:110} ERROR - Failed to execute job 3 for task run_spark_job (Cannot execute: spark-submit --master spark://spark-master:7077 --conf spark.master=spark://spark-master:7077 --conf spark.hadoop.fs.s3a.access.key=minio --conf spark.hadoop.fs.s3a.secret.key=****** --conf spark.hadoop.fs.s3a.endpoint=http://minio:9000 --conf spark.hadoop.fs.s3a.path.style.access=true --packages org.apache.hadoop:hadoop-aws:3.3.4,com.amazonaws:aws-java-sdk-bundle:1.12.2 --name arrow-spark --verbose --deploy-mode client /opt/***/dags/spark_job.py. Error code is: 1.; 213)
[2025-09-10T13:31:13.665+0000] {local_task_job_runner.py:243} INFO - Task exited with return code 1
[2025-09-10T13:31:13.698+0000] {taskinstance.py:3503} INFO - 0 downstream tasks scheduled from follow-on schedule check
[2025-09-10T13:31:13.703+0000] {local_task_job_runner.py:222} INFO - ::endgroup::
