[2025-09-10T13:35:59.236+0000] {local_task_job_runner.py:120} INFO - ::group::Pre task execution logs
[2025-09-10T13:35:59.292+0000] {taskinstance.py:2076} INFO - Dependencies all met for dep_context=non-requeueable deps ti=<TaskInstance: spark_movie_processing_pipeline.run_spark_job manual__2025-09-10T13:35:57.698432+00:00 [queued]>
[2025-09-10T13:35:59.307+0000] {taskinstance.py:2076} INFO - Dependencies all met for dep_context=requeueable deps ti=<TaskInstance: spark_movie_processing_pipeline.run_spark_job manual__2025-09-10T13:35:57.698432+00:00 [queued]>
[2025-09-10T13:35:59.308+0000] {taskinstance.py:2306} INFO - Starting attempt 1 of 1
[2025-09-10T13:35:59.337+0000] {taskinstance.py:2330} INFO - Executing <Task(SparkSubmitOperator): run_spark_job> on 2025-09-10 13:35:57.698432+00:00
[2025-09-10T13:35:59.348+0000] {warnings.py:112} WARNING - /home/***/.local/lib/python3.12/site-packages/***/task/task_runner/standard_task_runner.py:62: DeprecationWarning: This process (pid=397) is multi-threaded, use of fork() may lead to deadlocks in the child.
  pid = os.fork()

[2025-09-10T13:35:59.351+0000] {standard_task_runner.py:64} INFO - Started process 398 to run task
[2025-09-10T13:35:59.351+0000] {standard_task_runner.py:90} INFO - Running: ['***', 'tasks', 'run', 'spark_movie_processing_pipeline', 'run_spark_job', 'manual__2025-09-10T13:35:57.698432+00:00', '--job-id', '4', '--raw', '--subdir', 'DAGS_FOLDER/spark_movies_dag.py', '--cfg-path', '/tmp/tmpev6ofh9r']
[2025-09-10T13:35:59.353+0000] {standard_task_runner.py:91} INFO - Job 4: Subtask run_spark_job
[2025-09-10T13:35:59.510+0000] {task_command.py:426} INFO - Running <TaskInstance: spark_movie_processing_pipeline.run_spark_job manual__2025-09-10T13:35:57.698432+00:00 [running]> on host ee346efe231b
[2025-09-10T13:35:59.823+0000] {taskinstance.py:2648} INFO - Exporting env vars: AIRFLOW_CTX_DAG_OWNER='***' AIRFLOW_CTX_DAG_ID='spark_movie_processing_pipeline' AIRFLOW_CTX_TASK_ID='run_spark_job' AIRFLOW_CTX_EXECUTION_DATE='2025-09-10T13:35:57.698432+00:00' AIRFLOW_CTX_TRY_NUMBER='1' AIRFLOW_CTX_DAG_RUN_ID='manual__2025-09-10T13:35:57.698432+00:00'
[2025-09-10T13:35:59.825+0000] {taskinstance.py:430} INFO - ::endgroup::
[2025-09-10T13:35:59.851+0000] {base.py:84} INFO - Using connection ID 'spark_connection' for task execution.
[2025-09-10T13:35:59.855+0000] {spark_submit.py:474} INFO - Spark-Submit cmd: spark-submit --master spark://spark-master:7077 --conf spark.master=spark://spark-master:7077 --conf spark.hadoop.fs.s3a.access.key=minio --conf spark.hadoop.fs.s3a.secret.key=****** --conf spark.hadoop.fs.s3a.endpoint=http://minio:9000 --conf spark.hadoop.fs.s3a.path.style.access=true --conf spark.hadoop.fs.s3a.connection.timeout=60 --packages org.apache.hadoop:hadoop-aws:3.3.4,com.amazonaws:aws-java-sdk-bundle:1.12.2 --name arrow-spark --verbose --deploy-mode client /opt/***/dags/spark_job.py
[2025-09-10T13:36:00.702+0000] {spark_submit.py:644} INFO - WARNING: Using incubator modules: jdk.incubator.vector
[2025-09-10T13:36:02.508+0000] {spark_submit.py:644} INFO - Parsed arguments:
[2025-09-10T13:36:02.509+0000] {spark_submit.py:644} INFO - master                  spark://spark-master:7077
[2025-09-10T13:36:02.510+0000] {spark_submit.py:644} INFO - remote                  null
[2025-09-10T13:36:02.511+0000] {spark_submit.py:644} INFO - deployMode              client
[2025-09-10T13:36:02.512+0000] {spark_submit.py:644} INFO - executorMemory          null
[2025-09-10T13:36:02.514+0000] {spark_submit.py:644} INFO - executorCores           null
[2025-09-10T13:36:02.516+0000] {spark_submit.py:644} INFO - totalExecutorCores      null
[2025-09-10T13:36:02.519+0000] {spark_submit.py:644} INFO - propertiesFile          null
[2025-09-10T13:36:02.520+0000] {spark_submit.py:644} INFO - driverMemory            null
[2025-09-10T13:36:02.521+0000] {spark_submit.py:644} INFO - driverCores             null
[2025-09-10T13:36:02.522+0000] {spark_submit.py:644} INFO - driverExtraClassPath    null
[2025-09-10T13:36:02.523+0000] {spark_submit.py:644} INFO - driverExtraLibraryPath  null
[2025-09-10T13:36:02.524+0000] {spark_submit.py:644} INFO - driverExtraJavaOptions  null
[2025-09-10T13:36:02.524+0000] {spark_submit.py:644} INFO - supervise               false
[2025-09-10T13:36:02.525+0000] {spark_submit.py:644} INFO - queue                   null
[2025-09-10T13:36:02.526+0000] {spark_submit.py:644} INFO - numExecutors            null
[2025-09-10T13:36:02.526+0000] {spark_submit.py:644} INFO - files                   null
[2025-09-10T13:36:02.527+0000] {spark_submit.py:644} INFO - pyFiles                 null
[2025-09-10T13:36:02.528+0000] {spark_submit.py:644} INFO - archives                null
[2025-09-10T13:36:02.529+0000] {spark_submit.py:644} INFO - mainClass               null
[2025-09-10T13:36:02.530+0000] {spark_submit.py:644} INFO - primaryResource         file:/opt/***/dags/spark_job.py
[2025-09-10T13:36:02.531+0000] {spark_submit.py:644} INFO - name                    arrow-spark
[2025-09-10T13:36:02.532+0000] {spark_submit.py:644} INFO - childArgs               []
[2025-09-10T13:36:02.533+0000] {spark_submit.py:644} INFO - jars                    null
[2025-09-10T13:36:02.534+0000] {spark_submit.py:644} INFO - packages                org.apache.hadoop:hadoop-aws:3.3.4,com.amazonaws:aws-java-sdk-bundle:1.12.2
[2025-09-10T13:36:02.534+0000] {spark_submit.py:644} INFO - packagesExclusions      null
[2025-09-10T13:36:02.535+0000] {spark_submit.py:644} INFO - repositories            null
[2025-09-10T13:36:02.536+0000] {spark_submit.py:644} INFO - verbose                 true
[2025-09-10T13:36:02.537+0000] {spark_submit.py:644} INFO - 
[2025-09-10T13:36:02.537+0000] {spark_submit.py:644} INFO - Spark properties used, including those specified through
[2025-09-10T13:36:02.538+0000] {spark_submit.py:644} INFO - --conf and those from the properties file null:
[2025-09-10T13:36:02.538+0000] {spark_submit.py:644} INFO - (spark.hadoop.fs.s3a.access.key,*********(redacted))
[2025-09-10T13:36:02.539+0000] {spark_submit.py:644} INFO - (spark.hadoop.fs.s3a.connection.timeout,60)
[2025-09-10T13:36:02.540+0000] {spark_submit.py:644} INFO - (spark.hadoop.fs.s3a.endpoint,http://minio:9000)
[2025-09-10T13:36:02.540+0000] {spark_submit.py:644} INFO - (spark.hadoop.fs.s3a.path.style.access,true)
[2025-09-10T13:36:02.541+0000] {spark_submit.py:644} INFO - (spark.hadoop.fs.s3a.secret.key,*********(redacted))
[2025-09-10T13:36:02.542+0000] {spark_submit.py:644} INFO - (spark.master,spark://spark-master:7077)
[2025-09-10T13:36:02.543+0000] {spark_submit.py:644} INFO - 
[2025-09-10T13:36:02.543+0000] {spark_submit.py:644} INFO - 
[2025-09-10T13:36:02.630+0000] {spark_submit.py:644} INFO - :: loading settings :: url = jar:file:/home/***/.local/lib/python3.12/site-packages/pyspark/jars/ivy-2.5.3.jar!/org/apache/ivy/core/settings/ivysettings.xml
[2025-09-10T13:36:02.793+0000] {spark_submit.py:644} INFO - Ivy Default Cache set to: /home/***/.ivy2.5.2/cache
[2025-09-10T13:36:02.794+0000] {spark_submit.py:644} INFO - The jars for the packages stored in: /home/***/.ivy2.5.2/jars
[2025-09-10T13:36:02.803+0000] {spark_submit.py:644} INFO - org.apache.hadoop#hadoop-aws added as a dependency
[2025-09-10T13:36:02.804+0000] {spark_submit.py:644} INFO - com.amazonaws#aws-java-sdk-bundle added as a dependency
[2025-09-10T13:36:02.805+0000] {spark_submit.py:644} INFO - :: resolving dependencies :: org.apache.spark#spark-submit-parent-3c885b78-d510-4791-bb43-80386848a900;1.0
[2025-09-10T13:36:02.806+0000] {spark_submit.py:644} INFO - confs: [default]
[2025-09-10T13:36:03.140+0000] {spark_submit.py:644} INFO - found org.apache.hadoop#hadoop-aws;3.3.4 in central
[2025-09-10T13:36:03.187+0000] {spark_submit.py:644} INFO - found com.amazonaws#aws-java-sdk-bundle;1.12.262 in central
[2025-09-10T13:36:03.228+0000] {spark_submit.py:644} INFO - found org.wildfly.openssl#wildfly-openssl;1.0.7.Final in central
[2025-09-10T13:36:03.257+0000] {spark_submit.py:644} INFO - :: resolution report :: resolve 440ms :: artifacts dl 12ms
[2025-09-10T13:36:03.258+0000] {spark_submit.py:644} INFO - :: modules in use:
[2025-09-10T13:36:03.259+0000] {spark_submit.py:644} INFO - com.amazonaws#aws-java-sdk-bundle;1.12.262 from central in [default]
[2025-09-10T13:36:03.260+0000] {spark_submit.py:644} INFO - org.apache.hadoop#hadoop-aws;3.3.4 from central in [default]
[2025-09-10T13:36:03.260+0000] {spark_submit.py:644} INFO - org.wildfly.openssl#wildfly-openssl;1.0.7.Final from central in [default]
[2025-09-10T13:36:03.261+0000] {spark_submit.py:644} INFO - :: evicted modules:
[2025-09-10T13:36:03.263+0000] {spark_submit.py:644} INFO - com.amazonaws#aws-java-sdk-bundle;1.12.2 by [com.amazonaws#aws-java-sdk-bundle;1.12.262] in [default]
[2025-09-10T13:36:03.265+0000] {spark_submit.py:644} INFO - ---------------------------------------------------------------------
[2025-09-10T13:36:03.266+0000] {spark_submit.py:644} INFO - |                  |            modules            ||   artifacts   |
[2025-09-10T13:36:03.267+0000] {spark_submit.py:644} INFO - |       conf       | number| search|dwnlded|evicted|| number|dwnlded|
[2025-09-10T13:36:03.268+0000] {spark_submit.py:644} INFO - ---------------------------------------------------------------------
[2025-09-10T13:36:03.269+0000] {spark_submit.py:644} INFO - |      default     |   4   |   0   |   0   |   1   ||   3   |   0   |
[2025-09-10T13:36:03.270+0000] {spark_submit.py:644} INFO - ---------------------------------------------------------------------
[2025-09-10T13:36:03.272+0000] {spark_submit.py:644} INFO - :: retrieving :: org.apache.spark#spark-submit-parent-3c885b78-d510-4791-bb43-80386848a900
[2025-09-10T13:36:03.273+0000] {spark_submit.py:644} INFO - confs: [default]
[2025-09-10T13:36:03.281+0000] {spark_submit.py:644} INFO - 0 artifacts copied, 3 already retrieved (0kB/14ms)
[2025-09-10T13:36:03.685+0000] {spark_submit.py:644} INFO - 25/09/10 13:36:03 WARN NativeCodeLoader: Unable to load native-hadoop library for your platform... using builtin-java classes where applicable
[2025-09-10T13:36:03.961+0000] {spark_submit.py:644} INFO - Main class:
[2025-09-10T13:36:03.962+0000] {spark_submit.py:644} INFO - org.apache.spark.deploy.PythonRunner
[2025-09-10T13:36:03.964+0000] {spark_submit.py:644} INFO - Arguments:
[2025-09-10T13:36:03.965+0000] {spark_submit.py:644} INFO - file:/opt/***/dags/spark_job.py
[2025-09-10T13:36:03.966+0000] {spark_submit.py:644} INFO - file:///home/***/.ivy2.5.2/jars/org.apache.hadoop_hadoop-aws-3.3.4.jar,file:///home/***/.ivy2.5.2/jars/com.amazonaws_aws-java-sdk-bundle-1.12.262.jar,file:///home/***/.ivy2.5.2/jars/org.wildfly.openssl_wildfly-openssl-1.0.7.Final.jar
[2025-09-10T13:36:03.967+0000] {spark_submit.py:644} INFO - Spark config:
[2025-09-10T13:36:03.968+0000] {spark_submit.py:644} INFO - (spark.app.name,arrow-spark)
[2025-09-10T13:36:03.971+0000] {spark_submit.py:644} INFO - (spark.app.submitTime,1757511363917)
[2025-09-10T13:36:03.972+0000] {spark_submit.py:644} INFO - (spark.files,file:///home/***/.ivy2.5.2/jars/org.apache.hadoop_hadoop-aws-3.3.4.jar,file:///home/***/.ivy2.5.2/jars/com.amazonaws_aws-java-sdk-bundle-1.12.262.jar,file:///home/***/.ivy2.5.2/jars/org.wildfly.openssl_wildfly-openssl-1.0.7.Final.jar)
[2025-09-10T13:36:03.974+0000] {spark_submit.py:644} INFO - (spark.hadoop.fs.s3a.access.key,*********(redacted))
[2025-09-10T13:36:03.975+0000] {spark_submit.py:644} INFO - (spark.hadoop.fs.s3a.connection.timeout,60)
[2025-09-10T13:36:03.976+0000] {spark_submit.py:644} INFO - (spark.hadoop.fs.s3a.endpoint,http://minio:9000)
[2025-09-10T13:36:03.977+0000] {spark_submit.py:644} INFO - (spark.hadoop.fs.s3a.path.style.access,true)
[2025-09-10T13:36:03.978+0000] {spark_submit.py:644} INFO - (spark.hadoop.fs.s3a.secret.key,*********(redacted))
[2025-09-10T13:36:03.979+0000] {spark_submit.py:644} INFO - (spark.jars,file:///home/***/.ivy2.5.2/jars/org.apache.hadoop_hadoop-aws-3.3.4.jar,file:///home/***/.ivy2.5.2/jars/com.amazonaws_aws-java-sdk-bundle-1.12.262.jar,file:///home/***/.ivy2.5.2/jars/org.wildfly.openssl_wildfly-openssl-1.0.7.Final.jar)
[2025-09-10T13:36:03.980+0000] {spark_submit.py:644} INFO - (spark.master,spark://spark-master:7077)
[2025-09-10T13:36:03.980+0000] {spark_submit.py:644} INFO - (spark.repl.local.jars,file:///home/***/.ivy2.5.2/jars/org.apache.hadoop_hadoop-aws-3.3.4.jar,file:///home/***/.ivy2.5.2/jars/com.amazonaws_aws-java-sdk-bundle-1.12.262.jar,file:///home/***/.ivy2.5.2/jars/org.wildfly.openssl_wildfly-openssl-1.0.7.Final.jar)
[2025-09-10T13:36:03.981+0000] {spark_submit.py:644} INFO - (spark.submit.deployMode,client)
[2025-09-10T13:36:03.982+0000] {spark_submit.py:644} INFO - (spark.submit.pyFiles,/home/***/.ivy2.5.2/jars/org.apache.hadoop_hadoop-aws-3.3.4.jar,/home/***/.ivy2.5.2/jars/com.amazonaws_aws-java-sdk-bundle-1.12.262.jar,/home/***/.ivy2.5.2/jars/org.wildfly.openssl_wildfly-openssl-1.0.7.Final.jar)
[2025-09-10T13:36:03.984+0000] {spark_submit.py:644} INFO - Classpath elements:
[2025-09-10T13:36:03.985+0000] {spark_submit.py:644} INFO - file:///home/***/.ivy2.5.2/jars/org.apache.hadoop_hadoop-aws-3.3.4.jar
[2025-09-10T13:36:03.987+0000] {spark_submit.py:644} INFO - file:///home/***/.ivy2.5.2/jars/com.amazonaws_aws-java-sdk-bundle-1.12.262.jar
[2025-09-10T13:36:03.988+0000] {spark_submit.py:644} INFO - file:///home/***/.ivy2.5.2/jars/org.wildfly.openssl_wildfly-openssl-1.0.7.Final.jar
[2025-09-10T13:36:03.989+0000] {spark_submit.py:644} INFO - 
[2025-09-10T13:36:03.990+0000] {spark_submit.py:644} INFO - 
[2025-09-10T13:36:07.685+0000] {spark_submit.py:644} INFO - Using Spark's default log4j profile: org/apache/spark/log4j2-defaults.properties
[2025-09-10T13:36:07.692+0000] {spark_submit.py:644} INFO - 25/09/10 13:36:07 INFO SparkContext: Running Spark version 4.0.1
[2025-09-10T13:36:07.695+0000] {spark_submit.py:644} INFO - 25/09/10 13:36:07 INFO SparkContext: OS info Linux, 6.6.87.2-microsoft-standard-WSL2, amd64
[2025-09-10T13:36:07.697+0000] {spark_submit.py:644} INFO - 25/09/10 13:36:07 INFO SparkContext: Java version 17.0.16
[2025-09-10T13:36:07.740+0000] {spark_submit.py:644} INFO - 25/09/10 13:36:07 INFO ResourceUtils: ==============================================================
[2025-09-10T13:36:07.741+0000] {spark_submit.py:644} INFO - 25/09/10 13:36:07 INFO ResourceUtils: No custom resources configured for spark.driver.
[2025-09-10T13:36:07.742+0000] {spark_submit.py:644} INFO - 25/09/10 13:36:07 INFO ResourceUtils: ==============================================================
[2025-09-10T13:36:07.743+0000] {spark_submit.py:644} INFO - 25/09/10 13:36:07 INFO SparkContext: Submitted application: MovieProcessingJob
[2025-09-10T13:36:07.790+0000] {spark_submit.py:644} INFO - 25/09/10 13:36:07 INFO ResourceProfile: Default ResourceProfile created, executor resources: Map(memory -> name: memory, amount: 1024, script: , vendor: , offHeap -> name: offHeap, amount: 0, script: , vendor: ), task resources: Map(cpus -> name: cpus, amount: 1.0)
[2025-09-10T13:36:07.794+0000] {spark_submit.py:644} INFO - 25/09/10 13:36:07 INFO ResourceProfile: Limiting resource is cpu
[2025-09-10T13:36:07.796+0000] {spark_submit.py:644} INFO - 25/09/10 13:36:07 INFO ResourceProfileManager: Added ResourceProfile id: 0
[2025-09-10T13:36:07.887+0000] {spark_submit.py:644} INFO - 25/09/10 13:36:07 INFO SecurityManager: Changing view acls to: ***
[2025-09-10T13:36:07.889+0000] {spark_submit.py:644} INFO - 25/09/10 13:36:07 INFO SecurityManager: Changing modify acls to: ***
[2025-09-10T13:36:07.890+0000] {spark_submit.py:644} INFO - 25/09/10 13:36:07 INFO SecurityManager: Changing view acls groups to: ***
[2025-09-10T13:36:07.891+0000] {spark_submit.py:644} INFO - 25/09/10 13:36:07 INFO SecurityManager: Changing modify acls groups to: ***
[2025-09-10T13:36:07.895+0000] {spark_submit.py:644} INFO - 25/09/10 13:36:07 INFO SecurityManager: SecurityManager: authentication disabled; ui acls disabled; users with view permissions: *** groups with view permissions: EMPTY; users with modify permissions: ***; groups with modify permissions: EMPTY; RPC SSL disabled
[2025-09-10T13:36:08.355+0000] {spark_submit.py:644} INFO - 25/09/10 13:36:08 INFO Utils: Successfully started service 'sparkDriver' on port 45207.
[2025-09-10T13:36:08.390+0000] {spark_submit.py:644} INFO - 25/09/10 13:36:08 INFO SparkEnv: Registering MapOutputTracker
[2025-09-10T13:36:08.406+0000] {spark_submit.py:644} INFO - 25/09/10 13:36:08 INFO SparkEnv: Registering BlockManagerMaster
[2025-09-10T13:36:08.428+0000] {spark_submit.py:644} INFO - 25/09/10 13:36:08 INFO BlockManagerMasterEndpoint: Using org.apache.spark.storage.DefaultTopologyMapper for getting topology information
[2025-09-10T13:36:08.429+0000] {spark_submit.py:644} INFO - 25/09/10 13:36:08 INFO BlockManagerMasterEndpoint: BlockManagerMasterEndpoint up
[2025-09-10T13:36:08.433+0000] {spark_submit.py:644} INFO - 25/09/10 13:36:08 INFO SparkEnv: Registering BlockManagerMasterHeartbeat
[2025-09-10T13:36:08.468+0000] {spark_submit.py:644} INFO - 25/09/10 13:36:08 INFO DiskBlockManager: Created local directory at /tmp/blockmgr-869c2440-c8ee-4968-808c-b795612064ff
[2025-09-10T13:36:08.497+0000] {spark_submit.py:644} INFO - 25/09/10 13:36:08 INFO SparkEnv: Registering OutputCommitCoordinator
[2025-09-10T13:36:08.665+0000] {spark_submit.py:644} INFO - 25/09/10 13:36:08 INFO JettyUtils: Start Jetty 0.0.0.0:4040 for SparkUI
[2025-09-10T13:36:08.771+0000] {spark_submit.py:644} INFO - 25/09/10 13:36:08 INFO Utils: Successfully started service 'SparkUI' on port 4040.
[2025-09-10T13:36:08.846+0000] {spark_submit.py:644} INFO - 25/09/10 13:36:08 INFO SparkContext: Added JAR file:///home/***/.ivy2.5.2/jars/org.apache.hadoop_hadoop-aws-3.3.4.jar at spark://ee346efe231b:45207/jars/org.apache.hadoop_hadoop-aws-3.3.4.jar with timestamp 1757511367671
[2025-09-10T13:36:08.848+0000] {spark_submit.py:644} INFO - 25/09/10 13:36:08 INFO SparkContext: Added JAR file:///home/***/.ivy2.5.2/jars/com.amazonaws_aws-java-sdk-bundle-1.12.262.jar at spark://ee346efe231b:45207/jars/com.amazonaws_aws-java-sdk-bundle-1.12.262.jar with timestamp 1757511367671
[2025-09-10T13:36:08.849+0000] {spark_submit.py:644} INFO - 25/09/10 13:36:08 INFO SparkContext: Added JAR file:///home/***/.ivy2.5.2/jars/org.wildfly.openssl_wildfly-openssl-1.0.7.Final.jar at spark://ee346efe231b:45207/jars/org.wildfly.openssl_wildfly-openssl-1.0.7.Final.jar with timestamp 1757511367671
[2025-09-10T13:36:08.859+0000] {spark_submit.py:644} INFO - 25/09/10 13:36:08 INFO SparkContext: Added file file:///home/***/.ivy2.5.2/jars/org.apache.hadoop_hadoop-aws-3.3.4.jar at spark://ee346efe231b:45207/files/org.apache.hadoop_hadoop-aws-3.3.4.jar with timestamp 1757511367671
[2025-09-10T13:36:08.864+0000] {spark_submit.py:644} INFO - 25/09/10 13:36:08 INFO Utils: Copying /home/***/.ivy2.5.2/jars/org.apache.hadoop_hadoop-aws-3.3.4.jar to /tmp/spark-613e0dd7-4cc4-4a97-8295-9f8e00a6212a/userFiles-821f1ea1-a4fe-4652-bdbd-c24bbc262a56/org.apache.hadoop_hadoop-aws-3.3.4.jar
[2025-09-10T13:36:08.896+0000] {spark_submit.py:644} INFO - 25/09/10 13:36:08 INFO SparkContext: Added file file:///home/***/.ivy2.5.2/jars/com.amazonaws_aws-java-sdk-bundle-1.12.262.jar at spark://ee346efe231b:45207/files/com.amazonaws_aws-java-sdk-bundle-1.12.262.jar with timestamp 1757511367671
[2025-09-10T13:36:08.897+0000] {spark_submit.py:644} INFO - 25/09/10 13:36:08 INFO Utils: Copying /home/***/.ivy2.5.2/jars/com.amazonaws_aws-java-sdk-bundle-1.12.262.jar to /tmp/spark-613e0dd7-4cc4-4a97-8295-9f8e00a6212a/userFiles-821f1ea1-a4fe-4652-bdbd-c24bbc262a56/com.amazonaws_aws-java-sdk-bundle-1.12.262.jar
[2025-09-10T13:36:09.611+0000] {spark_submit.py:644} INFO - 25/09/10 13:36:09 INFO SparkContext: Added file file:///home/***/.ivy2.5.2/jars/org.wildfly.openssl_wildfly-openssl-1.0.7.Final.jar at spark://ee346efe231b:45207/files/org.wildfly.openssl_wildfly-openssl-1.0.7.Final.jar with timestamp 1757511367671
[2025-09-10T13:36:09.613+0000] {spark_submit.py:644} INFO - 25/09/10 13:36:09 INFO Utils: Copying /home/***/.ivy2.5.2/jars/org.wildfly.openssl_wildfly-openssl-1.0.7.Final.jar to /tmp/spark-613e0dd7-4cc4-4a97-8295-9f8e00a6212a/userFiles-821f1ea1-a4fe-4652-bdbd-c24bbc262a56/org.wildfly.openssl_wildfly-openssl-1.0.7.Final.jar
[2025-09-10T13:36:09.650+0000] {spark_submit.py:644} INFO - 25/09/10 13:36:09 INFO SecurityManager: Changing view acls to: ***
[2025-09-10T13:36:09.651+0000] {spark_submit.py:644} INFO - 25/09/10 13:36:09 INFO SecurityManager: Changing modify acls to: ***
[2025-09-10T13:36:09.652+0000] {spark_submit.py:644} INFO - 25/09/10 13:36:09 INFO SecurityManager: Changing view acls groups to: ***
[2025-09-10T13:36:09.653+0000] {spark_submit.py:644} INFO - 25/09/10 13:36:09 INFO SecurityManager: Changing modify acls groups to: ***
[2025-09-10T13:36:09.656+0000] {spark_submit.py:644} INFO - 25/09/10 13:36:09 INFO SecurityManager: SecurityManager: authentication disabled; ui acls disabled; users with view permissions: *** groups with view permissions: EMPTY; users with modify permissions: ***; groups with modify permissions: EMPTY; RPC SSL disabled
[2025-09-10T13:36:09.870+0000] {spark_submit.py:644} INFO - 25/09/10 13:36:09 INFO StandaloneAppClient$ClientEndpoint: Connecting to master spark://spark-master:7077...
[2025-09-10T13:36:09.929+0000] {spark_submit.py:644} INFO - 25/09/10 13:36:09 INFO TransportClientFactory: Successfully created connection to spark-master/172.18.0.5:7077 after 31 ms (0 ms spent in bootstraps)
[2025-09-10T13:36:10.040+0000] {spark_submit.py:644} INFO - 25/09/10 13:36:10 INFO StandaloneSchedulerBackend: Connected to Spark cluster with app ID app-20250910133610-0002
[2025-09-10T13:36:10.052+0000] {spark_submit.py:644} INFO - 25/09/10 13:36:10 INFO StandaloneAppClient$ClientEndpoint: Executor added: app-20250910133610-0002/0 on worker-20250910110743-172.18.0.7-46417 (172.18.0.7:46417) with 8 core(s)
[2025-09-10T13:36:10.056+0000] {spark_submit.py:644} INFO - 25/09/10 13:36:10 INFO Utils: Successfully started service 'org.apache.spark.network.netty.NettyBlockTransferService' on port 34195.
[2025-09-10T13:36:10.058+0000] {spark_submit.py:644} INFO - 25/09/10 13:36:10 INFO NettyBlockTransferService: Server created on ee346efe231b:34195
[2025-09-10T13:36:10.058+0000] {spark_submit.py:644} INFO - 25/09/10 13:36:10 INFO BlockManager: Using org.apache.spark.storage.RandomBlockReplicationPolicy for block replication policy
[2025-09-10T13:36:10.059+0000] {spark_submit.py:644} INFO - 25/09/10 13:36:10 INFO StandaloneSchedulerBackend: Granted executor ID app-20250910133610-0002/0 on hostPort 172.18.0.7:46417 with 8 core(s), 1024.0 MiB RAM
[2025-09-10T13:36:10.082+0000] {spark_submit.py:644} INFO - 25/09/10 13:36:10 INFO BlockManagerMaster: Registering BlockManager BlockManagerId(driver, ee346efe231b, 34195, None)
[2025-09-10T13:36:10.091+0000] {spark_submit.py:644} INFO - 25/09/10 13:36:10 INFO BlockManagerMasterEndpoint: Registering block manager ee346efe231b:34195 with 434.4 MiB RAM, BlockManagerId(driver, ee346efe231b, 34195, None)
[2025-09-10T13:36:10.095+0000] {spark_submit.py:644} INFO - 25/09/10 13:36:10 INFO BlockManagerMaster: Registered BlockManager BlockManagerId(driver, ee346efe231b, 34195, None)
[2025-09-10T13:36:10.098+0000] {spark_submit.py:644} INFO - 25/09/10 13:36:10 INFO BlockManager: Initialized BlockManager: BlockManagerId(driver, ee346efe231b, 34195, None)
[2025-09-10T13:36:10.137+0000] {spark_submit.py:644} INFO - 25/09/10 13:36:10 INFO StandaloneAppClient$ClientEndpoint: Executor updated: app-20250910133610-0002/0 is now RUNNING
[2025-09-10T13:36:10.380+0000] {spark_submit.py:644} INFO - 25/09/10 13:36:10 INFO StandaloneSchedulerBackend: SchedulerBackend is ready for scheduling beginning after reached minRegisteredResourcesRatio: 0.0
[2025-09-10T13:36:15.200+0000] {spark_submit.py:644} INFO - 25/09/10 13:36:15 INFO StandaloneSchedulerBackend$StandaloneDriverEndpoint: Registered executor NettyRpcEndpointRef(spark-client://Executor) (172.18.0.7:44330) with ID 0, ResourceProfileId 0
[2025-09-10T13:36:15.221+0000] {spark_submit.py:644} INFO - 25/09/10 13:36:15 INFO SharedState: Setting hive.metastore.warehouse.dir ('null') to the value of spark.sql.warehouse.dir.
[2025-09-10T13:36:15.225+0000] {spark_submit.py:644} INFO - 25/09/10 13:36:15 INFO SharedState: Warehouse path is 'file:/opt/***/spark-warehouse'.
[2025-09-10T13:36:15.501+0000] {spark_submit.py:644} INFO - 25/09/10 13:36:15 INFO BlockManagerMasterEndpoint: Registering block manager 172.18.0.7:45305 with 434.4 MiB RAM, BlockManagerId(0, 172.18.0.7, 45305, None)
[2025-09-10T13:36:19.583+0000] {spark_submit.py:644} INFO - 25/09/10 13:36:19 WARN MetricsConfig: Cannot locate configuration: tried hadoop-metrics2-s3a-file-system.properties,hadoop-metrics2.properties
[2025-09-10T13:36:19.618+0000] {spark_submit.py:644} INFO - 25/09/10 13:36:19 INFO MetricsSystemImpl: Scheduled Metric snapshot period at 10 second(s).
[2025-09-10T13:36:19.619+0000] {spark_submit.py:644} INFO - 25/09/10 13:36:19 INFO MetricsSystemImpl: s3a-file-system metrics system started
[2025-09-10T13:36:19.652+0000] {spark_submit.py:644} INFO - 25/09/10 13:36:19 INFO MetricsSystemImpl: Stopping s3a-file-system metrics system...
[2025-09-10T13:36:19.653+0000] {spark_submit.py:644} INFO - 25/09/10 13:36:19 INFO MetricsSystemImpl: s3a-file-system metrics system stopped.
[2025-09-10T13:36:19.654+0000] {spark_submit.py:644} INFO - 25/09/10 13:36:19 INFO MetricsSystemImpl: s3a-file-system metrics system shutdown complete.
[2025-09-10T13:36:19.656+0000] {spark_submit.py:644} INFO - 25/09/10 13:36:19 WARN FileSystem: Failed to initialize filesystem s3a://data-lake/IMDB%20Movies%202000%20-%202020.csv: java.lang.NumberFormatException: For input string: "60s"
[2025-09-10T13:36:19.667+0000] {spark_submit.py:644} INFO - 25/09/10 13:36:19 WARN FileStreamSink: Assume no metadata directory. Error while looking for metadata directory in the path: s3a://data-lake/IMDB Movies 2000 - 2020.csv.
[2025-09-10T13:36:19.670+0000] {spark_submit.py:644} INFO - java.lang.NumberFormatException: For input string: "60s"
[2025-09-10T13:36:19.671+0000] {spark_submit.py:644} INFO - at java.base/java.lang.NumberFormatException.forInputString(NumberFormatException.java:67)
[2025-09-10T13:36:19.702+0000] {spark_submit.py:644} INFO - at java.base/java.lang.Long.parseLong(Long.java:711)
[2025-09-10T13:36:19.712+0000] {spark_submit.py:644} INFO - at java.base/java.lang.Long.parseLong(Long.java:836)
[2025-09-10T13:36:19.729+0000] {spark_submit.py:644} INFO - at org.apache.hadoop.conf.Configuration.getLong(Configuration.java:1607)
[2025-09-10T13:36:19.730+0000] {spark_submit.py:644} INFO - at org.apache.hadoop.fs.s3a.S3AUtils.longOption(S3AUtils.java:1024)
[2025-09-10T13:36:19.731+0000] {spark_submit.py:644} INFO - at org.apache.hadoop.fs.s3a.S3AFileSystem.initThreadPools(S3AFileSystem.java:719)
[2025-09-10T13:36:19.732+0000] {spark_submit.py:644} INFO - at org.apache.hadoop.fs.s3a.S3AFileSystem.initialize(S3AFileSystem.java:498)
[2025-09-10T13:36:19.733+0000] {spark_submit.py:644} INFO - at org.apache.hadoop.fs.FileSystem.createFileSystem(FileSystem.java:3615)
[2025-09-10T13:36:19.734+0000] {spark_submit.py:644} INFO - at org.apache.hadoop.fs.FileSystem.access$300(FileSystem.java:172)
[2025-09-10T13:36:19.735+0000] {spark_submit.py:644} INFO - at org.apache.hadoop.fs.FileSystem$Cache.getInternal(FileSystem.java:3716)
[2025-09-10T13:36:19.736+0000] {spark_submit.py:644} INFO - at org.apache.hadoop.fs.FileSystem$Cache.get(FileSystem.java:3667)
[2025-09-10T13:36:19.737+0000] {spark_submit.py:644} INFO - at org.apache.hadoop.fs.FileSystem.get(FileSystem.java:557)
[2025-09-10T13:36:19.738+0000] {spark_submit.py:644} INFO - at org.apache.hadoop.fs.Path.getFileSystem(Path.java:366)
[2025-09-10T13:36:19.739+0000] {spark_submit.py:644} INFO - at org.apache.spark.sql.execution.streaming.FileStreamSink$.hasMetadata(FileStreamSink.scala:55)
[2025-09-10T13:36:19.740+0000] {spark_submit.py:644} INFO - at org.apache.spark.sql.execution.datasources.DataSource.resolveRelation(DataSource.scala:381)
[2025-09-10T13:36:19.742+0000] {spark_submit.py:644} INFO - at org.apache.spark.sql.catalyst.analysis.ResolveDataSource.org$apache$spark$sql$catalyst$analysis$ResolveDataSource$$loadV1BatchSource(ResolveDataSource.scala:143)
[2025-09-10T13:36:19.743+0000] {spark_submit.py:644} INFO - at org.apache.spark.sql.catalyst.analysis.ResolveDataSource$$anonfun$apply$1.$anonfun$applyOrElse$2(ResolveDataSource.scala:61)
[2025-09-10T13:36:19.744+0000] {spark_submit.py:644} INFO - at scala.Option.getOrElse(Option.scala:201)
[2025-09-10T13:36:19.745+0000] {spark_submit.py:644} INFO - at org.apache.spark.sql.catalyst.analysis.ResolveDataSource$$anonfun$apply$1.applyOrElse(ResolveDataSource.scala:61)
[2025-09-10T13:36:19.746+0000] {spark_submit.py:644} INFO - at org.apache.spark.sql.catalyst.analysis.ResolveDataSource$$anonfun$apply$1.applyOrElse(ResolveDataSource.scala:45)
[2025-09-10T13:36:19.746+0000] {spark_submit.py:644} INFO - at org.apache.spark.sql.catalyst.plans.logical.AnalysisHelper.$anonfun$resolveOperatorsUpWithPruning$3(AnalysisHelper.scala:139)
[2025-09-10T13:36:19.747+0000] {spark_submit.py:644} INFO - at org.apache.spark.sql.catalyst.trees.CurrentOrigin$.withOrigin(origin.scala:86)
[2025-09-10T13:36:19.749+0000] {spark_submit.py:644} INFO - at org.apache.spark.sql.catalyst.plans.logical.AnalysisHelper.$anonfun$resolveOperatorsUpWithPruning$1(AnalysisHelper.scala:139)
[2025-09-10T13:36:19.749+0000] {spark_submit.py:644} INFO - at org.apache.spark.sql.catalyst.plans.logical.AnalysisHelper$.allowInvokingTransformsInAnalyzer(AnalysisHelper.scala:416)
[2025-09-10T13:36:19.750+0000] {spark_submit.py:644} INFO - at org.apache.spark.sql.catalyst.plans.logical.AnalysisHelper.resolveOperatorsUpWithPruning(AnalysisHelper.scala:135)
[2025-09-10T13:36:19.751+0000] {spark_submit.py:644} INFO - at org.apache.spark.sql.catalyst.plans.logical.AnalysisHelper.resolveOperatorsUpWithPruning$(AnalysisHelper.scala:131)
[2025-09-10T13:36:19.752+0000] {spark_submit.py:644} INFO - at org.apache.spark.sql.catalyst.plans.logical.LogicalPlan.resolveOperatorsUpWithPruning(LogicalPlan.scala:37)
[2025-09-10T13:36:19.752+0000] {spark_submit.py:644} INFO - at org.apache.spark.sql.catalyst.plans.logical.AnalysisHelper.resolveOperatorsUp(AnalysisHelper.scala:112)
[2025-09-10T13:36:19.753+0000] {spark_submit.py:644} INFO - at org.apache.spark.sql.catalyst.plans.logical.AnalysisHelper.resolveOperatorsUp$(AnalysisHelper.scala:111)
[2025-09-10T13:36:19.754+0000] {spark_submit.py:644} INFO - at org.apache.spark.sql.catalyst.plans.logical.LogicalPlan.resolveOperatorsUp(LogicalPlan.scala:37)
[2025-09-10T13:36:19.754+0000] {spark_submit.py:644} INFO - at org.apache.spark.sql.catalyst.analysis.ResolveDataSource.apply(ResolveDataSource.scala:45)
[2025-09-10T13:36:19.755+0000] {spark_submit.py:644} INFO - at org.apache.spark.sql.catalyst.analysis.ResolveDataSource.apply(ResolveDataSource.scala:43)
[2025-09-10T13:36:19.755+0000] {spark_submit.py:644} INFO - at org.apache.spark.sql.catalyst.rules.RuleExecutor.$anonfun$execute$2(RuleExecutor.scala:242)
[2025-09-10T13:36:19.756+0000] {spark_submit.py:644} INFO - at scala.collection.LinearSeqOps.foldLeft(LinearSeq.scala:183)
[2025-09-10T13:36:19.756+0000] {spark_submit.py:644} INFO - at scala.collection.LinearSeqOps.foldLeft$(LinearSeq.scala:179)
[2025-09-10T13:36:19.757+0000] {spark_submit.py:644} INFO - at scala.collection.immutable.List.foldLeft(List.scala:79)
[2025-09-10T13:36:19.757+0000] {spark_submit.py:644} INFO - at org.apache.spark.sql.catalyst.rules.RuleExecutor.$anonfun$execute$1(RuleExecutor.scala:239)
[2025-09-10T13:36:19.758+0000] {spark_submit.py:644} INFO - at org.apache.spark.sql.catalyst.rules.RuleExecutor.$anonfun$execute$1$adapted(RuleExecutor.scala:231)
[2025-09-10T13:36:19.759+0000] {spark_submit.py:644} INFO - at scala.collection.immutable.List.foreach(List.scala:334)
[2025-09-10T13:36:19.759+0000] {spark_submit.py:644} INFO - at org.apache.spark.sql.catalyst.rules.RuleExecutor.execute(RuleExecutor.scala:231)
[2025-09-10T13:36:19.760+0000] {spark_submit.py:644} INFO - at org.apache.spark.sql.catalyst.analysis.Analyzer.org$apache$spark$sql$catalyst$analysis$Analyzer$$executeSameContext(Analyzer.scala:340)
[2025-09-10T13:36:19.761+0000] {spark_submit.py:644} INFO - at org.apache.spark.sql.catalyst.analysis.Analyzer.$anonfun$execute$1(Analyzer.scala:336)
[2025-09-10T13:36:19.762+0000] {spark_submit.py:644} INFO - at org.apache.spark.sql.catalyst.analysis.AnalysisContext$.withNewAnalysisContext(Analyzer.scala:234)
[2025-09-10T13:36:19.763+0000] {spark_submit.py:644} INFO - at org.apache.spark.sql.catalyst.analysis.Analyzer.execute(Analyzer.scala:336)
[2025-09-10T13:36:19.764+0000] {spark_submit.py:644} INFO - at org.apache.spark.sql.catalyst.analysis.Analyzer.execute(Analyzer.scala:299)
[2025-09-10T13:36:19.765+0000] {spark_submit.py:644} INFO - at org.apache.spark.sql.catalyst.rules.RuleExecutor.$anonfun$executeAndTrack$1(RuleExecutor.scala:201)
[2025-09-10T13:36:19.766+0000] {spark_submit.py:644} INFO - at org.apache.spark.sql.catalyst.QueryPlanningTracker$.withTracker(QueryPlanningTracker.scala:89)
[2025-09-10T13:36:19.767+0000] {spark_submit.py:644} INFO - at org.apache.spark.sql.catalyst.rules.RuleExecutor.executeAndTrack(RuleExecutor.scala:201)
[2025-09-10T13:36:19.768+0000] {spark_submit.py:644} INFO - at org.apache.spark.sql.catalyst.analysis.resolver.HybridAnalyzer.resolveInFixedPoint(HybridAnalyzer.scala:190)
[2025-09-10T13:36:19.769+0000] {spark_submit.py:644} INFO - at org.apache.spark.sql.catalyst.analysis.resolver.HybridAnalyzer.$anonfun$apply$1(HybridAnalyzer.scala:76)
[2025-09-10T13:36:19.769+0000] {spark_submit.py:644} INFO - at org.apache.spark.sql.catalyst.analysis.resolver.HybridAnalyzer.withTrackedAnalyzerBridgeState(HybridAnalyzer.scala:111)
[2025-09-10T13:36:19.770+0000] {spark_submit.py:644} INFO - at org.apache.spark.sql.catalyst.analysis.resolver.HybridAnalyzer.apply(HybridAnalyzer.scala:71)
[2025-09-10T13:36:19.770+0000] {spark_submit.py:644} INFO - at org.apache.spark.sql.catalyst.analysis.Analyzer.$anonfun$executeAndCheck$1(Analyzer.scala:330)
[2025-09-10T13:36:19.771+0000] {spark_submit.py:644} INFO - at org.apache.spark.sql.catalyst.plans.logical.AnalysisHelper$.markInAnalyzer(AnalysisHelper.scala:423)
[2025-09-10T13:36:19.772+0000] {spark_submit.py:644} INFO - at org.apache.spark.sql.catalyst.analysis.Analyzer.executeAndCheck(Analyzer.scala:330)
[2025-09-10T13:36:19.772+0000] {spark_submit.py:644} INFO - at org.apache.spark.sql.execution.QueryExecution.$anonfun$lazyAnalyzed$2(QueryExecution.scala:110)
[2025-09-10T13:36:19.773+0000] {spark_submit.py:644} INFO - at org.apache.spark.sql.catalyst.QueryPlanningTracker.measurePhase(QueryPlanningTracker.scala:148)
[2025-09-10T13:36:19.773+0000] {spark_submit.py:644} INFO - at org.apache.spark.sql.execution.QueryExecution.$anonfun$executePhase$2(QueryExecution.scala:278)
[2025-09-10T13:36:19.774+0000] {spark_submit.py:644} INFO - at org.apache.spark.sql.execution.QueryExecution$.withInternalError(QueryExecution.scala:654)
[2025-09-10T13:36:19.775+0000] {spark_submit.py:644} INFO - at org.apache.spark.sql.execution.QueryExecution.$anonfun$executePhase$1(QueryExecution.scala:278)
[2025-09-10T13:36:19.775+0000] {spark_submit.py:644} INFO - at org.apache.spark.sql.SparkSession.withActive(SparkSession.scala:804)
[2025-09-10T13:36:19.776+0000] {spark_submit.py:644} INFO - at org.apache.spark.sql.execution.QueryExecution.executePhase(QueryExecution.scala:277)
[2025-09-10T13:36:19.776+0000] {spark_submit.py:644} INFO - at org.apache.spark.sql.execution.QueryExecution.$anonfun$lazyAnalyzed$1(QueryExecution.scala:110)
[2025-09-10T13:36:19.777+0000] {spark_submit.py:644} INFO - at scala.util.Try$.apply(Try.scala:217)
[2025-09-10T13:36:19.777+0000] {spark_submit.py:644} INFO - at org.apache.spark.util.Utils$.doTryWithCallerStacktrace(Utils.scala:1378)
[2025-09-10T13:36:19.777+0000] {spark_submit.py:644} INFO - at org.apache.spark.util.LazyTry.tryT$lzycompute(LazyTry.scala:46)
[2025-09-10T13:36:19.778+0000] {spark_submit.py:644} INFO - at org.apache.spark.util.LazyTry.tryT(LazyTry.scala:46)
[2025-09-10T13:36:19.779+0000] {spark_submit.py:644} INFO - at org.apache.spark.util.LazyTry.get(LazyTry.scala:58)
[2025-09-10T13:36:19.779+0000] {spark_submit.py:644} INFO - at org.apache.spark.sql.execution.QueryExecution.analyzed(QueryExecution.scala:121)
[2025-09-10T13:36:19.780+0000] {spark_submit.py:644} INFO - at org.apache.spark.sql.execution.QueryExecution.assertAnalyzed(QueryExecution.scala:80)
[2025-09-10T13:36:19.780+0000] {spark_submit.py:644} INFO - at org.apache.spark.sql.classic.Dataset$.$anonfun$ofRows$1(Dataset.scala:115)
[2025-09-10T13:36:19.781+0000] {spark_submit.py:644} INFO - at org.apache.spark.sql.SparkSession.withActive(SparkSession.scala:804)
[2025-09-10T13:36:19.781+0000] {spark_submit.py:644} INFO - at org.apache.spark.sql.classic.Dataset$.ofRows(Dataset.scala:113)
[2025-09-10T13:36:19.782+0000] {spark_submit.py:644} INFO - at org.apache.spark.sql.classic.DataFrameReader.load(DataFrameReader.scala:109)
[2025-09-10T13:36:19.782+0000] {spark_submit.py:644} INFO - at org.apache.spark.sql.classic.DataFrameReader.load(DataFrameReader.scala:58)
[2025-09-10T13:36:19.783+0000] {spark_submit.py:644} INFO - at org.apache.spark.sql.DataFrameReader.csv(DataFrameReader.scala:392)
[2025-09-10T13:36:19.783+0000] {spark_submit.py:644} INFO - at org.apache.spark.sql.classic.DataFrameReader.csv(DataFrameReader.scala:259)
[2025-09-10T13:36:19.784+0000] {spark_submit.py:644} INFO - at org.apache.spark.sql.classic.DataFrameReader.csv(DataFrameReader.scala:58)
[2025-09-10T13:36:19.784+0000] {spark_submit.py:644} INFO - at java.base/jdk.internal.reflect.NativeMethodAccessorImpl.invoke0(Native Method)
[2025-09-10T13:36:19.785+0000] {spark_submit.py:644} INFO - at java.base/jdk.internal.reflect.NativeMethodAccessorImpl.invoke(NativeMethodAccessorImpl.java:77)
[2025-09-10T13:36:19.785+0000] {spark_submit.py:644} INFO - at java.base/jdk.internal.reflect.DelegatingMethodAccessorImpl.invoke(DelegatingMethodAccessorImpl.java:43)
[2025-09-10T13:36:19.786+0000] {spark_submit.py:644} INFO - at java.base/java.lang.reflect.Method.invoke(Method.java:569)
[2025-09-10T13:36:19.786+0000] {spark_submit.py:644} INFO - at py4j.reflection.MethodInvoker.invoke(MethodInvoker.java:244)
[2025-09-10T13:36:19.787+0000] {spark_submit.py:644} INFO - at py4j.reflection.ReflectionEngine.invoke(ReflectionEngine.java:374)
[2025-09-10T13:36:19.787+0000] {spark_submit.py:644} INFO - at py4j.Gateway.invoke(Gateway.java:282)
[2025-09-10T13:36:19.788+0000] {spark_submit.py:644} INFO - at py4j.commands.AbstractCommand.invokeMethod(AbstractCommand.java:132)
[2025-09-10T13:36:19.788+0000] {spark_submit.py:644} INFO - at py4j.commands.CallCommand.execute(CallCommand.java:79)
[2025-09-10T13:36:19.789+0000] {spark_submit.py:644} INFO - at py4j.ClientServerConnection.waitForCommands(ClientServerConnection.java:184)
[2025-09-10T13:36:19.789+0000] {spark_submit.py:644} INFO - at py4j.ClientServerConnection.run(ClientServerConnection.java:108)
[2025-09-10T13:36:19.790+0000] {spark_submit.py:644} INFO - at java.base/java.lang.Thread.run(Thread.java:840)
[2025-09-10T13:36:19.791+0000] {spark_submit.py:644} INFO - 25/09/10 13:36:19 WARN MetricsConfig: Cannot locate configuration: tried hadoop-metrics2-s3a-file-system.properties,hadoop-metrics2.properties
[2025-09-10T13:36:19.791+0000] {spark_submit.py:644} INFO - 25/09/10 13:36:19 INFO MetricsSystemImpl: Scheduled Metric snapshot period at 10 second(s).
[2025-09-10T13:36:19.792+0000] {spark_submit.py:644} INFO - 25/09/10 13:36:19 INFO MetricsSystemImpl: s3a-file-system metrics system started
[2025-09-10T13:36:19.792+0000] {spark_submit.py:644} INFO - 25/09/10 13:36:19 INFO MetricsSystemImpl: Stopping s3a-file-system metrics system...
[2025-09-10T13:36:19.793+0000] {spark_submit.py:644} INFO - 25/09/10 13:36:19 INFO MetricsSystemImpl: s3a-file-system metrics system stopped.
[2025-09-10T13:36:19.793+0000] {spark_submit.py:644} INFO - 25/09/10 13:36:19 INFO MetricsSystemImpl: s3a-file-system metrics system shutdown complete.
[2025-09-10T13:36:19.794+0000] {spark_submit.py:644} INFO - 25/09/10 13:36:19 WARN FileSystem: Failed to initialize filesystem s3a://data-lake/IMDB%20Movies%202000%20-%202020.csv: java.lang.NumberFormatException: For input string: "60s"
[2025-09-10T13:36:19.816+0000] {spark_submit.py:644} INFO - Traceback (most recent call last):
[2025-09-10T13:36:19.817+0000] {spark_submit.py:644} INFO - File "/opt/***/dags/spark_job.py", line 17, in <module>
[2025-09-10T13:36:19.819+0000] {spark_submit.py:644} INFO - df = spark.read.csv("s3a://data-lake/IMDB Movies 2000 - 2020.csv", header=True, inferSchema=True)
[2025-09-10T13:36:19.820+0000] {spark_submit.py:644} INFO - ^^^^^^^^^^^^^^^^^^^^^^^^^^^^^^^^^^^^^^^^^^^^^^^^^^^^^^^^^^^^^^^^^^^^^^^^^^^^^^^^^^^^^^^^^^^^
[2025-09-10T13:36:19.821+0000] {spark_submit.py:644} INFO - File "/home/***/.local/lib/python3.12/site-packages/pyspark/python/lib/pyspark.zip/pyspark/sql/readwriter.py", line 838, in csv
[2025-09-10T13:36:19.822+0000] {spark_submit.py:644} INFO - File "/home/***/.local/lib/python3.12/site-packages/pyspark/python/lib/py4j-0.10.9.9-src.zip/py4j/java_gateway.py", line 1362, in __call__
[2025-09-10T13:36:19.822+0000] {spark_submit.py:644} INFO - File "/home/***/.local/lib/python3.12/site-packages/pyspark/python/lib/pyspark.zip/pyspark/errors/exceptions/captured.py", line 288, in deco
[2025-09-10T13:36:19.828+0000] {spark_submit.py:644} INFO - pyspark.errors.exceptions.captured.NumberFormatException: For input string: "60s"
[2025-09-10T13:36:20.053+0000] {spark_submit.py:644} INFO - 25/09/10 13:36:20 INFO SparkContext: Invoking stop() from shutdown hook
[2025-09-10T13:36:20.059+0000] {spark_submit.py:644} INFO - 25/09/10 13:36:20 INFO SparkContext: SparkContext is stopping with exitCode 0 from run at Executors.java:539.
[2025-09-10T13:36:20.079+0000] {spark_submit.py:644} INFO - 25/09/10 13:36:20 INFO SparkUI: Stopped Spark web UI at http://ee346efe231b:4040
[2025-09-10T13:36:20.085+0000] {spark_submit.py:644} INFO - 25/09/10 13:36:20 INFO StandaloneSchedulerBackend: Shutting down all executors
[2025-09-10T13:36:20.086+0000] {spark_submit.py:644} INFO - 25/09/10 13:36:20 INFO StandaloneSchedulerBackend$StandaloneDriverEndpoint: Asking each executor to shut down
[2025-09-10T13:36:20.117+0000] {spark_submit.py:644} INFO - 25/09/10 13:36:20 INFO MapOutputTrackerMasterEndpoint: MapOutputTrackerMasterEndpoint stopped!
[2025-09-10T13:36:20.178+0000] {spark_submit.py:644} INFO - 25/09/10 13:36:20 INFO MemoryStore: MemoryStore started with capacity 434.4 MiB
[2025-09-10T13:36:20.185+0000] {spark_submit.py:644} INFO - 25/09/10 13:36:20 INFO MemoryStore: MemoryStore cleared
[2025-09-10T13:36:20.188+0000] {spark_submit.py:644} INFO - 25/09/10 13:36:20 INFO BlockManager: BlockManager stopped
[2025-09-10T13:36:20.210+0000] {spark_submit.py:644} INFO - 25/09/10 13:36:20 INFO BlockManagerMaster: BlockManagerMaster stopped
[2025-09-10T13:36:20.214+0000] {spark_submit.py:644} INFO - 25/09/10 13:36:20 INFO OutputCommitCoordinator$OutputCommitCoordinatorEndpoint: OutputCommitCoordinator stopped!
[2025-09-10T13:36:20.240+0000] {spark_submit.py:644} INFO - 25/09/10 13:36:20 ERROR TransportRequestHandler: Error sending result StreamResponse[streamId=/files/com.amazonaws_aws-java-sdk-bundle-1.12.262.jar,byteCount=280645251,body=FileSegmentManagedBuffer[file=/home/***/.ivy2.5.2/jars/com.amazonaws_aws-java-sdk-bundle-1.12.262.jar,offset=0,length=280645251]] to /172.18.0.7:59136; closing connection
[2025-09-10T13:36:20.242+0000] {spark_submit.py:644} INFO - io.netty.channel.StacklessClosedChannelException
[2025-09-10T13:36:20.243+0000] {spark_submit.py:644} INFO - at io.netty.channel.AbstractChannel.close(ChannelPromise)(Unknown Source)
[2025-09-10T13:36:20.337+0000] {spark_submit.py:644} INFO - 25/09/10 13:36:20 INFO SparkContext: Successfully stopped SparkContext
[2025-09-10T13:36:20.338+0000] {spark_submit.py:644} INFO - 25/09/10 13:36:20 INFO ShutdownHookManager: Shutdown hook called
[2025-09-10T13:36:20.339+0000] {spark_submit.py:644} INFO - 25/09/10 13:36:20 INFO ShutdownHookManager: Deleting directory /tmp/spark-613e0dd7-4cc4-4a97-8295-9f8e00a6212a
[2025-09-10T13:36:20.348+0000] {spark_submit.py:644} INFO - 25/09/10 13:36:20 INFO ShutdownHookManager: Deleting directory /tmp/spark-613e0dd7-4cc4-4a97-8295-9f8e00a6212a/pyspark-7f6be04b-ccab-4bb7-a11c-add7e4f55c66
[2025-09-10T13:36:20.357+0000] {spark_submit.py:644} INFO - 25/09/10 13:36:20 INFO ShutdownHookManager: Deleting directory /tmp/spark-e852974c-e017-41ef-af49-4fb05d8d041a
[2025-09-10T13:36:20.465+0000] {taskinstance.py:441} INFO - ::group::Post task execution logs
[2025-09-10T13:36:20.512+0000] {taskinstance.py:2905} ERROR - Task failed with exception
Traceback (most recent call last):
  File "/home/airflow/.local/lib/python3.12/site-packages/airflow/models/taskinstance.py", line 465, in _execute_task
    result = _execute_callable(context=context, **execute_callable_kwargs)
             ^^^^^^^^^^^^^^^^^^^^^^^^^^^^^^^^^^^^^^^^^^^^^^^^^^^^^^^^^^^^^
  File "/home/airflow/.local/lib/python3.12/site-packages/airflow/models/taskinstance.py", line 432, in _execute_callable
    return execute_callable(context=context, **execute_callable_kwargs)
           ^^^^^^^^^^^^^^^^^^^^^^^^^^^^^^^^^^^^^^^^^^^^^^^^^^^^^^^^^^^^
  File "/home/airflow/.local/lib/python3.12/site-packages/airflow/models/baseoperator.py", line 401, in wrapper
    return func(self, *args, **kwargs)
           ^^^^^^^^^^^^^^^^^^^^^^^^^^^
  File "/home/airflow/.local/lib/python3.12/site-packages/airflow/providers/apache/spark/operators/spark_submit.py", line 197, in execute
    self._hook.submit(self.application)
  File "/home/airflow/.local/lib/python3.12/site-packages/airflow/providers/apache/spark/hooks/spark_submit.py", line 566, in submit
    raise AirflowException(
airflow.exceptions.AirflowException: Cannot execute: spark-submit --master spark://spark-master:7077 --conf spark.master=spark://spark-master:7077 --conf spark.hadoop.fs.s3a.access.key=minio --conf spark.hadoop.fs.s3a.secret.key=****** --conf spark.hadoop.fs.s3a.endpoint=http://minio:9000 --conf spark.hadoop.fs.s3a.path.style.access=true --conf spark.hadoop.fs.s3a.connection.timeout=60 --packages org.apache.hadoop:hadoop-aws:3.3.4,com.amazonaws:aws-java-sdk-bundle:1.12.2 --name arrow-spark --verbose --deploy-mode client /opt/***/dags/spark_job.py. Error code is: 1.
[2025-09-10T13:36:20.527+0000] {taskinstance.py:1206} INFO - Marking task as FAILED. dag_id=spark_movie_processing_pipeline, task_id=run_spark_job, run_id=manual__2025-09-10T13:35:57.698432+00:00, execution_date=20250910T133557, start_date=20250910T133559, end_date=20250910T133620
[2025-09-10T13:36:20.562+0000] {standard_task_runner.py:110} ERROR - Failed to execute job 4 for task run_spark_job (Cannot execute: spark-submit --master spark://spark-master:7077 --conf spark.master=spark://spark-master:7077 --conf spark.hadoop.fs.s3a.access.key=minio --conf spark.hadoop.fs.s3a.secret.key=****** --conf spark.hadoop.fs.s3a.endpoint=http://minio:9000 --conf spark.hadoop.fs.s3a.path.style.access=true --conf spark.hadoop.fs.s3a.connection.timeout=60 --packages org.apache.hadoop:hadoop-aws:3.3.4,com.amazonaws:aws-java-sdk-bundle:1.12.2 --name arrow-spark --verbose --deploy-mode client /opt/***/dags/spark_job.py. Error code is: 1.; 398)
[2025-09-10T13:36:20.609+0000] {local_task_job_runner.py:243} INFO - Task exited with return code 1
[2025-09-10T13:36:20.641+0000] {taskinstance.py:3503} INFO - 0 downstream tasks scheduled from follow-on schedule check
[2025-09-10T13:36:20.646+0000] {local_task_job_runner.py:222} INFO - ::endgroup::
