[2025-08-25T16:39:19.438+0000] {local_task_job_runner.py:120} INFO - ::group::Pre task execution logs
[2025-08-25T16:39:19.477+0000] {taskinstance.py:2076} INFO - Dependencies all met for dep_context=non-requeueable deps ti=<TaskInstance: nas_prvi_dag.zadatak_A manual__2025-08-25T16:39:15.324799+00:00 [queued]>
[2025-08-25T16:39:19.488+0000] {taskinstance.py:2076} INFO - Dependencies all met for dep_context=requeueable deps ti=<TaskInstance: nas_prvi_dag.zadatak_A manual__2025-08-25T16:39:15.324799+00:00 [queued]>
[2025-08-25T16:39:19.489+0000] {taskinstance.py:2306} INFO - Starting attempt 1 of 1
[2025-08-25T16:39:19.515+0000] {taskinstance.py:2330} INFO - Executing <Task(BashOperator): zadatak_A> on 2025-08-25 16:39:15.324799+00:00
[2025-08-25T16:39:19.533+0000] {warnings.py:112} WARNING - /home/***/.local/lib/python3.12/site-packages/***/task/task_runner/standard_task_runner.py:61: DeprecationWarning: This process (pid=1402) is multi-threaded, use of fork() may lead to deadlocks in the child.
  pid = os.fork()

[2025-08-25T16:39:19.537+0000] {standard_task_runner.py:63} INFO - Started process 1404 to run task
[2025-08-25T16:39:19.536+0000] {standard_task_runner.py:90} INFO - Running: ['***', 'tasks', 'run', 'nas_prvi_dag', 'zadatak_A', 'manual__2025-08-25T16:39:15.324799+00:00', '--job-id', '8', '--raw', '--subdir', 'DAGS_FOLDER/prvi_dag.py', '--cfg-path', '/tmp/tmp_nly2pdf']
[2025-08-25T16:39:19.543+0000] {standard_task_runner.py:91} INFO - Job 8: Subtask zadatak_A
[2025-08-25T16:39:19.702+0000] {task_command.py:426} INFO - Running <TaskInstance: nas_prvi_dag.zadatak_A manual__2025-08-25T16:39:15.324799+00:00 [running]> on host 5ce1f97bdd1f
[2025-08-25T16:39:19.930+0000] {taskinstance.py:2648} INFO - Exporting env vars: AIRFLOW_CTX_DAG_OWNER='***' AIRFLOW_CTX_DAG_ID='nas_prvi_dag' AIRFLOW_CTX_TASK_ID='zadatak_A' AIRFLOW_CTX_EXECUTION_DATE='2025-08-25T16:39:15.324799+00:00' AIRFLOW_CTX_TRY_NUMBER='1' AIRFLOW_CTX_DAG_RUN_ID='manual__2025-08-25T16:39:15.324799+00:00'
[2025-08-25T16:39:19.933+0000] {taskinstance.py:430} INFO - ::endgroup::
[2025-08-25T16:39:19.935+0000] {subprocess.py:63} INFO - Tmp dir root location: /tmp
[2025-08-25T16:39:19.937+0000] {subprocess.py:75} INFO - Running command: ['/usr/bin/bash', '-c', 'echo "Zadatak A je završen."']
[2025-08-25T16:39:19.961+0000] {subprocess.py:86} INFO - Output:
[2025-08-25T16:39:19.967+0000] {subprocess.py:93} INFO - Zadatak A je završen.
[2025-08-25T16:39:19.969+0000] {subprocess.py:97} INFO - Command exited with return code 0
[2025-08-25T16:39:19.971+0000] {taskinstance.py:441} INFO - ::group::Post task execution logs
[2025-08-25T16:39:20.015+0000] {taskinstance.py:1206} INFO - Marking task as SUCCESS. dag_id=nas_prvi_dag, task_id=zadatak_A, run_id=manual__2025-08-25T16:39:15.324799+00:00, execution_date=20250825T163915, start_date=20250825T163919, end_date=20250825T163920
[2025-08-25T16:39:20.079+0000] {local_task_job_runner.py:240} INFO - Task exited with return code 0
[2025-08-25T16:39:20.138+0000] {taskinstance.py:3503} INFO - 1 downstream tasks scheduled from follow-on schedule check
[2025-08-25T16:39:20.149+0000] {local_task_job_runner.py:222} INFO - ::endgroup::
