[2025-09-10T13:45:09.415+0000] {local_task_job_runner.py:120} INFO - ::group::Pre task execution logs
[2025-09-10T13:45:09.474+0000] {taskinstance.py:2076} INFO - Dependencies all met for dep_context=non-requeueable deps ti=<TaskInstance: spark_movie_processing_pipeline.run_spark_job manual__2025-09-10T13:45:07.892324+00:00 [queued]>
[2025-09-10T13:45:09.489+0000] {taskinstance.py:2076} INFO - Dependencies all met for dep_context=requeueable deps ti=<TaskInstance: spark_movie_processing_pipeline.run_spark_job manual__2025-09-10T13:45:07.892324+00:00 [queued]>
[2025-09-10T13:45:09.490+0000] {taskinstance.py:2306} INFO - Starting attempt 1 of 1
[2025-09-10T13:45:09.518+0000] {taskinstance.py:2330} INFO - Executing <Task(SparkSubmitOperator): run_spark_job> on 2025-09-10 13:45:07.892324+00:00
[2025-09-10T13:45:09.530+0000] {warnings.py:112} WARNING - /home/***/.local/lib/python3.12/site-packages/***/task/task_runner/standard_task_runner.py:62: DeprecationWarning: This process (pid=751) is multi-threaded, use of fork() may lead to deadlocks in the child.
  pid = os.fork()

[2025-09-10T13:45:09.530+0000] {standard_task_runner.py:90} INFO - Running: ['***', 'tasks', 'run', 'spark_movie_processing_pipeline', 'run_spark_job', 'manual__2025-09-10T13:45:07.892324+00:00', '--job-id', '6', '--raw', '--subdir', 'DAGS_FOLDER/spark_movies_dag.py', '--cfg-path', '/tmp/tmp824nes7n']
[2025-09-10T13:45:09.534+0000] {standard_task_runner.py:64} INFO - Started process 752 to run task
[2025-09-10T13:45:09.534+0000] {standard_task_runner.py:91} INFO - Job 6: Subtask run_spark_job
[2025-09-10T13:45:09.694+0000] {task_command.py:426} INFO - Running <TaskInstance: spark_movie_processing_pipeline.run_spark_job manual__2025-09-10T13:45:07.892324+00:00 [running]> on host ee346efe231b
[2025-09-10T13:45:09.889+0000] {taskinstance.py:2648} INFO - Exporting env vars: AIRFLOW_CTX_DAG_OWNER='***' AIRFLOW_CTX_DAG_ID='spark_movie_processing_pipeline' AIRFLOW_CTX_TASK_ID='run_spark_job' AIRFLOW_CTX_EXECUTION_DATE='2025-09-10T13:45:07.892324+00:00' AIRFLOW_CTX_TRY_NUMBER='1' AIRFLOW_CTX_DAG_RUN_ID='manual__2025-09-10T13:45:07.892324+00:00'
[2025-09-10T13:45:09.891+0000] {taskinstance.py:430} INFO - ::endgroup::
[2025-09-10T13:45:09.916+0000] {base.py:84} INFO - Using connection ID 'spark_connection' for task execution.
[2025-09-10T13:45:09.918+0000] {spark_submit.py:474} INFO - Spark-Submit cmd: spark-submit --master spark://spark-master:7077 --conf spark.master=spark://spark-master:7077 --conf spark.hadoop.fs.s3a.access.key=minio --conf spark.hadoop.fs.s3a.secret.key=****** --conf spark.hadoop.fs.s3a.endpoint=http://minio:9000 --conf spark.hadoop.fs.s3a.path.style.access=true --conf spark.hadoop.fs.s3a.connection.timeout=60 --packages org.apache.hadoop:hadoop-aws:3.3.4,com.amazonaws:aws-java-sdk-bundle:1.12.2 --name arrow-spark --verbose --deploy-mode client /opt/***/dags/spark_job.py
[2025-09-10T13:45:10.624+0000] {spark_submit.py:644} INFO - WARNING: Using incubator modules: jdk.incubator.vector
[2025-09-10T13:45:12.490+0000] {spark_submit.py:644} INFO - Parsed arguments:
[2025-09-10T13:45:12.491+0000] {spark_submit.py:644} INFO - master                  spark://spark-master:7077
[2025-09-10T13:45:12.492+0000] {spark_submit.py:644} INFO - remote                  null
[2025-09-10T13:45:12.492+0000] {spark_submit.py:644} INFO - deployMode              client
[2025-09-10T13:45:12.493+0000] {spark_submit.py:644} INFO - executorMemory          null
[2025-09-10T13:45:12.494+0000] {spark_submit.py:644} INFO - executorCores           null
[2025-09-10T13:45:12.495+0000] {spark_submit.py:644} INFO - totalExecutorCores      null
[2025-09-10T13:45:12.496+0000] {spark_submit.py:644} INFO - propertiesFile          null
[2025-09-10T13:45:12.497+0000] {spark_submit.py:644} INFO - driverMemory            null
[2025-09-10T13:45:12.498+0000] {spark_submit.py:644} INFO - driverCores             null
[2025-09-10T13:45:12.499+0000] {spark_submit.py:644} INFO - driverExtraClassPath    null
[2025-09-10T13:45:12.500+0000] {spark_submit.py:644} INFO - driverExtraLibraryPath  null
[2025-09-10T13:45:12.501+0000] {spark_submit.py:644} INFO - driverExtraJavaOptions  null
[2025-09-10T13:45:12.502+0000] {spark_submit.py:644} INFO - supervise               false
[2025-09-10T13:45:12.503+0000] {spark_submit.py:644} INFO - queue                   null
[2025-09-10T13:45:12.504+0000] {spark_submit.py:644} INFO - numExecutors            null
[2025-09-10T13:45:12.505+0000] {spark_submit.py:644} INFO - files                   null
[2025-09-10T13:45:12.506+0000] {spark_submit.py:644} INFO - pyFiles                 null
[2025-09-10T13:45:12.506+0000] {spark_submit.py:644} INFO - archives                null
[2025-09-10T13:45:12.507+0000] {spark_submit.py:644} INFO - mainClass               null
[2025-09-10T13:45:12.508+0000] {spark_submit.py:644} INFO - primaryResource         file:/opt/***/dags/spark_job.py
[2025-09-10T13:45:12.508+0000] {spark_submit.py:644} INFO - name                    arrow-spark
[2025-09-10T13:45:12.509+0000] {spark_submit.py:644} INFO - childArgs               []
[2025-09-10T13:45:12.511+0000] {spark_submit.py:644} INFO - jars                    null
[2025-09-10T13:45:12.512+0000] {spark_submit.py:644} INFO - packages                org.apache.hadoop:hadoop-aws:3.3.4,com.amazonaws:aws-java-sdk-bundle:1.12.2
[2025-09-10T13:45:12.513+0000] {spark_submit.py:644} INFO - packagesExclusions      null
[2025-09-10T13:45:12.514+0000] {spark_submit.py:644} INFO - repositories            null
[2025-09-10T13:45:12.515+0000] {spark_submit.py:644} INFO - verbose                 true
[2025-09-10T13:45:12.516+0000] {spark_submit.py:644} INFO - 
[2025-09-10T13:45:12.517+0000] {spark_submit.py:644} INFO - Spark properties used, including those specified through
[2025-09-10T13:45:12.518+0000] {spark_submit.py:644} INFO - --conf and those from the properties file null:
[2025-09-10T13:45:12.519+0000] {spark_submit.py:644} INFO - (spark.hadoop.fs.s3a.access.key,*********(redacted))
[2025-09-10T13:45:12.520+0000] {spark_submit.py:644} INFO - (spark.hadoop.fs.s3a.connection.timeout,60)
[2025-09-10T13:45:12.520+0000] {spark_submit.py:644} INFO - (spark.hadoop.fs.s3a.endpoint,http://minio:9000)
[2025-09-10T13:45:12.521+0000] {spark_submit.py:644} INFO - (spark.hadoop.fs.s3a.path.style.access,true)
[2025-09-10T13:45:12.522+0000] {spark_submit.py:644} INFO - (spark.hadoop.fs.s3a.secret.key,*********(redacted))
[2025-09-10T13:45:12.523+0000] {spark_submit.py:644} INFO - (spark.master,spark://spark-master:7077)
[2025-09-10T13:45:12.524+0000] {spark_submit.py:644} INFO - 
[2025-09-10T13:45:12.525+0000] {spark_submit.py:644} INFO - 
[2025-09-10T13:45:12.642+0000] {spark_submit.py:644} INFO - :: loading settings :: url = jar:file:/home/***/.local/lib/python3.12/site-packages/pyspark/jars/ivy-2.5.3.jar!/org/apache/ivy/core/settings/ivysettings.xml
[2025-09-10T13:45:12.790+0000] {spark_submit.py:644} INFO - Ivy Default Cache set to: /home/***/.ivy2.5.2/cache
[2025-09-10T13:45:12.792+0000] {spark_submit.py:644} INFO - The jars for the packages stored in: /home/***/.ivy2.5.2/jars
[2025-09-10T13:45:12.798+0000] {spark_submit.py:644} INFO - org.apache.hadoop#hadoop-aws added as a dependency
[2025-09-10T13:45:12.799+0000] {spark_submit.py:644} INFO - com.amazonaws#aws-java-sdk-bundle added as a dependency
[2025-09-10T13:45:12.800+0000] {spark_submit.py:644} INFO - :: resolving dependencies :: org.apache.spark#spark-submit-parent-a7edffbd-e057-45f5-bd85-605a0c3b884c;1.0
[2025-09-10T13:45:12.800+0000] {spark_submit.py:644} INFO - confs: [default]
[2025-09-10T13:45:13.064+0000] {spark_submit.py:644} INFO - found org.apache.hadoop#hadoop-aws;3.3.4 in central
[2025-09-10T13:45:13.110+0000] {spark_submit.py:644} INFO - found com.amazonaws#aws-java-sdk-bundle;1.12.262 in central
[2025-09-10T13:45:13.157+0000] {spark_submit.py:644} INFO - found org.wildfly.openssl#wildfly-openssl;1.0.7.Final in central
[2025-09-10T13:45:13.200+0000] {spark_submit.py:644} INFO - :: resolution report :: resolve 378ms :: artifacts dl 23ms
[2025-09-10T13:45:13.201+0000] {spark_submit.py:644} INFO - :: modules in use:
[2025-09-10T13:45:13.202+0000] {spark_submit.py:644} INFO - com.amazonaws#aws-java-sdk-bundle;1.12.262 from central in [default]
[2025-09-10T13:45:13.203+0000] {spark_submit.py:644} INFO - org.apache.hadoop#hadoop-aws;3.3.4 from central in [default]
[2025-09-10T13:45:13.204+0000] {spark_submit.py:644} INFO - org.wildfly.openssl#wildfly-openssl;1.0.7.Final from central in [default]
[2025-09-10T13:45:13.205+0000] {spark_submit.py:644} INFO - :: evicted modules:
[2025-09-10T13:45:13.206+0000] {spark_submit.py:644} INFO - com.amazonaws#aws-java-sdk-bundle;1.12.2 by [com.amazonaws#aws-java-sdk-bundle;1.12.262] in [default]
[2025-09-10T13:45:13.208+0000] {spark_submit.py:644} INFO - ---------------------------------------------------------------------
[2025-09-10T13:45:13.209+0000] {spark_submit.py:644} INFO - |                  |            modules            ||   artifacts   |
[2025-09-10T13:45:13.210+0000] {spark_submit.py:644} INFO - |       conf       | number| search|dwnlded|evicted|| number|dwnlded|
[2025-09-10T13:45:13.211+0000] {spark_submit.py:644} INFO - ---------------------------------------------------------------------
[2025-09-10T13:45:13.212+0000] {spark_submit.py:644} INFO - |      default     |   4   |   0   |   0   |   1   ||   3   |   0   |
[2025-09-10T13:45:13.213+0000] {spark_submit.py:644} INFO - ---------------------------------------------------------------------
[2025-09-10T13:45:13.214+0000] {spark_submit.py:644} INFO - :: retrieving :: org.apache.spark#spark-submit-parent-a7edffbd-e057-45f5-bd85-605a0c3b884c
[2025-09-10T13:45:13.216+0000] {spark_submit.py:644} INFO - confs: [default]
[2025-09-10T13:45:13.228+0000] {spark_submit.py:644} INFO - 0 artifacts copied, 3 already retrieved (0kB/14ms)
[2025-09-10T13:45:13.679+0000] {spark_submit.py:644} INFO - 25/09/10 13:45:13 WARN NativeCodeLoader: Unable to load native-hadoop library for your platform... using builtin-java classes where applicable
[2025-09-10T13:45:13.996+0000] {spark_submit.py:644} INFO - Main class:
[2025-09-10T13:45:13.997+0000] {spark_submit.py:644} INFO - org.apache.spark.deploy.PythonRunner
[2025-09-10T13:45:13.998+0000] {spark_submit.py:644} INFO - Arguments:
[2025-09-10T13:45:14.000+0000] {spark_submit.py:644} INFO - file:/opt/***/dags/spark_job.py
[2025-09-10T13:45:14.002+0000] {spark_submit.py:644} INFO - file:///home/***/.ivy2.5.2/jars/org.apache.hadoop_hadoop-aws-3.3.4.jar,file:///home/***/.ivy2.5.2/jars/com.amazonaws_aws-java-sdk-bundle-1.12.262.jar,file:///home/***/.ivy2.5.2/jars/org.wildfly.openssl_wildfly-openssl-1.0.7.Final.jar
[2025-09-10T13:45:14.003+0000] {spark_submit.py:644} INFO - Spark config:
[2025-09-10T13:45:14.005+0000] {spark_submit.py:644} INFO - (spark.app.name,arrow-spark)
[2025-09-10T13:45:14.007+0000] {spark_submit.py:644} INFO - (spark.app.submitTime,1757511913958)
[2025-09-10T13:45:14.008+0000] {spark_submit.py:644} INFO - (spark.files,file:///home/***/.ivy2.5.2/jars/org.apache.hadoop_hadoop-aws-3.3.4.jar,file:///home/***/.ivy2.5.2/jars/com.amazonaws_aws-java-sdk-bundle-1.12.262.jar,file:///home/***/.ivy2.5.2/jars/org.wildfly.openssl_wildfly-openssl-1.0.7.Final.jar)
[2025-09-10T13:45:14.009+0000] {spark_submit.py:644} INFO - (spark.hadoop.fs.s3a.access.key,*********(redacted))
[2025-09-10T13:45:14.010+0000] {spark_submit.py:644} INFO - (spark.hadoop.fs.s3a.connection.timeout,60)
[2025-09-10T13:45:14.010+0000] {spark_submit.py:644} INFO - (spark.hadoop.fs.s3a.endpoint,http://minio:9000)
[2025-09-10T13:45:14.011+0000] {spark_submit.py:644} INFO - (spark.hadoop.fs.s3a.path.style.access,true)
[2025-09-10T13:45:14.012+0000] {spark_submit.py:644} INFO - (spark.hadoop.fs.s3a.secret.key,*********(redacted))
[2025-09-10T13:45:14.013+0000] {spark_submit.py:644} INFO - (spark.jars,file:///home/***/.ivy2.5.2/jars/org.apache.hadoop_hadoop-aws-3.3.4.jar,file:///home/***/.ivy2.5.2/jars/com.amazonaws_aws-java-sdk-bundle-1.12.262.jar,file:///home/***/.ivy2.5.2/jars/org.wildfly.openssl_wildfly-openssl-1.0.7.Final.jar)
[2025-09-10T13:45:14.014+0000] {spark_submit.py:644} INFO - (spark.master,spark://spark-master:7077)
[2025-09-10T13:45:14.015+0000] {spark_submit.py:644} INFO - (spark.repl.local.jars,file:///home/***/.ivy2.5.2/jars/org.apache.hadoop_hadoop-aws-3.3.4.jar,file:///home/***/.ivy2.5.2/jars/com.amazonaws_aws-java-sdk-bundle-1.12.262.jar,file:///home/***/.ivy2.5.2/jars/org.wildfly.openssl_wildfly-openssl-1.0.7.Final.jar)
[2025-09-10T13:45:14.016+0000] {spark_submit.py:644} INFO - (spark.submit.deployMode,client)
[2025-09-10T13:45:14.017+0000] {spark_submit.py:644} INFO - (spark.submit.pyFiles,/home/***/.ivy2.5.2/jars/org.apache.hadoop_hadoop-aws-3.3.4.jar,/home/***/.ivy2.5.2/jars/com.amazonaws_aws-java-sdk-bundle-1.12.262.jar,/home/***/.ivy2.5.2/jars/org.wildfly.openssl_wildfly-openssl-1.0.7.Final.jar)
[2025-09-10T13:45:14.018+0000] {spark_submit.py:644} INFO - Classpath elements:
[2025-09-10T13:45:14.019+0000] {spark_submit.py:644} INFO - file:///home/***/.ivy2.5.2/jars/org.apache.hadoop_hadoop-aws-3.3.4.jar
[2025-09-10T13:45:14.020+0000] {spark_submit.py:644} INFO - file:///home/***/.ivy2.5.2/jars/com.amazonaws_aws-java-sdk-bundle-1.12.262.jar
[2025-09-10T13:45:14.021+0000] {spark_submit.py:644} INFO - file:///home/***/.ivy2.5.2/jars/org.wildfly.openssl_wildfly-openssl-1.0.7.Final.jar
[2025-09-10T13:45:14.022+0000] {spark_submit.py:644} INFO - 
[2025-09-10T13:45:14.022+0000] {spark_submit.py:644} INFO - 
[2025-09-10T13:45:17.401+0000] {spark_submit.py:644} INFO - Using Spark's default log4j profile: org/apache/spark/log4j2-defaults.properties
[2025-09-10T13:45:17.408+0000] {spark_submit.py:644} INFO - 25/09/10 13:45:17 INFO SparkContext: Running Spark version 4.0.1
[2025-09-10T13:45:17.411+0000] {spark_submit.py:644} INFO - 25/09/10 13:45:17 INFO SparkContext: OS info Linux, 6.6.87.2-microsoft-standard-WSL2, amd64
[2025-09-10T13:45:17.412+0000] {spark_submit.py:644} INFO - 25/09/10 13:45:17 INFO SparkContext: Java version 17.0.16
[2025-09-10T13:45:17.452+0000] {spark_submit.py:644} INFO - 25/09/10 13:45:17 INFO ResourceUtils: ==============================================================
[2025-09-10T13:45:17.453+0000] {spark_submit.py:644} INFO - 25/09/10 13:45:17 INFO ResourceUtils: No custom resources configured for spark.driver.
[2025-09-10T13:45:17.454+0000] {spark_submit.py:644} INFO - 25/09/10 13:45:17 INFO ResourceUtils: ==============================================================
[2025-09-10T13:45:17.454+0000] {spark_submit.py:644} INFO - 25/09/10 13:45:17 INFO SparkContext: Submitted application: MovieProcessingJob
[2025-09-10T13:45:17.494+0000] {spark_submit.py:644} INFO - 25/09/10 13:45:17 INFO ResourceProfile: Default ResourceProfile created, executor resources: Map(memory -> name: memory, amount: 1024, script: , vendor: , offHeap -> name: offHeap, amount: 0, script: , vendor: ), task resources: Map(cpus -> name: cpus, amount: 1.0)
[2025-09-10T13:45:17.500+0000] {spark_submit.py:644} INFO - 25/09/10 13:45:17 INFO ResourceProfile: Limiting resource is cpu
[2025-09-10T13:45:17.502+0000] {spark_submit.py:644} INFO - 25/09/10 13:45:17 INFO ResourceProfileManager: Added ResourceProfile id: 0
[2025-09-10T13:45:17.602+0000] {spark_submit.py:644} INFO - 25/09/10 13:45:17 INFO SecurityManager: Changing view acls to: ***
[2025-09-10T13:45:17.603+0000] {spark_submit.py:644} INFO - 25/09/10 13:45:17 INFO SecurityManager: Changing modify acls to: ***
[2025-09-10T13:45:17.604+0000] {spark_submit.py:644} INFO - 25/09/10 13:45:17 INFO SecurityManager: Changing view acls groups to: ***
[2025-09-10T13:45:17.606+0000] {spark_submit.py:644} INFO - 25/09/10 13:45:17 INFO SecurityManager: Changing modify acls groups to: ***
[2025-09-10T13:45:17.610+0000] {spark_submit.py:644} INFO - 25/09/10 13:45:17 INFO SecurityManager: SecurityManager: authentication disabled; ui acls disabled; users with view permissions: *** groups with view permissions: EMPTY; users with modify permissions: ***; groups with modify permissions: EMPTY; RPC SSL disabled
[2025-09-10T13:45:18.035+0000] {spark_submit.py:644} INFO - 25/09/10 13:45:18 INFO Utils: Successfully started service 'sparkDriver' on port 44017.
[2025-09-10T13:45:18.076+0000] {spark_submit.py:644} INFO - 25/09/10 13:45:18 INFO SparkEnv: Registering MapOutputTracker
[2025-09-10T13:45:18.094+0000] {spark_submit.py:644} INFO - 25/09/10 13:45:18 INFO SparkEnv: Registering BlockManagerMaster
[2025-09-10T13:45:18.123+0000] {spark_submit.py:644} INFO - 25/09/10 13:45:18 INFO BlockManagerMasterEndpoint: Using org.apache.spark.storage.DefaultTopologyMapper for getting topology information
[2025-09-10T13:45:18.125+0000] {spark_submit.py:644} INFO - 25/09/10 13:45:18 INFO BlockManagerMasterEndpoint: BlockManagerMasterEndpoint up
[2025-09-10T13:45:18.132+0000] {spark_submit.py:644} INFO - 25/09/10 13:45:18 INFO SparkEnv: Registering BlockManagerMasterHeartbeat
[2025-09-10T13:45:18.172+0000] {spark_submit.py:644} INFO - 25/09/10 13:45:18 INFO DiskBlockManager: Created local directory at /tmp/blockmgr-7f7c83a1-6875-4be8-9b26-0a2d35df79fe
[2025-09-10T13:45:18.208+0000] {spark_submit.py:644} INFO - 25/09/10 13:45:18 INFO SparkEnv: Registering OutputCommitCoordinator
[2025-09-10T13:45:18.422+0000] {spark_submit.py:644} INFO - 25/09/10 13:45:18 INFO JettyUtils: Start Jetty 0.0.0.0:4040 for SparkUI
[2025-09-10T13:45:18.534+0000] {spark_submit.py:644} INFO - 25/09/10 13:45:18 INFO Utils: Successfully started service 'SparkUI' on port 4040.
[2025-09-10T13:45:18.667+0000] {spark_submit.py:644} INFO - 25/09/10 13:45:18 INFO SparkContext: Added JAR file:///home/***/.ivy2.5.2/jars/org.apache.hadoop_hadoop-aws-3.3.4.jar at spark://ee346efe231b:44017/jars/org.apache.hadoop_hadoop-aws-3.3.4.jar with timestamp 1757511917386
[2025-09-10T13:45:18.668+0000] {spark_submit.py:644} INFO - 25/09/10 13:45:18 INFO SparkContext: Added JAR file:///home/***/.ivy2.5.2/jars/com.amazonaws_aws-java-sdk-bundle-1.12.262.jar at spark://ee346efe231b:44017/jars/com.amazonaws_aws-java-sdk-bundle-1.12.262.jar with timestamp 1757511917386
[2025-09-10T13:45:18.669+0000] {spark_submit.py:644} INFO - 25/09/10 13:45:18 INFO SparkContext: Added JAR file:///home/***/.ivy2.5.2/jars/org.wildfly.openssl_wildfly-openssl-1.0.7.Final.jar at spark://ee346efe231b:44017/jars/org.wildfly.openssl_wildfly-openssl-1.0.7.Final.jar with timestamp 1757511917386
[2025-09-10T13:45:18.679+0000] {spark_submit.py:644} INFO - 25/09/10 13:45:18 INFO SparkContext: Added file file:///home/***/.ivy2.5.2/jars/org.apache.hadoop_hadoop-aws-3.3.4.jar at spark://ee346efe231b:44017/files/org.apache.hadoop_hadoop-aws-3.3.4.jar with timestamp 1757511917386
[2025-09-10T13:45:18.683+0000] {spark_submit.py:644} INFO - 25/09/10 13:45:18 INFO Utils: Copying /home/***/.ivy2.5.2/jars/org.apache.hadoop_hadoop-aws-3.3.4.jar to /tmp/spark-ceccefdc-dd00-479f-8c6e-d35f01555193/userFiles-b6fda56c-d7de-4aef-97df-4059b1183c12/org.apache.hadoop_hadoop-aws-3.3.4.jar
[2025-09-10T13:45:18.718+0000] {spark_submit.py:644} INFO - 25/09/10 13:45:18 INFO SparkContext: Added file file:///home/***/.ivy2.5.2/jars/com.amazonaws_aws-java-sdk-bundle-1.12.262.jar at spark://ee346efe231b:44017/files/com.amazonaws_aws-java-sdk-bundle-1.12.262.jar with timestamp 1757511917386
[2025-09-10T13:45:18.719+0000] {spark_submit.py:644} INFO - 25/09/10 13:45:18 INFO Utils: Copying /home/***/.ivy2.5.2/jars/com.amazonaws_aws-java-sdk-bundle-1.12.262.jar to /tmp/spark-ceccefdc-dd00-479f-8c6e-d35f01555193/userFiles-b6fda56c-d7de-4aef-97df-4059b1183c12/com.amazonaws_aws-java-sdk-bundle-1.12.262.jar
[2025-09-10T13:45:19.161+0000] {spark_submit.py:644} INFO - 25/09/10 13:45:19 INFO SparkContext: Added file file:///home/***/.ivy2.5.2/jars/org.wildfly.openssl_wildfly-openssl-1.0.7.Final.jar at spark://ee346efe231b:44017/files/org.wildfly.openssl_wildfly-openssl-1.0.7.Final.jar with timestamp 1757511917386
[2025-09-10T13:45:19.163+0000] {spark_submit.py:644} INFO - 25/09/10 13:45:19 INFO Utils: Copying /home/***/.ivy2.5.2/jars/org.wildfly.openssl_wildfly-openssl-1.0.7.Final.jar to /tmp/spark-ceccefdc-dd00-479f-8c6e-d35f01555193/userFiles-b6fda56c-d7de-4aef-97df-4059b1183c12/org.wildfly.openssl_wildfly-openssl-1.0.7.Final.jar
[2025-09-10T13:45:19.234+0000] {spark_submit.py:644} INFO - 25/09/10 13:45:19 INFO SecurityManager: Changing view acls to: ***
[2025-09-10T13:45:19.236+0000] {spark_submit.py:644} INFO - 25/09/10 13:45:19 INFO SecurityManager: Changing modify acls to: ***
[2025-09-10T13:45:19.237+0000] {spark_submit.py:644} INFO - 25/09/10 13:45:19 INFO SecurityManager: Changing view acls groups to: ***
[2025-09-10T13:45:19.238+0000] {spark_submit.py:644} INFO - 25/09/10 13:45:19 INFO SecurityManager: Changing modify acls groups to: ***
[2025-09-10T13:45:19.239+0000] {spark_submit.py:644} INFO - 25/09/10 13:45:19 INFO SecurityManager: SecurityManager: authentication disabled; ui acls disabled; users with view permissions: *** groups with view permissions: EMPTY; users with modify permissions: ***; groups with modify permissions: EMPTY; RPC SSL disabled
[2025-09-10T13:45:19.507+0000] {spark_submit.py:644} INFO - 25/09/10 13:45:19 INFO StandaloneAppClient$ClientEndpoint: Connecting to master spark://spark-master:7077...
[2025-09-10T13:45:19.604+0000] {spark_submit.py:644} INFO - 25/09/10 13:45:19 INFO TransportClientFactory: Successfully created connection to spark-master/172.18.0.5:7077 after 65 ms (0 ms spent in bootstraps)
[2025-09-10T13:45:19.779+0000] {spark_submit.py:644} INFO - 25/09/10 13:45:19 INFO StandaloneSchedulerBackend: Connected to Spark cluster with app ID app-20250910134519-0004
[2025-09-10T13:45:19.786+0000] {spark_submit.py:644} INFO - 25/09/10 13:45:19 INFO StandaloneAppClient$ClientEndpoint: Executor added: app-20250910134519-0004/0 on worker-20250910110743-172.18.0.7-46417 (172.18.0.7:46417) with 8 core(s)
[2025-09-10T13:45:19.796+0000] {spark_submit.py:644} INFO - 25/09/10 13:45:19 INFO StandaloneSchedulerBackend: Granted executor ID app-20250910134519-0004/0 on hostPort 172.18.0.7:46417 with 8 core(s), 1024.0 MiB RAM
[2025-09-10T13:45:19.801+0000] {spark_submit.py:644} INFO - 25/09/10 13:45:19 INFO Utils: Successfully started service 'org.apache.spark.network.netty.NettyBlockTransferService' on port 42811.
[2025-09-10T13:45:19.802+0000] {spark_submit.py:644} INFO - 25/09/10 13:45:19 INFO NettyBlockTransferService: Server created on ee346efe231b:42811
[2025-09-10T13:45:19.806+0000] {spark_submit.py:644} INFO - 25/09/10 13:45:19 INFO BlockManager: Using org.apache.spark.storage.RandomBlockReplicationPolicy for block replication policy
[2025-09-10T13:45:19.849+0000] {spark_submit.py:644} INFO - 25/09/10 13:45:19 INFO BlockManagerMaster: Registering BlockManager BlockManagerId(driver, ee346efe231b, 42811, None)
[2025-09-10T13:45:19.861+0000] {spark_submit.py:644} INFO - 25/09/10 13:45:19 INFO BlockManagerMasterEndpoint: Registering block manager ee346efe231b:42811 with 434.4 MiB RAM, BlockManagerId(driver, ee346efe231b, 42811, None)
[2025-09-10T13:45:19.866+0000] {spark_submit.py:644} INFO - 25/09/10 13:45:19 INFO BlockManagerMaster: Registered BlockManager BlockManagerId(driver, ee346efe231b, 42811, None)
[2025-09-10T13:45:19.869+0000] {spark_submit.py:644} INFO - 25/09/10 13:45:19 INFO BlockManager: Initialized BlockManager: BlockManagerId(driver, ee346efe231b, 42811, None)
[2025-09-10T13:45:19.871+0000] {spark_submit.py:644} INFO - 25/09/10 13:45:19 INFO StandaloneAppClient$ClientEndpoint: Executor updated: app-20250910134519-0004/0 is now RUNNING
[2025-09-10T13:45:20.249+0000] {spark_submit.py:644} INFO - 25/09/10 13:45:20 INFO StandaloneSchedulerBackend: SchedulerBackend is ready for scheduling beginning after reached minRegisteredResourcesRatio: 0.0
[2025-09-10T13:45:24.732+0000] {spark_submit.py:644} INFO - 25/09/10 13:45:24 INFO StandaloneSchedulerBackend$StandaloneDriverEndpoint: Registered executor NettyRpcEndpointRef(spark-client://Executor) (172.18.0.7:55792) with ID 0, ResourceProfileId 0
[2025-09-10T13:45:25.006+0000] {spark_submit.py:644} INFO - 25/09/10 13:45:25 INFO SharedState: Setting hive.metastore.warehouse.dir ('null') to the value of spark.sql.warehouse.dir.
[2025-09-10T13:45:25.012+0000] {spark_submit.py:644} INFO - 25/09/10 13:45:25 INFO SharedState: Warehouse path is 'file:/opt/***/spark-warehouse'.
[2025-09-10T13:45:25.045+0000] {spark_submit.py:644} INFO - 25/09/10 13:45:25 INFO BlockManagerMasterEndpoint: Registering block manager 172.18.0.7:41855 with 434.4 MiB RAM, BlockManagerId(0, 172.18.0.7, 41855, None)
[2025-09-10T13:45:27.239+0000] {spark_submit.py:644} INFO - 25/09/10 13:45:27 WARN MetricsConfig: Cannot locate configuration: tried hadoop-metrics2-s3a-file-system.properties,hadoop-metrics2.properties
[2025-09-10T13:45:27.257+0000] {spark_submit.py:644} INFO - 25/09/10 13:45:27 INFO MetricsSystemImpl: Scheduled Metric snapshot period at 10 second(s).
[2025-09-10T13:45:27.258+0000] {spark_submit.py:644} INFO - 25/09/10 13:45:27 INFO MetricsSystemImpl: s3a-file-system metrics system started
[2025-09-10T13:45:27.280+0000] {spark_submit.py:644} INFO - 25/09/10 13:45:27 INFO MetricsSystemImpl: Stopping s3a-file-system metrics system...
[2025-09-10T13:45:27.281+0000] {spark_submit.py:644} INFO - 25/09/10 13:45:27 INFO MetricsSystemImpl: s3a-file-system metrics system stopped.
[2025-09-10T13:45:27.281+0000] {spark_submit.py:644} INFO - 25/09/10 13:45:27 INFO MetricsSystemImpl: s3a-file-system metrics system shutdown complete.
[2025-09-10T13:45:27.282+0000] {spark_submit.py:644} INFO - 25/09/10 13:45:27 WARN FileSystem: Failed to initialize filesystem s3a://data-lake/IMDB%20Movies%202000%20-%202020.csv: java.lang.NumberFormatException: For input string: "60s"
[2025-09-10T13:45:27.286+0000] {spark_submit.py:644} INFO - 25/09/10 13:45:27 WARN FileStreamSink: Assume no metadata directory. Error while looking for metadata directory in the path: s3a://data-lake/IMDB Movies 2000 - 2020.csv.
[2025-09-10T13:45:27.287+0000] {spark_submit.py:644} INFO - java.lang.NumberFormatException: For input string: "60s"
[2025-09-10T13:45:27.287+0000] {spark_submit.py:644} INFO - at java.base/java.lang.NumberFormatException.forInputString(NumberFormatException.java:67)
[2025-09-10T13:45:27.288+0000] {spark_submit.py:644} INFO - at java.base/java.lang.Long.parseLong(Long.java:711)
[2025-09-10T13:45:27.288+0000] {spark_submit.py:644} INFO - at java.base/java.lang.Long.parseLong(Long.java:836)
[2025-09-10T13:45:27.289+0000] {spark_submit.py:644} INFO - at org.apache.hadoop.conf.Configuration.getLong(Configuration.java:1607)
[2025-09-10T13:45:27.289+0000] {spark_submit.py:644} INFO - at org.apache.hadoop.fs.s3a.S3AUtils.longOption(S3AUtils.java:1024)
[2025-09-10T13:45:27.290+0000] {spark_submit.py:644} INFO - at org.apache.hadoop.fs.s3a.S3AFileSystem.initThreadPools(S3AFileSystem.java:719)
[2025-09-10T13:45:27.290+0000] {spark_submit.py:644} INFO - at org.apache.hadoop.fs.s3a.S3AFileSystem.initialize(S3AFileSystem.java:498)
[2025-09-10T13:45:27.291+0000] {spark_submit.py:644} INFO - at org.apache.hadoop.fs.FileSystem.createFileSystem(FileSystem.java:3615)
[2025-09-10T13:45:27.291+0000] {spark_submit.py:644} INFO - at org.apache.hadoop.fs.FileSystem.access$300(FileSystem.java:172)
[2025-09-10T13:45:27.292+0000] {spark_submit.py:644} INFO - at org.apache.hadoop.fs.FileSystem$Cache.getInternal(FileSystem.java:3716)
[2025-09-10T13:45:27.292+0000] {spark_submit.py:644} INFO - at org.apache.hadoop.fs.FileSystem$Cache.get(FileSystem.java:3667)
[2025-09-10T13:45:27.293+0000] {spark_submit.py:644} INFO - at org.apache.hadoop.fs.FileSystem.get(FileSystem.java:557)
[2025-09-10T13:45:27.293+0000] {spark_submit.py:644} INFO - at org.apache.hadoop.fs.Path.getFileSystem(Path.java:366)
[2025-09-10T13:45:27.294+0000] {spark_submit.py:644} INFO - at org.apache.spark.sql.execution.streaming.FileStreamSink$.hasMetadata(FileStreamSink.scala:55)
[2025-09-10T13:45:27.294+0000] {spark_submit.py:644} INFO - at org.apache.spark.sql.execution.datasources.DataSource.resolveRelation(DataSource.scala:381)
[2025-09-10T13:45:27.295+0000] {spark_submit.py:644} INFO - at org.apache.spark.sql.catalyst.analysis.ResolveDataSource.org$apache$spark$sql$catalyst$analysis$ResolveDataSource$$loadV1BatchSource(ResolveDataSource.scala:143)
[2025-09-10T13:45:27.295+0000] {spark_submit.py:644} INFO - at org.apache.spark.sql.catalyst.analysis.ResolveDataSource$$anonfun$apply$1.$anonfun$applyOrElse$2(ResolveDataSource.scala:61)
[2025-09-10T13:45:27.296+0000] {spark_submit.py:644} INFO - at scala.Option.getOrElse(Option.scala:201)
[2025-09-10T13:45:27.296+0000] {spark_submit.py:644} INFO - at org.apache.spark.sql.catalyst.analysis.ResolveDataSource$$anonfun$apply$1.applyOrElse(ResolveDataSource.scala:61)
[2025-09-10T13:45:27.296+0000] {spark_submit.py:644} INFO - at org.apache.spark.sql.catalyst.analysis.ResolveDataSource$$anonfun$apply$1.applyOrElse(ResolveDataSource.scala:45)
[2025-09-10T13:45:27.297+0000] {spark_submit.py:644} INFO - at org.apache.spark.sql.catalyst.plans.logical.AnalysisHelper.$anonfun$resolveOperatorsUpWithPruning$3(AnalysisHelper.scala:139)
[2025-09-10T13:45:27.298+0000] {spark_submit.py:644} INFO - at org.apache.spark.sql.catalyst.trees.CurrentOrigin$.withOrigin(origin.scala:86)
[2025-09-10T13:45:27.299+0000] {spark_submit.py:644} INFO - at org.apache.spark.sql.catalyst.plans.logical.AnalysisHelper.$anonfun$resolveOperatorsUpWithPruning$1(AnalysisHelper.scala:139)
[2025-09-10T13:45:27.300+0000] {spark_submit.py:644} INFO - at org.apache.spark.sql.catalyst.plans.logical.AnalysisHelper$.allowInvokingTransformsInAnalyzer(AnalysisHelper.scala:416)
[2025-09-10T13:45:27.301+0000] {spark_submit.py:644} INFO - at org.apache.spark.sql.catalyst.plans.logical.AnalysisHelper.resolveOperatorsUpWithPruning(AnalysisHelper.scala:135)
[2025-09-10T13:45:27.301+0000] {spark_submit.py:644} INFO - at org.apache.spark.sql.catalyst.plans.logical.AnalysisHelper.resolveOperatorsUpWithPruning$(AnalysisHelper.scala:131)
[2025-09-10T13:45:27.302+0000] {spark_submit.py:644} INFO - at org.apache.spark.sql.catalyst.plans.logical.LogicalPlan.resolveOperatorsUpWithPruning(LogicalPlan.scala:37)
[2025-09-10T13:45:27.302+0000] {spark_submit.py:644} INFO - at org.apache.spark.sql.catalyst.plans.logical.AnalysisHelper.resolveOperatorsUp(AnalysisHelper.scala:112)
[2025-09-10T13:45:27.303+0000] {spark_submit.py:644} INFO - at org.apache.spark.sql.catalyst.plans.logical.AnalysisHelper.resolveOperatorsUp$(AnalysisHelper.scala:111)
[2025-09-10T13:45:27.304+0000] {spark_submit.py:644} INFO - at org.apache.spark.sql.catalyst.plans.logical.LogicalPlan.resolveOperatorsUp(LogicalPlan.scala:37)
[2025-09-10T13:45:27.305+0000] {spark_submit.py:644} INFO - at org.apache.spark.sql.catalyst.analysis.ResolveDataSource.apply(ResolveDataSource.scala:45)
[2025-09-10T13:45:27.305+0000] {spark_submit.py:644} INFO - at org.apache.spark.sql.catalyst.analysis.ResolveDataSource.apply(ResolveDataSource.scala:43)
[2025-09-10T13:45:27.306+0000] {spark_submit.py:644} INFO - at org.apache.spark.sql.catalyst.rules.RuleExecutor.$anonfun$execute$2(RuleExecutor.scala:242)
[2025-09-10T13:45:27.307+0000] {spark_submit.py:644} INFO - at scala.collection.LinearSeqOps.foldLeft(LinearSeq.scala:183)
[2025-09-10T13:45:27.307+0000] {spark_submit.py:644} INFO - at scala.collection.LinearSeqOps.foldLeft$(LinearSeq.scala:179)
[2025-09-10T13:45:27.308+0000] {spark_submit.py:644} INFO - at scala.collection.immutable.List.foldLeft(List.scala:79)
[2025-09-10T13:45:27.308+0000] {spark_submit.py:644} INFO - at org.apache.spark.sql.catalyst.rules.RuleExecutor.$anonfun$execute$1(RuleExecutor.scala:239)
[2025-09-10T13:45:27.309+0000] {spark_submit.py:644} INFO - at org.apache.spark.sql.catalyst.rules.RuleExecutor.$anonfun$execute$1$adapted(RuleExecutor.scala:231)
[2025-09-10T13:45:27.310+0000] {spark_submit.py:644} INFO - at scala.collection.immutable.List.foreach(List.scala:334)
[2025-09-10T13:45:27.310+0000] {spark_submit.py:644} INFO - at org.apache.spark.sql.catalyst.rules.RuleExecutor.execute(RuleExecutor.scala:231)
[2025-09-10T13:45:27.311+0000] {spark_submit.py:644} INFO - at org.apache.spark.sql.catalyst.analysis.Analyzer.org$apache$spark$sql$catalyst$analysis$Analyzer$$executeSameContext(Analyzer.scala:340)
[2025-09-10T13:45:27.312+0000] {spark_submit.py:644} INFO - at org.apache.spark.sql.catalyst.analysis.Analyzer.$anonfun$execute$1(Analyzer.scala:336)
[2025-09-10T13:45:27.313+0000] {spark_submit.py:644} INFO - at org.apache.spark.sql.catalyst.analysis.AnalysisContext$.withNewAnalysisContext(Analyzer.scala:234)
[2025-09-10T13:45:27.314+0000] {spark_submit.py:644} INFO - at org.apache.spark.sql.catalyst.analysis.Analyzer.execute(Analyzer.scala:336)
[2025-09-10T13:45:27.315+0000] {spark_submit.py:644} INFO - at org.apache.spark.sql.catalyst.analysis.Analyzer.execute(Analyzer.scala:299)
[2025-09-10T13:45:27.316+0000] {spark_submit.py:644} INFO - at org.apache.spark.sql.catalyst.rules.RuleExecutor.$anonfun$executeAndTrack$1(RuleExecutor.scala:201)
[2025-09-10T13:45:27.317+0000] {spark_submit.py:644} INFO - at org.apache.spark.sql.catalyst.QueryPlanningTracker$.withTracker(QueryPlanningTracker.scala:89)
[2025-09-10T13:45:27.317+0000] {spark_submit.py:644} INFO - at org.apache.spark.sql.catalyst.rules.RuleExecutor.executeAndTrack(RuleExecutor.scala:201)
[2025-09-10T13:45:27.318+0000] {spark_submit.py:644} INFO - at org.apache.spark.sql.catalyst.analysis.resolver.HybridAnalyzer.resolveInFixedPoint(HybridAnalyzer.scala:190)
[2025-09-10T13:45:27.319+0000] {spark_submit.py:644} INFO - at org.apache.spark.sql.catalyst.analysis.resolver.HybridAnalyzer.$anonfun$apply$1(HybridAnalyzer.scala:76)
[2025-09-10T13:45:27.320+0000] {spark_submit.py:644} INFO - at org.apache.spark.sql.catalyst.analysis.resolver.HybridAnalyzer.withTrackedAnalyzerBridgeState(HybridAnalyzer.scala:111)
[2025-09-10T13:45:27.320+0000] {spark_submit.py:644} INFO - at org.apache.spark.sql.catalyst.analysis.resolver.HybridAnalyzer.apply(HybridAnalyzer.scala:71)
[2025-09-10T13:45:27.321+0000] {spark_submit.py:644} INFO - at org.apache.spark.sql.catalyst.analysis.Analyzer.$anonfun$executeAndCheck$1(Analyzer.scala:330)
[2025-09-10T13:45:27.322+0000] {spark_submit.py:644} INFO - at org.apache.spark.sql.catalyst.plans.logical.AnalysisHelper$.markInAnalyzer(AnalysisHelper.scala:423)
[2025-09-10T13:45:27.323+0000] {spark_submit.py:644} INFO - at org.apache.spark.sql.catalyst.analysis.Analyzer.executeAndCheck(Analyzer.scala:330)
[2025-09-10T13:45:27.324+0000] {spark_submit.py:644} INFO - at org.apache.spark.sql.execution.QueryExecution.$anonfun$lazyAnalyzed$2(QueryExecution.scala:110)
[2025-09-10T13:45:27.325+0000] {spark_submit.py:644} INFO - at org.apache.spark.sql.catalyst.QueryPlanningTracker.measurePhase(QueryPlanningTracker.scala:148)
[2025-09-10T13:45:27.326+0000] {spark_submit.py:644} INFO - at org.apache.spark.sql.execution.QueryExecution.$anonfun$executePhase$2(QueryExecution.scala:278)
[2025-09-10T13:45:27.326+0000] {spark_submit.py:644} INFO - at org.apache.spark.sql.execution.QueryExecution$.withInternalError(QueryExecution.scala:654)
[2025-09-10T13:45:27.327+0000] {spark_submit.py:644} INFO - at org.apache.spark.sql.execution.QueryExecution.$anonfun$executePhase$1(QueryExecution.scala:278)
[2025-09-10T13:45:27.328+0000] {spark_submit.py:644} INFO - at org.apache.spark.sql.SparkSession.withActive(SparkSession.scala:804)
[2025-09-10T13:45:27.329+0000] {spark_submit.py:644} INFO - at org.apache.spark.sql.execution.QueryExecution.executePhase(QueryExecution.scala:277)
[2025-09-10T13:45:27.332+0000] {spark_submit.py:644} INFO - at org.apache.spark.sql.execution.QueryExecution.$anonfun$lazyAnalyzed$1(QueryExecution.scala:110)
[2025-09-10T13:45:27.333+0000] {spark_submit.py:644} INFO - at scala.util.Try$.apply(Try.scala:217)
[2025-09-10T13:45:27.334+0000] {spark_submit.py:644} INFO - at org.apache.spark.util.Utils$.doTryWithCallerStacktrace(Utils.scala:1378)
[2025-09-10T13:45:27.335+0000] {spark_submit.py:644} INFO - at org.apache.spark.util.LazyTry.tryT$lzycompute(LazyTry.scala:46)
[2025-09-10T13:45:27.336+0000] {spark_submit.py:644} INFO - at org.apache.spark.util.LazyTry.tryT(LazyTry.scala:46)
[2025-09-10T13:45:27.336+0000] {spark_submit.py:644} INFO - at org.apache.spark.util.LazyTry.get(LazyTry.scala:58)
[2025-09-10T13:45:27.337+0000] {spark_submit.py:644} INFO - at org.apache.spark.sql.execution.QueryExecution.analyzed(QueryExecution.scala:121)
[2025-09-10T13:45:27.338+0000] {spark_submit.py:644} INFO - at org.apache.spark.sql.execution.QueryExecution.assertAnalyzed(QueryExecution.scala:80)
[2025-09-10T13:45:27.339+0000] {spark_submit.py:644} INFO - at org.apache.spark.sql.classic.Dataset$.$anonfun$ofRows$1(Dataset.scala:115)
[2025-09-10T13:45:27.340+0000] {spark_submit.py:644} INFO - at org.apache.spark.sql.SparkSession.withActive(SparkSession.scala:804)
[2025-09-10T13:45:27.340+0000] {spark_submit.py:644} INFO - at org.apache.spark.sql.classic.Dataset$.ofRows(Dataset.scala:113)
[2025-09-10T13:45:27.341+0000] {spark_submit.py:644} INFO - at org.apache.spark.sql.classic.DataFrameReader.load(DataFrameReader.scala:109)
[2025-09-10T13:45:27.342+0000] {spark_submit.py:644} INFO - at org.apache.spark.sql.classic.DataFrameReader.load(DataFrameReader.scala:58)
[2025-09-10T13:45:27.343+0000] {spark_submit.py:644} INFO - at org.apache.spark.sql.DataFrameReader.csv(DataFrameReader.scala:392)
[2025-09-10T13:45:27.344+0000] {spark_submit.py:644} INFO - at org.apache.spark.sql.classic.DataFrameReader.csv(DataFrameReader.scala:259)
[2025-09-10T13:45:27.345+0000] {spark_submit.py:644} INFO - at org.apache.spark.sql.classic.DataFrameReader.csv(DataFrameReader.scala:58)
[2025-09-10T13:45:27.346+0000] {spark_submit.py:644} INFO - at java.base/jdk.internal.reflect.NativeMethodAccessorImpl.invoke0(Native Method)
[2025-09-10T13:45:27.347+0000] {spark_submit.py:644} INFO - at java.base/jdk.internal.reflect.NativeMethodAccessorImpl.invoke(NativeMethodAccessorImpl.java:77)
[2025-09-10T13:45:27.348+0000] {spark_submit.py:644} INFO - at java.base/jdk.internal.reflect.DelegatingMethodAccessorImpl.invoke(DelegatingMethodAccessorImpl.java:43)
[2025-09-10T13:45:27.349+0000] {spark_submit.py:644} INFO - at java.base/java.lang.reflect.Method.invoke(Method.java:569)
[2025-09-10T13:45:27.350+0000] {spark_submit.py:644} INFO - at py4j.reflection.MethodInvoker.invoke(MethodInvoker.java:244)
[2025-09-10T13:45:27.350+0000] {spark_submit.py:644} INFO - at py4j.reflection.ReflectionEngine.invoke(ReflectionEngine.java:374)
[2025-09-10T13:45:27.351+0000] {spark_submit.py:644} INFO - at py4j.Gateway.invoke(Gateway.java:282)
[2025-09-10T13:45:27.352+0000] {spark_submit.py:644} INFO - at py4j.commands.AbstractCommand.invokeMethod(AbstractCommand.java:132)
[2025-09-10T13:45:27.352+0000] {spark_submit.py:644} INFO - at py4j.commands.CallCommand.execute(CallCommand.java:79)
[2025-09-10T13:45:27.353+0000] {spark_submit.py:644} INFO - at py4j.ClientServerConnection.waitForCommands(ClientServerConnection.java:184)
[2025-09-10T13:45:27.354+0000] {spark_submit.py:644} INFO - at py4j.ClientServerConnection.run(ClientServerConnection.java:108)
[2025-09-10T13:45:27.354+0000] {spark_submit.py:644} INFO - at java.base/java.lang.Thread.run(Thread.java:840)
[2025-09-10T13:45:27.355+0000] {spark_submit.py:644} INFO - 25/09/10 13:45:27 WARN MetricsConfig: Cannot locate configuration: tried hadoop-metrics2-s3a-file-system.properties,hadoop-metrics2.properties
[2025-09-10T13:45:27.356+0000] {spark_submit.py:644} INFO - 25/09/10 13:45:27 INFO MetricsSystemImpl: Scheduled Metric snapshot period at 10 second(s).
[2025-09-10T13:45:27.356+0000] {spark_submit.py:644} INFO - 25/09/10 13:45:27 INFO MetricsSystemImpl: s3a-file-system metrics system started
[2025-09-10T13:45:27.357+0000] {spark_submit.py:644} INFO - 25/09/10 13:45:27 INFO MetricsSystemImpl: Stopping s3a-file-system metrics system...
[2025-09-10T13:45:27.357+0000] {spark_submit.py:644} INFO - 25/09/10 13:45:27 INFO MetricsSystemImpl: s3a-file-system metrics system stopped.
[2025-09-10T13:45:27.358+0000] {spark_submit.py:644} INFO - 25/09/10 13:45:27 INFO MetricsSystemImpl: s3a-file-system metrics system shutdown complete.
[2025-09-10T13:45:27.358+0000] {spark_submit.py:644} INFO - 25/09/10 13:45:27 WARN FileSystem: Failed to initialize filesystem s3a://data-lake/IMDB%20Movies%202000%20-%202020.csv: java.lang.NumberFormatException: For input string: "60s"
[2025-09-10T13:45:27.396+0000] {spark_submit.py:644} INFO - Traceback (most recent call last):
[2025-09-10T13:45:27.396+0000] {spark_submit.py:644} INFO - File "/opt/***/dags/spark_job.py", line 13, in <module>
[2025-09-10T13:45:27.399+0000] {spark_submit.py:644} INFO - df = spark.read.csv("s3a://data-lake/IMDB Movies 2000 - 2020.csv", header=True, inferSchema=True)
[2025-09-10T13:45:27.400+0000] {spark_submit.py:644} INFO - ^^^^^^^^^^^^^^^^^^^^^^^^^^^^^^^^^^^^^^^^^^^^^^^^^^^^^^^^^^^^^^^^^^^^^^^^^^^^^^^^^^^^^^^^^^^^
[2025-09-10T13:45:27.401+0000] {spark_submit.py:644} INFO - File "/home/***/.local/lib/python3.12/site-packages/pyspark/python/lib/pyspark.zip/pyspark/sql/readwriter.py", line 838, in csv
[2025-09-10T13:45:27.402+0000] {spark_submit.py:644} INFO - File "/home/***/.local/lib/python3.12/site-packages/pyspark/python/lib/py4j-0.10.9.9-src.zip/py4j/java_gateway.py", line 1362, in __call__
[2025-09-10T13:45:27.402+0000] {spark_submit.py:644} INFO - File "/home/***/.local/lib/python3.12/site-packages/pyspark/python/lib/pyspark.zip/pyspark/errors/exceptions/captured.py", line 288, in deco
[2025-09-10T13:45:27.406+0000] {spark_submit.py:644} INFO - pyspark.errors.exceptions.captured.NumberFormatException: For input string: "60s"
[2025-09-10T13:45:27.624+0000] {spark_submit.py:644} INFO - 25/09/10 13:45:27 INFO SparkContext: Invoking stop() from shutdown hook
[2025-09-10T13:45:27.629+0000] {spark_submit.py:644} INFO - 25/09/10 13:45:27 INFO SparkContext: SparkContext is stopping with exitCode 0 from run at Executors.java:539.
[2025-09-10T13:45:27.652+0000] {spark_submit.py:644} INFO - 25/09/10 13:45:27 INFO SparkUI: Stopped Spark web UI at http://ee346efe231b:4040
[2025-09-10T13:45:27.662+0000] {spark_submit.py:644} INFO - 25/09/10 13:45:27 INFO StandaloneSchedulerBackend: Shutting down all executors
[2025-09-10T13:45:27.665+0000] {spark_submit.py:644} INFO - 25/09/10 13:45:27 INFO StandaloneSchedulerBackend$StandaloneDriverEndpoint: Asking each executor to shut down
[2025-09-10T13:45:27.709+0000] {spark_submit.py:644} INFO - 25/09/10 13:45:27 INFO MapOutputTrackerMasterEndpoint: MapOutputTrackerMasterEndpoint stopped!
[2025-09-10T13:45:27.754+0000] {spark_submit.py:644} INFO - 25/09/10 13:45:27 INFO MemoryStore: MemoryStore started with capacity 434.4 MiB
[2025-09-10T13:45:27.758+0000] {spark_submit.py:644} INFO - 25/09/10 13:45:27 INFO MemoryStore: MemoryStore cleared
[2025-09-10T13:45:27.767+0000] {spark_submit.py:644} INFO - 25/09/10 13:45:27 INFO BlockManager: BlockManager stopped
[2025-09-10T13:45:27.775+0000] {spark_submit.py:644} INFO - 25/09/10 13:45:27 INFO BlockManagerMaster: BlockManagerMaster stopped
[2025-09-10T13:45:27.781+0000] {spark_submit.py:644} INFO - 25/09/10 13:45:27 INFO OutputCommitCoordinator$OutputCommitCoordinatorEndpoint: OutputCommitCoordinator stopped!
[2025-09-10T13:45:27.811+0000] {spark_submit.py:644} INFO - 25/09/10 13:45:27 ERROR TransportRequestHandler: Error sending result StreamResponse[streamId=/files/com.amazonaws_aws-java-sdk-bundle-1.12.262.jar,byteCount=280645251,body=FileSegmentManagedBuffer[file=/home/***/.ivy2.5.2/jars/com.amazonaws_aws-java-sdk-bundle-1.12.262.jar,offset=0,length=280645251]] to /172.18.0.7:57744; closing connection
[2025-09-10T13:45:27.815+0000] {spark_submit.py:644} INFO - io.netty.channel.StacklessClosedChannelException
[2025-09-10T13:45:27.817+0000] {spark_submit.py:644} INFO - at io.netty.channel.AbstractChannel.close(ChannelPromise)(Unknown Source)
[2025-09-10T13:45:27.976+0000] {spark_submit.py:644} INFO - 25/09/10 13:45:27 INFO SparkContext: Successfully stopped SparkContext
[2025-09-10T13:45:27.978+0000] {spark_submit.py:644} INFO - 25/09/10 13:45:27 INFO ShutdownHookManager: Shutdown hook called
[2025-09-10T13:45:27.983+0000] {spark_submit.py:644} INFO - 25/09/10 13:45:27 INFO ShutdownHookManager: Deleting directory /tmp/spark-ceccefdc-dd00-479f-8c6e-d35f01555193
[2025-09-10T13:45:27.996+0000] {spark_submit.py:644} INFO - 25/09/10 13:45:27 INFO ShutdownHookManager: Deleting directory /tmp/spark-e989bc95-41e7-4fa2-bf19-caf8bf739b90
[2025-09-10T13:45:28.007+0000] {spark_submit.py:644} INFO - 25/09/10 13:45:28 INFO ShutdownHookManager: Deleting directory /tmp/spark-ceccefdc-dd00-479f-8c6e-d35f01555193/pyspark-c5b3aa11-95b6-464c-963f-223784706c91
[2025-09-10T13:45:28.129+0000] {taskinstance.py:441} INFO - ::group::Post task execution logs
[2025-09-10T13:45:28.150+0000] {taskinstance.py:2905} ERROR - Task failed with exception
Traceback (most recent call last):
  File "/home/airflow/.local/lib/python3.12/site-packages/airflow/models/taskinstance.py", line 465, in _execute_task
    result = _execute_callable(context=context, **execute_callable_kwargs)
             ^^^^^^^^^^^^^^^^^^^^^^^^^^^^^^^^^^^^^^^^^^^^^^^^^^^^^^^^^^^^^
  File "/home/airflow/.local/lib/python3.12/site-packages/airflow/models/taskinstance.py", line 432, in _execute_callable
    return execute_callable(context=context, **execute_callable_kwargs)
           ^^^^^^^^^^^^^^^^^^^^^^^^^^^^^^^^^^^^^^^^^^^^^^^^^^^^^^^^^^^^
  File "/home/airflow/.local/lib/python3.12/site-packages/airflow/models/baseoperator.py", line 401, in wrapper
    return func(self, *args, **kwargs)
           ^^^^^^^^^^^^^^^^^^^^^^^^^^^
  File "/home/airflow/.local/lib/python3.12/site-packages/airflow/providers/apache/spark/operators/spark_submit.py", line 197, in execute
    self._hook.submit(self.application)
  File "/home/airflow/.local/lib/python3.12/site-packages/airflow/providers/apache/spark/hooks/spark_submit.py", line 566, in submit
    raise AirflowException(
airflow.exceptions.AirflowException: Cannot execute: spark-submit --master spark://spark-master:7077 --conf spark.master=spark://spark-master:7077 --conf spark.hadoop.fs.s3a.access.key=minio --conf spark.hadoop.fs.s3a.secret.key=****** --conf spark.hadoop.fs.s3a.endpoint=http://minio:9000 --conf spark.hadoop.fs.s3a.path.style.access=true --conf spark.hadoop.fs.s3a.connection.timeout=60 --packages org.apache.hadoop:hadoop-aws:3.3.4,com.amazonaws:aws-java-sdk-bundle:1.12.2 --name arrow-spark --verbose --deploy-mode client /opt/***/dags/spark_job.py. Error code is: 1.
[2025-09-10T13:45:28.158+0000] {taskinstance.py:1206} INFO - Marking task as FAILED. dag_id=spark_movie_processing_pipeline, task_id=run_spark_job, run_id=manual__2025-09-10T13:45:07.892324+00:00, execution_date=20250910T134507, start_date=20250910T134509, end_date=20250910T134528
[2025-09-10T13:45:28.243+0000] {standard_task_runner.py:110} ERROR - Failed to execute job 6 for task run_spark_job (Cannot execute: spark-submit --master spark://spark-master:7077 --conf spark.master=spark://spark-master:7077 --conf spark.hadoop.fs.s3a.access.key=minio --conf spark.hadoop.fs.s3a.secret.key=****** --conf spark.hadoop.fs.s3a.endpoint=http://minio:9000 --conf spark.hadoop.fs.s3a.path.style.access=true --conf spark.hadoop.fs.s3a.connection.timeout=60 --packages org.apache.hadoop:hadoop-aws:3.3.4,com.amazonaws:aws-java-sdk-bundle:1.12.2 --name arrow-spark --verbose --deploy-mode client /opt/***/dags/spark_job.py. Error code is: 1.; 752)
[2025-09-10T13:45:28.267+0000] {local_task_job_runner.py:243} INFO - Task exited with return code 1
[2025-09-10T13:45:28.296+0000] {taskinstance.py:3503} INFO - 0 downstream tasks scheduled from follow-on schedule check
[2025-09-10T13:45:28.338+0000] {local_task_job_runner.py:222} INFO - ::endgroup::
