[2025-08-25T15:02:04.861+0000] {local_task_job_runner.py:120} INFO - ::group::Pre task execution logs
[2025-08-25T15:02:04.904+0000] {taskinstance.py:2076} INFO - Dependencies all met for dep_context=non-requeueable deps ti=<TaskInstance: conditional_dataset_and_time_based_timetable.conditional_dataset_and_time_based_timetable scheduled__2025-08-20T01:00:00+00:00 [queued]>
[2025-08-25T15:02:04.926+0000] {taskinstance.py:2076} INFO - Dependencies all met for dep_context=requeueable deps ti=<TaskInstance: conditional_dataset_and_time_based_timetable.conditional_dataset_and_time_based_timetable scheduled__2025-08-20T01:00:00+00:00 [queued]>
[2025-08-25T15:02:04.929+0000] {taskinstance.py:2306} INFO - Starting attempt 1 of 1
[2025-08-25T15:02:04.972+0000] {taskinstance.py:2330} INFO - Executing <Task(BashOperator): conditional_dataset_and_time_based_timetable> on 2025-08-20 01:00:00+00:00
[2025-08-25T15:02:04.988+0000] {warnings.py:112} WARNING - /home/***/.local/lib/python3.12/site-packages/***/task/task_runner/standard_task_runner.py:61: DeprecationWarning: This process (pid=192) is multi-threaded, use of fork() may lead to deadlocks in the child.
  pid = os.fork()

[2025-08-25T15:02:04.995+0000] {standard_task_runner.py:63} INFO - Started process 202 to run task
[2025-08-25T15:02:04.994+0000] {standard_task_runner.py:90} INFO - Running: ['***', 'tasks', 'run', 'conditional_dataset_and_time_based_timetable', 'conditional_dataset_and_time_based_timetable', 'scheduled__2025-08-20T01:00:00+00:00', '--job-id', '4', '--raw', '--subdir', '/home/***/.local/lib/python3.12/site-packages/***/example_dags/example_datasets.py', '--cfg-path', '/tmp/tmp0hm2n14_']
[2025-08-25T15:02:05.003+0000] {standard_task_runner.py:91} INFO - Job 4: Subtask conditional_dataset_and_time_based_timetable
[2025-08-25T15:02:05.157+0000] {task_command.py:426} INFO - Running <TaskInstance: conditional_dataset_and_time_based_timetable.conditional_dataset_and_time_based_timetable scheduled__2025-08-20T01:00:00+00:00 [running]> on host 5ce1f97bdd1f
[2025-08-25T15:02:05.348+0000] {taskinstance.py:2648} INFO - Exporting env vars: AIRFLOW_CTX_DAG_OWNER='***' AIRFLOW_CTX_DAG_ID='conditional_dataset_and_time_based_timetable' AIRFLOW_CTX_TASK_ID='conditional_dataset_and_time_based_timetable' AIRFLOW_CTX_EXECUTION_DATE='2025-08-20T01:00:00+00:00' AIRFLOW_CTX_TRY_NUMBER='1' AIRFLOW_CTX_DAG_RUN_ID='scheduled__2025-08-20T01:00:00+00:00'
[2025-08-25T15:02:05.352+0000] {taskinstance.py:430} INFO - ::endgroup::
[2025-08-25T15:02:05.355+0000] {subprocess.py:63} INFO - Tmp dir root location: /tmp
[2025-08-25T15:02:05.363+0000] {subprocess.py:75} INFO - Running command: ['/usr/bin/bash', '-c', 'sleep 5']
[2025-08-25T15:02:05.389+0000] {subprocess.py:86} INFO - Output:
[2025-08-25T15:02:10.401+0000] {subprocess.py:97} INFO - Command exited with return code 0
[2025-08-25T15:02:10.403+0000] {taskinstance.py:441} INFO - ::group::Post task execution logs
[2025-08-25T15:02:10.582+0000] {taskinstance.py:1206} INFO - Marking task as SUCCESS. dag_id=conditional_dataset_and_time_based_timetable, task_id=conditional_dataset_and_time_based_timetable, run_id=scheduled__2025-08-20T01:00:00+00:00, execution_date=20250820T010000, start_date=20250825T150204, end_date=20250825T150210
[2025-08-25T15:02:10.734+0000] {local_task_job_runner.py:240} INFO - Task exited with return code 0
[2025-08-25T15:02:10.774+0000] {taskinstance.py:3503} INFO - 0 downstream tasks scheduled from follow-on schedule check
[2025-08-25T15:02:10.778+0000] {local_task_job_runner.py:222} INFO - ::endgroup::
