[2025-08-25T17:09:28.134+0000] {local_task_job_runner.py:120} INFO - ::group::Pre task execution logs
[2025-08-25T17:09:28.170+0000] {taskinstance.py:2076} INFO - Dependencies all met for dep_context=non-requeueable deps ti=<TaskInstance: user_etl_pipeline.transform_task manual__2025-08-25T17:09:20.537107+00:00 [queued]>
[2025-08-25T17:09:28.184+0000] {taskinstance.py:2076} INFO - Dependencies all met for dep_context=requeueable deps ti=<TaskInstance: user_etl_pipeline.transform_task manual__2025-08-25T17:09:20.537107+00:00 [queued]>
[2025-08-25T17:09:28.185+0000] {taskinstance.py:2306} INFO - Starting attempt 1 of 1
[2025-08-25T17:09:28.211+0000] {taskinstance.py:2330} INFO - Executing <Task(PythonOperator): transform_task> on 2025-08-25 17:09:20.537107+00:00
[2025-08-25T17:09:28.222+0000] {warnings.py:112} WARNING - /home/***/.local/lib/python3.12/site-packages/***/task/task_runner/standard_task_runner.py:61: DeprecationWarning: This process (pid=1810) is multi-threaded, use of fork() may lead to deadlocks in the child.
  pid = os.fork()

[2025-08-25T17:09:28.225+0000] {standard_task_runner.py:63} INFO - Started process 1812 to run task
[2025-08-25T17:09:28.225+0000] {standard_task_runner.py:90} INFO - Running: ['***', 'tasks', 'run', 'user_etl_pipeline', 'transform_task', 'manual__2025-08-25T17:09:20.537107+00:00', '--job-id', '14', '--raw', '--subdir', 'DAGS_FOLDER/user_etl_dag.py', '--cfg-path', '/tmp/tmpfeydc_dp']
[2025-08-25T17:09:28.227+0000] {standard_task_runner.py:91} INFO - Job 14: Subtask transform_task
[2025-08-25T17:09:28.323+0000] {task_command.py:426} INFO - Running <TaskInstance: user_etl_pipeline.transform_task manual__2025-08-25T17:09:20.537107+00:00 [running]> on host 5ce1f97bdd1f
[2025-08-25T17:09:28.464+0000] {taskinstance.py:2648} INFO - Exporting env vars: AIRFLOW_CTX_DAG_OWNER='***' AIRFLOW_CTX_DAG_ID='user_etl_pipeline' AIRFLOW_CTX_TASK_ID='transform_task' AIRFLOW_CTX_EXECUTION_DATE='2025-08-25T17:09:20.537107+00:00' AIRFLOW_CTX_TRY_NUMBER='1' AIRFLOW_CTX_DAG_RUN_ID='manual__2025-08-25T17:09:20.537107+00:00'
[2025-08-25T17:09:28.466+0000] {taskinstance.py:430} INFO - ::endgroup::
[2025-08-25T17:09:28.467+0000] {logging_mixin.py:188} INFO - Korak T: Transformacija podataka...
[2025-08-25T17:09:28.559+0000] {logging_mixin.py:188} INFO - Podaci uspešno transformisani.
[2025-08-25T17:09:28.560+0000] {python.py:237} INFO - Done. Returned value was:    id                      name  ...            city import_date
0   1             Leanne Graham  ...     Gwenborough  2025-08-25
1   2              Ervin Howell  ...     Wisokyburgh  2025-08-25
2   3          Clementine Bauch  ...   McKenziehaven  2025-08-25
3   4          Patricia Lebsack  ...     South Elvis  2025-08-25
4   5          Chelsey Dietrich  ...      Roscoeview  2025-08-25
5   6      Mrs. Dennis Schulist  ...   South Christy  2025-08-25
6   7           Kurtis Weissnat  ...       Howemouth  2025-08-25
7   8  Nicholas Runolfsdottir V  ...       Aliyaview  2025-08-25
8   9           Glenna Reichert  ...  Bartholomebury  2025-08-25
9  10        Clementina DuBuque  ...     Lebsackbury  2025-08-25

[10 rows x 6 columns]
[2025-08-25T17:09:28.601+0000] {taskinstance.py:441} INFO - ::group::Post task execution logs
[2025-08-25T17:09:28.642+0000] {taskinstance.py:1206} INFO - Marking task as SUCCESS. dag_id=user_etl_pipeline, task_id=transform_task, run_id=manual__2025-08-25T17:09:20.537107+00:00, execution_date=20250825T170920, start_date=20250825T170928, end_date=20250825T170928
[2025-08-25T17:09:28.683+0000] {local_task_job_runner.py:240} INFO - Task exited with return code 0
[2025-08-25T17:09:28.717+0000] {taskinstance.py:3503} INFO - 1 downstream tasks scheduled from follow-on schedule check
[2025-08-25T17:09:28.723+0000] {local_task_job_runner.py:222} INFO - ::endgroup::
