[2025-09-10T13:49:31.322+0000] {local_task_job_runner.py:120} INFO - ::group::Pre task execution logs
[2025-09-10T13:49:31.383+0000] {taskinstance.py:2076} INFO - Dependencies all met for dep_context=non-requeueable deps ti=<TaskInstance: spark_movie_processing_pipeline.run_spark_job manual__2025-09-10T13:49:29.272228+00:00 [queued]>
[2025-09-10T13:49:31.397+0000] {taskinstance.py:2076} INFO - Dependencies all met for dep_context=requeueable deps ti=<TaskInstance: spark_movie_processing_pipeline.run_spark_job manual__2025-09-10T13:49:29.272228+00:00 [queued]>
[2025-09-10T13:49:31.398+0000] {taskinstance.py:2306} INFO - Starting attempt 1 of 1
[2025-09-10T13:49:31.424+0000] {taskinstance.py:2330} INFO - Executing <Task(SparkSubmitOperator): run_spark_job> on 2025-09-10 13:49:29.272228+00:00
[2025-09-10T13:49:31.434+0000] {warnings.py:112} WARNING - /home/***/.local/lib/python3.12/site-packages/***/task/task_runner/standard_task_runner.py:62: DeprecationWarning: This process (pid=927) is multi-threaded, use of fork() may lead to deadlocks in the child.
  pid = os.fork()

[2025-09-10T13:49:31.438+0000] {standard_task_runner.py:64} INFO - Started process 928 to run task
[2025-09-10T13:49:31.436+0000] {standard_task_runner.py:90} INFO - Running: ['***', 'tasks', 'run', 'spark_movie_processing_pipeline', 'run_spark_job', 'manual__2025-09-10T13:49:29.272228+00:00', '--job-id', '7', '--raw', '--subdir', 'DAGS_FOLDER/spark_movies_dag.py', '--cfg-path', '/tmp/tmpoc2ej4vp']
[2025-09-10T13:49:31.439+0000] {standard_task_runner.py:91} INFO - Job 7: Subtask run_spark_job
[2025-09-10T13:49:31.579+0000] {task_command.py:426} INFO - Running <TaskInstance: spark_movie_processing_pipeline.run_spark_job manual__2025-09-10T13:49:29.272228+00:00 [running]> on host ee346efe231b
[2025-09-10T13:49:31.783+0000] {taskinstance.py:2648} INFO - Exporting env vars: AIRFLOW_CTX_DAG_OWNER='***' AIRFLOW_CTX_DAG_ID='spark_movie_processing_pipeline' AIRFLOW_CTX_TASK_ID='run_spark_job' AIRFLOW_CTX_EXECUTION_DATE='2025-09-10T13:49:29.272228+00:00' AIRFLOW_CTX_TRY_NUMBER='1' AIRFLOW_CTX_DAG_RUN_ID='manual__2025-09-10T13:49:29.272228+00:00'
[2025-09-10T13:49:31.785+0000] {taskinstance.py:430} INFO - ::endgroup::
[2025-09-10T13:49:31.811+0000] {base.py:84} INFO - Using connection ID 'spark_connection' for task execution.
[2025-09-10T13:49:31.816+0000] {spark_submit.py:474} INFO - Spark-Submit cmd: spark-submit --master spark://spark-master:7077 --conf spark.master=spark://spark-master:7077 --conf spark.hadoop.fs.s3a.access.key=minio --conf spark.hadoop.fs.s3a.secret.key=****** --conf spark.hadoop.fs.s3a.endpoint=http://minio:9000 --conf spark.hadoop.fs.s3a.path.style.access=true --conf spark.hadoop.fs.s3a.connection.timeout=60 --packages org.apache.hadoop:hadoop-aws:3.3.4,com.amazonaws:aws-java-sdk-bundle:1.12.2 --name arrow-spark --verbose --deploy-mode client /opt/***/dags/spark_job.py
[2025-09-10T13:49:32.582+0000] {spark_submit.py:644} INFO - WARNING: Using incubator modules: jdk.incubator.vector
[2025-09-10T13:49:35.011+0000] {spark_submit.py:644} INFO - Parsed arguments:
[2025-09-10T13:49:35.012+0000] {spark_submit.py:644} INFO - master                  spark://spark-master:7077
[2025-09-10T13:49:35.013+0000] {spark_submit.py:644} INFO - remote                  null
[2025-09-10T13:49:35.014+0000] {spark_submit.py:644} INFO - deployMode              client
[2025-09-10T13:49:35.015+0000] {spark_submit.py:644} INFO - executorMemory          null
[2025-09-10T13:49:35.016+0000] {spark_submit.py:644} INFO - executorCores           null
[2025-09-10T13:49:35.017+0000] {spark_submit.py:644} INFO - totalExecutorCores      null
[2025-09-10T13:49:35.019+0000] {spark_submit.py:644} INFO - propertiesFile          null
[2025-09-10T13:49:35.021+0000] {spark_submit.py:644} INFO - driverMemory            null
[2025-09-10T13:49:35.029+0000] {spark_submit.py:644} INFO - driverCores             null
[2025-09-10T13:49:35.032+0000] {spark_submit.py:644} INFO - driverExtraClassPath    null
[2025-09-10T13:49:35.037+0000] {spark_submit.py:644} INFO - driverExtraLibraryPath  null
[2025-09-10T13:49:35.038+0000] {spark_submit.py:644} INFO - driverExtraJavaOptions  null
[2025-09-10T13:49:35.039+0000] {spark_submit.py:644} INFO - supervise               false
[2025-09-10T13:49:35.040+0000] {spark_submit.py:644} INFO - queue                   null
[2025-09-10T13:49:35.041+0000] {spark_submit.py:644} INFO - numExecutors            null
[2025-09-10T13:49:35.042+0000] {spark_submit.py:644} INFO - files                   null
[2025-09-10T13:49:35.047+0000] {spark_submit.py:644} INFO - pyFiles                 null
[2025-09-10T13:49:35.048+0000] {spark_submit.py:644} INFO - archives                null
[2025-09-10T13:49:35.049+0000] {spark_submit.py:644} INFO - mainClass               null
[2025-09-10T13:49:35.050+0000] {spark_submit.py:644} INFO - primaryResource         file:/opt/***/dags/spark_job.py
[2025-09-10T13:49:35.051+0000] {spark_submit.py:644} INFO - name                    arrow-spark
[2025-09-10T13:49:35.051+0000] {spark_submit.py:644} INFO - childArgs               []
[2025-09-10T13:49:35.052+0000] {spark_submit.py:644} INFO - jars                    null
[2025-09-10T13:49:35.053+0000] {spark_submit.py:644} INFO - packages                org.apache.hadoop:hadoop-aws:3.3.4,com.amazonaws:aws-java-sdk-bundle:1.12.2
[2025-09-10T13:49:35.053+0000] {spark_submit.py:644} INFO - packagesExclusions      null
[2025-09-10T13:49:35.054+0000] {spark_submit.py:644} INFO - repositories            null
[2025-09-10T13:49:35.054+0000] {spark_submit.py:644} INFO - verbose                 true
[2025-09-10T13:49:35.055+0000] {spark_submit.py:644} INFO - 
[2025-09-10T13:49:35.056+0000] {spark_submit.py:644} INFO - Spark properties used, including those specified through
[2025-09-10T13:49:35.057+0000] {spark_submit.py:644} INFO - --conf and those from the properties file null:
[2025-09-10T13:49:35.060+0000] {spark_submit.py:644} INFO - (spark.hadoop.fs.s3a.access.key,*********(redacted))
[2025-09-10T13:49:35.061+0000] {spark_submit.py:644} INFO - (spark.hadoop.fs.s3a.connection.timeout,60)
[2025-09-10T13:49:35.061+0000] {spark_submit.py:644} INFO - (spark.hadoop.fs.s3a.endpoint,http://minio:9000)
[2025-09-10T13:49:35.062+0000] {spark_submit.py:644} INFO - (spark.hadoop.fs.s3a.path.style.access,true)
[2025-09-10T13:49:35.063+0000] {spark_submit.py:644} INFO - (spark.hadoop.fs.s3a.secret.key,*********(redacted))
[2025-09-10T13:49:35.064+0000] {spark_submit.py:644} INFO - (spark.master,spark://spark-master:7077)
[2025-09-10T13:49:35.065+0000] {spark_submit.py:644} INFO - 
[2025-09-10T13:49:35.065+0000] {spark_submit.py:644} INFO - 
[2025-09-10T13:49:35.172+0000] {spark_submit.py:644} INFO - :: loading settings :: url = jar:file:/home/***/.local/lib/python3.12/site-packages/pyspark/jars/ivy-2.5.3.jar!/org/apache/ivy/core/settings/ivysettings.xml
[2025-09-10T13:49:35.295+0000] {spark_submit.py:644} INFO - Ivy Default Cache set to: /home/***/.ivy2.5.2/cache
[2025-09-10T13:49:35.298+0000] {spark_submit.py:644} INFO - The jars for the packages stored in: /home/***/.ivy2.5.2/jars
[2025-09-10T13:49:35.306+0000] {spark_submit.py:644} INFO - org.apache.hadoop#hadoop-aws added as a dependency
[2025-09-10T13:49:35.306+0000] {spark_submit.py:644} INFO - com.amazonaws#aws-java-sdk-bundle added as a dependency
[2025-09-10T13:49:35.308+0000] {spark_submit.py:644} INFO - :: resolving dependencies :: org.apache.spark#spark-submit-parent-726b341a-b0aa-4b1a-87a1-9e10647fa7f8;1.0
[2025-09-10T13:49:35.308+0000] {spark_submit.py:644} INFO - confs: [default]
[2025-09-10T13:49:35.586+0000] {spark_submit.py:644} INFO - found org.apache.hadoop#hadoop-aws;3.3.4 in central
[2025-09-10T13:49:35.641+0000] {spark_submit.py:644} INFO - found com.amazonaws#aws-java-sdk-bundle;1.12.262 in central
[2025-09-10T13:49:35.687+0000] {spark_submit.py:644} INFO - found org.wildfly.openssl#wildfly-openssl;1.0.7.Final in central
[2025-09-10T13:49:35.720+0000] {spark_submit.py:644} INFO - :: resolution report :: resolve 397ms :: artifacts dl 15ms
[2025-09-10T13:49:35.721+0000] {spark_submit.py:644} INFO - :: modules in use:
[2025-09-10T13:49:35.722+0000] {spark_submit.py:644} INFO - com.amazonaws#aws-java-sdk-bundle;1.12.262 from central in [default]
[2025-09-10T13:49:35.724+0000] {spark_submit.py:644} INFO - org.apache.hadoop#hadoop-aws;3.3.4 from central in [default]
[2025-09-10T13:49:35.725+0000] {spark_submit.py:644} INFO - org.wildfly.openssl#wildfly-openssl;1.0.7.Final from central in [default]
[2025-09-10T13:49:35.726+0000] {spark_submit.py:644} INFO - :: evicted modules:
[2025-09-10T13:49:35.727+0000] {spark_submit.py:644} INFO - com.amazonaws#aws-java-sdk-bundle;1.12.2 by [com.amazonaws#aws-java-sdk-bundle;1.12.262] in [default]
[2025-09-10T13:49:35.728+0000] {spark_submit.py:644} INFO - ---------------------------------------------------------------------
[2025-09-10T13:49:35.728+0000] {spark_submit.py:644} INFO - |                  |            modules            ||   artifacts   |
[2025-09-10T13:49:35.729+0000] {spark_submit.py:644} INFO - |       conf       | number| search|dwnlded|evicted|| number|dwnlded|
[2025-09-10T13:49:35.730+0000] {spark_submit.py:644} INFO - ---------------------------------------------------------------------
[2025-09-10T13:49:35.730+0000] {spark_submit.py:644} INFO - |      default     |   4   |   0   |   0   |   1   ||   3   |   0   |
[2025-09-10T13:49:35.731+0000] {spark_submit.py:644} INFO - ---------------------------------------------------------------------
[2025-09-10T13:49:35.732+0000] {spark_submit.py:644} INFO - :: retrieving :: org.apache.spark#spark-submit-parent-726b341a-b0aa-4b1a-87a1-9e10647fa7f8
[2025-09-10T13:49:35.732+0000] {spark_submit.py:644} INFO - confs: [default]
[2025-09-10T13:49:35.742+0000] {spark_submit.py:644} INFO - 0 artifacts copied, 3 already retrieved (0kB/12ms)
[2025-09-10T13:49:36.154+0000] {spark_submit.py:644} INFO - 25/09/10 13:49:36 WARN NativeCodeLoader: Unable to load native-hadoop library for your platform... using builtin-java classes where applicable
[2025-09-10T13:49:36.461+0000] {spark_submit.py:644} INFO - Main class:
[2025-09-10T13:49:36.466+0000] {spark_submit.py:644} INFO - org.apache.spark.deploy.PythonRunner
[2025-09-10T13:49:36.492+0000] {spark_submit.py:644} INFO - Arguments:
[2025-09-10T13:49:36.495+0000] {spark_submit.py:644} INFO - file:/opt/***/dags/spark_job.py
[2025-09-10T13:49:36.498+0000] {spark_submit.py:644} INFO - file:///home/***/.ivy2.5.2/jars/org.apache.hadoop_hadoop-aws-3.3.4.jar,file:///home/***/.ivy2.5.2/jars/com.amazonaws_aws-java-sdk-bundle-1.12.262.jar,file:///home/***/.ivy2.5.2/jars/org.wildfly.openssl_wildfly-openssl-1.0.7.Final.jar
[2025-09-10T13:49:36.509+0000] {spark_submit.py:644} INFO - Spark config:
[2025-09-10T13:49:36.520+0000] {spark_submit.py:644} INFO - (spark.app.name,arrow-spark)
[2025-09-10T13:49:36.532+0000] {spark_submit.py:644} INFO - (spark.app.submitTime,1757512176386)
[2025-09-10T13:49:36.545+0000] {spark_submit.py:644} INFO - (spark.files,file:///home/***/.ivy2.5.2/jars/org.apache.hadoop_hadoop-aws-3.3.4.jar,file:///home/***/.ivy2.5.2/jars/com.amazonaws_aws-java-sdk-bundle-1.12.262.jar,file:///home/***/.ivy2.5.2/jars/org.wildfly.openssl_wildfly-openssl-1.0.7.Final.jar)
[2025-09-10T13:49:36.551+0000] {spark_submit.py:644} INFO - (spark.hadoop.fs.s3a.access.key,*********(redacted))
[2025-09-10T13:49:36.554+0000] {spark_submit.py:644} INFO - (spark.hadoop.fs.s3a.connection.timeout,60)
[2025-09-10T13:49:36.555+0000] {spark_submit.py:644} INFO - (spark.hadoop.fs.s3a.endpoint,http://minio:9000)
[2025-09-10T13:49:36.556+0000] {spark_submit.py:644} INFO - (spark.hadoop.fs.s3a.path.style.access,true)
[2025-09-10T13:49:36.566+0000] {spark_submit.py:644} INFO - (spark.hadoop.fs.s3a.secret.key,*********(redacted))
[2025-09-10T13:49:36.567+0000] {spark_submit.py:644} INFO - (spark.jars,file:///home/***/.ivy2.5.2/jars/org.apache.hadoop_hadoop-aws-3.3.4.jar,file:///home/***/.ivy2.5.2/jars/com.amazonaws_aws-java-sdk-bundle-1.12.262.jar,file:///home/***/.ivy2.5.2/jars/org.wildfly.openssl_wildfly-openssl-1.0.7.Final.jar)
[2025-09-10T13:49:36.569+0000] {spark_submit.py:644} INFO - (spark.master,spark://spark-master:7077)
[2025-09-10T13:49:36.572+0000] {spark_submit.py:644} INFO - (spark.repl.local.jars,file:///home/***/.ivy2.5.2/jars/org.apache.hadoop_hadoop-aws-3.3.4.jar,file:///home/***/.ivy2.5.2/jars/com.amazonaws_aws-java-sdk-bundle-1.12.262.jar,file:///home/***/.ivy2.5.2/jars/org.wildfly.openssl_wildfly-openssl-1.0.7.Final.jar)
[2025-09-10T13:49:36.573+0000] {spark_submit.py:644} INFO - (spark.submit.deployMode,client)
[2025-09-10T13:49:36.576+0000] {spark_submit.py:644} INFO - (spark.submit.pyFiles,/home/***/.ivy2.5.2/jars/org.apache.hadoop_hadoop-aws-3.3.4.jar,/home/***/.ivy2.5.2/jars/com.amazonaws_aws-java-sdk-bundle-1.12.262.jar,/home/***/.ivy2.5.2/jars/org.wildfly.openssl_wildfly-openssl-1.0.7.Final.jar)
[2025-09-10T13:49:36.584+0000] {spark_submit.py:644} INFO - Classpath elements:
[2025-09-10T13:49:36.585+0000] {spark_submit.py:644} INFO - file:///home/***/.ivy2.5.2/jars/org.apache.hadoop_hadoop-aws-3.3.4.jar
[2025-09-10T13:49:36.587+0000] {spark_submit.py:644} INFO - file:///home/***/.ivy2.5.2/jars/com.amazonaws_aws-java-sdk-bundle-1.12.262.jar
[2025-09-10T13:49:36.588+0000] {spark_submit.py:644} INFO - file:///home/***/.ivy2.5.2/jars/org.wildfly.openssl_wildfly-openssl-1.0.7.Final.jar
[2025-09-10T13:49:36.589+0000] {spark_submit.py:644} INFO - 
[2025-09-10T13:49:36.591+0000] {spark_submit.py:644} INFO - 
[2025-09-10T13:49:40.094+0000] {spark_submit.py:644} INFO - Using Spark's default log4j profile: org/apache/spark/log4j2-defaults.properties
[2025-09-10T13:49:40.100+0000] {spark_submit.py:644} INFO - 25/09/10 13:49:40 INFO SparkContext: Running Spark version 4.0.1
[2025-09-10T13:49:40.103+0000] {spark_submit.py:644} INFO - 25/09/10 13:49:40 INFO SparkContext: OS info Linux, 6.6.87.2-microsoft-standard-WSL2, amd64
[2025-09-10T13:49:40.104+0000] {spark_submit.py:644} INFO - 25/09/10 13:49:40 INFO SparkContext: Java version 17.0.16
[2025-09-10T13:49:40.149+0000] {spark_submit.py:644} INFO - 25/09/10 13:49:40 INFO ResourceUtils: ==============================================================
[2025-09-10T13:49:40.151+0000] {spark_submit.py:644} INFO - 25/09/10 13:49:40 INFO ResourceUtils: No custom resources configured for spark.driver.
[2025-09-10T13:49:40.153+0000] {spark_submit.py:644} INFO - 25/09/10 13:49:40 INFO ResourceUtils: ==============================================================
[2025-09-10T13:49:40.154+0000] {spark_submit.py:644} INFO - 25/09/10 13:49:40 INFO SparkContext: Submitted application: MovieProcessingJob
[2025-09-10T13:49:40.207+0000] {spark_submit.py:644} INFO - 25/09/10 13:49:40 INFO ResourceProfile: Default ResourceProfile created, executor resources: Map(memory -> name: memory, amount: 1024, script: , vendor: , offHeap -> name: offHeap, amount: 0, script: , vendor: ), task resources: Map(cpus -> name: cpus, amount: 1.0)
[2025-09-10T13:49:40.213+0000] {spark_submit.py:644} INFO - 25/09/10 13:49:40 INFO ResourceProfile: Limiting resource is cpu
[2025-09-10T13:49:40.215+0000] {spark_submit.py:644} INFO - 25/09/10 13:49:40 INFO ResourceProfileManager: Added ResourceProfile id: 0
[2025-09-10T13:49:40.314+0000] {spark_submit.py:644} INFO - 25/09/10 13:49:40 INFO SecurityManager: Changing view acls to: ***
[2025-09-10T13:49:40.316+0000] {spark_submit.py:644} INFO - 25/09/10 13:49:40 INFO SecurityManager: Changing modify acls to: ***
[2025-09-10T13:49:40.317+0000] {spark_submit.py:644} INFO - 25/09/10 13:49:40 INFO SecurityManager: Changing view acls groups to: ***
[2025-09-10T13:49:40.318+0000] {spark_submit.py:644} INFO - 25/09/10 13:49:40 INFO SecurityManager: Changing modify acls groups to: ***
[2025-09-10T13:49:40.321+0000] {spark_submit.py:644} INFO - 25/09/10 13:49:40 INFO SecurityManager: SecurityManager: authentication disabled; ui acls disabled; users with view permissions: *** groups with view permissions: EMPTY; users with modify permissions: ***; groups with modify permissions: EMPTY; RPC SSL disabled
[2025-09-10T13:49:40.665+0000] {spark_submit.py:644} INFO - 25/09/10 13:49:40 INFO Utils: Successfully started service 'sparkDriver' on port 43135.
[2025-09-10T13:49:40.702+0000] {spark_submit.py:644} INFO - 25/09/10 13:49:40 INFO SparkEnv: Registering MapOutputTracker
[2025-09-10T13:49:40.720+0000] {spark_submit.py:644} INFO - 25/09/10 13:49:40 INFO SparkEnv: Registering BlockManagerMaster
[2025-09-10T13:49:40.743+0000] {spark_submit.py:644} INFO - 25/09/10 13:49:40 INFO BlockManagerMasterEndpoint: Using org.apache.spark.storage.DefaultTopologyMapper for getting topology information
[2025-09-10T13:49:40.744+0000] {spark_submit.py:644} INFO - 25/09/10 13:49:40 INFO BlockManagerMasterEndpoint: BlockManagerMasterEndpoint up
[2025-09-10T13:49:40.749+0000] {spark_submit.py:644} INFO - 25/09/10 13:49:40 INFO SparkEnv: Registering BlockManagerMasterHeartbeat
[2025-09-10T13:49:40.784+0000] {spark_submit.py:644} INFO - 25/09/10 13:49:40 INFO DiskBlockManager: Created local directory at /tmp/blockmgr-72cb3aca-3094-4760-bde5-c5b45b3868a6
[2025-09-10T13:49:40.816+0000] {spark_submit.py:644} INFO - 25/09/10 13:49:40 INFO SparkEnv: Registering OutputCommitCoordinator
[2025-09-10T13:49:41.004+0000] {spark_submit.py:644} INFO - 25/09/10 13:49:41 INFO JettyUtils: Start Jetty 0.0.0.0:4040 for SparkUI
[2025-09-10T13:49:41.095+0000] {spark_submit.py:644} INFO - 25/09/10 13:49:41 INFO Utils: Successfully started service 'SparkUI' on port 4040.
[2025-09-10T13:49:41.158+0000] {spark_submit.py:644} INFO - 25/09/10 13:49:41 INFO SparkContext: Added JAR file:///home/***/.ivy2.5.2/jars/org.apache.hadoop_hadoop-aws-3.3.4.jar at spark://ee346efe231b:43135/jars/org.apache.hadoop_hadoop-aws-3.3.4.jar with timestamp 1757512180081
[2025-09-10T13:49:41.159+0000] {spark_submit.py:644} INFO - 25/09/10 13:49:41 INFO SparkContext: Added JAR file:///home/***/.ivy2.5.2/jars/com.amazonaws_aws-java-sdk-bundle-1.12.262.jar at spark://ee346efe231b:43135/jars/com.amazonaws_aws-java-sdk-bundle-1.12.262.jar with timestamp 1757512180081
[2025-09-10T13:49:41.160+0000] {spark_submit.py:644} INFO - 25/09/10 13:49:41 INFO SparkContext: Added JAR file:///home/***/.ivy2.5.2/jars/org.wildfly.openssl_wildfly-openssl-1.0.7.Final.jar at spark://ee346efe231b:43135/jars/org.wildfly.openssl_wildfly-openssl-1.0.7.Final.jar with timestamp 1757512180081
[2025-09-10T13:49:41.173+0000] {spark_submit.py:644} INFO - 25/09/10 13:49:41 INFO SparkContext: Added file file:///home/***/.ivy2.5.2/jars/org.apache.hadoop_hadoop-aws-3.3.4.jar at spark://ee346efe231b:43135/files/org.apache.hadoop_hadoop-aws-3.3.4.jar with timestamp 1757512180081
[2025-09-10T13:49:41.177+0000] {spark_submit.py:644} INFO - 25/09/10 13:49:41 INFO Utils: Copying /home/***/.ivy2.5.2/jars/org.apache.hadoop_hadoop-aws-3.3.4.jar to /tmp/spark-f439d306-319d-4286-bfee-2104a1d8b05e/userFiles-28813c6e-b842-4d19-84f9-af6f87c9614a/org.apache.hadoop_hadoop-aws-3.3.4.jar
[2025-09-10T13:49:41.199+0000] {spark_submit.py:644} INFO - 25/09/10 13:49:41 INFO SparkContext: Added file file:///home/***/.ivy2.5.2/jars/com.amazonaws_aws-java-sdk-bundle-1.12.262.jar at spark://ee346efe231b:43135/files/com.amazonaws_aws-java-sdk-bundle-1.12.262.jar with timestamp 1757512180081
[2025-09-10T13:49:41.200+0000] {spark_submit.py:644} INFO - 25/09/10 13:49:41 INFO Utils: Copying /home/***/.ivy2.5.2/jars/com.amazonaws_aws-java-sdk-bundle-1.12.262.jar to /tmp/spark-f439d306-319d-4286-bfee-2104a1d8b05e/userFiles-28813c6e-b842-4d19-84f9-af6f87c9614a/com.amazonaws_aws-java-sdk-bundle-1.12.262.jar
[2025-09-10T13:49:41.745+0000] {spark_submit.py:644} INFO - 25/09/10 13:49:41 INFO SparkContext: Added file file:///home/***/.ivy2.5.2/jars/org.wildfly.openssl_wildfly-openssl-1.0.7.Final.jar at spark://ee346efe231b:43135/files/org.wildfly.openssl_wildfly-openssl-1.0.7.Final.jar with timestamp 1757512180081
[2025-09-10T13:49:41.746+0000] {spark_submit.py:644} INFO - 25/09/10 13:49:41 INFO Utils: Copying /home/***/.ivy2.5.2/jars/org.wildfly.openssl_wildfly-openssl-1.0.7.Final.jar to /tmp/spark-f439d306-319d-4286-bfee-2104a1d8b05e/userFiles-28813c6e-b842-4d19-84f9-af6f87c9614a/org.wildfly.openssl_wildfly-openssl-1.0.7.Final.jar
[2025-09-10T13:49:41.842+0000] {spark_submit.py:644} INFO - 25/09/10 13:49:41 INFO SecurityManager: Changing view acls to: ***
[2025-09-10T13:49:41.843+0000] {spark_submit.py:644} INFO - 25/09/10 13:49:41 INFO SecurityManager: Changing modify acls to: ***
[2025-09-10T13:49:41.844+0000] {spark_submit.py:644} INFO - 25/09/10 13:49:41 INFO SecurityManager: Changing view acls groups to: ***
[2025-09-10T13:49:41.845+0000] {spark_submit.py:644} INFO - 25/09/10 13:49:41 INFO SecurityManager: Changing modify acls groups to: ***
[2025-09-10T13:49:41.848+0000] {spark_submit.py:644} INFO - 25/09/10 13:49:41 INFO SecurityManager: SecurityManager: authentication disabled; ui acls disabled; users with view permissions: *** groups with view permissions: EMPTY; users with modify permissions: ***; groups with modify permissions: EMPTY; RPC SSL disabled
[2025-09-10T13:49:42.049+0000] {spark_submit.py:644} INFO - 25/09/10 13:49:42 INFO StandaloneAppClient$ClientEndpoint: Connecting to master spark://spark-master:7077...
[2025-09-10T13:49:42.108+0000] {spark_submit.py:644} INFO - 25/09/10 13:49:42 INFO TransportClientFactory: Successfully created connection to spark-master/172.18.0.5:7077 after 32 ms (0 ms spent in bootstraps)
[2025-09-10T13:49:42.265+0000] {spark_submit.py:644} INFO - 25/09/10 13:49:42 INFO StandaloneSchedulerBackend: Connected to Spark cluster with app ID app-20250910134942-0005
[2025-09-10T13:49:42.284+0000] {spark_submit.py:644} INFO - 25/09/10 13:49:42 INFO StandaloneAppClient$ClientEndpoint: Executor added: app-20250910134942-0005/0 on worker-20250910110743-172.18.0.7-46417 (172.18.0.7:46417) with 8 core(s)
[2025-09-10T13:49:42.288+0000] {spark_submit.py:644} INFO - 25/09/10 13:49:42 INFO Utils: Successfully started service 'org.apache.spark.network.netty.NettyBlockTransferService' on port 42019.
[2025-09-10T13:49:42.289+0000] {spark_submit.py:644} INFO - 25/09/10 13:49:42 INFO NettyBlockTransferService: Server created on ee346efe231b:42019
[2025-09-10T13:49:42.291+0000] {spark_submit.py:644} INFO - 25/09/10 13:49:42 INFO StandaloneSchedulerBackend: Granted executor ID app-20250910134942-0005/0 on hostPort 172.18.0.7:46417 with 8 core(s), 1024.0 MiB RAM
[2025-09-10T13:49:42.296+0000] {spark_submit.py:644} INFO - 25/09/10 13:49:42 INFO BlockManager: Using org.apache.spark.storage.RandomBlockReplicationPolicy for block replication policy
[2025-09-10T13:49:42.340+0000] {spark_submit.py:644} INFO - 25/09/10 13:49:42 INFO BlockManagerMaster: Registering BlockManager BlockManagerId(driver, ee346efe231b, 42019, None)
[2025-09-10T13:49:42.400+0000] {spark_submit.py:644} INFO - 25/09/10 13:49:42 INFO BlockManagerMasterEndpoint: Registering block manager ee346efe231b:42019 with 434.4 MiB RAM, BlockManagerId(driver, ee346efe231b, 42019, None)
[2025-09-10T13:49:42.421+0000] {spark_submit.py:644} INFO - 25/09/10 13:49:42 INFO BlockManagerMaster: Registered BlockManager BlockManagerId(driver, ee346efe231b, 42019, None)
[2025-09-10T13:49:42.440+0000] {spark_submit.py:644} INFO - 25/09/10 13:49:42 INFO BlockManager: Initialized BlockManager: BlockManagerId(driver, ee346efe231b, 42019, None)
[2025-09-10T13:49:42.507+0000] {spark_submit.py:644} INFO - 25/09/10 13:49:42 INFO StandaloneAppClient$ClientEndpoint: Executor updated: app-20250910134942-0005/0 is now RUNNING
[2025-09-10T13:49:42.814+0000] {spark_submit.py:644} INFO - 25/09/10 13:49:42 INFO StandaloneSchedulerBackend: SchedulerBackend is ready for scheduling beginning after reached minRegisteredResourcesRatio: 0.0
[2025-09-10T13:49:49.877+0000] {spark_submit.py:644} INFO - 25/09/10 13:49:49 INFO SharedState: Setting hive.metastore.warehouse.dir ('null') to the value of spark.sql.warehouse.dir.
[2025-09-10T13:49:49.883+0000] {spark_submit.py:644} INFO - 25/09/10 13:49:49 INFO SharedState: Warehouse path is 'file:/opt/***/spark-warehouse'.
[2025-09-10T13:49:50.342+0000] {spark_submit.py:644} INFO - 25/09/10 13:49:50 INFO StandaloneSchedulerBackend$StandaloneDriverEndpoint: Registered executor NettyRpcEndpointRef(spark-client://Executor) (172.18.0.7:48690) with ID 0, ResourceProfileId 0
[2025-09-10T13:49:50.715+0000] {spark_submit.py:644} INFO - 25/09/10 13:49:50 INFO BlockManagerMasterEndpoint: Registering block manager 172.18.0.7:41305 with 434.4 MiB RAM, BlockManagerId(0, 172.18.0.7, 41305, None)
[2025-09-10T13:49:52.509+0000] {spark_submit.py:644} INFO - 25/09/10 13:49:52 WARN MetricsConfig: Cannot locate configuration: tried hadoop-metrics2-s3a-file-system.properties,hadoop-metrics2.properties
[2025-09-10T13:49:52.530+0000] {spark_submit.py:644} INFO - 25/09/10 13:49:52 INFO MetricsSystemImpl: Scheduled Metric snapshot period at 10 second(s).
[2025-09-10T13:49:52.532+0000] {spark_submit.py:644} INFO - 25/09/10 13:49:52 INFO MetricsSystemImpl: s3a-file-system metrics system started
[2025-09-10T13:49:52.552+0000] {spark_submit.py:644} INFO - 25/09/10 13:49:52 INFO MetricsSystemImpl: Stopping s3a-file-system metrics system...
[2025-09-10T13:49:52.553+0000] {spark_submit.py:644} INFO - 25/09/10 13:49:52 INFO MetricsSystemImpl: s3a-file-system metrics system stopped.
[2025-09-10T13:49:52.554+0000] {spark_submit.py:644} INFO - 25/09/10 13:49:52 INFO MetricsSystemImpl: s3a-file-system metrics system shutdown complete.
[2025-09-10T13:49:52.555+0000] {spark_submit.py:644} INFO - 25/09/10 13:49:52 WARN FileSystem: Failed to initialize filesystem s3a://data-lake/IMDB%20Movies%202000%20-%202020.csv: java.lang.NumberFormatException: For input string: "60s"
[2025-09-10T13:49:52.560+0000] {spark_submit.py:644} INFO - 25/09/10 13:49:52 WARN FileStreamSink: Assume no metadata directory. Error while looking for metadata directory in the path: s3a://data-lake/IMDB Movies 2000 - 2020.csv.
[2025-09-10T13:49:52.561+0000] {spark_submit.py:644} INFO - java.lang.NumberFormatException: For input string: "60s"
[2025-09-10T13:49:52.561+0000] {spark_submit.py:644} INFO - at java.base/java.lang.NumberFormatException.forInputString(NumberFormatException.java:67)
[2025-09-10T13:49:52.562+0000] {spark_submit.py:644} INFO - at java.base/java.lang.Long.parseLong(Long.java:711)
[2025-09-10T13:49:52.563+0000] {spark_submit.py:644} INFO - at java.base/java.lang.Long.parseLong(Long.java:836)
[2025-09-10T13:49:52.563+0000] {spark_submit.py:644} INFO - at org.apache.hadoop.conf.Configuration.getLong(Configuration.java:1607)
[2025-09-10T13:49:52.564+0000] {spark_submit.py:644} INFO - at org.apache.hadoop.fs.s3a.S3AUtils.longOption(S3AUtils.java:1024)
[2025-09-10T13:49:52.565+0000] {spark_submit.py:644} INFO - at org.apache.hadoop.fs.s3a.S3AFileSystem.initThreadPools(S3AFileSystem.java:719)
[2025-09-10T13:49:52.565+0000] {spark_submit.py:644} INFO - at org.apache.hadoop.fs.s3a.S3AFileSystem.initialize(S3AFileSystem.java:498)
[2025-09-10T13:49:52.566+0000] {spark_submit.py:644} INFO - at org.apache.hadoop.fs.FileSystem.createFileSystem(FileSystem.java:3615)
[2025-09-10T13:49:52.569+0000] {spark_submit.py:644} INFO - at org.apache.hadoop.fs.FileSystem.access$300(FileSystem.java:172)
[2025-09-10T13:49:52.570+0000] {spark_submit.py:644} INFO - at org.apache.hadoop.fs.FileSystem$Cache.getInternal(FileSystem.java:3716)
[2025-09-10T13:49:52.570+0000] {spark_submit.py:644} INFO - at org.apache.hadoop.fs.FileSystem$Cache.get(FileSystem.java:3667)
[2025-09-10T13:49:52.571+0000] {spark_submit.py:644} INFO - at org.apache.hadoop.fs.FileSystem.get(FileSystem.java:557)
[2025-09-10T13:49:52.572+0000] {spark_submit.py:644} INFO - at org.apache.hadoop.fs.Path.getFileSystem(Path.java:366)
[2025-09-10T13:49:52.573+0000] {spark_submit.py:644} INFO - at org.apache.spark.sql.execution.streaming.FileStreamSink$.hasMetadata(FileStreamSink.scala:55)
[2025-09-10T13:49:52.574+0000] {spark_submit.py:644} INFO - at org.apache.spark.sql.execution.datasources.DataSource.resolveRelation(DataSource.scala:381)
[2025-09-10T13:49:52.575+0000] {spark_submit.py:644} INFO - at org.apache.spark.sql.catalyst.analysis.ResolveDataSource.org$apache$spark$sql$catalyst$analysis$ResolveDataSource$$loadV1BatchSource(ResolveDataSource.scala:143)
[2025-09-10T13:49:52.575+0000] {spark_submit.py:644} INFO - at org.apache.spark.sql.catalyst.analysis.ResolveDataSource$$anonfun$apply$1.$anonfun$applyOrElse$2(ResolveDataSource.scala:61)
[2025-09-10T13:49:52.576+0000] {spark_submit.py:644} INFO - at scala.Option.getOrElse(Option.scala:201)
[2025-09-10T13:49:52.577+0000] {spark_submit.py:644} INFO - at org.apache.spark.sql.catalyst.analysis.ResolveDataSource$$anonfun$apply$1.applyOrElse(ResolveDataSource.scala:61)
[2025-09-10T13:49:52.577+0000] {spark_submit.py:644} INFO - at org.apache.spark.sql.catalyst.analysis.ResolveDataSource$$anonfun$apply$1.applyOrElse(ResolveDataSource.scala:45)
[2025-09-10T13:49:52.578+0000] {spark_submit.py:644} INFO - at org.apache.spark.sql.catalyst.plans.logical.AnalysisHelper.$anonfun$resolveOperatorsUpWithPruning$3(AnalysisHelper.scala:139)
[2025-09-10T13:49:52.579+0000] {spark_submit.py:644} INFO - at org.apache.spark.sql.catalyst.trees.CurrentOrigin$.withOrigin(origin.scala:86)
[2025-09-10T13:49:52.579+0000] {spark_submit.py:644} INFO - at org.apache.spark.sql.catalyst.plans.logical.AnalysisHelper.$anonfun$resolveOperatorsUpWithPruning$1(AnalysisHelper.scala:139)
[2025-09-10T13:49:52.580+0000] {spark_submit.py:644} INFO - at org.apache.spark.sql.catalyst.plans.logical.AnalysisHelper$.allowInvokingTransformsInAnalyzer(AnalysisHelper.scala:416)
[2025-09-10T13:49:52.581+0000] {spark_submit.py:644} INFO - at org.apache.spark.sql.catalyst.plans.logical.AnalysisHelper.resolveOperatorsUpWithPruning(AnalysisHelper.scala:135)
[2025-09-10T13:49:52.582+0000] {spark_submit.py:644} INFO - at org.apache.spark.sql.catalyst.plans.logical.AnalysisHelper.resolveOperatorsUpWithPruning$(AnalysisHelper.scala:131)
[2025-09-10T13:49:52.583+0000] {spark_submit.py:644} INFO - at org.apache.spark.sql.catalyst.plans.logical.LogicalPlan.resolveOperatorsUpWithPruning(LogicalPlan.scala:37)
[2025-09-10T13:49:52.584+0000] {spark_submit.py:644} INFO - at org.apache.spark.sql.catalyst.plans.logical.AnalysisHelper.resolveOperatorsUp(AnalysisHelper.scala:112)
[2025-09-10T13:49:52.586+0000] {spark_submit.py:644} INFO - at org.apache.spark.sql.catalyst.plans.logical.AnalysisHelper.resolveOperatorsUp$(AnalysisHelper.scala:111)
[2025-09-10T13:49:52.586+0000] {spark_submit.py:644} INFO - at org.apache.spark.sql.catalyst.plans.logical.LogicalPlan.resolveOperatorsUp(LogicalPlan.scala:37)
[2025-09-10T13:49:52.588+0000] {spark_submit.py:644} INFO - at org.apache.spark.sql.catalyst.analysis.ResolveDataSource.apply(ResolveDataSource.scala:45)
[2025-09-10T13:49:52.589+0000] {spark_submit.py:644} INFO - at org.apache.spark.sql.catalyst.analysis.ResolveDataSource.apply(ResolveDataSource.scala:43)
[2025-09-10T13:49:52.590+0000] {spark_submit.py:644} INFO - at org.apache.spark.sql.catalyst.rules.RuleExecutor.$anonfun$execute$2(RuleExecutor.scala:242)
[2025-09-10T13:49:52.590+0000] {spark_submit.py:644} INFO - at scala.collection.LinearSeqOps.foldLeft(LinearSeq.scala:183)
[2025-09-10T13:49:52.591+0000] {spark_submit.py:644} INFO - at scala.collection.LinearSeqOps.foldLeft$(LinearSeq.scala:179)
[2025-09-10T13:49:52.592+0000] {spark_submit.py:644} INFO - at scala.collection.immutable.List.foldLeft(List.scala:79)
[2025-09-10T13:49:52.592+0000] {spark_submit.py:644} INFO - at org.apache.spark.sql.catalyst.rules.RuleExecutor.$anonfun$execute$1(RuleExecutor.scala:239)
[2025-09-10T13:49:52.593+0000] {spark_submit.py:644} INFO - at org.apache.spark.sql.catalyst.rules.RuleExecutor.$anonfun$execute$1$adapted(RuleExecutor.scala:231)
[2025-09-10T13:49:52.594+0000] {spark_submit.py:644} INFO - at scala.collection.immutable.List.foreach(List.scala:334)
[2025-09-10T13:49:52.595+0000] {spark_submit.py:644} INFO - at org.apache.spark.sql.catalyst.rules.RuleExecutor.execute(RuleExecutor.scala:231)
[2025-09-10T13:49:52.597+0000] {spark_submit.py:644} INFO - at org.apache.spark.sql.catalyst.analysis.Analyzer.org$apache$spark$sql$catalyst$analysis$Analyzer$$executeSameContext(Analyzer.scala:340)
[2025-09-10T13:49:52.597+0000] {spark_submit.py:644} INFO - at org.apache.spark.sql.catalyst.analysis.Analyzer.$anonfun$execute$1(Analyzer.scala:336)
[2025-09-10T13:49:52.598+0000] {spark_submit.py:644} INFO - at org.apache.spark.sql.catalyst.analysis.AnalysisContext$.withNewAnalysisContext(Analyzer.scala:234)
[2025-09-10T13:49:52.599+0000] {spark_submit.py:644} INFO - at org.apache.spark.sql.catalyst.analysis.Analyzer.execute(Analyzer.scala:336)
[2025-09-10T13:49:52.599+0000] {spark_submit.py:644} INFO - at org.apache.spark.sql.catalyst.analysis.Analyzer.execute(Analyzer.scala:299)
[2025-09-10T13:49:52.601+0000] {spark_submit.py:644} INFO - at org.apache.spark.sql.catalyst.rules.RuleExecutor.$anonfun$executeAndTrack$1(RuleExecutor.scala:201)
[2025-09-10T13:49:52.602+0000] {spark_submit.py:644} INFO - at org.apache.spark.sql.catalyst.QueryPlanningTracker$.withTracker(QueryPlanningTracker.scala:89)
[2025-09-10T13:49:52.602+0000] {spark_submit.py:644} INFO - at org.apache.spark.sql.catalyst.rules.RuleExecutor.executeAndTrack(RuleExecutor.scala:201)
[2025-09-10T13:49:52.603+0000] {spark_submit.py:644} INFO - at org.apache.spark.sql.catalyst.analysis.resolver.HybridAnalyzer.resolveInFixedPoint(HybridAnalyzer.scala:190)
[2025-09-10T13:49:52.605+0000] {spark_submit.py:644} INFO - at org.apache.spark.sql.catalyst.analysis.resolver.HybridAnalyzer.$anonfun$apply$1(HybridAnalyzer.scala:76)
[2025-09-10T13:49:52.606+0000] {spark_submit.py:644} INFO - at org.apache.spark.sql.catalyst.analysis.resolver.HybridAnalyzer.withTrackedAnalyzerBridgeState(HybridAnalyzer.scala:111)
[2025-09-10T13:49:52.606+0000] {spark_submit.py:644} INFO - at org.apache.spark.sql.catalyst.analysis.resolver.HybridAnalyzer.apply(HybridAnalyzer.scala:71)
[2025-09-10T13:49:52.607+0000] {spark_submit.py:644} INFO - at org.apache.spark.sql.catalyst.analysis.Analyzer.$anonfun$executeAndCheck$1(Analyzer.scala:330)
[2025-09-10T13:49:52.608+0000] {spark_submit.py:644} INFO - at org.apache.spark.sql.catalyst.plans.logical.AnalysisHelper$.markInAnalyzer(AnalysisHelper.scala:423)
[2025-09-10T13:49:52.609+0000] {spark_submit.py:644} INFO - at org.apache.spark.sql.catalyst.analysis.Analyzer.executeAndCheck(Analyzer.scala:330)
[2025-09-10T13:49:52.610+0000] {spark_submit.py:644} INFO - at org.apache.spark.sql.execution.QueryExecution.$anonfun$lazyAnalyzed$2(QueryExecution.scala:110)
[2025-09-10T13:49:52.611+0000] {spark_submit.py:644} INFO - at org.apache.spark.sql.catalyst.QueryPlanningTracker.measurePhase(QueryPlanningTracker.scala:148)
[2025-09-10T13:49:52.612+0000] {spark_submit.py:644} INFO - at org.apache.spark.sql.execution.QueryExecution.$anonfun$executePhase$2(QueryExecution.scala:278)
[2025-09-10T13:49:52.613+0000] {spark_submit.py:644} INFO - at org.apache.spark.sql.execution.QueryExecution$.withInternalError(QueryExecution.scala:654)
[2025-09-10T13:49:52.614+0000] {spark_submit.py:644} INFO - at org.apache.spark.sql.execution.QueryExecution.$anonfun$executePhase$1(QueryExecution.scala:278)
[2025-09-10T13:49:52.614+0000] {spark_submit.py:644} INFO - at org.apache.spark.sql.SparkSession.withActive(SparkSession.scala:804)
[2025-09-10T13:49:52.615+0000] {spark_submit.py:644} INFO - at org.apache.spark.sql.execution.QueryExecution.executePhase(QueryExecution.scala:277)
[2025-09-10T13:49:52.616+0000] {spark_submit.py:644} INFO - at org.apache.spark.sql.execution.QueryExecution.$anonfun$lazyAnalyzed$1(QueryExecution.scala:110)
[2025-09-10T13:49:52.617+0000] {spark_submit.py:644} INFO - at scala.util.Try$.apply(Try.scala:217)
[2025-09-10T13:49:52.618+0000] {spark_submit.py:644} INFO - at org.apache.spark.util.Utils$.doTryWithCallerStacktrace(Utils.scala:1378)
[2025-09-10T13:49:52.618+0000] {spark_submit.py:644} INFO - at org.apache.spark.util.LazyTry.tryT$lzycompute(LazyTry.scala:46)
[2025-09-10T13:49:52.619+0000] {spark_submit.py:644} INFO - at org.apache.spark.util.LazyTry.tryT(LazyTry.scala:46)
[2025-09-10T13:49:52.620+0000] {spark_submit.py:644} INFO - at org.apache.spark.util.LazyTry.get(LazyTry.scala:58)
[2025-09-10T13:49:52.621+0000] {spark_submit.py:644} INFO - at org.apache.spark.sql.execution.QueryExecution.analyzed(QueryExecution.scala:121)
[2025-09-10T13:49:52.622+0000] {spark_submit.py:644} INFO - at org.apache.spark.sql.execution.QueryExecution.assertAnalyzed(QueryExecution.scala:80)
[2025-09-10T13:49:52.624+0000] {spark_submit.py:644} INFO - at org.apache.spark.sql.classic.Dataset$.$anonfun$ofRows$1(Dataset.scala:115)
[2025-09-10T13:49:52.624+0000] {spark_submit.py:644} INFO - at org.apache.spark.sql.SparkSession.withActive(SparkSession.scala:804)
[2025-09-10T13:49:52.626+0000] {spark_submit.py:644} INFO - at org.apache.spark.sql.classic.Dataset$.ofRows(Dataset.scala:113)
[2025-09-10T13:49:52.626+0000] {spark_submit.py:644} INFO - at org.apache.spark.sql.classic.DataFrameReader.load(DataFrameReader.scala:109)
[2025-09-10T13:49:52.627+0000] {spark_submit.py:644} INFO - at org.apache.spark.sql.classic.DataFrameReader.load(DataFrameReader.scala:58)
[2025-09-10T13:49:52.628+0000] {spark_submit.py:644} INFO - at org.apache.spark.sql.DataFrameReader.csv(DataFrameReader.scala:392)
[2025-09-10T13:49:52.629+0000] {spark_submit.py:644} INFO - at org.apache.spark.sql.classic.DataFrameReader.csv(DataFrameReader.scala:259)
[2025-09-10T13:49:52.630+0000] {spark_submit.py:644} INFO - at org.apache.spark.sql.classic.DataFrameReader.csv(DataFrameReader.scala:58)
[2025-09-10T13:49:52.630+0000] {spark_submit.py:644} INFO - at java.base/jdk.internal.reflect.NativeMethodAccessorImpl.invoke0(Native Method)
[2025-09-10T13:49:52.631+0000] {spark_submit.py:644} INFO - at java.base/jdk.internal.reflect.NativeMethodAccessorImpl.invoke(NativeMethodAccessorImpl.java:77)
[2025-09-10T13:49:52.631+0000] {spark_submit.py:644} INFO - at java.base/jdk.internal.reflect.DelegatingMethodAccessorImpl.invoke(DelegatingMethodAccessorImpl.java:43)
[2025-09-10T13:49:52.632+0000] {spark_submit.py:644} INFO - at java.base/java.lang.reflect.Method.invoke(Method.java:569)
[2025-09-10T13:49:52.632+0000] {spark_submit.py:644} INFO - at py4j.reflection.MethodInvoker.invoke(MethodInvoker.java:244)
[2025-09-10T13:49:52.633+0000] {spark_submit.py:644} INFO - at py4j.reflection.ReflectionEngine.invoke(ReflectionEngine.java:374)
[2025-09-10T13:49:52.633+0000] {spark_submit.py:644} INFO - at py4j.Gateway.invoke(Gateway.java:282)
[2025-09-10T13:49:52.635+0000] {spark_submit.py:644} INFO - at py4j.commands.AbstractCommand.invokeMethod(AbstractCommand.java:132)
[2025-09-10T13:49:52.636+0000] {spark_submit.py:644} INFO - at py4j.commands.CallCommand.execute(CallCommand.java:79)
[2025-09-10T13:49:52.637+0000] {spark_submit.py:644} INFO - at py4j.ClientServerConnection.waitForCommands(ClientServerConnection.java:184)
[2025-09-10T13:49:52.637+0000] {spark_submit.py:644} INFO - at py4j.ClientServerConnection.run(ClientServerConnection.java:108)
[2025-09-10T13:49:52.638+0000] {spark_submit.py:644} INFO - at java.base/java.lang.Thread.run(Thread.java:840)
[2025-09-10T13:49:52.639+0000] {spark_submit.py:644} INFO - 25/09/10 13:49:52 WARN MetricsConfig: Cannot locate configuration: tried hadoop-metrics2-s3a-file-system.properties,hadoop-metrics2.properties
[2025-09-10T13:49:52.639+0000] {spark_submit.py:644} INFO - 25/09/10 13:49:52 INFO MetricsSystemImpl: Scheduled Metric snapshot period at 10 second(s).
[2025-09-10T13:49:52.640+0000] {spark_submit.py:644} INFO - 25/09/10 13:49:52 INFO MetricsSystemImpl: s3a-file-system metrics system started
[2025-09-10T13:49:52.641+0000] {spark_submit.py:644} INFO - 25/09/10 13:49:52 INFO MetricsSystemImpl: Stopping s3a-file-system metrics system...
[2025-09-10T13:49:52.641+0000] {spark_submit.py:644} INFO - 25/09/10 13:49:52 INFO MetricsSystemImpl: s3a-file-system metrics system stopped.
[2025-09-10T13:49:52.642+0000] {spark_submit.py:644} INFO - 25/09/10 13:49:52 INFO MetricsSystemImpl: s3a-file-system metrics system shutdown complete.
[2025-09-10T13:49:52.642+0000] {spark_submit.py:644} INFO - 25/09/10 13:49:52 WARN FileSystem: Failed to initialize filesystem s3a://data-lake/IMDB%20Movies%202000%20-%202020.csv: java.lang.NumberFormatException: For input string: "60s"
[2025-09-10T13:49:52.678+0000] {spark_submit.py:644} INFO - Traceback (most recent call last):
[2025-09-10T13:49:52.678+0000] {spark_submit.py:644} INFO - File "/opt/***/dags/spark_job.py", line 17, in <module>
[2025-09-10T13:49:52.681+0000] {spark_submit.py:644} INFO - df = spark.read.csv("s3a://data-lake/IMDB Movies 2000 - 2020.csv", header=True, inferSchema=True)
[2025-09-10T13:49:52.682+0000] {spark_submit.py:644} INFO - ^^^^^^^^^^^^^^^^^^^^^^^^^^^^^^^^^^^^^^^^^^^^^^^^^^^^^^^^^^^^^^^^^^^^^^^^^^^^^^^^^^^^^^^^^^^^
[2025-09-10T13:49:52.683+0000] {spark_submit.py:644} INFO - File "/home/***/.local/lib/python3.12/site-packages/pyspark/python/lib/pyspark.zip/pyspark/sql/readwriter.py", line 838, in csv
[2025-09-10T13:49:52.683+0000] {spark_submit.py:644} INFO - File "/home/***/.local/lib/python3.12/site-packages/pyspark/python/lib/py4j-0.10.9.9-src.zip/py4j/java_gateway.py", line 1362, in __call__
[2025-09-10T13:49:52.684+0000] {spark_submit.py:644} INFO - File "/home/***/.local/lib/python3.12/site-packages/pyspark/python/lib/pyspark.zip/pyspark/errors/exceptions/captured.py", line 288, in deco
[2025-09-10T13:49:52.690+0000] {spark_submit.py:644} INFO - pyspark.errors.exceptions.captured.NumberFormatException: For input string: "60s"
[2025-09-10T13:49:52.886+0000] {spark_submit.py:644} INFO - 25/09/10 13:49:52 INFO SparkContext: Invoking stop() from shutdown hook
[2025-09-10T13:49:52.890+0000] {spark_submit.py:644} INFO - 25/09/10 13:49:52 INFO SparkContext: SparkContext is stopping with exitCode 0 from run at Executors.java:539.
[2025-09-10T13:49:52.904+0000] {spark_submit.py:644} INFO - 25/09/10 13:49:52 INFO SparkUI: Stopped Spark web UI at http://ee346efe231b:4040
[2025-09-10T13:49:52.909+0000] {spark_submit.py:644} INFO - 25/09/10 13:49:52 INFO StandaloneSchedulerBackend: Shutting down all executors
[2025-09-10T13:49:52.911+0000] {spark_submit.py:644} INFO - 25/09/10 13:49:52 INFO StandaloneSchedulerBackend$StandaloneDriverEndpoint: Asking each executor to shut down
[2025-09-10T13:49:52.934+0000] {spark_submit.py:644} INFO - 25/09/10 13:49:52 INFO MapOutputTrackerMasterEndpoint: MapOutputTrackerMasterEndpoint stopped!
[2025-09-10T13:49:52.989+0000] {spark_submit.py:644} INFO - 25/09/10 13:49:52 INFO MemoryStore: MemoryStore started with capacity 434.4 MiB
[2025-09-10T13:49:52.992+0000] {spark_submit.py:644} INFO - 25/09/10 13:49:52 INFO MemoryStore: MemoryStore cleared
[2025-09-10T13:49:52.993+0000] {spark_submit.py:644} INFO - 25/09/10 13:49:52 INFO BlockManager: BlockManager stopped
[2025-09-10T13:49:53.002+0000] {spark_submit.py:644} INFO - 25/09/10 13:49:53 INFO BlockManagerMaster: BlockManagerMaster stopped
[2025-09-10T13:49:53.009+0000] {spark_submit.py:644} INFO - 25/09/10 13:49:53 INFO OutputCommitCoordinator$OutputCommitCoordinatorEndpoint: OutputCommitCoordinator stopped!
[2025-09-10T13:49:53.029+0000] {spark_submit.py:644} INFO - 25/09/10 13:49:53 ERROR TransportRequestHandler: Error sending result StreamResponse[streamId=/files/com.amazonaws_aws-java-sdk-bundle-1.12.262.jar,byteCount=280645251,body=FileSegmentManagedBuffer[file=/home/***/.ivy2.5.2/jars/com.amazonaws_aws-java-sdk-bundle-1.12.262.jar,offset=0,length=280645251]] to /172.18.0.7:48696; closing connection
[2025-09-10T13:49:53.030+0000] {spark_submit.py:644} INFO - io.netty.channel.StacklessClosedChannelException
[2025-09-10T13:49:53.030+0000] {spark_submit.py:644} INFO - at io.netty.channel.AbstractChannel.close(ChannelPromise)(Unknown Source)
[2025-09-10T13:49:53.120+0000] {spark_submit.py:644} INFO - 25/09/10 13:49:53 INFO SparkContext: Successfully stopped SparkContext
[2025-09-10T13:49:53.121+0000] {spark_submit.py:644} INFO - 25/09/10 13:49:53 INFO ShutdownHookManager: Shutdown hook called
[2025-09-10T13:49:53.155+0000] {spark_submit.py:644} INFO - 25/09/10 13:49:53 INFO ShutdownHookManager: Deleting directory /tmp/spark-f439d306-319d-4286-bfee-2104a1d8b05e
[2025-09-10T13:49:53.156+0000] {spark_submit.py:644} INFO - 25/09/10 13:49:53 INFO ShutdownHookManager: Deleting directory /tmp/spark-5f6f4723-8237-4cac-aa1e-32d79cdd44b3
[2025-09-10T13:49:53.157+0000] {spark_submit.py:644} INFO - 25/09/10 13:49:53 INFO ShutdownHookManager: Deleting directory /tmp/spark-f439d306-319d-4286-bfee-2104a1d8b05e/pyspark-098fe598-3c99-4e68-aeb3-a2b20f17d0b8
[2025-09-10T13:49:53.258+0000] {taskinstance.py:441} INFO - ::group::Post task execution logs
[2025-09-10T13:49:53.279+0000] {taskinstance.py:2905} ERROR - Task failed with exception
Traceback (most recent call last):
  File "/home/airflow/.local/lib/python3.12/site-packages/airflow/models/taskinstance.py", line 465, in _execute_task
    result = _execute_callable(context=context, **execute_callable_kwargs)
             ^^^^^^^^^^^^^^^^^^^^^^^^^^^^^^^^^^^^^^^^^^^^^^^^^^^^^^^^^^^^^
  File "/home/airflow/.local/lib/python3.12/site-packages/airflow/models/taskinstance.py", line 432, in _execute_callable
    return execute_callable(context=context, **execute_callable_kwargs)
           ^^^^^^^^^^^^^^^^^^^^^^^^^^^^^^^^^^^^^^^^^^^^^^^^^^^^^^^^^^^^
  File "/home/airflow/.local/lib/python3.12/site-packages/airflow/models/baseoperator.py", line 401, in wrapper
    return func(self, *args, **kwargs)
           ^^^^^^^^^^^^^^^^^^^^^^^^^^^
  File "/home/airflow/.local/lib/python3.12/site-packages/airflow/providers/apache/spark/operators/spark_submit.py", line 197, in execute
    self._hook.submit(self.application)
  File "/home/airflow/.local/lib/python3.12/site-packages/airflow/providers/apache/spark/hooks/spark_submit.py", line 566, in submit
    raise AirflowException(
airflow.exceptions.AirflowException: Cannot execute: spark-submit --master spark://spark-master:7077 --conf spark.master=spark://spark-master:7077 --conf spark.hadoop.fs.s3a.access.key=minio --conf spark.hadoop.fs.s3a.secret.key=****** --conf spark.hadoop.fs.s3a.endpoint=http://minio:9000 --conf spark.hadoop.fs.s3a.path.style.access=true --conf spark.hadoop.fs.s3a.connection.timeout=60 --packages org.apache.hadoop:hadoop-aws:3.3.4,com.amazonaws:aws-java-sdk-bundle:1.12.2 --name arrow-spark --verbose --deploy-mode client /opt/***/dags/spark_job.py. Error code is: 1.
[2025-09-10T13:49:53.287+0000] {taskinstance.py:1206} INFO - Marking task as FAILED. dag_id=spark_movie_processing_pipeline, task_id=run_spark_job, run_id=manual__2025-09-10T13:49:29.272228+00:00, execution_date=20250910T134929, start_date=20250910T134931, end_date=20250910T134953
[2025-09-10T13:49:53.312+0000] {standard_task_runner.py:110} ERROR - Failed to execute job 7 for task run_spark_job (Cannot execute: spark-submit --master spark://spark-master:7077 --conf spark.master=spark://spark-master:7077 --conf spark.hadoop.fs.s3a.access.key=minio --conf spark.hadoop.fs.s3a.secret.key=****** --conf spark.hadoop.fs.s3a.endpoint=http://minio:9000 --conf spark.hadoop.fs.s3a.path.style.access=true --conf spark.hadoop.fs.s3a.connection.timeout=60 --packages org.apache.hadoop:hadoop-aws:3.3.4,com.amazonaws:aws-java-sdk-bundle:1.12.2 --name arrow-spark --verbose --deploy-mode client /opt/***/dags/spark_job.py. Error code is: 1.; 928)
[2025-09-10T13:49:53.350+0000] {local_task_job_runner.py:243} INFO - Task exited with return code 1
[2025-09-10T13:49:53.386+0000] {taskinstance.py:3503} INFO - 0 downstream tasks scheduled from follow-on schedule check
[2025-09-10T13:49:53.391+0000] {local_task_job_runner.py:222} INFO - ::endgroup::
