[2025-08-25T17:09:24.209+0000] {local_task_job_runner.py:120} INFO - ::group::Pre task execution logs
[2025-08-25T17:09:24.246+0000] {taskinstance.py:2076} INFO - Dependencies all met for dep_context=non-requeueable deps ti=<TaskInstance: user_etl_pipeline.extract_task manual__2025-08-25T17:09:20.537107+00:00 [queued]>
[2025-08-25T17:09:24.257+0000] {taskinstance.py:2076} INFO - Dependencies all met for dep_context=requeueable deps ti=<TaskInstance: user_etl_pipeline.extract_task manual__2025-08-25T17:09:20.537107+00:00 [queued]>
[2025-08-25T17:09:24.258+0000] {taskinstance.py:2306} INFO - Starting attempt 1 of 1
[2025-08-25T17:09:24.282+0000] {taskinstance.py:2330} INFO - Executing <Task(PythonOperator): extract_task> on 2025-08-25 17:09:20.537107+00:00
[2025-08-25T17:09:24.300+0000] {warnings.py:112} WARNING - /home/***/.local/lib/python3.12/site-packages/***/task/task_runner/standard_task_runner.py:61: DeprecationWarning: This process (pid=1807) is multi-threaded, use of fork() may lead to deadlocks in the child.
  pid = os.fork()

[2025-08-25T17:09:24.304+0000] {standard_task_runner.py:63} INFO - Started process 1809 to run task
[2025-08-25T17:09:24.305+0000] {standard_task_runner.py:90} INFO - Running: ['***', 'tasks', 'run', 'user_etl_pipeline', 'extract_task', 'manual__2025-08-25T17:09:20.537107+00:00', '--job-id', '13', '--raw', '--subdir', 'DAGS_FOLDER/user_etl_dag.py', '--cfg-path', '/tmp/tmpqsa13dnx']
[2025-08-25T17:09:24.308+0000] {standard_task_runner.py:91} INFO - Job 13: Subtask extract_task
[2025-08-25T17:09:24.413+0000] {task_command.py:426} INFO - Running <TaskInstance: user_etl_pipeline.extract_task manual__2025-08-25T17:09:20.537107+00:00 [running]> on host 5ce1f97bdd1f
[2025-08-25T17:09:24.562+0000] {taskinstance.py:2648} INFO - Exporting env vars: AIRFLOW_CTX_DAG_OWNER='***' AIRFLOW_CTX_DAG_ID='user_etl_pipeline' AIRFLOW_CTX_TASK_ID='extract_task' AIRFLOW_CTX_EXECUTION_DATE='2025-08-25T17:09:20.537107+00:00' AIRFLOW_CTX_TRY_NUMBER='1' AIRFLOW_CTX_DAG_RUN_ID='manual__2025-08-25T17:09:20.537107+00:00'
[2025-08-25T17:09:24.565+0000] {taskinstance.py:430} INFO - ::endgroup::
[2025-08-25T17:09:24.567+0000] {logging_mixin.py:188} INFO - Korak E: Izvlačenje podataka sa API-ja...
[2025-08-25T17:09:24.739+0000] {logging_mixin.py:188} INFO - Podaci uspešno povučeni.
[2025-08-25T17:09:24.741+0000] {python.py:237} INFO - Done. Returned value was:    id  ...                                            company
0   1  ...  {'name': 'Romaguera-Crona', 'catchPhrase': 'Mu...
1   2  ...  {'name': 'Deckow-Crist', 'catchPhrase': 'Proac...
2   3  ...  {'name': 'Romaguera-Jacobson', 'catchPhrase': ...
3   4  ...  {'name': 'Robel-Corkery', 'catchPhrase': 'Mult...
4   5  ...  {'name': 'Keebler LLC', 'catchPhrase': 'User-c...
5   6  ...  {'name': 'Considine-Lockman', 'catchPhrase': '...
6   7  ...  {'name': 'Johns Group', 'catchPhrase': 'Config...
7   8  ...  {'name': 'Abernathy Group', 'catchPhrase': 'Im...
8   9  ...  {'name': 'Yost and Sons', 'catchPhrase': 'Swit...
9  10  ...  {'name': 'Hoeger LLC', 'catchPhrase': 'Central...

[10 rows x 8 columns]
[2025-08-25T17:09:24.795+0000] {taskinstance.py:441} INFO - ::group::Post task execution logs
[2025-08-25T17:09:24.867+0000] {taskinstance.py:1206} INFO - Marking task as SUCCESS. dag_id=user_etl_pipeline, task_id=extract_task, run_id=manual__2025-08-25T17:09:20.537107+00:00, execution_date=20250825T170920, start_date=20250825T170924, end_date=20250825T170924
[2025-08-25T17:09:24.921+0000] {local_task_job_runner.py:240} INFO - Task exited with return code 0
[2025-08-25T17:09:24.965+0000] {taskinstance.py:3503} INFO - 1 downstream tasks scheduled from follow-on schedule check
[2025-08-25T17:09:24.970+0000] {local_task_job_runner.py:222} INFO - ::endgroup::
