[2025-08-25T17:14:39.570+0000] {local_task_job_runner.py:120} INFO - ::group::Pre task execution logs
[2025-08-25T17:14:39.605+0000] {taskinstance.py:2076} INFO - Dependencies all met for dep_context=non-requeueable deps ti=<TaskInstance: user_etl_pipeline.load_task manual__2025-08-25T17:14:29.844655+00:00 [queued]>
[2025-08-25T17:14:39.619+0000] {taskinstance.py:2076} INFO - Dependencies all met for dep_context=requeueable deps ti=<TaskInstance: user_etl_pipeline.load_task manual__2025-08-25T17:14:29.844655+00:00 [queued]>
[2025-08-25T17:14:39.620+0000] {taskinstance.py:2306} INFO - Starting attempt 1 of 1
[2025-08-25T17:14:39.641+0000] {taskinstance.py:2330} INFO - Executing <Task(PythonOperator): load_task> on 2025-08-25 17:14:29.844655+00:00
[2025-08-25T17:14:39.653+0000] {warnings.py:112} WARNING - /home/***/.local/lib/python3.12/site-packages/***/task/task_runner/standard_task_runner.py:61: DeprecationWarning: This process (pid=1912) is multi-threaded, use of fork() may lead to deadlocks in the child.
  pid = os.fork()

[2025-08-25T17:14:39.656+0000] {standard_task_runner.py:63} INFO - Started process 1914 to run task
[2025-08-25T17:14:39.656+0000] {standard_task_runner.py:90} INFO - Running: ['***', 'tasks', 'run', 'user_etl_pipeline', 'load_task', 'manual__2025-08-25T17:14:29.844655+00:00', '--job-id', '18', '--raw', '--subdir', 'DAGS_FOLDER/user_etl_dag.py', '--cfg-path', '/tmp/tmp4je6mwrb']
[2025-08-25T17:14:39.658+0000] {standard_task_runner.py:91} INFO - Job 18: Subtask load_task
[2025-08-25T17:14:39.755+0000] {task_command.py:426} INFO - Running <TaskInstance: user_etl_pipeline.load_task manual__2025-08-25T17:14:29.844655+00:00 [running]> on host 5ce1f97bdd1f
[2025-08-25T17:14:39.897+0000] {taskinstance.py:2648} INFO - Exporting env vars: AIRFLOW_CTX_DAG_OWNER='***' AIRFLOW_CTX_DAG_ID='user_etl_pipeline' AIRFLOW_CTX_TASK_ID='load_task' AIRFLOW_CTX_EXECUTION_DATE='2025-08-25T17:14:29.844655+00:00' AIRFLOW_CTX_TRY_NUMBER='1' AIRFLOW_CTX_DAG_RUN_ID='manual__2025-08-25T17:14:29.844655+00:00'
[2025-08-25T17:14:39.900+0000] {taskinstance.py:430} INFO - ::endgroup::
[2025-08-25T17:14:39.901+0000] {logging_mixin.py:188} INFO - Korak L: Upisivanje podataka u PostgreSQL bazu...
[2025-08-25T17:14:41.259+0000] {logging_mixin.py:188} INFO - Podaci uspešno upisani u bazu.
[2025-08-25T17:14:41.260+0000] {python.py:237} INFO - Done. Returned value was: None
[2025-08-25T17:14:41.265+0000] {taskinstance.py:441} INFO - ::group::Post task execution logs
[2025-08-25T17:14:41.282+0000] {taskinstance.py:1206} INFO - Marking task as SUCCESS. dag_id=user_etl_pipeline, task_id=load_task, run_id=manual__2025-08-25T17:14:29.844655+00:00, execution_date=20250825T171429, start_date=20250825T171439, end_date=20250825T171441
[2025-08-25T17:14:41.360+0000] {local_task_job_runner.py:240} INFO - Task exited with return code 0
[2025-08-25T17:14:41.404+0000] {taskinstance.py:3503} INFO - 0 downstream tasks scheduled from follow-on schedule check
[2025-08-25T17:14:41.407+0000] {local_task_job_runner.py:222} INFO - ::endgroup::
