[2025-09-10T17:52:56.191+0000] {local_task_job_runner.py:120} INFO - ::group::Pre task execution logs
[2025-09-10T17:52:56.248+0000] {taskinstance.py:2076} INFO - Dependencies all met for dep_context=non-requeueable deps ti=<TaskInstance: spark_movie_processing_pipeline.run_spark_job manual__2025-09-10T17:52:54.004788+00:00 [queued]>
[2025-09-10T17:52:56.261+0000] {taskinstance.py:2076} INFO - Dependencies all met for dep_context=requeueable deps ti=<TaskInstance: spark_movie_processing_pipeline.run_spark_job manual__2025-09-10T17:52:54.004788+00:00 [queued]>
[2025-09-10T17:52:56.262+0000] {taskinstance.py:2306} INFO - Starting attempt 1 of 1
[2025-09-10T17:52:56.290+0000] {taskinstance.py:2330} INFO - Executing <Task(SparkSubmitOperator): run_spark_job> on 2025-09-10 17:52:54.004788+00:00
[2025-09-10T17:52:56.299+0000] {warnings.py:112} WARNING - /home/***/.local/lib/python3.12/site-packages/***/task/task_runner/standard_task_runner.py:62: DeprecationWarning: This process (pid=1284) is multi-threaded, use of fork() may lead to deadlocks in the child.
  pid = os.fork()

[2025-09-10T17:52:56.303+0000] {standard_task_runner.py:64} INFO - Started process 1285 to run task
[2025-09-10T17:52:56.304+0000] {standard_task_runner.py:90} INFO - Running: ['***', 'tasks', 'run', 'spark_movie_processing_pipeline', 'run_spark_job', 'manual__2025-09-10T17:52:54.004788+00:00', '--job-id', '9', '--raw', '--subdir', 'DAGS_FOLDER/spark_movies_dag.py', '--cfg-path', '/tmp/tmp6knyqkyf']
[2025-09-10T17:52:56.308+0000] {standard_task_runner.py:91} INFO - Job 9: Subtask run_spark_job
[2025-09-10T17:52:56.462+0000] {task_command.py:426} INFO - Running <TaskInstance: spark_movie_processing_pipeline.run_spark_job manual__2025-09-10T17:52:54.004788+00:00 [running]> on host ee346efe231b
[2025-09-10T17:52:56.640+0000] {taskinstance.py:2648} INFO - Exporting env vars: AIRFLOW_CTX_DAG_OWNER='***' AIRFLOW_CTX_DAG_ID='spark_movie_processing_pipeline' AIRFLOW_CTX_TASK_ID='run_spark_job' AIRFLOW_CTX_EXECUTION_DATE='2025-09-10T17:52:54.004788+00:00' AIRFLOW_CTX_TRY_NUMBER='1' AIRFLOW_CTX_DAG_RUN_ID='manual__2025-09-10T17:52:54.004788+00:00'
[2025-09-10T17:52:56.644+0000] {taskinstance.py:430} INFO - ::endgroup::
[2025-09-10T17:52:56.670+0000] {base.py:84} INFO - Using connection ID 'spark_connection' for task execution.
[2025-09-10T17:52:56.675+0000] {spark_submit.py:474} INFO - Spark-Submit cmd: spark-submit --master spark://spark-master:7077 --conf spark.master=spark://spark-master:7077 --conf spark.driver.extraJavaOptions=-Dcom.amazonaws.sdk.disableCertChecking=true -Dfs.s3a.connection.ssl.enabled=false -Dfs.s3a.connection.timeout=60000 --conf spark.executor.extraJavaOptions=-Dcom.amazonaws.sdk.disableCertChecking=true -Dfs.s3a.connection.ssl.enabled=false -Dfs.s3a.connection.timeout=60000 --conf spark.hadoop.fs.s3a.access.key=minio --conf spark.hadoop.fs.s3a.secret.key=****** --conf spark.hadoop.fs.s3a.endpoint=http://minio:9000 --conf spark.hadoop.fs.s3a.path.style.access=true --packages org.apache.hadoop:hadoop-aws:3.3.4,com.amazonaws:aws-java-sdk-bundle:1.12.2 --name arrow-spark --verbose --deploy-mode client /opt/***/dags/spark_job.py
[2025-09-10T17:52:57.468+0000] {spark_submit.py:644} INFO - WARNING: Using incubator modules: jdk.incubator.vector
[2025-09-10T17:52:59.665+0000] {spark_submit.py:644} INFO - Parsed arguments:
[2025-09-10T17:52:59.667+0000] {spark_submit.py:644} INFO - master                  spark://spark-master:7077
[2025-09-10T17:52:59.669+0000] {spark_submit.py:644} INFO - remote                  null
[2025-09-10T17:52:59.669+0000] {spark_submit.py:644} INFO - deployMode              client
[2025-09-10T17:52:59.670+0000] {spark_submit.py:644} INFO - executorMemory          null
[2025-09-10T17:52:59.671+0000] {spark_submit.py:644} INFO - executorCores           null
[2025-09-10T17:52:59.672+0000] {spark_submit.py:644} INFO - totalExecutorCores      null
[2025-09-10T17:52:59.673+0000] {spark_submit.py:644} INFO - propertiesFile          null
[2025-09-10T17:52:59.673+0000] {spark_submit.py:644} INFO - driverMemory            null
[2025-09-10T17:52:59.674+0000] {spark_submit.py:644} INFO - driverCores             null
[2025-09-10T17:52:59.676+0000] {spark_submit.py:644} INFO - driverExtraClassPath    null
[2025-09-10T17:52:59.677+0000] {spark_submit.py:644} INFO - driverExtraLibraryPath  null
[2025-09-10T17:52:59.678+0000] {spark_submit.py:644} INFO - driverExtraJavaOptions  -Dcom.amazonaws.sdk.disableCertChecking=true -Dfs.s3a.connection.ssl.enabled=false -Dfs.s3a.connection.timeout=60000
[2025-09-10T17:52:59.679+0000] {spark_submit.py:644} INFO - supervise               false
[2025-09-10T17:52:59.680+0000] {spark_submit.py:644} INFO - queue                   null
[2025-09-10T17:52:59.682+0000] {spark_submit.py:644} INFO - numExecutors            null
[2025-09-10T17:52:59.682+0000] {spark_submit.py:644} INFO - files                   null
[2025-09-10T17:52:59.683+0000] {spark_submit.py:644} INFO - pyFiles                 null
[2025-09-10T17:52:59.684+0000] {spark_submit.py:644} INFO - archives                null
[2025-09-10T17:52:59.685+0000] {spark_submit.py:644} INFO - mainClass               null
[2025-09-10T17:52:59.686+0000] {spark_submit.py:644} INFO - primaryResource         file:/opt/***/dags/spark_job.py
[2025-09-10T17:52:59.686+0000] {spark_submit.py:644} INFO - name                    arrow-spark
[2025-09-10T17:52:59.687+0000] {spark_submit.py:644} INFO - childArgs               []
[2025-09-10T17:52:59.688+0000] {spark_submit.py:644} INFO - jars                    null
[2025-09-10T17:52:59.688+0000] {spark_submit.py:644} INFO - packages                org.apache.hadoop:hadoop-aws:3.3.4,com.amazonaws:aws-java-sdk-bundle:1.12.2
[2025-09-10T17:52:59.689+0000] {spark_submit.py:644} INFO - packagesExclusions      null
[2025-09-10T17:52:59.690+0000] {spark_submit.py:644} INFO - repositories            null
[2025-09-10T17:52:59.690+0000] {spark_submit.py:644} INFO - verbose                 true
[2025-09-10T17:52:59.691+0000] {spark_submit.py:644} INFO - 
[2025-09-10T17:52:59.693+0000] {spark_submit.py:644} INFO - Spark properties used, including those specified through
[2025-09-10T17:52:59.695+0000] {spark_submit.py:644} INFO - --conf and those from the properties file null:
[2025-09-10T17:52:59.696+0000] {spark_submit.py:644} INFO - (spark.driver.extraJavaOptions,-Dcom.amazonaws.sdk.disableCertChecking=true -Dfs.s3a.connection.ssl.enabled=false -Dfs.s3a.connection.timeout=60000)
[2025-09-10T17:52:59.697+0000] {spark_submit.py:644} INFO - (spark.executor.extraJavaOptions,-Dcom.amazonaws.sdk.disableCertChecking=true -Dfs.s3a.connection.ssl.enabled=false -Dfs.s3a.connection.timeout=60000)
[2025-09-10T17:52:59.698+0000] {spark_submit.py:644} INFO - (spark.hadoop.fs.s3a.access.key,*********(redacted))
[2025-09-10T17:52:59.698+0000] {spark_submit.py:644} INFO - (spark.hadoop.fs.s3a.endpoint,http://minio:9000)
[2025-09-10T17:52:59.699+0000] {spark_submit.py:644} INFO - (spark.hadoop.fs.s3a.path.style.access,true)
[2025-09-10T17:52:59.700+0000] {spark_submit.py:644} INFO - (spark.hadoop.fs.s3a.secret.key,*********(redacted))
[2025-09-10T17:52:59.701+0000] {spark_submit.py:644} INFO - (spark.master,spark://spark-master:7077)
[2025-09-10T17:52:59.702+0000] {spark_submit.py:644} INFO - 
[2025-09-10T17:52:59.703+0000] {spark_submit.py:644} INFO - 
[2025-09-10T17:52:59.810+0000] {spark_submit.py:644} INFO - :: loading settings :: url = jar:file:/home/***/.local/lib/python3.12/site-packages/pyspark/jars/ivy-2.5.3.jar!/org/apache/ivy/core/settings/ivysettings.xml
[2025-09-10T17:52:59.920+0000] {spark_submit.py:644} INFO - Ivy Default Cache set to: /home/***/.ivy2.5.2/cache
[2025-09-10T17:52:59.921+0000] {spark_submit.py:644} INFO - The jars for the packages stored in: /home/***/.ivy2.5.2/jars
[2025-09-10T17:52:59.927+0000] {spark_submit.py:644} INFO - org.apache.hadoop#hadoop-aws added as a dependency
[2025-09-10T17:52:59.927+0000] {spark_submit.py:644} INFO - com.amazonaws#aws-java-sdk-bundle added as a dependency
[2025-09-10T17:52:59.928+0000] {spark_submit.py:644} INFO - :: resolving dependencies :: org.apache.spark#spark-submit-parent-a11b961e-5024-4920-9f79-9f102a7c1dc4;1.0
[2025-09-10T17:52:59.929+0000] {spark_submit.py:644} INFO - confs: [default]
[2025-09-10T17:53:00.175+0000] {spark_submit.py:644} INFO - found org.apache.hadoop#hadoop-aws;3.3.4 in central
[2025-09-10T17:53:00.218+0000] {spark_submit.py:644} INFO - found com.amazonaws#aws-java-sdk-bundle;1.12.262 in central
[2025-09-10T17:53:00.260+0000] {spark_submit.py:644} INFO - found org.wildfly.openssl#wildfly-openssl;1.0.7.Final in central
[2025-09-10T17:53:00.334+0000] {spark_submit.py:644} INFO - :: resolution report :: resolve 364ms :: artifacts dl 40ms
[2025-09-10T17:53:00.336+0000] {spark_submit.py:644} INFO - :: modules in use:
[2025-09-10T17:53:00.337+0000] {spark_submit.py:644} INFO - com.amazonaws#aws-java-sdk-bundle;1.12.262 from central in [default]
[2025-09-10T17:53:00.338+0000] {spark_submit.py:644} INFO - org.apache.hadoop#hadoop-aws;3.3.4 from central in [default]
[2025-09-10T17:53:00.339+0000] {spark_submit.py:644} INFO - org.wildfly.openssl#wildfly-openssl;1.0.7.Final from central in [default]
[2025-09-10T17:53:00.347+0000] {spark_submit.py:644} INFO - :: evicted modules:
[2025-09-10T17:53:00.349+0000] {spark_submit.py:644} INFO - com.amazonaws#aws-java-sdk-bundle;1.12.2 by [com.amazonaws#aws-java-sdk-bundle;1.12.262] in [default]
[2025-09-10T17:53:00.354+0000] {spark_submit.py:644} INFO - ---------------------------------------------------------------------
[2025-09-10T17:53:00.355+0000] {spark_submit.py:644} INFO - |                  |            modules            ||   artifacts   |
[2025-09-10T17:53:00.356+0000] {spark_submit.py:644} INFO - |       conf       | number| search|dwnlded|evicted|| number|dwnlded|
[2025-09-10T17:53:00.357+0000] {spark_submit.py:644} INFO - ---------------------------------------------------------------------
[2025-09-10T17:53:00.361+0000] {spark_submit.py:644} INFO - |      default     |   4   |   0   |   0   |   1   ||   3   |   0   |
[2025-09-10T17:53:00.362+0000] {spark_submit.py:644} INFO - ---------------------------------------------------------------------
[2025-09-10T17:53:00.364+0000] {spark_submit.py:644} INFO - :: retrieving :: org.apache.spark#spark-submit-parent-a11b961e-5024-4920-9f79-9f102a7c1dc4
[2025-09-10T17:53:00.365+0000] {spark_submit.py:644} INFO - confs: [default]
[2025-09-10T17:53:00.368+0000] {spark_submit.py:644} INFO - 0 artifacts copied, 3 already retrieved (0kB/12ms)
[2025-09-10T17:53:00.836+0000] {spark_submit.py:644} INFO - 25/09/10 17:53:00 WARN NativeCodeLoader: Unable to load native-hadoop library for your platform... using builtin-java classes where applicable
[2025-09-10T17:53:01.172+0000] {spark_submit.py:644} INFO - Main class:
[2025-09-10T17:53:01.174+0000] {spark_submit.py:644} INFO - org.apache.spark.deploy.PythonRunner
[2025-09-10T17:53:01.176+0000] {spark_submit.py:644} INFO - Arguments:
[2025-09-10T17:53:01.177+0000] {spark_submit.py:644} INFO - file:/opt/***/dags/spark_job.py
[2025-09-10T17:53:01.178+0000] {spark_submit.py:644} INFO - file:///home/***/.ivy2.5.2/jars/org.apache.hadoop_hadoop-aws-3.3.4.jar,file:///home/***/.ivy2.5.2/jars/com.amazonaws_aws-java-sdk-bundle-1.12.262.jar,file:///home/***/.ivy2.5.2/jars/org.wildfly.openssl_wildfly-openssl-1.0.7.Final.jar
[2025-09-10T17:53:01.180+0000] {spark_submit.py:644} INFO - Spark config:
[2025-09-10T17:53:01.187+0000] {spark_submit.py:644} INFO - (spark.app.name,arrow-spark)
[2025-09-10T17:53:01.189+0000] {spark_submit.py:644} INFO - (spark.app.submitTime,1757526781124)
[2025-09-10T17:53:01.190+0000] {spark_submit.py:644} INFO - (spark.driver.extraJavaOptions,-Dcom.amazonaws.sdk.disableCertChecking=true -Dfs.s3a.connection.ssl.enabled=false -Dfs.s3a.connection.timeout=60000)
[2025-09-10T17:53:01.191+0000] {spark_submit.py:644} INFO - (spark.executor.extraJavaOptions,-Dcom.amazonaws.sdk.disableCertChecking=true -Dfs.s3a.connection.ssl.enabled=false -Dfs.s3a.connection.timeout=60000)
[2025-09-10T17:53:01.192+0000] {spark_submit.py:644} INFO - (spark.files,file:///home/***/.ivy2.5.2/jars/org.apache.hadoop_hadoop-aws-3.3.4.jar,file:///home/***/.ivy2.5.2/jars/com.amazonaws_aws-java-sdk-bundle-1.12.262.jar,file:///home/***/.ivy2.5.2/jars/org.wildfly.openssl_wildfly-openssl-1.0.7.Final.jar)
[2025-09-10T17:53:01.193+0000] {spark_submit.py:644} INFO - (spark.hadoop.fs.s3a.access.key,*********(redacted))
[2025-09-10T17:53:01.194+0000] {spark_submit.py:644} INFO - (spark.hadoop.fs.s3a.endpoint,http://minio:9000)
[2025-09-10T17:53:01.195+0000] {spark_submit.py:644} INFO - (spark.hadoop.fs.s3a.path.style.access,true)
[2025-09-10T17:53:01.196+0000] {spark_submit.py:644} INFO - (spark.hadoop.fs.s3a.secret.key,*********(redacted))
[2025-09-10T17:53:01.196+0000] {spark_submit.py:644} INFO - (spark.jars,file:///home/***/.ivy2.5.2/jars/org.apache.hadoop_hadoop-aws-3.3.4.jar,file:///home/***/.ivy2.5.2/jars/com.amazonaws_aws-java-sdk-bundle-1.12.262.jar,file:///home/***/.ivy2.5.2/jars/org.wildfly.openssl_wildfly-openssl-1.0.7.Final.jar)
[2025-09-10T17:53:01.197+0000] {spark_submit.py:644} INFO - (spark.master,spark://spark-master:7077)
[2025-09-10T17:53:01.198+0000] {spark_submit.py:644} INFO - (spark.repl.local.jars,file:///home/***/.ivy2.5.2/jars/org.apache.hadoop_hadoop-aws-3.3.4.jar,file:///home/***/.ivy2.5.2/jars/com.amazonaws_aws-java-sdk-bundle-1.12.262.jar,file:///home/***/.ivy2.5.2/jars/org.wildfly.openssl_wildfly-openssl-1.0.7.Final.jar)
[2025-09-10T17:53:01.200+0000] {spark_submit.py:644} INFO - (spark.submit.deployMode,client)
[2025-09-10T17:53:01.207+0000] {spark_submit.py:644} INFO - (spark.submit.pyFiles,/home/***/.ivy2.5.2/jars/org.apache.hadoop_hadoop-aws-3.3.4.jar,/home/***/.ivy2.5.2/jars/com.amazonaws_aws-java-sdk-bundle-1.12.262.jar,/home/***/.ivy2.5.2/jars/org.wildfly.openssl_wildfly-openssl-1.0.7.Final.jar)
[2025-09-10T17:53:01.209+0000] {spark_submit.py:644} INFO - Classpath elements:
[2025-09-10T17:53:01.210+0000] {spark_submit.py:644} INFO - file:///home/***/.ivy2.5.2/jars/org.apache.hadoop_hadoop-aws-3.3.4.jar
[2025-09-10T17:53:01.211+0000] {spark_submit.py:644} INFO - file:///home/***/.ivy2.5.2/jars/com.amazonaws_aws-java-sdk-bundle-1.12.262.jar
[2025-09-10T17:53:01.213+0000] {spark_submit.py:644} INFO - file:///home/***/.ivy2.5.2/jars/org.wildfly.openssl_wildfly-openssl-1.0.7.Final.jar
[2025-09-10T17:53:01.214+0000] {spark_submit.py:644} INFO - 
[2025-09-10T17:53:01.216+0000] {spark_submit.py:644} INFO - 
[2025-09-10T17:53:04.847+0000] {spark_submit.py:644} INFO - Using Spark's default log4j profile: org/apache/spark/log4j2-defaults.properties
[2025-09-10T17:53:04.853+0000] {spark_submit.py:644} INFO - 25/09/10 17:53:04 INFO SparkContext: Running Spark version 4.0.1
[2025-09-10T17:53:04.856+0000] {spark_submit.py:644} INFO - 25/09/10 17:53:04 INFO SparkContext: OS info Linux, 6.6.87.2-microsoft-standard-WSL2, amd64
[2025-09-10T17:53:04.857+0000] {spark_submit.py:644} INFO - 25/09/10 17:53:04 INFO SparkContext: Java version 17.0.16
[2025-09-10T17:53:04.902+0000] {spark_submit.py:644} INFO - 25/09/10 17:53:04 INFO ResourceUtils: ==============================================================
[2025-09-10T17:53:04.902+0000] {spark_submit.py:644} INFO - 25/09/10 17:53:04 INFO ResourceUtils: No custom resources configured for spark.driver.
[2025-09-10T17:53:04.903+0000] {spark_submit.py:644} INFO - 25/09/10 17:53:04 INFO ResourceUtils: ==============================================================
[2025-09-10T17:53:04.905+0000] {spark_submit.py:644} INFO - 25/09/10 17:53:04 INFO SparkContext: Submitted application: MovieProcessingJob
[2025-09-10T17:53:04.948+0000] {spark_submit.py:644} INFO - 25/09/10 17:53:04 INFO ResourceProfile: Default ResourceProfile created, executor resources: Map(memory -> name: memory, amount: 1024, script: , vendor: , offHeap -> name: offHeap, amount: 0, script: , vendor: ), task resources: Map(cpus -> name: cpus, amount: 1.0)
[2025-09-10T17:53:04.953+0000] {spark_submit.py:644} INFO - 25/09/10 17:53:04 INFO ResourceProfile: Limiting resource is cpu
[2025-09-10T17:53:04.955+0000] {spark_submit.py:644} INFO - 25/09/10 17:53:04 INFO ResourceProfileManager: Added ResourceProfile id: 0
[2025-09-10T17:53:05.059+0000] {spark_submit.py:644} INFO - 25/09/10 17:53:05 INFO SecurityManager: Changing view acls to: ***
[2025-09-10T17:53:05.066+0000] {spark_submit.py:644} INFO - 25/09/10 17:53:05 INFO SecurityManager: Changing modify acls to: ***
[2025-09-10T17:53:05.067+0000] {spark_submit.py:644} INFO - 25/09/10 17:53:05 INFO SecurityManager: Changing view acls groups to: ***
[2025-09-10T17:53:05.069+0000] {spark_submit.py:644} INFO - 25/09/10 17:53:05 INFO SecurityManager: Changing modify acls groups to: ***
[2025-09-10T17:53:05.075+0000] {spark_submit.py:644} INFO - 25/09/10 17:53:05 INFO SecurityManager: SecurityManager: authentication disabled; ui acls disabled; users with view permissions: *** groups with view permissions: EMPTY; users with modify permissions: ***; groups with modify permissions: EMPTY; RPC SSL disabled
[2025-09-10T17:53:05.522+0000] {spark_submit.py:644} INFO - 25/09/10 17:53:05 INFO Utils: Successfully started service 'sparkDriver' on port 45211.
[2025-09-10T17:53:05.564+0000] {spark_submit.py:644} INFO - 25/09/10 17:53:05 INFO SparkEnv: Registering MapOutputTracker
[2025-09-10T17:53:05.584+0000] {spark_submit.py:644} INFO - 25/09/10 17:53:05 INFO SparkEnv: Registering BlockManagerMaster
[2025-09-10T17:53:05.617+0000] {spark_submit.py:644} INFO - 25/09/10 17:53:05 INFO BlockManagerMasterEndpoint: Using org.apache.spark.storage.DefaultTopologyMapper for getting topology information
[2025-09-10T17:53:05.618+0000] {spark_submit.py:644} INFO - 25/09/10 17:53:05 INFO BlockManagerMasterEndpoint: BlockManagerMasterEndpoint up
[2025-09-10T17:53:05.624+0000] {spark_submit.py:644} INFO - 25/09/10 17:53:05 INFO SparkEnv: Registering BlockManagerMasterHeartbeat
[2025-09-10T17:53:05.686+0000] {spark_submit.py:644} INFO - 25/09/10 17:53:05 INFO DiskBlockManager: Created local directory at /tmp/blockmgr-ee2b0c8c-66fd-4387-ac8a-ab7435e81cc8
[2025-09-10T17:53:05.750+0000] {spark_submit.py:644} INFO - 25/09/10 17:53:05 INFO SparkEnv: Registering OutputCommitCoordinator
[2025-09-10T17:53:06.089+0000] {spark_submit.py:644} INFO - 25/09/10 17:53:06 INFO JettyUtils: Start Jetty 0.0.0.0:4040 for SparkUI
[2025-09-10T17:53:06.306+0000] {spark_submit.py:644} INFO - 25/09/10 17:53:06 INFO Utils: Successfully started service 'SparkUI' on port 4040.
[2025-09-10T17:53:06.462+0000] {spark_submit.py:644} INFO - 25/09/10 17:53:06 INFO SparkContext: Added JAR file:///home/***/.ivy2.5.2/jars/org.apache.hadoop_hadoop-aws-3.3.4.jar at spark://ee346efe231b:45211/jars/org.apache.hadoop_hadoop-aws-3.3.4.jar with timestamp 1757526784835
[2025-09-10T17:53:06.463+0000] {spark_submit.py:644} INFO - 25/09/10 17:53:06 INFO SparkContext: Added JAR file:///home/***/.ivy2.5.2/jars/com.amazonaws_aws-java-sdk-bundle-1.12.262.jar at spark://ee346efe231b:45211/jars/com.amazonaws_aws-java-sdk-bundle-1.12.262.jar with timestamp 1757526784835
[2025-09-10T17:53:06.464+0000] {spark_submit.py:644} INFO - 25/09/10 17:53:06 INFO SparkContext: Added JAR file:///home/***/.ivy2.5.2/jars/org.wildfly.openssl_wildfly-openssl-1.0.7.Final.jar at spark://ee346efe231b:45211/jars/org.wildfly.openssl_wildfly-openssl-1.0.7.Final.jar with timestamp 1757526784835
[2025-09-10T17:53:06.481+0000] {spark_submit.py:644} INFO - 25/09/10 17:53:06 INFO SparkContext: Added file file:///home/***/.ivy2.5.2/jars/org.apache.hadoop_hadoop-aws-3.3.4.jar at spark://ee346efe231b:45211/files/org.apache.hadoop_hadoop-aws-3.3.4.jar with timestamp 1757526784835
[2025-09-10T17:53:06.495+0000] {spark_submit.py:644} INFO - 25/09/10 17:53:06 INFO Utils: Copying /home/***/.ivy2.5.2/jars/org.apache.hadoop_hadoop-aws-3.3.4.jar to /tmp/spark-896a3a46-5901-4896-8106-11b49722fc46/userFiles-21a2b02e-d007-4e3a-8599-36a14fd7043d/org.apache.hadoop_hadoop-aws-3.3.4.jar
[2025-09-10T17:53:06.547+0000] {spark_submit.py:644} INFO - 25/09/10 17:53:06 INFO SparkContext: Added file file:///home/***/.ivy2.5.2/jars/com.amazonaws_aws-java-sdk-bundle-1.12.262.jar at spark://ee346efe231b:45211/files/com.amazonaws_aws-java-sdk-bundle-1.12.262.jar with timestamp 1757526784835
[2025-09-10T17:53:06.548+0000] {spark_submit.py:644} INFO - 25/09/10 17:53:06 INFO Utils: Copying /home/***/.ivy2.5.2/jars/com.amazonaws_aws-java-sdk-bundle-1.12.262.jar to /tmp/spark-896a3a46-5901-4896-8106-11b49722fc46/userFiles-21a2b02e-d007-4e3a-8599-36a14fd7043d/com.amazonaws_aws-java-sdk-bundle-1.12.262.jar
[2025-09-10T17:53:07.785+0000] {spark_submit.py:644} INFO - 25/09/10 17:53:07 INFO SparkContext: Added file file:///home/***/.ivy2.5.2/jars/org.wildfly.openssl_wildfly-openssl-1.0.7.Final.jar at spark://ee346efe231b:45211/files/org.wildfly.openssl_wildfly-openssl-1.0.7.Final.jar with timestamp 1757526784835
[2025-09-10T17:53:07.787+0000] {spark_submit.py:644} INFO - 25/09/10 17:53:07 INFO Utils: Copying /home/***/.ivy2.5.2/jars/org.wildfly.openssl_wildfly-openssl-1.0.7.Final.jar to /tmp/spark-896a3a46-5901-4896-8106-11b49722fc46/userFiles-21a2b02e-d007-4e3a-8599-36a14fd7043d/org.wildfly.openssl_wildfly-openssl-1.0.7.Final.jar
[2025-09-10T17:53:07.860+0000] {spark_submit.py:644} INFO - 25/09/10 17:53:07 INFO SecurityManager: Changing view acls to: ***
[2025-09-10T17:53:07.861+0000] {spark_submit.py:644} INFO - 25/09/10 17:53:07 INFO SecurityManager: Changing modify acls to: ***
[2025-09-10T17:53:07.862+0000] {spark_submit.py:644} INFO - 25/09/10 17:53:07 INFO SecurityManager: Changing view acls groups to: ***
[2025-09-10T17:53:07.864+0000] {spark_submit.py:644} INFO - 25/09/10 17:53:07 INFO SecurityManager: Changing modify acls groups to: ***
[2025-09-10T17:53:07.865+0000] {spark_submit.py:644} INFO - 25/09/10 17:53:07 INFO SecurityManager: SecurityManager: authentication disabled; ui acls disabled; users with view permissions: *** groups with view permissions: EMPTY; users with modify permissions: ***; groups with modify permissions: EMPTY; RPC SSL disabled
[2025-09-10T17:53:08.578+0000] {spark_submit.py:644} INFO - 25/09/10 17:53:08 INFO StandaloneAppClient$ClientEndpoint: Connecting to master spark://spark-master:7077...
[2025-09-10T17:53:08.829+0000] {spark_submit.py:644} INFO - 25/09/10 17:53:08 INFO TransportClientFactory: Successfully created connection to spark-master/172.18.0.5:7077 after 146 ms (0 ms spent in bootstraps)
[2025-09-10T17:53:09.151+0000] {spark_submit.py:644} INFO - 25/09/10 17:53:09 INFO StandaloneSchedulerBackend: Connected to Spark cluster with app ID app-20250910175309-0007
[2025-09-10T17:53:09.166+0000] {spark_submit.py:644} INFO - 25/09/10 17:53:09 INFO StandaloneAppClient$ClientEndpoint: Executor added: app-20250910175309-0007/0 on worker-20250910110743-172.18.0.7-46417 (172.18.0.7:46417) with 8 core(s)
[2025-09-10T17:53:09.171+0000] {spark_submit.py:644} INFO - 25/09/10 17:53:09 INFO Utils: Successfully started service 'org.apache.spark.network.netty.NettyBlockTransferService' on port 46053.
[2025-09-10T17:53:09.173+0000] {spark_submit.py:644} INFO - 25/09/10 17:53:09 INFO NettyBlockTransferService: Server created on ee346efe231b:46053
[2025-09-10T17:53:09.175+0000] {spark_submit.py:644} INFO - 25/09/10 17:53:09 INFO BlockManager: Using org.apache.spark.storage.RandomBlockReplicationPolicy for block replication policy
[2025-09-10T17:53:09.176+0000] {spark_submit.py:644} INFO - 25/09/10 17:53:09 INFO StandaloneSchedulerBackend: Granted executor ID app-20250910175309-0007/0 on hostPort 172.18.0.7:46417 with 8 core(s), 1024.0 MiB RAM
[2025-09-10T17:53:09.214+0000] {spark_submit.py:644} INFO - 25/09/10 17:53:09 INFO BlockManagerMaster: Registering BlockManager BlockManagerId(driver, ee346efe231b, 46053, None)
[2025-09-10T17:53:09.224+0000] {spark_submit.py:644} INFO - 25/09/10 17:53:09 INFO BlockManagerMasterEndpoint: Registering block manager ee346efe231b:46053 with 434.4 MiB RAM, BlockManagerId(driver, ee346efe231b, 46053, None)
[2025-09-10T17:53:09.228+0000] {spark_submit.py:644} INFO - 25/09/10 17:53:09 INFO BlockManagerMaster: Registered BlockManager BlockManagerId(driver, ee346efe231b, 46053, None)
[2025-09-10T17:53:09.231+0000] {spark_submit.py:644} INFO - 25/09/10 17:53:09 INFO BlockManager: Initialized BlockManager: BlockManagerId(driver, ee346efe231b, 46053, None)
[2025-09-10T17:53:09.302+0000] {spark_submit.py:644} INFO - 25/09/10 17:53:09 INFO StandaloneAppClient$ClientEndpoint: Executor updated: app-20250910175309-0007/0 is now RUNNING
[2025-09-10T17:53:09.644+0000] {spark_submit.py:644} INFO - 25/09/10 17:53:09 INFO StandaloneSchedulerBackend: SchedulerBackend is ready for scheduling beginning after reached minRegisteredResourcesRatio: 0.0
[2025-09-10T17:53:15.186+0000] {spark_submit.py:644} INFO - 25/09/10 17:53:15 INFO StandaloneSchedulerBackend$StandaloneDriverEndpoint: Registered executor NettyRpcEndpointRef(spark-client://Executor) (172.18.0.7:49812) with ID 0, ResourceProfileId 0
[2025-09-10T17:53:15.526+0000] {spark_submit.py:644} INFO - 25/09/10 17:53:15 INFO BlockManagerMasterEndpoint: Registering block manager 172.18.0.7:35221 with 434.4 MiB RAM, BlockManagerId(0, 172.18.0.7, 35221, None)
[2025-09-10T17:53:15.539+0000] {spark_submit.py:644} INFO - 25/09/10 17:53:15 INFO SharedState: Setting hive.metastore.warehouse.dir ('null') to the value of spark.sql.warehouse.dir.
[2025-09-10T17:53:15.544+0000] {spark_submit.py:644} INFO - 25/09/10 17:53:15 INFO SharedState: Warehouse path is 'file:/opt/***/spark-warehouse'.
[2025-09-10T17:53:17.489+0000] {spark_submit.py:644} INFO - 25/09/10 17:53:17 WARN MetricsConfig: Cannot locate configuration: tried hadoop-metrics2-s3a-file-system.properties,hadoop-metrics2.properties
[2025-09-10T17:53:17.524+0000] {spark_submit.py:644} INFO - 25/09/10 17:53:17 INFO MetricsSystemImpl: Scheduled Metric snapshot period at 10 second(s).
[2025-09-10T17:53:17.526+0000] {spark_submit.py:644} INFO - 25/09/10 17:53:17 INFO MetricsSystemImpl: s3a-file-system metrics system started
[2025-09-10T17:53:17.556+0000] {spark_submit.py:644} INFO - 25/09/10 17:53:17 INFO MetricsSystemImpl: Stopping s3a-file-system metrics system...
[2025-09-10T17:53:17.557+0000] {spark_submit.py:644} INFO - 25/09/10 17:53:17 INFO MetricsSystemImpl: s3a-file-system metrics system stopped.
[2025-09-10T17:53:17.558+0000] {spark_submit.py:644} INFO - 25/09/10 17:53:17 INFO MetricsSystemImpl: s3a-file-system metrics system shutdown complete.
[2025-09-10T17:53:17.559+0000] {spark_submit.py:644} INFO - 25/09/10 17:53:17 WARN FileSystem: Failed to initialize filesystem s3a://data-lake/IMDB%20Movies%202000%20-%202020.csv: java.lang.NumberFormatException: For input string: "60s"
[2025-09-10T17:53:17.566+0000] {spark_submit.py:644} INFO - 25/09/10 17:53:17 WARN FileStreamSink: Assume no metadata directory. Error while looking for metadata directory in the path: s3a://data-lake/IMDB Movies 2000 - 2020.csv.
[2025-09-10T17:53:17.568+0000] {spark_submit.py:644} INFO - java.lang.NumberFormatException: For input string: "60s"
[2025-09-10T17:53:17.569+0000] {spark_submit.py:644} INFO - at java.base/java.lang.NumberFormatException.forInputString(NumberFormatException.java:67)
[2025-09-10T17:53:17.570+0000] {spark_submit.py:644} INFO - at java.base/java.lang.Long.parseLong(Long.java:711)
[2025-09-10T17:53:17.571+0000] {spark_submit.py:644} INFO - at java.base/java.lang.Long.parseLong(Long.java:836)
[2025-09-10T17:53:17.572+0000] {spark_submit.py:644} INFO - at org.apache.hadoop.conf.Configuration.getLong(Configuration.java:1607)
[2025-09-10T17:53:17.573+0000] {spark_submit.py:644} INFO - at org.apache.hadoop.fs.s3a.S3AUtils.longOption(S3AUtils.java:1024)
[2025-09-10T17:53:17.574+0000] {spark_submit.py:644} INFO - at org.apache.hadoop.fs.s3a.S3AFileSystem.initThreadPools(S3AFileSystem.java:719)
[2025-09-10T17:53:17.575+0000] {spark_submit.py:644} INFO - at org.apache.hadoop.fs.s3a.S3AFileSystem.initialize(S3AFileSystem.java:498)
[2025-09-10T17:53:17.577+0000] {spark_submit.py:644} INFO - at org.apache.hadoop.fs.FileSystem.createFileSystem(FileSystem.java:3615)
[2025-09-10T17:53:17.578+0000] {spark_submit.py:644} INFO - at org.apache.hadoop.fs.FileSystem.access$300(FileSystem.java:172)
[2025-09-10T17:53:17.579+0000] {spark_submit.py:644} INFO - at org.apache.hadoop.fs.FileSystem$Cache.getInternal(FileSystem.java:3716)
[2025-09-10T17:53:17.580+0000] {spark_submit.py:644} INFO - at org.apache.hadoop.fs.FileSystem$Cache.get(FileSystem.java:3667)
[2025-09-10T17:53:17.582+0000] {spark_submit.py:644} INFO - at org.apache.hadoop.fs.FileSystem.get(FileSystem.java:557)
[2025-09-10T17:53:17.583+0000] {spark_submit.py:644} INFO - at org.apache.hadoop.fs.Path.getFileSystem(Path.java:366)
[2025-09-10T17:53:17.584+0000] {spark_submit.py:644} INFO - at org.apache.spark.sql.execution.streaming.FileStreamSink$.hasMetadata(FileStreamSink.scala:55)
[2025-09-10T17:53:17.585+0000] {spark_submit.py:644} INFO - at org.apache.spark.sql.execution.datasources.DataSource.resolveRelation(DataSource.scala:381)
[2025-09-10T17:53:17.585+0000] {spark_submit.py:644} INFO - at org.apache.spark.sql.catalyst.analysis.ResolveDataSource.org$apache$spark$sql$catalyst$analysis$ResolveDataSource$$loadV1BatchSource(ResolveDataSource.scala:143)
[2025-09-10T17:53:17.586+0000] {spark_submit.py:644} INFO - at org.apache.spark.sql.catalyst.analysis.ResolveDataSource$$anonfun$apply$1.$anonfun$applyOrElse$2(ResolveDataSource.scala:61)
[2025-09-10T17:53:17.587+0000] {spark_submit.py:644} INFO - at scala.Option.getOrElse(Option.scala:201)
[2025-09-10T17:53:17.588+0000] {spark_submit.py:644} INFO - at org.apache.spark.sql.catalyst.analysis.ResolveDataSource$$anonfun$apply$1.applyOrElse(ResolveDataSource.scala:61)
[2025-09-10T17:53:17.589+0000] {spark_submit.py:644} INFO - at org.apache.spark.sql.catalyst.analysis.ResolveDataSource$$anonfun$apply$1.applyOrElse(ResolveDataSource.scala:45)
[2025-09-10T17:53:17.591+0000] {spark_submit.py:644} INFO - at org.apache.spark.sql.catalyst.plans.logical.AnalysisHelper.$anonfun$resolveOperatorsUpWithPruning$3(AnalysisHelper.scala:139)
[2025-09-10T17:53:17.592+0000] {spark_submit.py:644} INFO - at org.apache.spark.sql.catalyst.trees.CurrentOrigin$.withOrigin(origin.scala:86)
[2025-09-10T17:53:17.593+0000] {spark_submit.py:644} INFO - at org.apache.spark.sql.catalyst.plans.logical.AnalysisHelper.$anonfun$resolveOperatorsUpWithPruning$1(AnalysisHelper.scala:139)
[2025-09-10T17:53:17.594+0000] {spark_submit.py:644} INFO - at org.apache.spark.sql.catalyst.plans.logical.AnalysisHelper$.allowInvokingTransformsInAnalyzer(AnalysisHelper.scala:416)
[2025-09-10T17:53:17.595+0000] {spark_submit.py:644} INFO - at org.apache.spark.sql.catalyst.plans.logical.AnalysisHelper.resolveOperatorsUpWithPruning(AnalysisHelper.scala:135)
[2025-09-10T17:53:17.596+0000] {spark_submit.py:644} INFO - at org.apache.spark.sql.catalyst.plans.logical.AnalysisHelper.resolveOperatorsUpWithPruning$(AnalysisHelper.scala:131)
[2025-09-10T17:53:17.597+0000] {spark_submit.py:644} INFO - at org.apache.spark.sql.catalyst.plans.logical.LogicalPlan.resolveOperatorsUpWithPruning(LogicalPlan.scala:37)
[2025-09-10T17:53:17.599+0000] {spark_submit.py:644} INFO - at org.apache.spark.sql.catalyst.plans.logical.AnalysisHelper.resolveOperatorsUp(AnalysisHelper.scala:112)
[2025-09-10T17:53:17.600+0000] {spark_submit.py:644} INFO - at org.apache.spark.sql.catalyst.plans.logical.AnalysisHelper.resolveOperatorsUp$(AnalysisHelper.scala:111)
[2025-09-10T17:53:17.603+0000] {spark_submit.py:644} INFO - at org.apache.spark.sql.catalyst.plans.logical.LogicalPlan.resolveOperatorsUp(LogicalPlan.scala:37)
[2025-09-10T17:53:17.604+0000] {spark_submit.py:644} INFO - at org.apache.spark.sql.catalyst.analysis.ResolveDataSource.apply(ResolveDataSource.scala:45)
[2025-09-10T17:53:17.606+0000] {spark_submit.py:644} INFO - at org.apache.spark.sql.catalyst.analysis.ResolveDataSource.apply(ResolveDataSource.scala:43)
[2025-09-10T17:53:17.607+0000] {spark_submit.py:644} INFO - at org.apache.spark.sql.catalyst.rules.RuleExecutor.$anonfun$execute$2(RuleExecutor.scala:242)
[2025-09-10T17:53:17.608+0000] {spark_submit.py:644} INFO - at scala.collection.LinearSeqOps.foldLeft(LinearSeq.scala:183)
[2025-09-10T17:53:17.609+0000] {spark_submit.py:644} INFO - at scala.collection.LinearSeqOps.foldLeft$(LinearSeq.scala:179)
[2025-09-10T17:53:17.610+0000] {spark_submit.py:644} INFO - at scala.collection.immutable.List.foldLeft(List.scala:79)
[2025-09-10T17:53:17.611+0000] {spark_submit.py:644} INFO - at org.apache.spark.sql.catalyst.rules.RuleExecutor.$anonfun$execute$1(RuleExecutor.scala:239)
[2025-09-10T17:53:17.612+0000] {spark_submit.py:644} INFO - at org.apache.spark.sql.catalyst.rules.RuleExecutor.$anonfun$execute$1$adapted(RuleExecutor.scala:231)
[2025-09-10T17:53:17.613+0000] {spark_submit.py:644} INFO - at scala.collection.immutable.List.foreach(List.scala:334)
[2025-09-10T17:53:17.615+0000] {spark_submit.py:644} INFO - at org.apache.spark.sql.catalyst.rules.RuleExecutor.execute(RuleExecutor.scala:231)
[2025-09-10T17:53:17.620+0000] {spark_submit.py:644} INFO - at org.apache.spark.sql.catalyst.analysis.Analyzer.org$apache$spark$sql$catalyst$analysis$Analyzer$$executeSameContext(Analyzer.scala:340)
[2025-09-10T17:53:17.621+0000] {spark_submit.py:644} INFO - at org.apache.spark.sql.catalyst.analysis.Analyzer.$anonfun$execute$1(Analyzer.scala:336)
[2025-09-10T17:53:17.622+0000] {spark_submit.py:644} INFO - at org.apache.spark.sql.catalyst.analysis.AnalysisContext$.withNewAnalysisContext(Analyzer.scala:234)
[2025-09-10T17:53:17.623+0000] {spark_submit.py:644} INFO - at org.apache.spark.sql.catalyst.analysis.Analyzer.execute(Analyzer.scala:336)
[2025-09-10T17:53:17.624+0000] {spark_submit.py:644} INFO - at org.apache.spark.sql.catalyst.analysis.Analyzer.execute(Analyzer.scala:299)
[2025-09-10T17:53:17.625+0000] {spark_submit.py:644} INFO - at org.apache.spark.sql.catalyst.rules.RuleExecutor.$anonfun$executeAndTrack$1(RuleExecutor.scala:201)
[2025-09-10T17:53:17.626+0000] {spark_submit.py:644} INFO - at org.apache.spark.sql.catalyst.QueryPlanningTracker$.withTracker(QueryPlanningTracker.scala:89)
[2025-09-10T17:53:17.626+0000] {spark_submit.py:644} INFO - at org.apache.spark.sql.catalyst.rules.RuleExecutor.executeAndTrack(RuleExecutor.scala:201)
[2025-09-10T17:53:17.627+0000] {spark_submit.py:644} INFO - at org.apache.spark.sql.catalyst.analysis.resolver.HybridAnalyzer.resolveInFixedPoint(HybridAnalyzer.scala:190)
[2025-09-10T17:53:17.629+0000] {spark_submit.py:644} INFO - at org.apache.spark.sql.catalyst.analysis.resolver.HybridAnalyzer.$anonfun$apply$1(HybridAnalyzer.scala:76)
[2025-09-10T17:53:17.630+0000] {spark_submit.py:644} INFO - at org.apache.spark.sql.catalyst.analysis.resolver.HybridAnalyzer.withTrackedAnalyzerBridgeState(HybridAnalyzer.scala:111)
[2025-09-10T17:53:17.631+0000] {spark_submit.py:644} INFO - at org.apache.spark.sql.catalyst.analysis.resolver.HybridAnalyzer.apply(HybridAnalyzer.scala:71)
[2025-09-10T17:53:17.632+0000] {spark_submit.py:644} INFO - at org.apache.spark.sql.catalyst.analysis.Analyzer.$anonfun$executeAndCheck$1(Analyzer.scala:330)
[2025-09-10T17:53:17.633+0000] {spark_submit.py:644} INFO - at org.apache.spark.sql.catalyst.plans.logical.AnalysisHelper$.markInAnalyzer(AnalysisHelper.scala:423)
[2025-09-10T17:53:17.634+0000] {spark_submit.py:644} INFO - at org.apache.spark.sql.catalyst.analysis.Analyzer.executeAndCheck(Analyzer.scala:330)
[2025-09-10T17:53:17.635+0000] {spark_submit.py:644} INFO - at org.apache.spark.sql.execution.QueryExecution.$anonfun$lazyAnalyzed$2(QueryExecution.scala:110)
[2025-09-10T17:53:17.636+0000] {spark_submit.py:644} INFO - at org.apache.spark.sql.catalyst.QueryPlanningTracker.measurePhase(QueryPlanningTracker.scala:148)
[2025-09-10T17:53:17.637+0000] {spark_submit.py:644} INFO - at org.apache.spark.sql.execution.QueryExecution.$anonfun$executePhase$2(QueryExecution.scala:278)
[2025-09-10T17:53:17.637+0000] {spark_submit.py:644} INFO - at org.apache.spark.sql.execution.QueryExecution$.withInternalError(QueryExecution.scala:654)
[2025-09-10T17:53:17.638+0000] {spark_submit.py:644} INFO - at org.apache.spark.sql.execution.QueryExecution.$anonfun$executePhase$1(QueryExecution.scala:278)
[2025-09-10T17:53:17.639+0000] {spark_submit.py:644} INFO - at org.apache.spark.sql.SparkSession.withActive(SparkSession.scala:804)
[2025-09-10T17:53:17.640+0000] {spark_submit.py:644} INFO - at org.apache.spark.sql.execution.QueryExecution.executePhase(QueryExecution.scala:277)
[2025-09-10T17:53:17.640+0000] {spark_submit.py:644} INFO - at org.apache.spark.sql.execution.QueryExecution.$anonfun$lazyAnalyzed$1(QueryExecution.scala:110)
[2025-09-10T17:53:17.641+0000] {spark_submit.py:644} INFO - at scala.util.Try$.apply(Try.scala:217)
[2025-09-10T17:53:17.642+0000] {spark_submit.py:644} INFO - at org.apache.spark.util.Utils$.doTryWithCallerStacktrace(Utils.scala:1378)
[2025-09-10T17:53:17.643+0000] {spark_submit.py:644} INFO - at org.apache.spark.util.LazyTry.tryT$lzycompute(LazyTry.scala:46)
[2025-09-10T17:53:17.644+0000] {spark_submit.py:644} INFO - at org.apache.spark.util.LazyTry.tryT(LazyTry.scala:46)
[2025-09-10T17:53:17.645+0000] {spark_submit.py:644} INFO - at org.apache.spark.util.LazyTry.get(LazyTry.scala:58)
[2025-09-10T17:53:17.646+0000] {spark_submit.py:644} INFO - at org.apache.spark.sql.execution.QueryExecution.analyzed(QueryExecution.scala:121)
[2025-09-10T17:53:17.647+0000] {spark_submit.py:644} INFO - at org.apache.spark.sql.execution.QueryExecution.assertAnalyzed(QueryExecution.scala:80)
[2025-09-10T17:53:17.648+0000] {spark_submit.py:644} INFO - at org.apache.spark.sql.classic.Dataset$.$anonfun$ofRows$1(Dataset.scala:115)
[2025-09-10T17:53:17.649+0000] {spark_submit.py:644} INFO - at org.apache.spark.sql.SparkSession.withActive(SparkSession.scala:804)
[2025-09-10T17:53:17.650+0000] {spark_submit.py:644} INFO - at org.apache.spark.sql.classic.Dataset$.ofRows(Dataset.scala:113)
[2025-09-10T17:53:17.651+0000] {spark_submit.py:644} INFO - at org.apache.spark.sql.classic.DataFrameReader.load(DataFrameReader.scala:109)
[2025-09-10T17:53:17.652+0000] {spark_submit.py:644} INFO - at org.apache.spark.sql.classic.DataFrameReader.load(DataFrameReader.scala:58)
[2025-09-10T17:53:17.653+0000] {spark_submit.py:644} INFO - at org.apache.spark.sql.DataFrameReader.csv(DataFrameReader.scala:392)
[2025-09-10T17:53:17.654+0000] {spark_submit.py:644} INFO - at org.apache.spark.sql.classic.DataFrameReader.csv(DataFrameReader.scala:259)
[2025-09-10T17:53:17.655+0000] {spark_submit.py:644} INFO - at org.apache.spark.sql.classic.DataFrameReader.csv(DataFrameReader.scala:58)
[2025-09-10T17:53:17.657+0000] {spark_submit.py:644} INFO - at java.base/jdk.internal.reflect.NativeMethodAccessorImpl.invoke0(Native Method)
[2025-09-10T17:53:17.658+0000] {spark_submit.py:644} INFO - at java.base/jdk.internal.reflect.NativeMethodAccessorImpl.invoke(NativeMethodAccessorImpl.java:77)
[2025-09-10T17:53:17.659+0000] {spark_submit.py:644} INFO - at java.base/jdk.internal.reflect.DelegatingMethodAccessorImpl.invoke(DelegatingMethodAccessorImpl.java:43)
[2025-09-10T17:53:17.660+0000] {spark_submit.py:644} INFO - at java.base/java.lang.reflect.Method.invoke(Method.java:569)
[2025-09-10T17:53:17.661+0000] {spark_submit.py:644} INFO - at py4j.reflection.MethodInvoker.invoke(MethodInvoker.java:244)
[2025-09-10T17:53:17.662+0000] {spark_submit.py:644} INFO - at py4j.reflection.ReflectionEngine.invoke(ReflectionEngine.java:374)
[2025-09-10T17:53:17.662+0000] {spark_submit.py:644} INFO - at py4j.Gateway.invoke(Gateway.java:282)
[2025-09-10T17:53:17.663+0000] {spark_submit.py:644} INFO - at py4j.commands.AbstractCommand.invokeMethod(AbstractCommand.java:132)
[2025-09-10T17:53:17.664+0000] {spark_submit.py:644} INFO - at py4j.commands.CallCommand.execute(CallCommand.java:79)
[2025-09-10T17:53:17.668+0000] {spark_submit.py:644} INFO - at py4j.ClientServerConnection.waitForCommands(ClientServerConnection.java:184)
[2025-09-10T17:53:17.669+0000] {spark_submit.py:644} INFO - at py4j.ClientServerConnection.run(ClientServerConnection.java:108)
[2025-09-10T17:53:17.670+0000] {spark_submit.py:644} INFO - at java.base/java.lang.Thread.run(Thread.java:840)
[2025-09-10T17:53:17.671+0000] {spark_submit.py:644} INFO - 25/09/10 17:53:17 WARN MetricsConfig: Cannot locate configuration: tried hadoop-metrics2-s3a-file-system.properties,hadoop-metrics2.properties
[2025-09-10T17:53:17.672+0000] {spark_submit.py:644} INFO - 25/09/10 17:53:17 INFO MetricsSystemImpl: Scheduled Metric snapshot period at 10 second(s).
[2025-09-10T17:53:17.673+0000] {spark_submit.py:644} INFO - 25/09/10 17:53:17 INFO MetricsSystemImpl: s3a-file-system metrics system started
[2025-09-10T17:53:17.674+0000] {spark_submit.py:644} INFO - 25/09/10 17:53:17 INFO MetricsSystemImpl: Stopping s3a-file-system metrics system...
[2025-09-10T17:53:17.675+0000] {spark_submit.py:644} INFO - 25/09/10 17:53:17 INFO MetricsSystemImpl: s3a-file-system metrics system stopped.
[2025-09-10T17:53:17.676+0000] {spark_submit.py:644} INFO - 25/09/10 17:53:17 INFO MetricsSystemImpl: s3a-file-system metrics system shutdown complete.
[2025-09-10T17:53:17.676+0000] {spark_submit.py:644} INFO - 25/09/10 17:53:17 WARN FileSystem: Failed to initialize filesystem s3a://data-lake/IMDB%20Movies%202000%20-%202020.csv: java.lang.NumberFormatException: For input string: "60s"
[2025-09-10T17:53:17.715+0000] {spark_submit.py:644} INFO - Traceback (most recent call last):
[2025-09-10T17:53:17.717+0000] {spark_submit.py:644} INFO - File "/opt/***/dags/spark_job.py", line 10, in <module>
[2025-09-10T17:53:17.724+0000] {spark_submit.py:644} INFO - df = spark.read.csv("s3a://data-lake/IMDB Movies 2000 - 2020.csv", header=True, inferSchema=True)
[2025-09-10T17:53:17.725+0000] {spark_submit.py:644} INFO - ^^^^^^^^^^^^^^^^^^^^^^^^^^^^^^^^^^^^^^^^^^^^^^^^^^^^^^^^^^^^^^^^^^^^^^^^^^^^^^^^^^^^^^^^^^^^
[2025-09-10T17:53:17.727+0000] {spark_submit.py:644} INFO - File "/home/***/.local/lib/python3.12/site-packages/pyspark/python/lib/pyspark.zip/pyspark/sql/readwriter.py", line 838, in csv
[2025-09-10T17:53:17.730+0000] {spark_submit.py:644} INFO - File "/home/***/.local/lib/python3.12/site-packages/pyspark/python/lib/py4j-0.10.9.9-src.zip/py4j/java_gateway.py", line 1362, in __call__
[2025-09-10T17:53:17.731+0000] {spark_submit.py:644} INFO - File "/home/***/.local/lib/python3.12/site-packages/pyspark/python/lib/pyspark.zip/pyspark/errors/exceptions/captured.py", line 288, in deco
[2025-09-10T17:53:17.743+0000] {spark_submit.py:644} INFO - pyspark.errors.exceptions.captured.NumberFormatException: For input string: "60s"
[2025-09-10T17:53:17.980+0000] {spark_submit.py:644} INFO - 25/09/10 17:53:17 INFO SparkContext: Invoking stop() from shutdown hook
[2025-09-10T17:53:17.986+0000] {spark_submit.py:644} INFO - 25/09/10 17:53:17 INFO SparkContext: SparkContext is stopping with exitCode 0 from run at Executors.java:539.
[2025-09-10T17:53:18.006+0000] {spark_submit.py:644} INFO - 25/09/10 17:53:18 INFO SparkUI: Stopped Spark web UI at http://ee346efe231b:4040
[2025-09-10T17:53:18.016+0000] {spark_submit.py:644} INFO - 25/09/10 17:53:18 INFO StandaloneSchedulerBackend: Shutting down all executors
[2025-09-10T17:53:18.017+0000] {spark_submit.py:644} INFO - 25/09/10 17:53:18 INFO StandaloneSchedulerBackend$StandaloneDriverEndpoint: Asking each executor to shut down
[2025-09-10T17:53:18.055+0000] {spark_submit.py:644} INFO - 25/09/10 17:53:18 INFO MapOutputTrackerMasterEndpoint: MapOutputTrackerMasterEndpoint stopped!
[2025-09-10T17:53:18.121+0000] {spark_submit.py:644} INFO - 25/09/10 17:53:18 INFO MemoryStore: MemoryStore started with capacity 434.4 MiB
[2025-09-10T17:53:18.125+0000] {spark_submit.py:644} INFO - 25/09/10 17:53:18 INFO MemoryStore: MemoryStore cleared
[2025-09-10T17:53:18.133+0000] {spark_submit.py:644} INFO - 25/09/10 17:53:18 INFO BlockManager: BlockManager stopped
[2025-09-10T17:53:18.143+0000] {spark_submit.py:644} INFO - 25/09/10 17:53:18 INFO BlockManagerMaster: BlockManagerMaster stopped
[2025-09-10T17:53:18.148+0000] {spark_submit.py:644} INFO - 25/09/10 17:53:18 INFO OutputCommitCoordinator$OutputCommitCoordinatorEndpoint: OutputCommitCoordinator stopped!
[2025-09-10T17:53:18.316+0000] {spark_submit.py:644} INFO - 25/09/10 17:53:18 INFO SparkContext: Successfully stopped SparkContext
[2025-09-10T17:53:18.318+0000] {spark_submit.py:644} INFO - 25/09/10 17:53:18 INFO ShutdownHookManager: Shutdown hook called
[2025-09-10T17:53:18.319+0000] {spark_submit.py:644} INFO - 25/09/10 17:53:18 INFO ShutdownHookManager: Deleting directory /tmp/spark-f0597c62-1ca2-449e-87bd-20dfdb176b49
[2025-09-10T17:53:18.327+0000] {spark_submit.py:644} INFO - 25/09/10 17:53:18 INFO ShutdownHookManager: Deleting directory /tmp/spark-896a3a46-5901-4896-8106-11b49722fc46/pyspark-ec2e42dc-837a-4606-822e-9d795919381d
[2025-09-10T17:53:18.335+0000] {spark_submit.py:644} INFO - 25/09/10 17:53:18 INFO ShutdownHookManager: Deleting directory /tmp/spark-896a3a46-5901-4896-8106-11b49722fc46
[2025-09-10T17:53:18.437+0000] {taskinstance.py:441} INFO - ::group::Post task execution logs
[2025-09-10T17:53:18.464+0000] {taskinstance.py:2905} ERROR - Task failed with exception
Traceback (most recent call last):
  File "/home/airflow/.local/lib/python3.12/site-packages/airflow/models/taskinstance.py", line 465, in _execute_task
    result = _execute_callable(context=context, **execute_callable_kwargs)
             ^^^^^^^^^^^^^^^^^^^^^^^^^^^^^^^^^^^^^^^^^^^^^^^^^^^^^^^^^^^^^
  File "/home/airflow/.local/lib/python3.12/site-packages/airflow/models/taskinstance.py", line 432, in _execute_callable
    return execute_callable(context=context, **execute_callable_kwargs)
           ^^^^^^^^^^^^^^^^^^^^^^^^^^^^^^^^^^^^^^^^^^^^^^^^^^^^^^^^^^^^
  File "/home/airflow/.local/lib/python3.12/site-packages/airflow/models/baseoperator.py", line 401, in wrapper
    return func(self, *args, **kwargs)
           ^^^^^^^^^^^^^^^^^^^^^^^^^^^
  File "/home/airflow/.local/lib/python3.12/site-packages/airflow/providers/apache/spark/operators/spark_submit.py", line 197, in execute
    self._hook.submit(self.application)
  File "/home/airflow/.local/lib/python3.12/site-packages/airflow/providers/apache/spark/hooks/spark_submit.py", line 566, in submit
    raise AirflowException(
airflow.exceptions.AirflowException: Cannot execute: spark-submit --master spark://spark-master:7077 --conf spark.master=spark://spark-master:7077 --conf spark.driver.extraJavaOptions=-Dcom.amazonaws.sdk.disableCertChecking=true -Dfs.s3a.connection.ssl.enabled=false -Dfs.s3a.connection.timeout=60000 --conf spark.executor.extraJavaOptions=-Dcom.amazonaws.sdk.disableCertChecking=true -Dfs.s3a.connection.ssl.enabled=false -Dfs.s3a.connection.timeout=60000 --conf spark.hadoop.fs.s3a.access.key=minio --conf spark.hadoop.fs.s3a.secret.key=****** --conf spark.hadoop.fs.s3a.endpoint=http://minio:9000 --conf spark.hadoop.fs.s3a.path.style.access=true --packages org.apache.hadoop:hadoop-aws:3.3.4,com.amazonaws:aws-java-sdk-bundle:1.12.2 --name arrow-spark --verbose --deploy-mode client /opt/***/dags/spark_job.py. Error code is: 1.
[2025-09-10T17:53:18.474+0000] {taskinstance.py:1206} INFO - Marking task as FAILED. dag_id=spark_movie_processing_pipeline, task_id=run_spark_job, run_id=manual__2025-09-10T17:52:54.004788+00:00, execution_date=20250910T175254, start_date=20250910T175256, end_date=20250910T175318
[2025-09-10T17:53:18.849+0000] {standard_task_runner.py:110} ERROR - Failed to execute job 9 for task run_spark_job (Cannot execute: spark-submit --master spark://spark-master:7077 --conf spark.master=spark://spark-master:7077 --conf spark.driver.extraJavaOptions=-Dcom.amazonaws.sdk.disableCertChecking=true -Dfs.s3a.connection.ssl.enabled=false -Dfs.s3a.connection.timeout=60000 --conf spark.executor.extraJavaOptions=-Dcom.amazonaws.sdk.disableCertChecking=true -Dfs.s3a.connection.ssl.enabled=false -Dfs.s3a.connection.timeout=60000 --conf spark.hadoop.fs.s3a.access.key=minio --conf spark.hadoop.fs.s3a.secret.key=****** --conf spark.hadoop.fs.s3a.endpoint=http://minio:9000 --conf spark.hadoop.fs.s3a.path.style.access=true --packages org.apache.hadoop:hadoop-aws:3.3.4,com.amazonaws:aws-java-sdk-bundle:1.12.2 --name arrow-spark --verbose --deploy-mode client /opt/***/dags/spark_job.py. Error code is: 1.; 1285)
[2025-09-10T17:53:18.907+0000] {local_task_job_runner.py:243} INFO - Task exited with return code 1
[2025-09-10T17:53:18.971+0000] {taskinstance.py:3503} INFO - 0 downstream tasks scheduled from follow-on schedule check
[2025-09-10T17:53:18.976+0000] {local_task_job_runner.py:222} INFO - ::endgroup::
