[2025-08-25T15:02:04.862+0000] {local_task_job_runner.py:120} INFO - ::group::Pre task execution logs
[2025-08-25T15:02:04.913+0000] {taskinstance.py:2076} INFO - Dependencies all met for dep_context=non-requeueable deps ti=<TaskInstance: conditional_dataset_and_time_based_timetable.conditional_dataset_and_time_based_timetable manual__2025-08-25T15:01:58.047005+00:00 [queued]>
[2025-08-25T15:02:04.937+0000] {taskinstance.py:2076} INFO - Dependencies all met for dep_context=requeueable deps ti=<TaskInstance: conditional_dataset_and_time_based_timetable.conditional_dataset_and_time_based_timetable manual__2025-08-25T15:01:58.047005+00:00 [queued]>
[2025-08-25T15:02:04.939+0000] {taskinstance.py:2306} INFO - Starting attempt 1 of 1
[2025-08-25T15:02:04.980+0000] {taskinstance.py:2330} INFO - Executing <Task(BashOperator): conditional_dataset_and_time_based_timetable> on 2025-08-25 15:01:58.047005+00:00
[2025-08-25T15:02:04.996+0000] {warnings.py:112} WARNING - /home/***/.local/lib/python3.12/site-packages/***/task/task_runner/standard_task_runner.py:61: DeprecationWarning: This process (pid=191) is multi-threaded, use of fork() may lead to deadlocks in the child.
  pid = os.fork()

[2025-08-25T15:02:05.000+0000] {standard_task_runner.py:63} INFO - Started process 203 to run task
[2025-08-25T15:02:05.001+0000] {standard_task_runner.py:90} INFO - Running: ['***', 'tasks', 'run', 'conditional_dataset_and_time_based_timetable', 'conditional_dataset_and_time_based_timetable', 'manual__2025-08-25T15:01:58.047005+00:00', '--job-id', '3', '--raw', '--subdir', '/home/***/.local/lib/python3.12/site-packages/***/example_dags/example_datasets.py', '--cfg-path', '/tmp/tmpdvlw0gph']
[2025-08-25T15:02:05.007+0000] {standard_task_runner.py:91} INFO - Job 3: Subtask conditional_dataset_and_time_based_timetable
[2025-08-25T15:02:05.149+0000] {task_command.py:426} INFO - Running <TaskInstance: conditional_dataset_and_time_based_timetable.conditional_dataset_and_time_based_timetable manual__2025-08-25T15:01:58.047005+00:00 [running]> on host 5ce1f97bdd1f
[2025-08-25T15:02:05.328+0000] {taskinstance.py:2648} INFO - Exporting env vars: AIRFLOW_CTX_DAG_OWNER='***' AIRFLOW_CTX_DAG_ID='conditional_dataset_and_time_based_timetable' AIRFLOW_CTX_TASK_ID='conditional_dataset_and_time_based_timetable' AIRFLOW_CTX_EXECUTION_DATE='2025-08-25T15:01:58.047005+00:00' AIRFLOW_CTX_TRY_NUMBER='1' AIRFLOW_CTX_DAG_RUN_ID='manual__2025-08-25T15:01:58.047005+00:00'
[2025-08-25T15:02:05.333+0000] {taskinstance.py:430} INFO - ::endgroup::
[2025-08-25T15:02:05.334+0000] {subprocess.py:63} INFO - Tmp dir root location: /tmp
[2025-08-25T15:02:05.336+0000] {subprocess.py:75} INFO - Running command: ['/usr/bin/bash', '-c', 'sleep 5']
[2025-08-25T15:02:05.366+0000] {subprocess.py:86} INFO - Output:
[2025-08-25T15:02:10.382+0000] {subprocess.py:97} INFO - Command exited with return code 0
[2025-08-25T15:02:10.386+0000] {taskinstance.py:441} INFO - ::group::Post task execution logs
[2025-08-25T15:02:10.633+0000] {taskinstance.py:1206} INFO - Marking task as SUCCESS. dag_id=conditional_dataset_and_time_based_timetable, task_id=conditional_dataset_and_time_based_timetable, run_id=manual__2025-08-25T15:01:58.047005+00:00, execution_date=20250825T150158, start_date=20250825T150204, end_date=20250825T150210
[2025-08-25T15:02:10.762+0000] {local_task_job_runner.py:240} INFO - Task exited with return code 0
[2025-08-25T15:02:10.805+0000] {taskinstance.py:3503} INFO - 0 downstream tasks scheduled from follow-on schedule check
[2025-08-25T15:02:10.817+0000] {local_task_job_runner.py:222} INFO - ::endgroup::
