[2025-08-25T17:14:32.877+0000] {local_task_job_runner.py:120} INFO - ::group::Pre task execution logs
[2025-08-25T17:14:32.911+0000] {taskinstance.py:2076} INFO - Dependencies all met for dep_context=non-requeueable deps ti=<TaskInstance: user_etl_pipeline.extract_task manual__2025-08-25T17:14:29.844655+00:00 [queued]>
[2025-08-25T17:14:32.922+0000] {taskinstance.py:2076} INFO - Dependencies all met for dep_context=requeueable deps ti=<TaskInstance: user_etl_pipeline.extract_task manual__2025-08-25T17:14:29.844655+00:00 [queued]>
[2025-08-25T17:14:32.923+0000] {taskinstance.py:2306} INFO - Starting attempt 1 of 1
[2025-08-25T17:14:32.944+0000] {taskinstance.py:2330} INFO - Executing <Task(PythonOperator): extract_task> on 2025-08-25 17:14:29.844655+00:00
[2025-08-25T17:14:32.956+0000] {warnings.py:112} WARNING - /home/***/.local/lib/python3.12/site-packages/***/task/task_runner/standard_task_runner.py:61: DeprecationWarning: This process (pid=1897) is multi-threaded, use of fork() may lead to deadlocks in the child.
  pid = os.fork()

[2025-08-25T17:14:32.960+0000] {standard_task_runner.py:63} INFO - Started process 1899 to run task
[2025-08-25T17:14:32.959+0000] {standard_task_runner.py:90} INFO - Running: ['***', 'tasks', 'run', 'user_etl_pipeline', 'extract_task', 'manual__2025-08-25T17:14:29.844655+00:00', '--job-id', '16', '--raw', '--subdir', 'DAGS_FOLDER/user_etl_dag.py', '--cfg-path', '/tmp/tmp8q0laxmv']
[2025-08-25T17:14:32.961+0000] {standard_task_runner.py:91} INFO - Job 16: Subtask extract_task
[2025-08-25T17:14:33.066+0000] {task_command.py:426} INFO - Running <TaskInstance: user_etl_pipeline.extract_task manual__2025-08-25T17:14:29.844655+00:00 [running]> on host 5ce1f97bdd1f
[2025-08-25T17:14:33.215+0000] {taskinstance.py:2648} INFO - Exporting env vars: AIRFLOW_CTX_DAG_OWNER='***' AIRFLOW_CTX_DAG_ID='user_etl_pipeline' AIRFLOW_CTX_TASK_ID='extract_task' AIRFLOW_CTX_EXECUTION_DATE='2025-08-25T17:14:29.844655+00:00' AIRFLOW_CTX_TRY_NUMBER='1' AIRFLOW_CTX_DAG_RUN_ID='manual__2025-08-25T17:14:29.844655+00:00'
[2025-08-25T17:14:33.218+0000] {taskinstance.py:430} INFO - ::endgroup::
[2025-08-25T17:14:33.220+0000] {logging_mixin.py:188} INFO - Korak E: Izvlačenje podataka sa API-ja...
[2025-08-25T17:14:33.364+0000] {logging_mixin.py:188} INFO - Podaci uspešno povučeni.
[2025-08-25T17:14:33.368+0000] {python.py:237} INFO - Done. Returned value was:    id  ...                                            company
0   1  ...  {'name': 'Romaguera-Crona', 'catchPhrase': 'Mu...
1   2  ...  {'name': 'Deckow-Crist', 'catchPhrase': 'Proac...
2   3  ...  {'name': 'Romaguera-Jacobson', 'catchPhrase': ...
3   4  ...  {'name': 'Robel-Corkery', 'catchPhrase': 'Mult...
4   5  ...  {'name': 'Keebler LLC', 'catchPhrase': 'User-c...
5   6  ...  {'name': 'Considine-Lockman', 'catchPhrase': '...
6   7  ...  {'name': 'Johns Group', 'catchPhrase': 'Config...
7   8  ...  {'name': 'Abernathy Group', 'catchPhrase': 'Im...
8   9  ...  {'name': 'Yost and Sons', 'catchPhrase': 'Swit...
9  10  ...  {'name': 'Hoeger LLC', 'catchPhrase': 'Central...

[10 rows x 8 columns]
[2025-08-25T17:14:33.426+0000] {taskinstance.py:441} INFO - ::group::Post task execution logs
[2025-08-25T17:14:33.504+0000] {taskinstance.py:1206} INFO - Marking task as SUCCESS. dag_id=user_etl_pipeline, task_id=extract_task, run_id=manual__2025-08-25T17:14:29.844655+00:00, execution_date=20250825T171429, start_date=20250825T171432, end_date=20250825T171433
[2025-08-25T17:14:33.538+0000] {local_task_job_runner.py:240} INFO - Task exited with return code 0
[2025-08-25T17:14:33.582+0000] {taskinstance.py:3503} INFO - 1 downstream tasks scheduled from follow-on schedule check
[2025-08-25T17:14:33.587+0000] {local_task_job_runner.py:222} INFO - ::endgroup::
