[2025-08-25T16:15:22.062+0000] {local_task_job_runner.py:120} INFO - ::group::Pre task execution logs
[2025-08-25T16:15:22.115+0000] {taskinstance.py:2076} INFO - Dependencies all met for dep_context=non-requeueable deps ti=<TaskInstance: nas_prvi_dag.zadatak_A manual__2025-08-25T16:15:16.620771+00:00 [queued]>
[2025-08-25T16:15:22.128+0000] {taskinstance.py:2076} INFO - Dependencies all met for dep_context=requeueable deps ti=<TaskInstance: nas_prvi_dag.zadatak_A manual__2025-08-25T16:15:16.620771+00:00 [queued]>
[2025-08-25T16:15:22.130+0000] {taskinstance.py:2306} INFO - Starting attempt 1 of 1
[2025-08-25T16:15:22.159+0000] {taskinstance.py:2330} INFO - Executing <Task(BashOperator): zadatak_A> on 2025-08-25 16:15:16.620771+00:00
[2025-08-25T16:15:22.175+0000] {warnings.py:112} WARNING - /home/***/.local/lib/python3.12/site-packages/***/task/task_runner/standard_task_runner.py:61: DeprecationWarning: This process (pid=1103) is multi-threaded, use of fork() may lead to deadlocks in the child.
  pid = os.fork()

[2025-08-25T16:15:22.178+0000] {standard_task_runner.py:63} INFO - Started process 1105 to run task
[2025-08-25T16:15:22.178+0000] {standard_task_runner.py:90} INFO - Running: ['***', 'tasks', 'run', 'nas_prvi_dag', 'zadatak_A', 'manual__2025-08-25T16:15:16.620771+00:00', '--job-id', '6', '--raw', '--subdir', 'DAGS_FOLDER/prvi_dag.py', '--cfg-path', '/tmp/tmp298ezavp']
[2025-08-25T16:15:22.184+0000] {standard_task_runner.py:91} INFO - Job 6: Subtask zadatak_A
[2025-08-25T16:15:22.293+0000] {task_command.py:426} INFO - Running <TaskInstance: nas_prvi_dag.zadatak_A manual__2025-08-25T16:15:16.620771+00:00 [running]> on host 5ce1f97bdd1f
[2025-08-25T16:15:22.457+0000] {taskinstance.py:2648} INFO - Exporting env vars: AIRFLOW_CTX_DAG_OWNER='***' AIRFLOW_CTX_DAG_ID='nas_prvi_dag' AIRFLOW_CTX_TASK_ID='zadatak_A' AIRFLOW_CTX_EXECUTION_DATE='2025-08-25T16:15:16.620771+00:00' AIRFLOW_CTX_TRY_NUMBER='1' AIRFLOW_CTX_DAG_RUN_ID='manual__2025-08-25T16:15:16.620771+00:00'
[2025-08-25T16:15:22.460+0000] {taskinstance.py:430} INFO - ::endgroup::
[2025-08-25T16:15:22.462+0000] {subprocess.py:63} INFO - Tmp dir root location: /tmp
[2025-08-25T16:15:22.464+0000] {subprocess.py:75} INFO - Running command: ['/usr/bin/bash', '-c', 'echo "Zadatak A je završen."']
[2025-08-25T16:15:22.489+0000] {subprocess.py:86} INFO - Output:
[2025-08-25T16:15:22.498+0000] {subprocess.py:93} INFO - Zadatak A je završen.
[2025-08-25T16:15:22.499+0000] {subprocess.py:97} INFO - Command exited with return code 0
[2025-08-25T16:15:22.501+0000] {taskinstance.py:441} INFO - ::group::Post task execution logs
[2025-08-25T16:15:22.543+0000] {taskinstance.py:1206} INFO - Marking task as SUCCESS. dag_id=nas_prvi_dag, task_id=zadatak_A, run_id=manual__2025-08-25T16:15:16.620771+00:00, execution_date=20250825T161516, start_date=20250825T161522, end_date=20250825T161522
[2025-08-25T16:15:22.598+0000] {local_task_job_runner.py:240} INFO - Task exited with return code 0
[2025-08-25T16:15:22.632+0000] {taskinstance.py:3503} INFO - 1 downstream tasks scheduled from follow-on schedule check
[2025-08-25T16:15:22.638+0000] {local_task_job_runner.py:222} INFO - ::endgroup::
