[2025-09-10T13:42:54.804+0000] {local_task_job_runner.py:120} INFO - ::group::Pre task execution logs
[2025-09-10T13:42:54.865+0000] {taskinstance.py:2076} INFO - Dependencies all met for dep_context=non-requeueable deps ti=<TaskInstance: spark_movie_processing_pipeline.run_spark_job manual__2025-09-10T13:42:53.064642+00:00 [queued]>
[2025-09-10T13:42:54.881+0000] {taskinstance.py:2076} INFO - Dependencies all met for dep_context=requeueable deps ti=<TaskInstance: spark_movie_processing_pipeline.run_spark_job manual__2025-09-10T13:42:53.064642+00:00 [queued]>
[2025-09-10T13:42:54.882+0000] {taskinstance.py:2306} INFO - Starting attempt 1 of 1
[2025-09-10T13:42:54.910+0000] {taskinstance.py:2330} INFO - Executing <Task(SparkSubmitOperator): run_spark_job> on 2025-09-10 13:42:53.064642+00:00
[2025-09-10T13:42:54.920+0000] {warnings.py:112} WARNING - /home/***/.local/lib/python3.12/site-packages/***/task/task_runner/standard_task_runner.py:62: DeprecationWarning: This process (pid=575) is multi-threaded, use of fork() may lead to deadlocks in the child.
  pid = os.fork()

[2025-09-10T13:42:54.923+0000] {standard_task_runner.py:64} INFO - Started process 576 to run task
[2025-09-10T13:42:54.923+0000] {standard_task_runner.py:90} INFO - Running: ['***', 'tasks', 'run', 'spark_movie_processing_pipeline', 'run_spark_job', 'manual__2025-09-10T13:42:53.064642+00:00', '--job-id', '5', '--raw', '--subdir', 'DAGS_FOLDER/spark_movies_dag.py', '--cfg-path', '/tmp/tmp33s_ul6n']
[2025-09-10T13:42:54.925+0000] {standard_task_runner.py:91} INFO - Job 5: Subtask run_spark_job
[2025-09-10T13:42:55.045+0000] {task_command.py:426} INFO - Running <TaskInstance: spark_movie_processing_pipeline.run_spark_job manual__2025-09-10T13:42:53.064642+00:00 [running]> on host ee346efe231b
[2025-09-10T13:42:55.225+0000] {taskinstance.py:2648} INFO - Exporting env vars: AIRFLOW_CTX_DAG_OWNER='***' AIRFLOW_CTX_DAG_ID='spark_movie_processing_pipeline' AIRFLOW_CTX_TASK_ID='run_spark_job' AIRFLOW_CTX_EXECUTION_DATE='2025-09-10T13:42:53.064642+00:00' AIRFLOW_CTX_TRY_NUMBER='1' AIRFLOW_CTX_DAG_RUN_ID='manual__2025-09-10T13:42:53.064642+00:00'
[2025-09-10T13:42:55.227+0000] {taskinstance.py:430} INFO - ::endgroup::
[2025-09-10T13:42:55.249+0000] {base.py:84} INFO - Using connection ID 'spark_connection' for task execution.
[2025-09-10T13:42:55.252+0000] {spark_submit.py:474} INFO - Spark-Submit cmd: spark-submit --master spark://spark-master:7077 --conf spark.master=spark://spark-master:7077 --conf spark.hadoop.fs.s3a.access.key=minio --conf spark.hadoop.fs.s3a.secret.key=****** --conf spark.hadoop.fs.s3a.endpoint=http://minio:9000 --conf spark.hadoop.fs.s3a.path.style.access=true --conf spark.hadoop.fs.s3a.connection.timeout=60 --packages org.apache.hadoop:hadoop-aws:3.3.4,com.amazonaws:aws-java-sdk-bundle:1.12.2 --name arrow-spark --verbose --deploy-mode client /opt/***/dags/spark_job.py
[2025-09-10T13:42:55.918+0000] {spark_submit.py:644} INFO - WARNING: Using incubator modules: jdk.incubator.vector
[2025-09-10T13:42:58.060+0000] {spark_submit.py:644} INFO - Parsed arguments:
[2025-09-10T13:42:58.061+0000] {spark_submit.py:644} INFO - master                  spark://spark-master:7077
[2025-09-10T13:42:58.063+0000] {spark_submit.py:644} INFO - remote                  null
[2025-09-10T13:42:58.065+0000] {spark_submit.py:644} INFO - deployMode              client
[2025-09-10T13:42:58.066+0000] {spark_submit.py:644} INFO - executorMemory          null
[2025-09-10T13:42:58.067+0000] {spark_submit.py:644} INFO - executorCores           null
[2025-09-10T13:42:58.068+0000] {spark_submit.py:644} INFO - totalExecutorCores      null
[2025-09-10T13:42:58.069+0000] {spark_submit.py:644} INFO - propertiesFile          null
[2025-09-10T13:42:58.070+0000] {spark_submit.py:644} INFO - driverMemory            null
[2025-09-10T13:42:58.071+0000] {spark_submit.py:644} INFO - driverCores             null
[2025-09-10T13:42:58.072+0000] {spark_submit.py:644} INFO - driverExtraClassPath    null
[2025-09-10T13:42:58.075+0000] {spark_submit.py:644} INFO - driverExtraLibraryPath  null
[2025-09-10T13:42:58.079+0000] {spark_submit.py:644} INFO - driverExtraJavaOptions  null
[2025-09-10T13:42:58.080+0000] {spark_submit.py:644} INFO - supervise               false
[2025-09-10T13:42:58.082+0000] {spark_submit.py:644} INFO - queue                   null
[2025-09-10T13:42:58.083+0000] {spark_submit.py:644} INFO - numExecutors            null
[2025-09-10T13:42:58.084+0000] {spark_submit.py:644} INFO - files                   null
[2025-09-10T13:42:58.086+0000] {spark_submit.py:644} INFO - pyFiles                 null
[2025-09-10T13:42:58.090+0000] {spark_submit.py:644} INFO - archives                null
[2025-09-10T13:42:58.092+0000] {spark_submit.py:644} INFO - mainClass               null
[2025-09-10T13:42:58.096+0000] {spark_submit.py:644} INFO - primaryResource         file:/opt/***/dags/spark_job.py
[2025-09-10T13:42:58.099+0000] {spark_submit.py:644} INFO - name                    arrow-spark
[2025-09-10T13:42:58.100+0000] {spark_submit.py:644} INFO - childArgs               []
[2025-09-10T13:42:58.102+0000] {spark_submit.py:644} INFO - jars                    null
[2025-09-10T13:42:58.103+0000] {spark_submit.py:644} INFO - packages                org.apache.hadoop:hadoop-aws:3.3.4,com.amazonaws:aws-java-sdk-bundle:1.12.2
[2025-09-10T13:42:58.107+0000] {spark_submit.py:644} INFO - packagesExclusions      null
[2025-09-10T13:42:58.109+0000] {spark_submit.py:644} INFO - repositories            null
[2025-09-10T13:42:58.110+0000] {spark_submit.py:644} INFO - verbose                 true
[2025-09-10T13:42:58.112+0000] {spark_submit.py:644} INFO - 
[2025-09-10T13:42:58.113+0000] {spark_submit.py:644} INFO - Spark properties used, including those specified through
[2025-09-10T13:42:58.114+0000] {spark_submit.py:644} INFO - --conf and those from the properties file null:
[2025-09-10T13:42:58.120+0000] {spark_submit.py:644} INFO - (spark.hadoop.fs.s3a.access.key,*********(redacted))
[2025-09-10T13:42:58.122+0000] {spark_submit.py:644} INFO - (spark.hadoop.fs.s3a.connection.timeout,60)
[2025-09-10T13:42:58.123+0000] {spark_submit.py:644} INFO - (spark.hadoop.fs.s3a.endpoint,http://minio:9000)
[2025-09-10T13:42:58.124+0000] {spark_submit.py:644} INFO - (spark.hadoop.fs.s3a.path.style.access,true)
[2025-09-10T13:42:58.125+0000] {spark_submit.py:644} INFO - (spark.hadoop.fs.s3a.secret.key,*********(redacted))
[2025-09-10T13:42:58.126+0000] {spark_submit.py:644} INFO - (spark.master,spark://spark-master:7077)
[2025-09-10T13:42:58.127+0000] {spark_submit.py:644} INFO - 
[2025-09-10T13:42:58.130+0000] {spark_submit.py:644} INFO - 
[2025-09-10T13:42:58.264+0000] {spark_submit.py:644} INFO - :: loading settings :: url = jar:file:/home/***/.local/lib/python3.12/site-packages/pyspark/jars/ivy-2.5.3.jar!/org/apache/ivy/core/settings/ivysettings.xml
[2025-09-10T13:42:58.395+0000] {spark_submit.py:644} INFO - Ivy Default Cache set to: /home/***/.ivy2.5.2/cache
[2025-09-10T13:42:58.396+0000] {spark_submit.py:644} INFO - The jars for the packages stored in: /home/***/.ivy2.5.2/jars
[2025-09-10T13:42:58.404+0000] {spark_submit.py:644} INFO - org.apache.hadoop#hadoop-aws added as a dependency
[2025-09-10T13:42:58.404+0000] {spark_submit.py:644} INFO - com.amazonaws#aws-java-sdk-bundle added as a dependency
[2025-09-10T13:42:58.405+0000] {spark_submit.py:644} INFO - :: resolving dependencies :: org.apache.spark#spark-submit-parent-ae6fe94b-ae46-4744-820f-e7be1955b476;1.0
[2025-09-10T13:42:58.406+0000] {spark_submit.py:644} INFO - confs: [default]
[2025-09-10T13:42:58.694+0000] {spark_submit.py:644} INFO - found org.apache.hadoop#hadoop-aws;3.3.4 in central
[2025-09-10T13:42:58.764+0000] {spark_submit.py:644} INFO - found com.amazonaws#aws-java-sdk-bundle;1.12.262 in central
[2025-09-10T13:42:58.838+0000] {spark_submit.py:644} INFO - found org.wildfly.openssl#wildfly-openssl;1.0.7.Final in central
[2025-09-10T13:42:58.895+0000] {spark_submit.py:644} INFO - :: resolution report :: resolve 461ms :: artifacts dl 28ms
[2025-09-10T13:42:58.897+0000] {spark_submit.py:644} INFO - :: modules in use:
[2025-09-10T13:42:58.898+0000] {spark_submit.py:644} INFO - com.amazonaws#aws-java-sdk-bundle;1.12.262 from central in [default]
[2025-09-10T13:42:58.899+0000] {spark_submit.py:644} INFO - org.apache.hadoop#hadoop-aws;3.3.4 from central in [default]
[2025-09-10T13:42:58.900+0000] {spark_submit.py:644} INFO - org.wildfly.openssl#wildfly-openssl;1.0.7.Final from central in [default]
[2025-09-10T13:42:58.901+0000] {spark_submit.py:644} INFO - :: evicted modules:
[2025-09-10T13:42:58.901+0000] {spark_submit.py:644} INFO - com.amazonaws#aws-java-sdk-bundle;1.12.2 by [com.amazonaws#aws-java-sdk-bundle;1.12.262] in [default]
[2025-09-10T13:42:58.902+0000] {spark_submit.py:644} INFO - ---------------------------------------------------------------------
[2025-09-10T13:42:58.903+0000] {spark_submit.py:644} INFO - |                  |            modules            ||   artifacts   |
[2025-09-10T13:42:58.906+0000] {spark_submit.py:644} INFO - |       conf       | number| search|dwnlded|evicted|| number|dwnlded|
[2025-09-10T13:42:58.907+0000] {spark_submit.py:644} INFO - ---------------------------------------------------------------------
[2025-09-10T13:42:58.908+0000] {spark_submit.py:644} INFO - |      default     |   4   |   0   |   0   |   1   ||   3   |   0   |
[2025-09-10T13:42:58.910+0000] {spark_submit.py:644} INFO - ---------------------------------------------------------------------
[2025-09-10T13:42:58.912+0000] {spark_submit.py:644} INFO - :: retrieving :: org.apache.spark#spark-submit-parent-ae6fe94b-ae46-4744-820f-e7be1955b476
[2025-09-10T13:42:58.913+0000] {spark_submit.py:644} INFO - confs: [default]
[2025-09-10T13:42:58.920+0000] {spark_submit.py:644} INFO - 0 artifacts copied, 3 already retrieved (0kB/13ms)
[2025-09-10T13:42:59.426+0000] {spark_submit.py:644} INFO - 25/09/10 13:42:59 WARN NativeCodeLoader: Unable to load native-hadoop library for your platform... using builtin-java classes where applicable
[2025-09-10T13:42:59.786+0000] {spark_submit.py:644} INFO - Main class:
[2025-09-10T13:42:59.788+0000] {spark_submit.py:644} INFO - org.apache.spark.deploy.PythonRunner
[2025-09-10T13:42:59.794+0000] {spark_submit.py:644} INFO - Arguments:
[2025-09-10T13:42:59.812+0000] {spark_submit.py:644} INFO - file:/opt/***/dags/spark_job.py
[2025-09-10T13:42:59.817+0000] {spark_submit.py:644} INFO - file:///home/***/.ivy2.5.2/jars/org.apache.hadoop_hadoop-aws-3.3.4.jar,file:///home/***/.ivy2.5.2/jars/com.amazonaws_aws-java-sdk-bundle-1.12.262.jar,file:///home/***/.ivy2.5.2/jars/org.wildfly.openssl_wildfly-openssl-1.0.7.Final.jar
[2025-09-10T13:42:59.828+0000] {spark_submit.py:644} INFO - Spark config:
[2025-09-10T13:42:59.832+0000] {spark_submit.py:644} INFO - (spark.app.name,arrow-spark)
[2025-09-10T13:42:59.834+0000] {spark_submit.py:644} INFO - (spark.app.submitTime,1757511779691)
[2025-09-10T13:42:59.835+0000] {spark_submit.py:644} INFO - (spark.files,file:///home/***/.ivy2.5.2/jars/org.apache.hadoop_hadoop-aws-3.3.4.jar,file:///home/***/.ivy2.5.2/jars/com.amazonaws_aws-java-sdk-bundle-1.12.262.jar,file:///home/***/.ivy2.5.2/jars/org.wildfly.openssl_wildfly-openssl-1.0.7.Final.jar)
[2025-09-10T13:42:59.837+0000] {spark_submit.py:644} INFO - (spark.hadoop.fs.s3a.access.key,*********(redacted))
[2025-09-10T13:42:59.838+0000] {spark_submit.py:644} INFO - (spark.hadoop.fs.s3a.connection.timeout,60)
[2025-09-10T13:42:59.844+0000] {spark_submit.py:644} INFO - (spark.hadoop.fs.s3a.endpoint,http://minio:9000)
[2025-09-10T13:42:59.845+0000] {spark_submit.py:644} INFO - (spark.hadoop.fs.s3a.path.style.access,true)
[2025-09-10T13:42:59.847+0000] {spark_submit.py:644} INFO - (spark.hadoop.fs.s3a.secret.key,*********(redacted))
[2025-09-10T13:42:59.848+0000] {spark_submit.py:644} INFO - (spark.jars,file:///home/***/.ivy2.5.2/jars/org.apache.hadoop_hadoop-aws-3.3.4.jar,file:///home/***/.ivy2.5.2/jars/com.amazonaws_aws-java-sdk-bundle-1.12.262.jar,file:///home/***/.ivy2.5.2/jars/org.wildfly.openssl_wildfly-openssl-1.0.7.Final.jar)
[2025-09-10T13:42:59.849+0000] {spark_submit.py:644} INFO - (spark.master,spark://spark-master:7077)
[2025-09-10T13:42:59.850+0000] {spark_submit.py:644} INFO - (spark.repl.local.jars,file:///home/***/.ivy2.5.2/jars/org.apache.hadoop_hadoop-aws-3.3.4.jar,file:///home/***/.ivy2.5.2/jars/com.amazonaws_aws-java-sdk-bundle-1.12.262.jar,file:///home/***/.ivy2.5.2/jars/org.wildfly.openssl_wildfly-openssl-1.0.7.Final.jar)
[2025-09-10T13:42:59.851+0000] {spark_submit.py:644} INFO - (spark.submit.deployMode,client)
[2025-09-10T13:42:59.852+0000] {spark_submit.py:644} INFO - (spark.submit.pyFiles,/home/***/.ivy2.5.2/jars/org.apache.hadoop_hadoop-aws-3.3.4.jar,/home/***/.ivy2.5.2/jars/com.amazonaws_aws-java-sdk-bundle-1.12.262.jar,/home/***/.ivy2.5.2/jars/org.wildfly.openssl_wildfly-openssl-1.0.7.Final.jar)
[2025-09-10T13:42:59.855+0000] {spark_submit.py:644} INFO - Classpath elements:
[2025-09-10T13:42:59.856+0000] {spark_submit.py:644} INFO - file:///home/***/.ivy2.5.2/jars/org.apache.hadoop_hadoop-aws-3.3.4.jar
[2025-09-10T13:42:59.860+0000] {spark_submit.py:644} INFO - file:///home/***/.ivy2.5.2/jars/com.amazonaws_aws-java-sdk-bundle-1.12.262.jar
[2025-09-10T13:42:59.861+0000] {spark_submit.py:644} INFO - file:///home/***/.ivy2.5.2/jars/org.wildfly.openssl_wildfly-openssl-1.0.7.Final.jar
[2025-09-10T13:42:59.864+0000] {spark_submit.py:644} INFO - 
[2025-09-10T13:42:59.871+0000] {spark_submit.py:644} INFO - 
[2025-09-10T13:43:03.384+0000] {spark_submit.py:644} INFO - Using Spark's default log4j profile: org/apache/spark/log4j2-defaults.properties
[2025-09-10T13:43:03.390+0000] {spark_submit.py:644} INFO - 25/09/10 13:43:03 INFO SparkContext: Running Spark version 4.0.1
[2025-09-10T13:43:03.393+0000] {spark_submit.py:644} INFO - 25/09/10 13:43:03 INFO SparkContext: OS info Linux, 6.6.87.2-microsoft-standard-WSL2, amd64
[2025-09-10T13:43:03.394+0000] {spark_submit.py:644} INFO - 25/09/10 13:43:03 INFO SparkContext: Java version 17.0.16
[2025-09-10T13:43:03.429+0000] {spark_submit.py:644} INFO - 25/09/10 13:43:03 INFO ResourceUtils: ==============================================================
[2025-09-10T13:43:03.430+0000] {spark_submit.py:644} INFO - 25/09/10 13:43:03 INFO ResourceUtils: No custom resources configured for spark.driver.
[2025-09-10T13:43:03.431+0000] {spark_submit.py:644} INFO - 25/09/10 13:43:03 INFO ResourceUtils: ==============================================================
[2025-09-10T13:43:03.431+0000] {spark_submit.py:644} INFO - 25/09/10 13:43:03 INFO SparkContext: Submitted application: MovieProcessingJob
[2025-09-10T13:43:03.470+0000] {spark_submit.py:644} INFO - 25/09/10 13:43:03 INFO ResourceProfile: Default ResourceProfile created, executor resources: Map(memory -> name: memory, amount: 1024, script: , vendor: , offHeap -> name: offHeap, amount: 0, script: , vendor: ), task resources: Map(cpus -> name: cpus, amount: 1.0)
[2025-09-10T13:43:03.474+0000] {spark_submit.py:644} INFO - 25/09/10 13:43:03 INFO ResourceProfile: Limiting resource is cpu
[2025-09-10T13:43:03.476+0000] {spark_submit.py:644} INFO - 25/09/10 13:43:03 INFO ResourceProfileManager: Added ResourceProfile id: 0
[2025-09-10T13:43:03.540+0000] {spark_submit.py:644} INFO - 25/09/10 13:43:03 INFO SecurityManager: Changing view acls to: ***
[2025-09-10T13:43:03.541+0000] {spark_submit.py:644} INFO - 25/09/10 13:43:03 INFO SecurityManager: Changing modify acls to: ***
[2025-09-10T13:43:03.542+0000] {spark_submit.py:644} INFO - 25/09/10 13:43:03 INFO SecurityManager: Changing view acls groups to: ***
[2025-09-10T13:43:03.543+0000] {spark_submit.py:644} INFO - 25/09/10 13:43:03 INFO SecurityManager: Changing modify acls groups to: ***
[2025-09-10T13:43:03.546+0000] {spark_submit.py:644} INFO - 25/09/10 13:43:03 INFO SecurityManager: SecurityManager: authentication disabled; ui acls disabled; users with view permissions: *** groups with view permissions: EMPTY; users with modify permissions: ***; groups with modify permissions: EMPTY; RPC SSL disabled
[2025-09-10T13:43:03.882+0000] {spark_submit.py:644} INFO - 25/09/10 13:43:03 INFO Utils: Successfully started service 'sparkDriver' on port 38431.
[2025-09-10T13:43:03.915+0000] {spark_submit.py:644} INFO - 25/09/10 13:43:03 INFO SparkEnv: Registering MapOutputTracker
[2025-09-10T13:43:03.932+0000] {spark_submit.py:644} INFO - 25/09/10 13:43:03 INFO SparkEnv: Registering BlockManagerMaster
[2025-09-10T13:43:03.954+0000] {spark_submit.py:644} INFO - 25/09/10 13:43:03 INFO BlockManagerMasterEndpoint: Using org.apache.spark.storage.DefaultTopologyMapper for getting topology information
[2025-09-10T13:43:03.954+0000] {spark_submit.py:644} INFO - 25/09/10 13:43:03 INFO BlockManagerMasterEndpoint: BlockManagerMasterEndpoint up
[2025-09-10T13:43:03.963+0000] {spark_submit.py:644} INFO - 25/09/10 13:43:03 INFO SparkEnv: Registering BlockManagerMasterHeartbeat
[2025-09-10T13:43:03.994+0000] {spark_submit.py:644} INFO - 25/09/10 13:43:03 INFO DiskBlockManager: Created local directory at /tmp/blockmgr-bdbaae8e-3180-47a6-a0bb-6a962ce4a464
[2025-09-10T13:43:04.029+0000] {spark_submit.py:644} INFO - 25/09/10 13:43:04 INFO SparkEnv: Registering OutputCommitCoordinator
[2025-09-10T13:43:04.177+0000] {spark_submit.py:644} INFO - 25/09/10 13:43:04 INFO JettyUtils: Start Jetty 0.0.0.0:4040 for SparkUI
[2025-09-10T13:43:04.260+0000] {spark_submit.py:644} INFO - 25/09/10 13:43:04 INFO Utils: Successfully started service 'SparkUI' on port 4040.
[2025-09-10T13:43:04.310+0000] {spark_submit.py:644} INFO - 25/09/10 13:43:04 INFO SparkContext: Added JAR file:///home/***/.ivy2.5.2/jars/org.apache.hadoop_hadoop-aws-3.3.4.jar at spark://ee346efe231b:38431/jars/org.apache.hadoop_hadoop-aws-3.3.4.jar with timestamp 1757511783373
[2025-09-10T13:43:04.311+0000] {spark_submit.py:644} INFO - 25/09/10 13:43:04 INFO SparkContext: Added JAR file:///home/***/.ivy2.5.2/jars/com.amazonaws_aws-java-sdk-bundle-1.12.262.jar at spark://ee346efe231b:38431/jars/com.amazonaws_aws-java-sdk-bundle-1.12.262.jar with timestamp 1757511783373
[2025-09-10T13:43:04.312+0000] {spark_submit.py:644} INFO - 25/09/10 13:43:04 INFO SparkContext: Added JAR file:///home/***/.ivy2.5.2/jars/org.wildfly.openssl_wildfly-openssl-1.0.7.Final.jar at spark://ee346efe231b:38431/jars/org.wildfly.openssl_wildfly-openssl-1.0.7.Final.jar with timestamp 1757511783373
[2025-09-10T13:43:04.318+0000] {spark_submit.py:644} INFO - 25/09/10 13:43:04 INFO SparkContext: Added file file:///home/***/.ivy2.5.2/jars/org.apache.hadoop_hadoop-aws-3.3.4.jar at spark://ee346efe231b:38431/files/org.apache.hadoop_hadoop-aws-3.3.4.jar with timestamp 1757511783373
[2025-09-10T13:43:04.321+0000] {spark_submit.py:644} INFO - 25/09/10 13:43:04 INFO Utils: Copying /home/***/.ivy2.5.2/jars/org.apache.hadoop_hadoop-aws-3.3.4.jar to /tmp/spark-04fba9a1-e988-4c41-bb34-315c458fe60c/userFiles-9777ec18-b648-40b7-9a14-7bff3afd11d4/org.apache.hadoop_hadoop-aws-3.3.4.jar
[2025-09-10T13:43:04.347+0000] {spark_submit.py:644} INFO - 25/09/10 13:43:04 INFO SparkContext: Added file file:///home/***/.ivy2.5.2/jars/com.amazonaws_aws-java-sdk-bundle-1.12.262.jar at spark://ee346efe231b:38431/files/com.amazonaws_aws-java-sdk-bundle-1.12.262.jar with timestamp 1757511783373
[2025-09-10T13:43:04.347+0000] {spark_submit.py:644} INFO - 25/09/10 13:43:04 INFO Utils: Copying /home/***/.ivy2.5.2/jars/com.amazonaws_aws-java-sdk-bundle-1.12.262.jar to /tmp/spark-04fba9a1-e988-4c41-bb34-315c458fe60c/userFiles-9777ec18-b648-40b7-9a14-7bff3afd11d4/com.amazonaws_aws-java-sdk-bundle-1.12.262.jar
[2025-09-10T13:43:05.046+0000] {spark_submit.py:644} INFO - 25/09/10 13:43:05 INFO SparkContext: Added file file:///home/***/.ivy2.5.2/jars/org.wildfly.openssl_wildfly-openssl-1.0.7.Final.jar at spark://ee346efe231b:38431/files/org.wildfly.openssl_wildfly-openssl-1.0.7.Final.jar with timestamp 1757511783373
[2025-09-10T13:43:05.047+0000] {spark_submit.py:644} INFO - 25/09/10 13:43:05 INFO Utils: Copying /home/***/.ivy2.5.2/jars/org.wildfly.openssl_wildfly-openssl-1.0.7.Final.jar to /tmp/spark-04fba9a1-e988-4c41-bb34-315c458fe60c/userFiles-9777ec18-b648-40b7-9a14-7bff3afd11d4/org.wildfly.openssl_wildfly-openssl-1.0.7.Final.jar
[2025-09-10T13:43:05.084+0000] {spark_submit.py:644} INFO - 25/09/10 13:43:05 INFO SecurityManager: Changing view acls to: ***
[2025-09-10T13:43:05.086+0000] {spark_submit.py:644} INFO - 25/09/10 13:43:05 INFO SecurityManager: Changing modify acls to: ***
[2025-09-10T13:43:05.086+0000] {spark_submit.py:644} INFO - 25/09/10 13:43:05 INFO SecurityManager: Changing view acls groups to: ***
[2025-09-10T13:43:05.087+0000] {spark_submit.py:644} INFO - 25/09/10 13:43:05 INFO SecurityManager: Changing modify acls groups to: ***
[2025-09-10T13:43:05.088+0000] {spark_submit.py:644} INFO - 25/09/10 13:43:05 INFO SecurityManager: SecurityManager: authentication disabled; ui acls disabled; users with view permissions: *** groups with view permissions: EMPTY; users with modify permissions: ***; groups with modify permissions: EMPTY; RPC SSL disabled
[2025-09-10T13:43:05.343+0000] {spark_submit.py:644} INFO - 25/09/10 13:43:05 INFO StandaloneAppClient$ClientEndpoint: Connecting to master spark://spark-master:7077...
[2025-09-10T13:43:05.413+0000] {spark_submit.py:644} INFO - 25/09/10 13:43:05 INFO TransportClientFactory: Successfully created connection to spark-master/172.18.0.5:7077 after 33 ms (0 ms spent in bootstraps)
[2025-09-10T13:43:05.525+0000] {spark_submit.py:644} INFO - 25/09/10 13:43:05 INFO StandaloneSchedulerBackend: Connected to Spark cluster with app ID app-20250910134305-0003
[2025-09-10T13:43:05.530+0000] {spark_submit.py:644} INFO - 25/09/10 13:43:05 INFO StandaloneAppClient$ClientEndpoint: Executor added: app-20250910134305-0003/0 on worker-20250910110743-172.18.0.7-46417 (172.18.0.7:46417) with 8 core(s)
[2025-09-10T13:43:05.534+0000] {spark_submit.py:644} INFO - 25/09/10 13:43:05 INFO StandaloneSchedulerBackend: Granted executor ID app-20250910134305-0003/0 on hostPort 172.18.0.7:46417 with 8 core(s), 1024.0 MiB RAM
[2025-09-10T13:43:05.539+0000] {spark_submit.py:644} INFO - 25/09/10 13:43:05 INFO Utils: Successfully started service 'org.apache.spark.network.netty.NettyBlockTransferService' on port 32855.
[2025-09-10T13:43:05.540+0000] {spark_submit.py:644} INFO - 25/09/10 13:43:05 INFO NettyBlockTransferService: Server created on ee346efe231b:32855
[2025-09-10T13:43:05.542+0000] {spark_submit.py:644} INFO - 25/09/10 13:43:05 INFO BlockManager: Using org.apache.spark.storage.RandomBlockReplicationPolicy for block replication policy
[2025-09-10T13:43:05.566+0000] {spark_submit.py:644} INFO - 25/09/10 13:43:05 INFO BlockManagerMaster: Registering BlockManager BlockManagerId(driver, ee346efe231b, 32855, None)
[2025-09-10T13:43:05.575+0000] {spark_submit.py:644} INFO - 25/09/10 13:43:05 INFO BlockManagerMasterEndpoint: Registering block manager ee346efe231b:32855 with 434.4 MiB RAM, BlockManagerId(driver, ee346efe231b, 32855, None)
[2025-09-10T13:43:05.581+0000] {spark_submit.py:644} INFO - 25/09/10 13:43:05 INFO BlockManagerMaster: Registered BlockManager BlockManagerId(driver, ee346efe231b, 32855, None)
[2025-09-10T13:43:05.582+0000] {spark_submit.py:644} INFO - 25/09/10 13:43:05 INFO BlockManager: Initialized BlockManager: BlockManagerId(driver, ee346efe231b, 32855, None)
[2025-09-10T13:43:05.611+0000] {spark_submit.py:644} INFO - 25/09/10 13:43:05 INFO StandaloneAppClient$ClientEndpoint: Executor updated: app-20250910134305-0003/0 is now RUNNING
[2025-09-10T13:43:05.880+0000] {spark_submit.py:644} INFO - 25/09/10 13:43:05 INFO StandaloneSchedulerBackend: SchedulerBackend is ready for scheduling beginning after reached minRegisteredResourcesRatio: 0.0
[2025-09-10T13:43:10.597+0000] {spark_submit.py:644} INFO - 25/09/10 13:43:10 INFO StandaloneSchedulerBackend$StandaloneDriverEndpoint: Registered executor NettyRpcEndpointRef(spark-client://Executor) (172.18.0.7:51722) with ID 0, ResourceProfileId 0
[2025-09-10T13:43:10.845+0000] {spark_submit.py:644} INFO - 25/09/10 13:43:10 INFO SharedState: Setting hive.metastore.warehouse.dir ('null') to the value of spark.sql.warehouse.dir.
[2025-09-10T13:43:10.849+0000] {spark_submit.py:644} INFO - 25/09/10 13:43:10 INFO SharedState: Warehouse path is 'file:/opt/***/spark-warehouse'.
[2025-09-10T13:43:10.936+0000] {spark_submit.py:644} INFO - 25/09/10 13:43:10 INFO BlockManagerMasterEndpoint: Registering block manager 172.18.0.7:38811 with 434.4 MiB RAM, BlockManagerId(0, 172.18.0.7, 38811, None)
[2025-09-10T13:43:14.862+0000] {spark_submit.py:644} INFO - 25/09/10 13:43:14 WARN MetricsConfig: Cannot locate configuration: tried hadoop-metrics2-s3a-file-system.properties,hadoop-metrics2.properties
[2025-09-10T13:43:14.892+0000] {spark_submit.py:644} INFO - 25/09/10 13:43:14 INFO MetricsSystemImpl: Scheduled Metric snapshot period at 10 second(s).
[2025-09-10T13:43:14.894+0000] {spark_submit.py:644} INFO - 25/09/10 13:43:14 INFO MetricsSystemImpl: s3a-file-system metrics system started
[2025-09-10T13:43:14.938+0000] {spark_submit.py:644} INFO - 25/09/10 13:43:14 INFO MetricsSystemImpl: Stopping s3a-file-system metrics system...
[2025-09-10T13:43:14.941+0000] {spark_submit.py:644} INFO - 25/09/10 13:43:14 INFO MetricsSystemImpl: s3a-file-system metrics system stopped.
[2025-09-10T13:43:14.944+0000] {spark_submit.py:644} INFO - 25/09/10 13:43:14 INFO MetricsSystemImpl: s3a-file-system metrics system shutdown complete.
[2025-09-10T13:43:14.946+0000] {spark_submit.py:644} INFO - 25/09/10 13:43:14 WARN FileSystem: Failed to initialize filesystem s3a://data-lake/IMDB%20Movies%202000%20-%202020.csv: java.lang.NumberFormatException: For input string: "60s"
[2025-09-10T13:43:14.952+0000] {spark_submit.py:644} INFO - 25/09/10 13:43:14 WARN FileStreamSink: Assume no metadata directory. Error while looking for metadata directory in the path: s3a://data-lake/IMDB Movies 2000 - 2020.csv.
[2025-09-10T13:43:14.958+0000] {spark_submit.py:644} INFO - java.lang.NumberFormatException: For input string: "60s"
[2025-09-10T13:43:14.962+0000] {spark_submit.py:644} INFO - at java.base/java.lang.NumberFormatException.forInputString(NumberFormatException.java:67)
[2025-09-10T13:43:14.968+0000] {spark_submit.py:644} INFO - at java.base/java.lang.Long.parseLong(Long.java:711)
[2025-09-10T13:43:14.971+0000] {spark_submit.py:644} INFO - at java.base/java.lang.Long.parseLong(Long.java:836)
[2025-09-10T13:43:14.973+0000] {spark_submit.py:644} INFO - at org.apache.hadoop.conf.Configuration.getLong(Configuration.java:1607)
[2025-09-10T13:43:14.978+0000] {spark_submit.py:644} INFO - at org.apache.hadoop.fs.s3a.S3AUtils.longOption(S3AUtils.java:1024)
[2025-09-10T13:43:14.983+0000] {spark_submit.py:644} INFO - at org.apache.hadoop.fs.s3a.S3AFileSystem.initThreadPools(S3AFileSystem.java:719)
[2025-09-10T13:43:14.986+0000] {spark_submit.py:644} INFO - at org.apache.hadoop.fs.s3a.S3AFileSystem.initialize(S3AFileSystem.java:498)
[2025-09-10T13:43:14.987+0000] {spark_submit.py:644} INFO - at org.apache.hadoop.fs.FileSystem.createFileSystem(FileSystem.java:3615)
[2025-09-10T13:43:14.988+0000] {spark_submit.py:644} INFO - at org.apache.hadoop.fs.FileSystem.access$300(FileSystem.java:172)
[2025-09-10T13:43:14.990+0000] {spark_submit.py:644} INFO - at org.apache.hadoop.fs.FileSystem$Cache.getInternal(FileSystem.java:3716)
[2025-09-10T13:43:14.992+0000] {spark_submit.py:644} INFO - at org.apache.hadoop.fs.FileSystem$Cache.get(FileSystem.java:3667)
[2025-09-10T13:43:14.993+0000] {spark_submit.py:644} INFO - at org.apache.hadoop.fs.FileSystem.get(FileSystem.java:557)
[2025-09-10T13:43:14.995+0000] {spark_submit.py:644} INFO - at org.apache.hadoop.fs.Path.getFileSystem(Path.java:366)
[2025-09-10T13:43:14.997+0000] {spark_submit.py:644} INFO - at org.apache.spark.sql.execution.streaming.FileStreamSink$.hasMetadata(FileStreamSink.scala:55)
[2025-09-10T13:43:14.998+0000] {spark_submit.py:644} INFO - at org.apache.spark.sql.execution.datasources.DataSource.resolveRelation(DataSource.scala:381)
[2025-09-10T13:43:14.999+0000] {spark_submit.py:644} INFO - at org.apache.spark.sql.catalyst.analysis.ResolveDataSource.org$apache$spark$sql$catalyst$analysis$ResolveDataSource$$loadV1BatchSource(ResolveDataSource.scala:143)
[2025-09-10T13:43:15.002+0000] {spark_submit.py:644} INFO - at org.apache.spark.sql.catalyst.analysis.ResolveDataSource$$anonfun$apply$1.$anonfun$applyOrElse$2(ResolveDataSource.scala:61)
[2025-09-10T13:43:15.005+0000] {spark_submit.py:644} INFO - at scala.Option.getOrElse(Option.scala:201)
[2025-09-10T13:43:15.010+0000] {spark_submit.py:644} INFO - at org.apache.spark.sql.catalyst.analysis.ResolveDataSource$$anonfun$apply$1.applyOrElse(ResolveDataSource.scala:61)
[2025-09-10T13:43:15.013+0000] {spark_submit.py:644} INFO - at org.apache.spark.sql.catalyst.analysis.ResolveDataSource$$anonfun$apply$1.applyOrElse(ResolveDataSource.scala:45)
[2025-09-10T13:43:15.014+0000] {spark_submit.py:644} INFO - at org.apache.spark.sql.catalyst.plans.logical.AnalysisHelper.$anonfun$resolveOperatorsUpWithPruning$3(AnalysisHelper.scala:139)
[2025-09-10T13:43:15.015+0000] {spark_submit.py:644} INFO - at org.apache.spark.sql.catalyst.trees.CurrentOrigin$.withOrigin(origin.scala:86)
[2025-09-10T13:43:15.025+0000] {spark_submit.py:644} INFO - at org.apache.spark.sql.catalyst.plans.logical.AnalysisHelper.$anonfun$resolveOperatorsUpWithPruning$1(AnalysisHelper.scala:139)
[2025-09-10T13:43:15.027+0000] {spark_submit.py:644} INFO - at org.apache.spark.sql.catalyst.plans.logical.AnalysisHelper$.allowInvokingTransformsInAnalyzer(AnalysisHelper.scala:416)
[2025-09-10T13:43:15.032+0000] {spark_submit.py:644} INFO - at org.apache.spark.sql.catalyst.plans.logical.AnalysisHelper.resolveOperatorsUpWithPruning(AnalysisHelper.scala:135)
[2025-09-10T13:43:15.033+0000] {spark_submit.py:644} INFO - at org.apache.spark.sql.catalyst.plans.logical.AnalysisHelper.resolveOperatorsUpWithPruning$(AnalysisHelper.scala:131)
[2025-09-10T13:43:15.036+0000] {spark_submit.py:644} INFO - at org.apache.spark.sql.catalyst.plans.logical.LogicalPlan.resolveOperatorsUpWithPruning(LogicalPlan.scala:37)
[2025-09-10T13:43:15.037+0000] {spark_submit.py:644} INFO - at org.apache.spark.sql.catalyst.plans.logical.AnalysisHelper.resolveOperatorsUp(AnalysisHelper.scala:112)
[2025-09-10T13:43:15.040+0000] {spark_submit.py:644} INFO - at org.apache.spark.sql.catalyst.plans.logical.AnalysisHelper.resolveOperatorsUp$(AnalysisHelper.scala:111)
[2025-09-10T13:43:15.041+0000] {spark_submit.py:644} INFO - at org.apache.spark.sql.catalyst.plans.logical.LogicalPlan.resolveOperatorsUp(LogicalPlan.scala:37)
[2025-09-10T13:43:15.042+0000] {spark_submit.py:644} INFO - at org.apache.spark.sql.catalyst.analysis.ResolveDataSource.apply(ResolveDataSource.scala:45)
[2025-09-10T13:43:15.045+0000] {spark_submit.py:644} INFO - at org.apache.spark.sql.catalyst.analysis.ResolveDataSource.apply(ResolveDataSource.scala:43)
[2025-09-10T13:43:15.048+0000] {spark_submit.py:644} INFO - at org.apache.spark.sql.catalyst.rules.RuleExecutor.$anonfun$execute$2(RuleExecutor.scala:242)
[2025-09-10T13:43:15.049+0000] {spark_submit.py:644} INFO - at scala.collection.LinearSeqOps.foldLeft(LinearSeq.scala:183)
[2025-09-10T13:43:15.050+0000] {spark_submit.py:644} INFO - at scala.collection.LinearSeqOps.foldLeft$(LinearSeq.scala:179)
[2025-09-10T13:43:15.051+0000] {spark_submit.py:644} INFO - at scala.collection.immutable.List.foldLeft(List.scala:79)
[2025-09-10T13:43:15.052+0000] {spark_submit.py:644} INFO - at org.apache.spark.sql.catalyst.rules.RuleExecutor.$anonfun$execute$1(RuleExecutor.scala:239)
[2025-09-10T13:43:15.053+0000] {spark_submit.py:644} INFO - at org.apache.spark.sql.catalyst.rules.RuleExecutor.$anonfun$execute$1$adapted(RuleExecutor.scala:231)
[2025-09-10T13:43:15.054+0000] {spark_submit.py:644} INFO - at scala.collection.immutable.List.foreach(List.scala:334)
[2025-09-10T13:43:15.055+0000] {spark_submit.py:644} INFO - at org.apache.spark.sql.catalyst.rules.RuleExecutor.execute(RuleExecutor.scala:231)
[2025-09-10T13:43:15.056+0000] {spark_submit.py:644} INFO - at org.apache.spark.sql.catalyst.analysis.Analyzer.org$apache$spark$sql$catalyst$analysis$Analyzer$$executeSameContext(Analyzer.scala:340)
[2025-09-10T13:43:15.057+0000] {spark_submit.py:644} INFO - at org.apache.spark.sql.catalyst.analysis.Analyzer.$anonfun$execute$1(Analyzer.scala:336)
[2025-09-10T13:43:15.059+0000] {spark_submit.py:644} INFO - at org.apache.spark.sql.catalyst.analysis.AnalysisContext$.withNewAnalysisContext(Analyzer.scala:234)
[2025-09-10T13:43:15.060+0000] {spark_submit.py:644} INFO - at org.apache.spark.sql.catalyst.analysis.Analyzer.execute(Analyzer.scala:336)
[2025-09-10T13:43:15.061+0000] {spark_submit.py:644} INFO - at org.apache.spark.sql.catalyst.analysis.Analyzer.execute(Analyzer.scala:299)
[2025-09-10T13:43:15.064+0000] {spark_submit.py:644} INFO - at org.apache.spark.sql.catalyst.rules.RuleExecutor.$anonfun$executeAndTrack$1(RuleExecutor.scala:201)
[2025-09-10T13:43:15.066+0000] {spark_submit.py:644} INFO - at org.apache.spark.sql.catalyst.QueryPlanningTracker$.withTracker(QueryPlanningTracker.scala:89)
[2025-09-10T13:43:15.068+0000] {spark_submit.py:644} INFO - at org.apache.spark.sql.catalyst.rules.RuleExecutor.executeAndTrack(RuleExecutor.scala:201)
[2025-09-10T13:43:15.072+0000] {spark_submit.py:644} INFO - at org.apache.spark.sql.catalyst.analysis.resolver.HybridAnalyzer.resolveInFixedPoint(HybridAnalyzer.scala:190)
[2025-09-10T13:43:15.079+0000] {spark_submit.py:644} INFO - at org.apache.spark.sql.catalyst.analysis.resolver.HybridAnalyzer.$anonfun$apply$1(HybridAnalyzer.scala:76)
[2025-09-10T13:43:15.081+0000] {spark_submit.py:644} INFO - at org.apache.spark.sql.catalyst.analysis.resolver.HybridAnalyzer.withTrackedAnalyzerBridgeState(HybridAnalyzer.scala:111)
[2025-09-10T13:43:15.086+0000] {spark_submit.py:644} INFO - at org.apache.spark.sql.catalyst.analysis.resolver.HybridAnalyzer.apply(HybridAnalyzer.scala:71)
[2025-09-10T13:43:15.087+0000] {spark_submit.py:644} INFO - at org.apache.spark.sql.catalyst.analysis.Analyzer.$anonfun$executeAndCheck$1(Analyzer.scala:330)
[2025-09-10T13:43:15.088+0000] {spark_submit.py:644} INFO - at org.apache.spark.sql.catalyst.plans.logical.AnalysisHelper$.markInAnalyzer(AnalysisHelper.scala:423)
[2025-09-10T13:43:15.089+0000] {spark_submit.py:644} INFO - at org.apache.spark.sql.catalyst.analysis.Analyzer.executeAndCheck(Analyzer.scala:330)
[2025-09-10T13:43:15.090+0000] {spark_submit.py:644} INFO - at org.apache.spark.sql.execution.QueryExecution.$anonfun$lazyAnalyzed$2(QueryExecution.scala:110)
[2025-09-10T13:43:15.091+0000] {spark_submit.py:644} INFO - at org.apache.spark.sql.catalyst.QueryPlanningTracker.measurePhase(QueryPlanningTracker.scala:148)
[2025-09-10T13:43:15.091+0000] {spark_submit.py:644} INFO - at org.apache.spark.sql.execution.QueryExecution.$anonfun$executePhase$2(QueryExecution.scala:278)
[2025-09-10T13:43:15.092+0000] {spark_submit.py:644} INFO - at org.apache.spark.sql.execution.QueryExecution$.withInternalError(QueryExecution.scala:654)
[2025-09-10T13:43:15.094+0000] {spark_submit.py:644} INFO - at org.apache.spark.sql.execution.QueryExecution.$anonfun$executePhase$1(QueryExecution.scala:278)
[2025-09-10T13:43:15.095+0000] {spark_submit.py:644} INFO - at org.apache.spark.sql.SparkSession.withActive(SparkSession.scala:804)
[2025-09-10T13:43:15.096+0000] {spark_submit.py:644} INFO - at org.apache.spark.sql.execution.QueryExecution.executePhase(QueryExecution.scala:277)
[2025-09-10T13:43:15.098+0000] {spark_submit.py:644} INFO - at org.apache.spark.sql.execution.QueryExecution.$anonfun$lazyAnalyzed$1(QueryExecution.scala:110)
[2025-09-10T13:43:15.099+0000] {spark_submit.py:644} INFO - at scala.util.Try$.apply(Try.scala:217)
[2025-09-10T13:43:15.100+0000] {spark_submit.py:644} INFO - at org.apache.spark.util.Utils$.doTryWithCallerStacktrace(Utils.scala:1378)
[2025-09-10T13:43:15.101+0000] {spark_submit.py:644} INFO - at org.apache.spark.util.LazyTry.tryT$lzycompute(LazyTry.scala:46)
[2025-09-10T13:43:15.102+0000] {spark_submit.py:644} INFO - at org.apache.spark.util.LazyTry.tryT(LazyTry.scala:46)
[2025-09-10T13:43:15.103+0000] {spark_submit.py:644} INFO - at org.apache.spark.util.LazyTry.get(LazyTry.scala:58)
[2025-09-10T13:43:15.104+0000] {spark_submit.py:644} INFO - at org.apache.spark.sql.execution.QueryExecution.analyzed(QueryExecution.scala:121)
[2025-09-10T13:43:15.105+0000] {spark_submit.py:644} INFO - at org.apache.spark.sql.execution.QueryExecution.assertAnalyzed(QueryExecution.scala:80)
[2025-09-10T13:43:15.106+0000] {spark_submit.py:644} INFO - at org.apache.spark.sql.classic.Dataset$.$anonfun$ofRows$1(Dataset.scala:115)
[2025-09-10T13:43:15.107+0000] {spark_submit.py:644} INFO - at org.apache.spark.sql.SparkSession.withActive(SparkSession.scala:804)
[2025-09-10T13:43:15.108+0000] {spark_submit.py:644} INFO - at org.apache.spark.sql.classic.Dataset$.ofRows(Dataset.scala:113)
[2025-09-10T13:43:15.109+0000] {spark_submit.py:644} INFO - at org.apache.spark.sql.classic.DataFrameReader.load(DataFrameReader.scala:109)
[2025-09-10T13:43:15.110+0000] {spark_submit.py:644} INFO - at org.apache.spark.sql.classic.DataFrameReader.load(DataFrameReader.scala:58)
[2025-09-10T13:43:15.111+0000] {spark_submit.py:644} INFO - at org.apache.spark.sql.DataFrameReader.csv(DataFrameReader.scala:392)
[2025-09-10T13:43:15.112+0000] {spark_submit.py:644} INFO - at org.apache.spark.sql.classic.DataFrameReader.csv(DataFrameReader.scala:259)
[2025-09-10T13:43:15.113+0000] {spark_submit.py:644} INFO - at org.apache.spark.sql.classic.DataFrameReader.csv(DataFrameReader.scala:58)
[2025-09-10T13:43:15.114+0000] {spark_submit.py:644} INFO - at java.base/jdk.internal.reflect.NativeMethodAccessorImpl.invoke0(Native Method)
[2025-09-10T13:43:15.115+0000] {spark_submit.py:644} INFO - at java.base/jdk.internal.reflect.NativeMethodAccessorImpl.invoke(NativeMethodAccessorImpl.java:77)
[2025-09-10T13:43:15.115+0000] {spark_submit.py:644} INFO - at java.base/jdk.internal.reflect.DelegatingMethodAccessorImpl.invoke(DelegatingMethodAccessorImpl.java:43)
[2025-09-10T13:43:15.116+0000] {spark_submit.py:644} INFO - at java.base/java.lang.reflect.Method.invoke(Method.java:569)
[2025-09-10T13:43:15.117+0000] {spark_submit.py:644} INFO - at py4j.reflection.MethodInvoker.invoke(MethodInvoker.java:244)
[2025-09-10T13:43:15.118+0000] {spark_submit.py:644} INFO - at py4j.reflection.ReflectionEngine.invoke(ReflectionEngine.java:374)
[2025-09-10T13:43:15.119+0000] {spark_submit.py:644} INFO - at py4j.Gateway.invoke(Gateway.java:282)
[2025-09-10T13:43:15.120+0000] {spark_submit.py:644} INFO - at py4j.commands.AbstractCommand.invokeMethod(AbstractCommand.java:132)
[2025-09-10T13:43:15.123+0000] {spark_submit.py:644} INFO - at py4j.commands.CallCommand.execute(CallCommand.java:79)
[2025-09-10T13:43:15.126+0000] {spark_submit.py:644} INFO - at py4j.ClientServerConnection.waitForCommands(ClientServerConnection.java:184)
[2025-09-10T13:43:15.128+0000] {spark_submit.py:644} INFO - at py4j.ClientServerConnection.run(ClientServerConnection.java:108)
[2025-09-10T13:43:15.129+0000] {spark_submit.py:644} INFO - at java.base/java.lang.Thread.run(Thread.java:840)
[2025-09-10T13:43:15.130+0000] {spark_submit.py:644} INFO - 25/09/10 13:43:15 WARN MetricsConfig: Cannot locate configuration: tried hadoop-metrics2-s3a-file-system.properties,hadoop-metrics2.properties
[2025-09-10T13:43:15.131+0000] {spark_submit.py:644} INFO - 25/09/10 13:43:15 INFO MetricsSystemImpl: Scheduled Metric snapshot period at 10 second(s).
[2025-09-10T13:43:15.132+0000] {spark_submit.py:644} INFO - 25/09/10 13:43:15 INFO MetricsSystemImpl: s3a-file-system metrics system started
[2025-09-10T13:43:15.133+0000] {spark_submit.py:644} INFO - 25/09/10 13:43:15 INFO MetricsSystemImpl: Stopping s3a-file-system metrics system...
[2025-09-10T13:43:15.135+0000] {spark_submit.py:644} INFO - 25/09/10 13:43:15 INFO MetricsSystemImpl: s3a-file-system metrics system stopped.
[2025-09-10T13:43:15.138+0000] {spark_submit.py:644} INFO - 25/09/10 13:43:15 INFO MetricsSystemImpl: s3a-file-system metrics system shutdown complete.
[2025-09-10T13:43:15.140+0000] {spark_submit.py:644} INFO - 25/09/10 13:43:15 WARN FileSystem: Failed to initialize filesystem s3a://data-lake/IMDB%20Movies%202000%20-%202020.csv: java.lang.NumberFormatException: For input string: "60s"
[2025-09-10T13:43:15.141+0000] {spark_submit.py:644} INFO - Traceback (most recent call last):
[2025-09-10T13:43:15.144+0000] {spark_submit.py:644} INFO - File "/opt/***/dags/spark_job.py", line 17, in <module>
[2025-09-10T13:43:15.145+0000] {spark_submit.py:644} INFO - df = spark.read.csv("s3a://data-lake/IMDB Movies 2000 - 2020.csv", header=True, inferSchema=True)
[2025-09-10T13:43:15.146+0000] {spark_submit.py:644} INFO - ^^^^^^^^^^^^^^^^^^^^^^^^^^^^^^^^^^^^^^^^^^^^^^^^^^^^^^^^^^^^^^^^^^^^^^^^^^^^^^^^^^^^^^^^^^^^
[2025-09-10T13:43:15.147+0000] {spark_submit.py:644} INFO - File "/home/***/.local/lib/python3.12/site-packages/pyspark/python/lib/pyspark.zip/pyspark/sql/readwriter.py", line 838, in csv
[2025-09-10T13:43:15.148+0000] {spark_submit.py:644} INFO - File "/home/***/.local/lib/python3.12/site-packages/pyspark/python/lib/py4j-0.10.9.9-src.zip/py4j/java_gateway.py", line 1362, in __call__
[2025-09-10T13:43:15.149+0000] {spark_submit.py:644} INFO - File "/home/***/.local/lib/python3.12/site-packages/pyspark/python/lib/pyspark.zip/pyspark/errors/exceptions/captured.py", line 288, in deco
[2025-09-10T13:43:15.158+0000] {spark_submit.py:644} INFO - pyspark.errors.exceptions.captured.NumberFormatException: For input string: "60s"
[2025-09-10T13:43:15.487+0000] {spark_submit.py:644} INFO - 25/09/10 13:43:15 INFO SparkContext: Invoking stop() from shutdown hook
[2025-09-10T13:43:15.494+0000] {spark_submit.py:644} INFO - 25/09/10 13:43:15 INFO SparkContext: SparkContext is stopping with exitCode 0 from run at Executors.java:539.
[2025-09-10T13:43:15.534+0000] {spark_submit.py:644} INFO - 25/09/10 13:43:15 INFO SparkUI: Stopped Spark web UI at http://ee346efe231b:4040
[2025-09-10T13:43:15.548+0000] {spark_submit.py:644} INFO - 25/09/10 13:43:15 INFO StandaloneSchedulerBackend: Shutting down all executors
[2025-09-10T13:43:15.554+0000] {spark_submit.py:644} INFO - 25/09/10 13:43:15 INFO StandaloneSchedulerBackend$StandaloneDriverEndpoint: Asking each executor to shut down
[2025-09-10T13:43:15.609+0000] {spark_submit.py:644} INFO - 25/09/10 13:43:15 INFO MapOutputTrackerMasterEndpoint: MapOutputTrackerMasterEndpoint stopped!
[2025-09-10T13:43:15.671+0000] {spark_submit.py:644} INFO - 25/09/10 13:43:15 INFO MemoryStore: MemoryStore started with capacity 434.4 MiB
[2025-09-10T13:43:15.672+0000] {spark_submit.py:644} INFO - 25/09/10 13:43:15 INFO MemoryStore: MemoryStore cleared
[2025-09-10T13:43:15.674+0000] {spark_submit.py:644} INFO - 25/09/10 13:43:15 INFO BlockManager: BlockManager stopped
[2025-09-10T13:43:15.707+0000] {spark_submit.py:644} INFO - 25/09/10 13:43:15 INFO BlockManagerMaster: BlockManagerMaster stopped
[2025-09-10T13:43:15.717+0000] {spark_submit.py:644} INFO - 25/09/10 13:43:15 INFO OutputCommitCoordinator$OutputCommitCoordinatorEndpoint: OutputCommitCoordinator stopped!
[2025-09-10T13:43:15.774+0000] {spark_submit.py:644} INFO - 25/09/10 13:43:15 ERROR TransportRequestHandler: Error sending result StreamResponse[streamId=/files/com.amazonaws_aws-java-sdk-bundle-1.12.262.jar,byteCount=280645251,body=FileSegmentManagedBuffer[file=/home/***/.ivy2.5.2/jars/com.amazonaws_aws-java-sdk-bundle-1.12.262.jar,offset=0,length=280645251]] to /172.18.0.7:51726; closing connection
[2025-09-10T13:43:15.775+0000] {spark_submit.py:644} INFO - io.netty.channel.StacklessClosedChannelException
[2025-09-10T13:43:15.779+0000] {spark_submit.py:644} INFO - at io.netty.channel.AbstractChannel.close(ChannelPromise)(Unknown Source)
[2025-09-10T13:43:15.939+0000] {spark_submit.py:644} INFO - 25/09/10 13:43:15 INFO SparkContext: Successfully stopped SparkContext
[2025-09-10T13:43:15.953+0000] {spark_submit.py:644} INFO - 25/09/10 13:43:15 INFO ShutdownHookManager: Shutdown hook called
[2025-09-10T13:43:15.955+0000] {spark_submit.py:644} INFO - 25/09/10 13:43:15 INFO ShutdownHookManager: Deleting directory /tmp/spark-04fba9a1-e988-4c41-bb34-315c458fe60c/pyspark-a5ca7c07-2708-4e3d-9c7d-4052360c08a7
[2025-09-10T13:43:15.959+0000] {spark_submit.py:644} INFO - 25/09/10 13:43:15 INFO ShutdownHookManager: Deleting directory /tmp/spark-c22539d6-a42a-4d2e-8dea-3d67766b6a32
[2025-09-10T13:43:16.108+0000] {spark_submit.py:644} INFO - 25/09/10 13:43:16 INFO ShutdownHookManager: Deleting directory /tmp/spark-04fba9a1-e988-4c41-bb34-315c458fe60c
[2025-09-10T13:43:16.221+0000] {taskinstance.py:441} INFO - ::group::Post task execution logs
[2025-09-10T13:43:16.278+0000] {taskinstance.py:2905} ERROR - Task failed with exception
Traceback (most recent call last):
  File "/home/airflow/.local/lib/python3.12/site-packages/airflow/models/taskinstance.py", line 465, in _execute_task
    result = _execute_callable(context=context, **execute_callable_kwargs)
             ^^^^^^^^^^^^^^^^^^^^^^^^^^^^^^^^^^^^^^^^^^^^^^^^^^^^^^^^^^^^^
  File "/home/airflow/.local/lib/python3.12/site-packages/airflow/models/taskinstance.py", line 432, in _execute_callable
    return execute_callable(context=context, **execute_callable_kwargs)
           ^^^^^^^^^^^^^^^^^^^^^^^^^^^^^^^^^^^^^^^^^^^^^^^^^^^^^^^^^^^^
  File "/home/airflow/.local/lib/python3.12/site-packages/airflow/models/baseoperator.py", line 401, in wrapper
    return func(self, *args, **kwargs)
           ^^^^^^^^^^^^^^^^^^^^^^^^^^^
  File "/home/airflow/.local/lib/python3.12/site-packages/airflow/providers/apache/spark/operators/spark_submit.py", line 197, in execute
    self._hook.submit(self.application)
  File "/home/airflow/.local/lib/python3.12/site-packages/airflow/providers/apache/spark/hooks/spark_submit.py", line 566, in submit
    raise AirflowException(
airflow.exceptions.AirflowException: Cannot execute: spark-submit --master spark://spark-master:7077 --conf spark.master=spark://spark-master:7077 --conf spark.hadoop.fs.s3a.access.key=minio --conf spark.hadoop.fs.s3a.secret.key=****** --conf spark.hadoop.fs.s3a.endpoint=http://minio:9000 --conf spark.hadoop.fs.s3a.path.style.access=true --conf spark.hadoop.fs.s3a.connection.timeout=60 --packages org.apache.hadoop:hadoop-aws:3.3.4,com.amazonaws:aws-java-sdk-bundle:1.12.2 --name arrow-spark --verbose --deploy-mode client /opt/***/dags/spark_job.py. Error code is: 1.
[2025-09-10T13:43:16.297+0000] {taskinstance.py:1206} INFO - Marking task as FAILED. dag_id=spark_movie_processing_pipeline, task_id=run_spark_job, run_id=manual__2025-09-10T13:42:53.064642+00:00, execution_date=20250910T134253, start_date=20250910T134254, end_date=20250910T134316
[2025-09-10T13:43:16.350+0000] {standard_task_runner.py:110} ERROR - Failed to execute job 5 for task run_spark_job (Cannot execute: spark-submit --master spark://spark-master:7077 --conf spark.master=spark://spark-master:7077 --conf spark.hadoop.fs.s3a.access.key=minio --conf spark.hadoop.fs.s3a.secret.key=****** --conf spark.hadoop.fs.s3a.endpoint=http://minio:9000 --conf spark.hadoop.fs.s3a.path.style.access=true --conf spark.hadoop.fs.s3a.connection.timeout=60 --packages org.apache.hadoop:hadoop-aws:3.3.4,com.amazonaws:aws-java-sdk-bundle:1.12.2 --name arrow-spark --verbose --deploy-mode client /opt/***/dags/spark_job.py. Error code is: 1.; 576)
[2025-09-10T13:43:16.397+0000] {local_task_job_runner.py:243} INFO - Task exited with return code 1
[2025-09-10T13:43:16.457+0000] {taskinstance.py:3503} INFO - 0 downstream tasks scheduled from follow-on schedule check
[2025-09-10T13:43:16.463+0000] {local_task_job_runner.py:222} INFO - ::endgroup::
